mode: atomic
github.com/daoneill/ollama-proxy/cmd/ai-efficiency/main.go:15.13,16.22 1 0
github.com/daoneill/ollama-proxy/cmd/ai-efficiency/main.go:16.22,19.3 2 0
github.com/daoneill/ollama-proxy/cmd/ai-efficiency/main.go:21.2,24.16 3 0
github.com/daoneill/ollama-proxy/cmd/ai-efficiency/main.go:24.16,27.3 2 0
github.com/daoneill/ollama-proxy/cmd/ai-efficiency/main.go:28.2,32.17 3 0
github.com/daoneill/ollama-proxy/cmd/ai-efficiency/main.go:33.13,34.15 1 0
github.com/daoneill/ollama-proxy/cmd/ai-efficiency/main.go:35.13,36.23 1 0
github.com/daoneill/ollama-proxy/cmd/ai-efficiency/main.go:36.23,39.4 2 0
github.com/daoneill/ollama-proxy/cmd/ai-efficiency/main.go:40.3,40.27 1 0
github.com/daoneill/ollama-proxy/cmd/ai-efficiency/main.go:41.14,42.17 1 0
github.com/daoneill/ollama-proxy/cmd/ai-efficiency/main.go:43.14,44.23 1 0
github.com/daoneill/ollama-proxy/cmd/ai-efficiency/main.go:44.23,47.4 2 0
github.com/daoneill/ollama-proxy/cmd/ai-efficiency/main.go:48.3,48.31 1 0
github.com/daoneill/ollama-proxy/cmd/ai-efficiency/main.go:49.16,50.18 1 0
github.com/daoneill/ollama-proxy/cmd/ai-efficiency/main.go:51.10,54.13 3 0
github.com/daoneill/ollama-proxy/cmd/ai-efficiency/main.go:58.19,75.2 16 0
github.com/daoneill/ollama-proxy/cmd/ai-efficiency/main.go:77.34,80.16 3 0
github.com/daoneill/ollama-proxy/cmd/ai-efficiency/main.go:80.16,83.3 2 0
github.com/daoneill/ollama-proxy/cmd/ai-efficiency/main.go:84.2,84.19 1 0
github.com/daoneill/ollama-proxy/cmd/ai-efficiency/main.go:87.47,98.23 2 0
github.com/daoneill/ollama-proxy/cmd/ai-efficiency/main.go:98.23,102.3 3 0
github.com/daoneill/ollama-proxy/cmd/ai-efficiency/main.go:104.2,105.16 2 0
github.com/daoneill/ollama-proxy/cmd/ai-efficiency/main.go:105.16,108.3 2 0
github.com/daoneill/ollama-proxy/cmd/ai-efficiency/main.go:110.2,110.57 1 0
github.com/daoneill/ollama-proxy/cmd/ai-efficiency/main.go:113.36,116.16 3 0
github.com/daoneill/ollama-proxy/cmd/ai-efficiency/main.go:116.16,119.3 2 0
github.com/daoneill/ollama-proxy/cmd/ai-efficiency/main.go:121.2,124.29 3 0
github.com/daoneill/ollama-proxy/cmd/ai-efficiency/main.go:124.29,129.38 4 0
github.com/daoneill/ollama-proxy/cmd/ai-efficiency/main.go:129.38,131.4 1 0
github.com/daoneill/ollama-proxy/cmd/ai-efficiency/main.go:133.3,134.45 2 0
github.com/daoneill/ollama-proxy/cmd/ai-efficiency/main.go:134.45,136.4 1 0
github.com/daoneill/ollama-proxy/cmd/ai-efficiency/main.go:138.3,138.48 1 0
github.com/daoneill/ollama-proxy/cmd/ai-efficiency/main.go:142.51,145.16 3 0
github.com/daoneill/ollama-proxy/cmd/ai-efficiency/main.go:145.16,148.3 2 0
github.com/daoneill/ollama-proxy/cmd/ai-efficiency/main.go:150.2,151.37 2 0
github.com/daoneill/ollama-proxy/cmd/ai-efficiency/main.go:151.37,153.3 1 0
github.com/daoneill/ollama-proxy/cmd/ai-efficiency/main.go:154.2,154.44 1 0
github.com/daoneill/ollama-proxy/cmd/ai-efficiency/main.go:154.44,156.3 1 0
github.com/daoneill/ollama-proxy/cmd/ai-efficiency/main.go:157.2,157.42 1 0
github.com/daoneill/ollama-proxy/cmd/ai-efficiency/main.go:157.42,159.3 1 0
github.com/daoneill/ollama-proxy/cmd/ai-efficiency/main.go:160.2,160.38 1 0
github.com/daoneill/ollama-proxy/cmd/ai-efficiency/main.go:160.38,162.3 1 0
github.com/daoneill/ollama-proxy/cmd/ai-efficiency/main.go:163.2,163.40 1 0
github.com/daoneill/ollama-proxy/cmd/ai-efficiency/main.go:163.40,165.3 1 0
github.com/daoneill/ollama-proxy/cmd/ai-efficiency/main.go:168.37,172.16 3 0
github.com/daoneill/ollama-proxy/cmd/ai-efficiency/main.go:172.16,175.3 2 0
github.com/daoneill/ollama-proxy/cmd/ai-efficiency/main.go:177.2,178.16 2 0
github.com/daoneill/ollama-proxy/cmd/ai-efficiency/main.go:178.16,180.3 1 0
github.com/daoneill/ollama-proxy/cmd/ai-efficiency/main.go:182.2,186.34 4 0
github.com/daoneill/ollama-proxy/cmd/ai-efficiency/main.go:186.34,188.3 1 0
github.com/daoneill/ollama-proxy/cmd/ai-efficiency/main.go:191.2,194.44 3 0
github.com/daoneill/ollama-proxy/cmd/ai-efficiency/main.go:194.44,196.3 1 0
github.com/daoneill/ollama-proxy/cmd/ai-efficiency/main.go:198.2,198.42 1 0
github.com/daoneill/ollama-proxy/cmd/ai-efficiency/main.go:198.42,200.21 2 0
github.com/daoneill/ollama-proxy/cmd/ai-efficiency/main.go:200.21,203.4 2 0
github.com/daoneill/ollama-proxy/cmd/ai-efficiency/main.go:205.2,205.38 1 0
github.com/daoneill/ollama-proxy/cmd/ai-efficiency/main.go:205.38,207.19 2 0
github.com/daoneill/ollama-proxy/cmd/ai-efficiency/main.go:207.19,209.4 1 0
github.com/daoneill/ollama-proxy/api/gen/go/compute.pb.go:39.35,44.2 4 0
github.com/daoneill/ollama-proxy/api/gen/go/compute.pb.go:46.43,48.2 1 0
github.com/daoneill/ollama-proxy/api/gen/go/compute.pb.go:50.41,50.42 0 0
github.com/daoneill/ollama-proxy/api/gen/go/compute.pb.go:52.63,54.14 2 0
github.com/daoneill/ollama-proxy/api/gen/go/compute.pb.go:54.14,56.34 2 0
github.com/daoneill/ollama-proxy/api/gen/go/compute.pb.go:56.34,58.4 1 0
github.com/daoneill/ollama-proxy/api/gen/go/compute.pb.go:59.3,59.12 1 0
github.com/daoneill/ollama-proxy/api/gen/go/compute.pb.go:61.2,61.24 1 0
github.com/daoneill/ollama-proxy/api/gen/go/compute.pb.go:65.54,67.2 1 0
github.com/daoneill/ollama-proxy/api/gen/go/compute.pb.go:69.46,70.14 1 0
github.com/daoneill/ollama-proxy/api/gen/go/compute.pb.go:70.14,72.3 1 0
github.com/daoneill/ollama-proxy/api/gen/go/compute.pb.go:73.2,73.11 1 0
github.com/daoneill/ollama-proxy/api/gen/go/compute.pb.go:76.45,77.14 1 0
github.com/daoneill/ollama-proxy/api/gen/go/compute.pb.go:77.14,79.3 1 0
github.com/daoneill/ollama-proxy/api/gen/go/compute.pb.go:80.2,80.11 1 0
github.com/daoneill/ollama-proxy/api/gen/go/compute.pb.go:83.60,84.14 1 0
github.com/daoneill/ollama-proxy/api/gen/go/compute.pb.go:84.14,86.3 1 0
github.com/daoneill/ollama-proxy/api/gen/go/compute.pb.go:87.2,87.12 1 0
github.com/daoneill/ollama-proxy/api/gen/go/compute.pb.go:90.59,91.14 1 0
github.com/daoneill/ollama-proxy/api/gen/go/compute.pb.go:91.14,93.3 1 0
github.com/daoneill/ollama-proxy/api/gen/go/compute.pb.go:94.2,94.12 1 0
github.com/daoneill/ollama-proxy/api/gen/go/compute.pb.go:119.34,124.2 4 0
github.com/daoneill/ollama-proxy/api/gen/go/compute.pb.go:126.42,128.2 1 0
github.com/daoneill/ollama-proxy/api/gen/go/compute.pb.go:130.40,130.41 0 0
github.com/daoneill/ollama-proxy/api/gen/go/compute.pb.go:132.62,134.14 2 0
github.com/daoneill/ollama-proxy/api/gen/go/compute.pb.go:134.14,136.34 2 0
github.com/daoneill/ollama-proxy/api/gen/go/compute.pb.go:136.34,138.4 1 0
github.com/daoneill/ollama-proxy/api/gen/go/compute.pb.go:139.3,139.12 1 0
github.com/daoneill/ollama-proxy/api/gen/go/compute.pb.go:141.2,141.24 1 0
github.com/daoneill/ollama-proxy/api/gen/go/compute.pb.go:145.53,147.2 1 0
github.com/daoneill/ollama-proxy/api/gen/go/compute.pb.go:149.45,150.14 1 0
github.com/daoneill/ollama-proxy/api/gen/go/compute.pb.go:150.14,152.3 1 0
github.com/daoneill/ollama-proxy/api/gen/go/compute.pb.go:153.2,153.11 1 0
github.com/daoneill/ollama-proxy/api/gen/go/compute.pb.go:156.52,157.14 1 0
github.com/daoneill/ollama-proxy/api/gen/go/compute.pb.go:157.14,159.3 1 0
github.com/daoneill/ollama-proxy/api/gen/go/compute.pb.go:160.2,160.14 1 0
github.com/daoneill/ollama-proxy/api/gen/go/compute.pb.go:163.58,164.14 1 0
github.com/daoneill/ollama-proxy/api/gen/go/compute.pb.go:164.14,166.3 1 0
github.com/daoneill/ollama-proxy/api/gen/go/compute.pb.go:167.2,167.14 1 0
github.com/daoneill/ollama-proxy/api/gen/go/compute.pb.go:170.49,171.14 1 0
github.com/daoneill/ollama-proxy/api/gen/go/compute.pb.go:171.14,173.3 1 0
github.com/daoneill/ollama-proxy/api/gen/go/compute.pb.go:174.2,174.14 1 0
github.com/daoneill/ollama-proxy/api/gen/go/compute.pb.go:177.50,178.14 1 0
github.com/daoneill/ollama-proxy/api/gen/go/compute.pb.go:178.14,180.3 1 0
github.com/daoneill/ollama-proxy/api/gen/go/compute.pb.go:181.2,181.10 1 0
github.com/daoneill/ollama-proxy/api/gen/go/compute.pb.go:184.51,185.14 1 0
github.com/daoneill/ollama-proxy/api/gen/go/compute.pb.go:185.14,187.3 1 0
github.com/daoneill/ollama-proxy/api/gen/go/compute.pb.go:188.2,188.10 1 0
github.com/daoneill/ollama-proxy/api/gen/go/compute.pb.go:191.56,192.14 1 0
github.com/daoneill/ollama-proxy/api/gen/go/compute.pb.go:192.14,194.3 1 0
github.com/daoneill/ollama-proxy/api/gen/go/compute.pb.go:195.2,195.12 1 0
github.com/daoneill/ollama-proxy/api/gen/go/compute.pb.go:217.37,222.2 4 0
github.com/daoneill/ollama-proxy/api/gen/go/compute.pb.go:224.45,226.2 1 0
github.com/daoneill/ollama-proxy/api/gen/go/compute.pb.go:228.43,228.44 0 0
github.com/daoneill/ollama-proxy/api/gen/go/compute.pb.go:230.65,232.14 2 0
github.com/daoneill/ollama-proxy/api/gen/go/compute.pb.go:232.14,234.34 2 0
github.com/daoneill/ollama-proxy/api/gen/go/compute.pb.go:234.34,236.4 1 0
github.com/daoneill/ollama-proxy/api/gen/go/compute.pb.go:237.3,237.12 1 0
github.com/daoneill/ollama-proxy/api/gen/go/compute.pb.go:239.2,239.24 1 0
github.com/daoneill/ollama-proxy/api/gen/go/compute.pb.go:243.56,245.2 1 0
github.com/daoneill/ollama-proxy/api/gen/go/compute.pb.go:247.50,248.14 1 0
github.com/daoneill/ollama-proxy/api/gen/go/compute.pb.go:248.14,250.3 1 0
github.com/daoneill/ollama-proxy/api/gen/go/compute.pb.go:251.2,251.10 1 0
github.com/daoneill/ollama-proxy/api/gen/go/compute.pb.go:254.54,255.14 1 0
github.com/daoneill/ollama-proxy/api/gen/go/compute.pb.go:255.14,257.3 1 0
github.com/daoneill/ollama-proxy/api/gen/go/compute.pb.go:258.2,258.10 1 0
github.com/daoneill/ollama-proxy/api/gen/go/compute.pb.go:261.47,262.14 1 0
github.com/daoneill/ollama-proxy/api/gen/go/compute.pb.go:262.14,264.3 1 0
github.com/daoneill/ollama-proxy/api/gen/go/compute.pb.go:265.2,265.10 1 0
github.com/daoneill/ollama-proxy/api/gen/go/compute.pb.go:268.45,269.14 1 0
github.com/daoneill/ollama-proxy/api/gen/go/compute.pb.go:269.14,271.3 1 0
github.com/daoneill/ollama-proxy/api/gen/go/compute.pb.go:272.2,272.10 1 0
github.com/daoneill/ollama-proxy/api/gen/go/compute.pb.go:275.48,276.14 1 0
github.com/daoneill/ollama-proxy/api/gen/go/compute.pb.go:276.14,278.3 1 0
github.com/daoneill/ollama-proxy/api/gen/go/compute.pb.go:279.2,279.12 1 0
github.com/daoneill/ollama-proxy/api/gen/go/compute.pb.go:282.54,283.14 1 0
github.com/daoneill/ollama-proxy/api/gen/go/compute.pb.go:283.14,285.3 1 0
github.com/daoneill/ollama-proxy/api/gen/go/compute.pb.go:286.2,286.10 1 0
github.com/daoneill/ollama-proxy/api/gen/go/compute.pb.go:306.36,311.2 4 0
github.com/daoneill/ollama-proxy/api/gen/go/compute.pb.go:313.44,315.2 1 0
github.com/daoneill/ollama-proxy/api/gen/go/compute.pb.go:317.42,317.43 0 0
github.com/daoneill/ollama-proxy/api/gen/go/compute.pb.go:319.64,321.14 2 0
github.com/daoneill/ollama-proxy/api/gen/go/compute.pb.go:321.14,323.34 2 0
github.com/daoneill/ollama-proxy/api/gen/go/compute.pb.go:323.34,325.4 1 0
github.com/daoneill/ollama-proxy/api/gen/go/compute.pb.go:326.3,326.12 1 0
github.com/daoneill/ollama-proxy/api/gen/go/compute.pb.go:328.2,328.24 1 0
github.com/daoneill/ollama-proxy/api/gen/go/compute.pb.go:332.55,334.2 1 0
github.com/daoneill/ollama-proxy/api/gen/go/compute.pb.go:336.49,337.14 1 0
github.com/daoneill/ollama-proxy/api/gen/go/compute.pb.go:337.14,339.3 1 0
github.com/daoneill/ollama-proxy/api/gen/go/compute.pb.go:340.2,340.11 1 0
github.com/daoneill/ollama-proxy/api/gen/go/compute.pb.go:343.52,344.14 1 0
github.com/daoneill/ollama-proxy/api/gen/go/compute.pb.go:344.14,346.3 1 0
github.com/daoneill/ollama-proxy/api/gen/go/compute.pb.go:347.2,347.11 1 0
github.com/daoneill/ollama-proxy/api/gen/go/compute.pb.go:350.58,351.14 1 0
github.com/daoneill/ollama-proxy/api/gen/go/compute.pb.go:351.14,353.3 1 0
github.com/daoneill/ollama-proxy/api/gen/go/compute.pb.go:354.2,354.12 1 0
github.com/daoneill/ollama-proxy/api/gen/go/compute.pb.go:357.56,358.14 1 0
github.com/daoneill/ollama-proxy/api/gen/go/compute.pb.go:358.14,360.3 1 0
github.com/daoneill/ollama-proxy/api/gen/go/compute.pb.go:361.2,361.12 1 0
github.com/daoneill/ollama-proxy/api/gen/go/compute.pb.go:364.48,365.14 1 0
github.com/daoneill/ollama-proxy/api/gen/go/compute.pb.go:365.14,367.3 1 0
github.com/daoneill/ollama-proxy/api/gen/go/compute.pb.go:368.2,368.14 1 0
github.com/daoneill/ollama-proxy/api/gen/go/compute.pb.go:386.42,391.2 4 0
github.com/daoneill/ollama-proxy/api/gen/go/compute.pb.go:393.50,395.2 1 0
github.com/daoneill/ollama-proxy/api/gen/go/compute.pb.go:397.48,397.49 0 0
github.com/daoneill/ollama-proxy/api/gen/go/compute.pb.go:399.70,401.14 2 0
github.com/daoneill/ollama-proxy/api/gen/go/compute.pb.go:401.14,403.34 2 0
github.com/daoneill/ollama-proxy/api/gen/go/compute.pb.go:403.34,405.4 1 0
github.com/daoneill/ollama-proxy/api/gen/go/compute.pb.go:406.3,406.12 1 0
github.com/daoneill/ollama-proxy/api/gen/go/compute.pb.go:408.2,408.24 1 0
github.com/daoneill/ollama-proxy/api/gen/go/compute.pb.go:412.61,414.2 1 0
github.com/daoneill/ollama-proxy/api/gen/go/compute.pb.go:416.52,417.14 1 0
github.com/daoneill/ollama-proxy/api/gen/go/compute.pb.go:417.14,419.3 1 0
github.com/daoneill/ollama-proxy/api/gen/go/compute.pb.go:420.2,420.11 1 0
github.com/daoneill/ollama-proxy/api/gen/go/compute.pb.go:423.49,424.14 1 0
github.com/daoneill/ollama-proxy/api/gen/go/compute.pb.go:424.14,426.3 1 0
github.com/daoneill/ollama-proxy/api/gen/go/compute.pb.go:427.2,427.14 1 0
github.com/daoneill/ollama-proxy/api/gen/go/compute.pb.go:430.58,431.14 1 0
github.com/daoneill/ollama-proxy/api/gen/go/compute.pb.go:431.14,433.3 1 0
github.com/daoneill/ollama-proxy/api/gen/go/compute.pb.go:434.2,434.11 1 0
github.com/daoneill/ollama-proxy/api/gen/go/compute.pb.go:437.62,438.14 1 0
github.com/daoneill/ollama-proxy/api/gen/go/compute.pb.go:438.14,440.3 1 0
github.com/daoneill/ollama-proxy/api/gen/go/compute.pb.go:441.2,441.12 1 0
github.com/daoneill/ollama-proxy/api/gen/go/compute.pb.go:461.35,466.2 4 0
github.com/daoneill/ollama-proxy/api/gen/go/compute.pb.go:468.43,470.2 1 0
github.com/daoneill/ollama-proxy/api/gen/go/compute.pb.go:472.41,472.42 0 0
github.com/daoneill/ollama-proxy/api/gen/go/compute.pb.go:474.63,476.14 2 0
github.com/daoneill/ollama-proxy/api/gen/go/compute.pb.go:476.14,478.34 2 0
github.com/daoneill/ollama-proxy/api/gen/go/compute.pb.go:478.34,480.4 1 0
github.com/daoneill/ollama-proxy/api/gen/go/compute.pb.go:481.3,481.12 1 0
github.com/daoneill/ollama-proxy/api/gen/go/compute.pb.go:483.2,483.24 1 0
github.com/daoneill/ollama-proxy/api/gen/go/compute.pb.go:487.54,489.2 1 0
github.com/daoneill/ollama-proxy/api/gen/go/compute.pb.go:491.47,492.14 1 0
github.com/daoneill/ollama-proxy/api/gen/go/compute.pb.go:492.14,494.3 1 0
github.com/daoneill/ollama-proxy/api/gen/go/compute.pb.go:495.2,495.11 1 0
github.com/daoneill/ollama-proxy/api/gen/go/compute.pb.go:498.46,499.14 1 0
github.com/daoneill/ollama-proxy/api/gen/go/compute.pb.go:499.14,501.3 1 0
github.com/daoneill/ollama-proxy/api/gen/go/compute.pb.go:502.2,502.11 1 0
github.com/daoneill/ollama-proxy/api/gen/go/compute.pb.go:505.60,506.14 1 0
github.com/daoneill/ollama-proxy/api/gen/go/compute.pb.go:506.14,508.3 1 0
github.com/daoneill/ollama-proxy/api/gen/go/compute.pb.go:509.2,509.10 1 0
github.com/daoneill/ollama-proxy/api/gen/go/compute.pb.go:512.57,513.14 1 0
github.com/daoneill/ollama-proxy/api/gen/go/compute.pb.go:513.14,515.3 1 0
github.com/daoneill/ollama-proxy/api/gen/go/compute.pb.go:516.2,516.10 1 0
github.com/daoneill/ollama-proxy/api/gen/go/compute.pb.go:519.54,520.14 1 0
github.com/daoneill/ollama-proxy/api/gen/go/compute.pb.go:520.14,522.3 1 0
github.com/daoneill/ollama-proxy/api/gen/go/compute.pb.go:523.2,523.12 1 0
github.com/daoneill/ollama-proxy/api/gen/go/compute.pb.go:543.35,548.2 4 0
github.com/daoneill/ollama-proxy/api/gen/go/compute.pb.go:550.43,552.2 1 0
github.com/daoneill/ollama-proxy/api/gen/go/compute.pb.go:554.41,554.42 0 0
github.com/daoneill/ollama-proxy/api/gen/go/compute.pb.go:556.63,558.14 2 0
github.com/daoneill/ollama-proxy/api/gen/go/compute.pb.go:558.14,560.34 2 0
github.com/daoneill/ollama-proxy/api/gen/go/compute.pb.go:560.34,562.4 1 0
github.com/daoneill/ollama-proxy/api/gen/go/compute.pb.go:563.3,563.12 1 0
github.com/daoneill/ollama-proxy/api/gen/go/compute.pb.go:565.2,565.24 1 0
github.com/daoneill/ollama-proxy/api/gen/go/compute.pb.go:569.54,571.2 1 0
github.com/daoneill/ollama-proxy/api/gen/go/compute.pb.go:573.57,574.14 1 0
github.com/daoneill/ollama-proxy/api/gen/go/compute.pb.go:574.14,576.3 1 0
github.com/daoneill/ollama-proxy/api/gen/go/compute.pb.go:577.2,577.10 1 0
github.com/daoneill/ollama-proxy/api/gen/go/compute.pb.go:580.50,581.14 1 0
github.com/daoneill/ollama-proxy/api/gen/go/compute.pb.go:581.14,583.3 1 0
github.com/daoneill/ollama-proxy/api/gen/go/compute.pb.go:584.2,584.10 1 0
github.com/daoneill/ollama-proxy/api/gen/go/compute.pb.go:587.54,588.14 1 0
github.com/daoneill/ollama-proxy/api/gen/go/compute.pb.go:588.14,590.3 1 0
github.com/daoneill/ollama-proxy/api/gen/go/compute.pb.go:591.2,591.10 1 0
github.com/daoneill/ollama-proxy/api/gen/go/compute.pb.go:594.56,595.14 1 0
github.com/daoneill/ollama-proxy/api/gen/go/compute.pb.go:595.14,597.3 1 0
github.com/daoneill/ollama-proxy/api/gen/go/compute.pb.go:598.2,598.10 1 0
github.com/daoneill/ollama-proxy/api/gen/go/compute.pb.go:601.49,602.14 1 0
github.com/daoneill/ollama-proxy/api/gen/go/compute.pb.go:602.14,604.3 1 0
github.com/daoneill/ollama-proxy/api/gen/go/compute.pb.go:605.2,605.10 1 0
github.com/daoneill/ollama-proxy/api/gen/go/compute.pb.go:621.32,626.2 4 0
github.com/daoneill/ollama-proxy/api/gen/go/compute.pb.go:628.40,630.2 1 0
github.com/daoneill/ollama-proxy/api/gen/go/compute.pb.go:632.38,632.39 0 0
github.com/daoneill/ollama-proxy/api/gen/go/compute.pb.go:634.60,636.14 2 0
github.com/daoneill/ollama-proxy/api/gen/go/compute.pb.go:636.14,638.34 2 0
github.com/daoneill/ollama-proxy/api/gen/go/compute.pb.go:638.34,640.4 1 0
github.com/daoneill/ollama-proxy/api/gen/go/compute.pb.go:641.3,641.12 1 0
github.com/daoneill/ollama-proxy/api/gen/go/compute.pb.go:643.2,643.24 1 0
github.com/daoneill/ollama-proxy/api/gen/go/compute.pb.go:647.51,649.2 1 0
github.com/daoneill/ollama-proxy/api/gen/go/compute.pb.go:651.41,652.14 1 0
github.com/daoneill/ollama-proxy/api/gen/go/compute.pb.go:652.14,654.3 1 0
github.com/daoneill/ollama-proxy/api/gen/go/compute.pb.go:655.2,655.11 1 0
github.com/daoneill/ollama-proxy/api/gen/go/compute.pb.go:658.42,659.14 1 0
github.com/daoneill/ollama-proxy/api/gen/go/compute.pb.go:659.14,661.3 1 0
github.com/daoneill/ollama-proxy/api/gen/go/compute.pb.go:662.2,662.11 1 0
github.com/daoneill/ollama-proxy/api/gen/go/compute.pb.go:665.57,666.14 1 0
github.com/daoneill/ollama-proxy/api/gen/go/compute.pb.go:666.14,668.3 1 0
github.com/daoneill/ollama-proxy/api/gen/go/compute.pb.go:669.2,669.12 1 0
github.com/daoneill/ollama-proxy/api/gen/go/compute.pb.go:685.33,690.2 4 0
github.com/daoneill/ollama-proxy/api/gen/go/compute.pb.go:692.41,694.2 1 0
github.com/daoneill/ollama-proxy/api/gen/go/compute.pb.go:696.39,696.40 0 0
github.com/daoneill/ollama-proxy/api/gen/go/compute.pb.go:698.61,700.14 2 0
github.com/daoneill/ollama-proxy/api/gen/go/compute.pb.go:700.14,702.34 2 0
github.com/daoneill/ollama-proxy/api/gen/go/compute.pb.go:702.34,704.4 1 0
github.com/daoneill/ollama-proxy/api/gen/go/compute.pb.go:705.3,705.12 1 0
github.com/daoneill/ollama-proxy/api/gen/go/compute.pb.go:707.2,707.24 1 0
github.com/daoneill/ollama-proxy/api/gen/go/compute.pb.go:711.52,713.2 1 0
github.com/daoneill/ollama-proxy/api/gen/go/compute.pb.go:715.50,716.14 1 0
github.com/daoneill/ollama-proxy/api/gen/go/compute.pb.go:716.14,718.3 1 0
github.com/daoneill/ollama-proxy/api/gen/go/compute.pb.go:719.2,719.12 1 0
github.com/daoneill/ollama-proxy/api/gen/go/compute.pb.go:722.49,723.14 1 0
github.com/daoneill/ollama-proxy/api/gen/go/compute.pb.go:723.14,725.3 1 0
github.com/daoneill/ollama-proxy/api/gen/go/compute.pb.go:726.2,726.11 1 0
github.com/daoneill/ollama-proxy/api/gen/go/compute.pb.go:729.55,730.14 1 0
github.com/daoneill/ollama-proxy/api/gen/go/compute.pb.go:730.14,732.3 1 0
github.com/daoneill/ollama-proxy/api/gen/go/compute.pb.go:733.2,733.12 1 0
github.com/daoneill/ollama-proxy/api/gen/go/compute.pb.go:745.39,750.2 4 0
github.com/daoneill/ollama-proxy/api/gen/go/compute.pb.go:752.47,754.2 1 0
github.com/daoneill/ollama-proxy/api/gen/go/compute.pb.go:756.45,756.46 0 0
github.com/daoneill/ollama-proxy/api/gen/go/compute.pb.go:758.67,760.14 2 0
github.com/daoneill/ollama-proxy/api/gen/go/compute.pb.go:760.14,762.34 2 0
github.com/daoneill/ollama-proxy/api/gen/go/compute.pb.go:762.34,764.4 1 0
github.com/daoneill/ollama-proxy/api/gen/go/compute.pb.go:765.3,765.12 1 0
github.com/daoneill/ollama-proxy/api/gen/go/compute.pb.go:767.2,767.24 1 0
github.com/daoneill/ollama-proxy/api/gen/go/compute.pb.go:771.58,773.2 1 0
github.com/daoneill/ollama-proxy/api/gen/go/compute.pb.go:775.54,776.14 1 0
github.com/daoneill/ollama-proxy/api/gen/go/compute.pb.go:776.14,778.3 1 0
github.com/daoneill/ollama-proxy/api/gen/go/compute.pb.go:779.2,779.11 1 0
github.com/daoneill/ollama-proxy/api/gen/go/compute.pb.go:790.40,795.2 4 0
github.com/daoneill/ollama-proxy/api/gen/go/compute.pb.go:797.48,799.2 1 0
github.com/daoneill/ollama-proxy/api/gen/go/compute.pb.go:801.46,801.47 0 0
github.com/daoneill/ollama-proxy/api/gen/go/compute.pb.go:803.68,805.14 2 0
github.com/daoneill/ollama-proxy/api/gen/go/compute.pb.go:805.14,807.34 2 0
github.com/daoneill/ollama-proxy/api/gen/go/compute.pb.go:807.34,809.4 1 0
github.com/daoneill/ollama-proxy/api/gen/go/compute.pb.go:810.3,810.12 1 0
github.com/daoneill/ollama-proxy/api/gen/go/compute.pb.go:812.2,812.24 1 0
github.com/daoneill/ollama-proxy/api/gen/go/compute.pb.go:816.59,818.2 1 0
github.com/daoneill/ollama-proxy/api/gen/go/compute.pb.go:820.61,821.14 1 0
github.com/daoneill/ollama-proxy/api/gen/go/compute.pb.go:821.14,823.3 1 0
github.com/daoneill/ollama-proxy/api/gen/go/compute.pb.go:824.2,824.12 1 0
github.com/daoneill/ollama-proxy/api/gen/go/compute.pb.go:848.31,853.2 4 0
github.com/daoneill/ollama-proxy/api/gen/go/compute.pb.go:855.39,857.2 1 0
github.com/daoneill/ollama-proxy/api/gen/go/compute.pb.go:859.37,859.38 0 0
github.com/daoneill/ollama-proxy/api/gen/go/compute.pb.go:861.59,863.14 2 0
github.com/daoneill/ollama-proxy/api/gen/go/compute.pb.go:863.14,865.34 2 0
github.com/daoneill/ollama-proxy/api/gen/go/compute.pb.go:865.34,867.4 1 0
github.com/daoneill/ollama-proxy/api/gen/go/compute.pb.go:868.3,868.12 1 0
github.com/daoneill/ollama-proxy/api/gen/go/compute.pb.go:870.2,870.24 1 0
github.com/daoneill/ollama-proxy/api/gen/go/compute.pb.go:874.50,876.2 1 0
github.com/daoneill/ollama-proxy/api/gen/go/compute.pb.go:878.38,879.14 1 0
github.com/daoneill/ollama-proxy/api/gen/go/compute.pb.go:879.14,881.3 1 0
github.com/daoneill/ollama-proxy/api/gen/go/compute.pb.go:882.2,882.11 1 0
github.com/daoneill/ollama-proxy/api/gen/go/compute.pb.go:885.40,886.14 1 0
github.com/daoneill/ollama-proxy/api/gen/go/compute.pb.go:886.14,888.3 1 0
github.com/daoneill/ollama-proxy/api/gen/go/compute.pb.go:889.2,889.11 1 0
github.com/daoneill/ollama-proxy/api/gen/go/compute.pb.go:892.40,893.14 1 0
github.com/daoneill/ollama-proxy/api/gen/go/compute.pb.go:893.14,895.3 1 0
github.com/daoneill/ollama-proxy/api/gen/go/compute.pb.go:896.2,896.11 1 0
github.com/daoneill/ollama-proxy/api/gen/go/compute.pb.go:899.44,900.14 1 0
github.com/daoneill/ollama-proxy/api/gen/go/compute.pb.go:900.14,902.3 1 0
github.com/daoneill/ollama-proxy/api/gen/go/compute.pb.go:903.2,903.11 1 0
github.com/daoneill/ollama-proxy/api/gen/go/compute.pb.go:906.50,907.14 1 0
github.com/daoneill/ollama-proxy/api/gen/go/compute.pb.go:907.14,909.3 1 0
github.com/daoneill/ollama-proxy/api/gen/go/compute.pb.go:910.2,910.12 1 0
github.com/daoneill/ollama-proxy/api/gen/go/compute.pb.go:913.62,914.14 1 0
github.com/daoneill/ollama-proxy/api/gen/go/compute.pb.go:914.14,916.3 1 0
github.com/daoneill/ollama-proxy/api/gen/go/compute.pb.go:917.2,917.12 1 0
github.com/daoneill/ollama-proxy/api/gen/go/compute.pb.go:920.52,921.14 1 0
github.com/daoneill/ollama-proxy/api/gen/go/compute.pb.go:921.14,923.3 1 0
github.com/daoneill/ollama-proxy/api/gen/go/compute.pb.go:924.2,924.12 1 0
github.com/daoneill/ollama-proxy/api/gen/go/compute.pb.go:940.33,945.2 4 0
github.com/daoneill/ollama-proxy/api/gen/go/compute.pb.go:947.41,949.2 1 0
github.com/daoneill/ollama-proxy/api/gen/go/compute.pb.go:951.39,951.40 0 0
github.com/daoneill/ollama-proxy/api/gen/go/compute.pb.go:953.61,955.14 2 0
github.com/daoneill/ollama-proxy/api/gen/go/compute.pb.go:955.14,957.34 2 0
github.com/daoneill/ollama-proxy/api/gen/go/compute.pb.go:957.34,959.4 1 0
github.com/daoneill/ollama-proxy/api/gen/go/compute.pb.go:960.3,960.12 1 0
github.com/daoneill/ollama-proxy/api/gen/go/compute.pb.go:962.2,962.24 1 0
github.com/daoneill/ollama-proxy/api/gen/go/compute.pb.go:966.52,968.2 1 0
github.com/daoneill/ollama-proxy/api/gen/go/compute.pb.go:970.43,971.14 1 0
github.com/daoneill/ollama-proxy/api/gen/go/compute.pb.go:971.14,973.3 1 0
github.com/daoneill/ollama-proxy/api/gen/go/compute.pb.go:974.2,974.11 1 0
github.com/daoneill/ollama-proxy/api/gen/go/compute.pb.go:977.45,978.14 1 0
github.com/daoneill/ollama-proxy/api/gen/go/compute.pb.go:978.14,980.3 1 0
github.com/daoneill/ollama-proxy/api/gen/go/compute.pb.go:981.2,981.11 1 0
github.com/daoneill/ollama-proxy/api/gen/go/compute.pb.go:984.50,985.14 1 0
github.com/daoneill/ollama-proxy/api/gen/go/compute.pb.go:985.14,987.3 1 0
github.com/daoneill/ollama-proxy/api/gen/go/compute.pb.go:988.2,988.10 1 0
github.com/daoneill/ollama-proxy/api/gen/go/compute.pb.go:1008.39,1013.2 4 0
github.com/daoneill/ollama-proxy/api/gen/go/compute.pb.go:1015.47,1017.2 1 0
github.com/daoneill/ollama-proxy/api/gen/go/compute.pb.go:1019.45,1019.46 0 0
github.com/daoneill/ollama-proxy/api/gen/go/compute.pb.go:1021.67,1023.14 2 0
github.com/daoneill/ollama-proxy/api/gen/go/compute.pb.go:1023.14,1025.34 2 0
github.com/daoneill/ollama-proxy/api/gen/go/compute.pb.go:1025.34,1027.4 1 0
github.com/daoneill/ollama-proxy/api/gen/go/compute.pb.go:1028.3,1028.12 1 0
github.com/daoneill/ollama-proxy/api/gen/go/compute.pb.go:1030.2,1030.24 1 0
github.com/daoneill/ollama-proxy/api/gen/go/compute.pb.go:1034.58,1036.2 1 0
github.com/daoneill/ollama-proxy/api/gen/go/compute.pb.go:1038.50,1039.14 1 0
github.com/daoneill/ollama-proxy/api/gen/go/compute.pb.go:1039.14,1041.3 1 0
github.com/daoneill/ollama-proxy/api/gen/go/compute.pb.go:1042.2,1042.14 1 0
github.com/daoneill/ollama-proxy/api/gen/go/compute.pb.go:1045.47,1046.14 1 0
github.com/daoneill/ollama-proxy/api/gen/go/compute.pb.go:1046.14,1048.3 1 0
github.com/daoneill/ollama-proxy/api/gen/go/compute.pb.go:1049.2,1049.14 1 0
github.com/daoneill/ollama-proxy/api/gen/go/compute.pb.go:1052.48,1053.14 1 0
github.com/daoneill/ollama-proxy/api/gen/go/compute.pb.go:1053.14,1055.3 1 0
github.com/daoneill/ollama-proxy/api/gen/go/compute.pb.go:1056.2,1056.14 1 0
github.com/daoneill/ollama-proxy/api/gen/go/compute.pb.go:1059.52,1060.14 1 0
github.com/daoneill/ollama-proxy/api/gen/go/compute.pb.go:1060.14,1062.3 1 0
github.com/daoneill/ollama-proxy/api/gen/go/compute.pb.go:1063.2,1063.12 1 0
github.com/daoneill/ollama-proxy/api/gen/go/compute.pb.go:1066.53,1067.14 1 0
github.com/daoneill/ollama-proxy/api/gen/go/compute.pb.go:1067.14,1069.3 1 0
github.com/daoneill/ollama-proxy/api/gen/go/compute.pb.go:1070.2,1070.10 1 0
github.com/daoneill/ollama-proxy/api/gen/go/compute.pb.go:1090.34,1095.2 4 0
github.com/daoneill/ollama-proxy/api/gen/go/compute.pb.go:1097.42,1099.2 1 0
github.com/daoneill/ollama-proxy/api/gen/go/compute.pb.go:1101.40,1101.41 0 0
github.com/daoneill/ollama-proxy/api/gen/go/compute.pb.go:1103.62,1105.14 2 0
github.com/daoneill/ollama-proxy/api/gen/go/compute.pb.go:1105.14,1107.34 2 0
github.com/daoneill/ollama-proxy/api/gen/go/compute.pb.go:1107.34,1109.4 1 0
github.com/daoneill/ollama-proxy/api/gen/go/compute.pb.go:1110.3,1110.12 1 0
github.com/daoneill/ollama-proxy/api/gen/go/compute.pb.go:1112.2,1112.24 1 0
github.com/daoneill/ollama-proxy/api/gen/go/compute.pb.go:1116.53,1118.2 1 0
github.com/daoneill/ollama-proxy/api/gen/go/compute.pb.go:1120.50,1121.14 1 0
github.com/daoneill/ollama-proxy/api/gen/go/compute.pb.go:1121.14,1123.3 1 0
github.com/daoneill/ollama-proxy/api/gen/go/compute.pb.go:1124.2,1124.10 1 0
github.com/daoneill/ollama-proxy/api/gen/go/compute.pb.go:1127.55,1128.14 1 0
github.com/daoneill/ollama-proxy/api/gen/go/compute.pb.go:1128.14,1130.3 1 0
github.com/daoneill/ollama-proxy/api/gen/go/compute.pb.go:1131.2,1131.10 1 0
github.com/daoneill/ollama-proxy/api/gen/go/compute.pb.go:1134.49,1135.14 1 0
github.com/daoneill/ollama-proxy/api/gen/go/compute.pb.go:1135.14,1137.3 1 0
github.com/daoneill/ollama-proxy/api/gen/go/compute.pb.go:1138.2,1138.10 1 0
github.com/daoneill/ollama-proxy/api/gen/go/compute.pb.go:1141.50,1142.14 1 0
github.com/daoneill/ollama-proxy/api/gen/go/compute.pb.go:1142.14,1144.3 1 0
github.com/daoneill/ollama-proxy/api/gen/go/compute.pb.go:1145.2,1145.10 1 0
github.com/daoneill/ollama-proxy/api/gen/go/compute.pb.go:1148.53,1149.14 1 0
github.com/daoneill/ollama-proxy/api/gen/go/compute.pb.go:1149.14,1151.3 1 0
github.com/daoneill/ollama-proxy/api/gen/go/compute.pb.go:1152.2,1152.12 1 0
github.com/daoneill/ollama-proxy/api/gen/go/compute.pb.go:1162.38,1167.2 4 0
github.com/daoneill/ollama-proxy/api/gen/go/compute.pb.go:1169.46,1171.2 1 0
github.com/daoneill/ollama-proxy/api/gen/go/compute.pb.go:1173.44,1173.45 0 0
github.com/daoneill/ollama-proxy/api/gen/go/compute.pb.go:1175.66,1177.14 2 0
github.com/daoneill/ollama-proxy/api/gen/go/compute.pb.go:1177.14,1179.34 2 0
github.com/daoneill/ollama-proxy/api/gen/go/compute.pb.go:1179.34,1181.4 1 0
github.com/daoneill/ollama-proxy/api/gen/go/compute.pb.go:1182.3,1182.12 1 0
github.com/daoneill/ollama-proxy/api/gen/go/compute.pb.go:1184.2,1184.24 1 0
github.com/daoneill/ollama-proxy/api/gen/go/compute.pb.go:1188.57,1190.2 1 0
github.com/daoneill/ollama-proxy/api/gen/go/compute.pb.go:1205.39,1210.2 4 0
github.com/daoneill/ollama-proxy/api/gen/go/compute.pb.go:1212.47,1214.2 1 0
github.com/daoneill/ollama-proxy/api/gen/go/compute.pb.go:1216.45,1216.46 0 0
github.com/daoneill/ollama-proxy/api/gen/go/compute.pb.go:1218.67,1220.14 2 0
github.com/daoneill/ollama-proxy/api/gen/go/compute.pb.go:1220.14,1222.34 2 0
github.com/daoneill/ollama-proxy/api/gen/go/compute.pb.go:1222.34,1224.4 1 0
github.com/daoneill/ollama-proxy/api/gen/go/compute.pb.go:1225.3,1225.12 1 0
github.com/daoneill/ollama-proxy/api/gen/go/compute.pb.go:1227.2,1227.24 1 0
github.com/daoneill/ollama-proxy/api/gen/go/compute.pb.go:1231.58,1233.2 1 0
github.com/daoneill/ollama-proxy/api/gen/go/compute.pb.go:1235.50,1236.14 1 0
github.com/daoneill/ollama-proxy/api/gen/go/compute.pb.go:1236.14,1238.3 1 0
github.com/daoneill/ollama-proxy/api/gen/go/compute.pb.go:1239.2,1239.11 1 0
github.com/daoneill/ollama-proxy/api/gen/go/compute.pb.go:1242.68,1243.14 1 0
github.com/daoneill/ollama-proxy/api/gen/go/compute.pb.go:1243.14,1245.3 1 0
github.com/daoneill/ollama-proxy/api/gen/go/compute.pb.go:1246.2,1246.12 1 0
github.com/daoneill/ollama-proxy/api/gen/go/compute.pb.go:1249.56,1250.14 1 0
github.com/daoneill/ollama-proxy/api/gen/go/compute.pb.go:1250.14,1252.3 1 0
github.com/daoneill/ollama-proxy/api/gen/go/compute.pb.go:1253.2,1253.10 1 0
github.com/daoneill/ollama-proxy/api/gen/go/compute.pb.go:1271.42,1276.2 4 0
github.com/daoneill/ollama-proxy/api/gen/go/compute.pb.go:1278.50,1280.2 1 0
github.com/daoneill/ollama-proxy/api/gen/go/compute.pb.go:1282.48,1282.49 0 0
github.com/daoneill/ollama-proxy/api/gen/go/compute.pb.go:1284.70,1286.14 2 0
github.com/daoneill/ollama-proxy/api/gen/go/compute.pb.go:1286.14,1288.34 2 0
github.com/daoneill/ollama-proxy/api/gen/go/compute.pb.go:1288.34,1290.4 1 0
github.com/daoneill/ollama-proxy/api/gen/go/compute.pb.go:1291.3,1291.12 1 0
github.com/daoneill/ollama-proxy/api/gen/go/compute.pb.go:1293.2,1293.24 1 0
github.com/daoneill/ollama-proxy/api/gen/go/compute.pb.go:1297.61,1299.2 1 0
github.com/daoneill/ollama-proxy/api/gen/go/compute.pb.go:1301.57,1302.14 1 0
github.com/daoneill/ollama-proxy/api/gen/go/compute.pb.go:1302.14,1304.3 1 0
github.com/daoneill/ollama-proxy/api/gen/go/compute.pb.go:1305.2,1305.11 1 0
github.com/daoneill/ollama-proxy/api/gen/go/compute.pb.go:1308.63,1309.14 1 0
github.com/daoneill/ollama-proxy/api/gen/go/compute.pb.go:1309.14,1311.3 1 0
github.com/daoneill/ollama-proxy/api/gen/go/compute.pb.go:1312.2,1312.12 1 0
github.com/daoneill/ollama-proxy/api/gen/go/compute.pb.go:1315.64,1316.14 1 0
github.com/daoneill/ollama-proxy/api/gen/go/compute.pb.go:1316.14,1318.3 1 0
github.com/daoneill/ollama-proxy/api/gen/go/compute.pb.go:1319.2,1319.12 1 0
github.com/daoneill/ollama-proxy/api/gen/go/compute.pb.go:1322.67,1323.14 1 0
github.com/daoneill/ollama-proxy/api/gen/go/compute.pb.go:1323.14,1325.3 1 0
github.com/daoneill/ollama-proxy/api/gen/go/compute.pb.go:1326.2,1326.12 1 0
github.com/daoneill/ollama-proxy/api/gen/go/compute.pb.go:1346.35,1351.2 4 0
github.com/daoneill/ollama-proxy/api/gen/go/compute.pb.go:1353.43,1355.2 1 0
github.com/daoneill/ollama-proxy/api/gen/go/compute.pb.go:1357.41,1357.42 0 0
github.com/daoneill/ollama-proxy/api/gen/go/compute.pb.go:1359.63,1361.14 2 0
github.com/daoneill/ollama-proxy/api/gen/go/compute.pb.go:1361.14,1363.34 2 0
github.com/daoneill/ollama-proxy/api/gen/go/compute.pb.go:1363.34,1365.4 1 0
github.com/daoneill/ollama-proxy/api/gen/go/compute.pb.go:1366.3,1366.12 1 0
github.com/daoneill/ollama-proxy/api/gen/go/compute.pb.go:1368.2,1368.24 1 0
github.com/daoneill/ollama-proxy/api/gen/go/compute.pb.go:1372.54,1374.2 1 0
github.com/daoneill/ollama-proxy/api/gen/go/compute.pb.go:1376.53,1377.14 1 0
github.com/daoneill/ollama-proxy/api/gen/go/compute.pb.go:1377.14,1379.3 1 0
github.com/daoneill/ollama-proxy/api/gen/go/compute.pb.go:1380.2,1380.14 1 0
github.com/daoneill/ollama-proxy/api/gen/go/compute.pb.go:1383.53,1384.14 1 0
github.com/daoneill/ollama-proxy/api/gen/go/compute.pb.go:1384.14,1386.3 1 0
github.com/daoneill/ollama-proxy/api/gen/go/compute.pb.go:1387.2,1387.14 1 0
github.com/daoneill/ollama-proxy/api/gen/go/compute.pb.go:1390.53,1391.14 1 0
github.com/daoneill/ollama-proxy/api/gen/go/compute.pb.go:1391.14,1393.3 1 0
github.com/daoneill/ollama-proxy/api/gen/go/compute.pb.go:1394.2,1394.14 1 0
github.com/daoneill/ollama-proxy/api/gen/go/compute.pb.go:1397.52,1398.14 1 0
github.com/daoneill/ollama-proxy/api/gen/go/compute.pb.go:1398.14,1400.3 1 0
github.com/daoneill/ollama-proxy/api/gen/go/compute.pb.go:1401.2,1401.14 1 0
github.com/daoneill/ollama-proxy/api/gen/go/compute.pb.go:1404.53,1405.14 1 0
github.com/daoneill/ollama-proxy/api/gen/go/compute.pb.go:1405.14,1407.3 1 0
github.com/daoneill/ollama-proxy/api/gen/go/compute.pb.go:1408.2,1408.10 1 0
github.com/daoneill/ollama-proxy/api/gen/go/compute.pb.go:1432.43,1437.2 4 0
github.com/daoneill/ollama-proxy/api/gen/go/compute.pb.go:1439.51,1441.2 1 0
github.com/daoneill/ollama-proxy/api/gen/go/compute.pb.go:1443.49,1443.50 0 0
github.com/daoneill/ollama-proxy/api/gen/go/compute.pb.go:1445.71,1447.14 2 0
github.com/daoneill/ollama-proxy/api/gen/go/compute.pb.go:1447.14,1449.34 2 0
github.com/daoneill/ollama-proxy/api/gen/go/compute.pb.go:1449.34,1451.4 1 0
github.com/daoneill/ollama-proxy/api/gen/go/compute.pb.go:1452.3,1452.12 1 0
github.com/daoneill/ollama-proxy/api/gen/go/compute.pb.go:1454.2,1454.24 1 0
github.com/daoneill/ollama-proxy/api/gen/go/compute.pb.go:1458.62,1460.2 1 0
github.com/daoneill/ollama-proxy/api/gen/go/compute.pb.go:1462.58,1463.14 1 0
github.com/daoneill/ollama-proxy/api/gen/go/compute.pb.go:1463.14,1465.3 1 0
github.com/daoneill/ollama-proxy/api/gen/go/compute.pb.go:1466.2,1466.11 1 0
github.com/daoneill/ollama-proxy/api/gen/go/compute.pb.go:1469.53,1470.14 1 0
github.com/daoneill/ollama-proxy/api/gen/go/compute.pb.go:1470.14,1472.3 1 0
github.com/daoneill/ollama-proxy/api/gen/go/compute.pb.go:1473.2,1473.14 1 0
github.com/daoneill/ollama-proxy/api/gen/go/compute.pb.go:1476.70,1477.14 1 0
github.com/daoneill/ollama-proxy/api/gen/go/compute.pb.go:1477.14,1479.3 1 0
github.com/daoneill/ollama-proxy/api/gen/go/compute.pb.go:1480.2,1480.12 1 0
github.com/daoneill/ollama-proxy/api/gen/go/compute.pb.go:1483.68,1484.14 1 0
github.com/daoneill/ollama-proxy/api/gen/go/compute.pb.go:1484.14,1486.3 1 0
github.com/daoneill/ollama-proxy/api/gen/go/compute.pb.go:1487.2,1487.12 1 0
github.com/daoneill/ollama-proxy/api/gen/go/compute.pb.go:1490.58,1491.14 1 0
github.com/daoneill/ollama-proxy/api/gen/go/compute.pb.go:1491.14,1493.3 1 0
github.com/daoneill/ollama-proxy/api/gen/go/compute.pb.go:1494.2,1494.10 1 0
github.com/daoneill/ollama-proxy/api/gen/go/compute.pb.go:1497.62,1498.14 1 0
github.com/daoneill/ollama-proxy/api/gen/go/compute.pb.go:1498.14,1500.3 1 0
github.com/daoneill/ollama-proxy/api/gen/go/compute.pb.go:1501.2,1501.10 1 0
github.com/daoneill/ollama-proxy/api/gen/go/compute.pb.go:1504.53,1505.14 1 0
github.com/daoneill/ollama-proxy/api/gen/go/compute.pb.go:1505.14,1507.3 1 0
github.com/daoneill/ollama-proxy/api/gen/go/compute.pb.go:1508.2,1508.11 1 0
github.com/daoneill/ollama-proxy/api/gen/go/compute.pb.go:1530.31,1535.2 4 0
github.com/daoneill/ollama-proxy/api/gen/go/compute.pb.go:1537.39,1539.2 1 0
github.com/daoneill/ollama-proxy/api/gen/go/compute.pb.go:1541.37,1541.38 0 0
github.com/daoneill/ollama-proxy/api/gen/go/compute.pb.go:1543.59,1545.14 2 0
github.com/daoneill/ollama-proxy/api/gen/go/compute.pb.go:1545.14,1547.34 2 0
github.com/daoneill/ollama-proxy/api/gen/go/compute.pb.go:1547.34,1549.4 1 0
github.com/daoneill/ollama-proxy/api/gen/go/compute.pb.go:1550.3,1550.12 1 0
github.com/daoneill/ollama-proxy/api/gen/go/compute.pb.go:1552.2,1552.24 1 0
github.com/daoneill/ollama-proxy/api/gen/go/compute.pb.go:1556.50,1558.2 1 0
github.com/daoneill/ollama-proxy/api/gen/go/compute.pb.go:1560.43,1561.14 1 0
github.com/daoneill/ollama-proxy/api/gen/go/compute.pb.go:1561.14,1563.3 1 0
github.com/daoneill/ollama-proxy/api/gen/go/compute.pb.go:1564.2,1564.11 1 0
github.com/daoneill/ollama-proxy/api/gen/go/compute.pb.go:1567.43,1568.14 1 0
github.com/daoneill/ollama-proxy/api/gen/go/compute.pb.go:1568.14,1570.3 1 0
github.com/daoneill/ollama-proxy/api/gen/go/compute.pb.go:1571.2,1571.11 1 0
github.com/daoneill/ollama-proxy/api/gen/go/compute.pb.go:1574.41,1575.14 1 0
github.com/daoneill/ollama-proxy/api/gen/go/compute.pb.go:1575.14,1577.3 1 0
github.com/daoneill/ollama-proxy/api/gen/go/compute.pb.go:1578.2,1578.14 1 0
github.com/daoneill/ollama-proxy/api/gen/go/compute.pb.go:1581.42,1582.14 1 0
github.com/daoneill/ollama-proxy/api/gen/go/compute.pb.go:1582.14,1584.3 1 0
github.com/daoneill/ollama-proxy/api/gen/go/compute.pb.go:1585.2,1585.11 1 0
github.com/daoneill/ollama-proxy/api/gen/go/compute.pb.go:1588.52,1589.14 1 0
github.com/daoneill/ollama-proxy/api/gen/go/compute.pb.go:1589.14,1591.3 1 0
github.com/daoneill/ollama-proxy/api/gen/go/compute.pb.go:1592.2,1592.12 1 0
github.com/daoneill/ollama-proxy/api/gen/go/compute.pb.go:1595.41,1596.14 1 0
github.com/daoneill/ollama-proxy/api/gen/go/compute.pb.go:1596.14,1598.3 1 0
github.com/daoneill/ollama-proxy/api/gen/go/compute.pb.go:1599.2,1599.11 1 0
github.com/daoneill/ollama-proxy/api/gen/go/compute.pb.go:1633.33,1638.2 4 0
github.com/daoneill/ollama-proxy/api/gen/go/compute.pb.go:1640.41,1642.2 1 0
github.com/daoneill/ollama-proxy/api/gen/go/compute.pb.go:1644.39,1644.40 0 0
github.com/daoneill/ollama-proxy/api/gen/go/compute.pb.go:1646.61,1648.14 2 0
github.com/daoneill/ollama-proxy/api/gen/go/compute.pb.go:1648.14,1650.34 2 0
github.com/daoneill/ollama-proxy/api/gen/go/compute.pb.go:1650.34,1652.4 1 0
github.com/daoneill/ollama-proxy/api/gen/go/compute.pb.go:1653.3,1653.12 1 0
github.com/daoneill/ollama-proxy/api/gen/go/compute.pb.go:1655.2,1655.24 1 0
github.com/daoneill/ollama-proxy/api/gen/go/compute.pb.go:1659.52,1661.2 1 0
github.com/daoneill/ollama-proxy/api/gen/go/compute.pb.go:1663.50,1664.14 1 0
github.com/daoneill/ollama-proxy/api/gen/go/compute.pb.go:1664.14,1666.3 1 0
github.com/daoneill/ollama-proxy/api/gen/go/compute.pb.go:1667.2,1667.10 1 0
github.com/daoneill/ollama-proxy/api/gen/go/compute.pb.go:1670.48,1671.14 1 0
github.com/daoneill/ollama-proxy/api/gen/go/compute.pb.go:1671.14,1673.3 1 0
github.com/daoneill/ollama-proxy/api/gen/go/compute.pb.go:1674.2,1674.10 1 0
github.com/daoneill/ollama-proxy/api/gen/go/compute.pb.go:1677.47,1678.14 1 0
github.com/daoneill/ollama-proxy/api/gen/go/compute.pb.go:1678.14,1680.3 1 0
github.com/daoneill/ollama-proxy/api/gen/go/compute.pb.go:1681.2,1681.10 1 0
github.com/daoneill/ollama-proxy/api/gen/go/compute.pb.go:1684.43,1685.14 1 0
github.com/daoneill/ollama-proxy/api/gen/go/compute.pb.go:1685.14,1687.3 1 0
github.com/daoneill/ollama-proxy/api/gen/go/compute.pb.go:1688.2,1688.11 1 0
github.com/daoneill/ollama-proxy/api/gen/go/compute.pb.go:1691.45,1692.14 1 0
github.com/daoneill/ollama-proxy/api/gen/go/compute.pb.go:1692.14,1694.3 1 0
github.com/daoneill/ollama-proxy/api/gen/go/compute.pb.go:1695.2,1695.10 1 0
github.com/daoneill/ollama-proxy/api/gen/go/compute.pb.go:1698.46,1699.14 1 0
github.com/daoneill/ollama-proxy/api/gen/go/compute.pb.go:1699.14,1701.3 1 0
github.com/daoneill/ollama-proxy/api/gen/go/compute.pb.go:1702.2,1702.10 1 0
github.com/daoneill/ollama-proxy/api/gen/go/compute.pb.go:1705.49,1706.14 1 0
github.com/daoneill/ollama-proxy/api/gen/go/compute.pb.go:1706.14,1708.3 1 0
github.com/daoneill/ollama-proxy/api/gen/go/compute.pb.go:1709.2,1709.10 1 0
github.com/daoneill/ollama-proxy/api/gen/go/compute.pb.go:1712.50,1713.14 1 0
github.com/daoneill/ollama-proxy/api/gen/go/compute.pb.go:1713.14,1715.3 1 0
github.com/daoneill/ollama-proxy/api/gen/go/compute.pb.go:1716.2,1716.10 1 0
github.com/daoneill/ollama-proxy/api/gen/go/compute.pb.go:1719.45,1720.14 1 0
github.com/daoneill/ollama-proxy/api/gen/go/compute.pb.go:1720.14,1722.3 1 0
github.com/daoneill/ollama-proxy/api/gen/go/compute.pb.go:1723.2,1723.10 1 0
github.com/daoneill/ollama-proxy/api/gen/go/compute.pb.go:1726.45,1727.14 1 0
github.com/daoneill/ollama-proxy/api/gen/go/compute.pb.go:1727.14,1729.3 1 0
github.com/daoneill/ollama-proxy/api/gen/go/compute.pb.go:1730.2,1730.14 1 0
github.com/daoneill/ollama-proxy/api/gen/go/compute.pb.go:1733.51,1734.14 1 0
github.com/daoneill/ollama-proxy/api/gen/go/compute.pb.go:1734.14,1736.3 1 0
github.com/daoneill/ollama-proxy/api/gen/go/compute.pb.go:1737.2,1737.11 1 0
github.com/daoneill/ollama-proxy/api/gen/go/compute.pb.go:1740.49,1741.14 1 0
github.com/daoneill/ollama-proxy/api/gen/go/compute.pb.go:1741.14,1743.3 1 0
github.com/daoneill/ollama-proxy/api/gen/go/compute.pb.go:1744.2,1744.10 1 0
github.com/daoneill/ollama-proxy/api/gen/go/compute.pb.go:1764.42,1769.2 4 0
github.com/daoneill/ollama-proxy/api/gen/go/compute.pb.go:1771.50,1773.2 1 0
github.com/daoneill/ollama-proxy/api/gen/go/compute.pb.go:1775.48,1775.49 0 0
github.com/daoneill/ollama-proxy/api/gen/go/compute.pb.go:1777.70,1779.14 2 0
github.com/daoneill/ollama-proxy/api/gen/go/compute.pb.go:1779.14,1781.34 2 0
github.com/daoneill/ollama-proxy/api/gen/go/compute.pb.go:1781.34,1783.4 1 0
github.com/daoneill/ollama-proxy/api/gen/go/compute.pb.go:1784.3,1784.12 1 0
github.com/daoneill/ollama-proxy/api/gen/go/compute.pb.go:1786.2,1786.24 1 0
github.com/daoneill/ollama-proxy/api/gen/go/compute.pb.go:1790.61,1792.2 1 0
github.com/daoneill/ollama-proxy/api/gen/go/compute.pb.go:1794.54,1795.14 1 0
github.com/daoneill/ollama-proxy/api/gen/go/compute.pb.go:1795.14,1797.3 1 0
github.com/daoneill/ollama-proxy/api/gen/go/compute.pb.go:1798.2,1798.11 1 0
github.com/daoneill/ollama-proxy/api/gen/go/compute.pb.go:1801.60,1802.14 1 0
github.com/daoneill/ollama-proxy/api/gen/go/compute.pb.go:1802.14,1804.3 1 0
github.com/daoneill/ollama-proxy/api/gen/go/compute.pb.go:1805.2,1805.11 1 0
github.com/daoneill/ollama-proxy/api/gen/go/compute.pb.go:1808.49,1809.14 1 0
github.com/daoneill/ollama-proxy/api/gen/go/compute.pb.go:1809.14,1811.3 1 0
github.com/daoneill/ollama-proxy/api/gen/go/compute.pb.go:1812.2,1812.14 1 0
github.com/daoneill/ollama-proxy/api/gen/go/compute.pb.go:1815.64,1816.14 1 0
github.com/daoneill/ollama-proxy/api/gen/go/compute.pb.go:1816.14,1818.3 1 0
github.com/daoneill/ollama-proxy/api/gen/go/compute.pb.go:1819.2,1819.12 1 0
github.com/daoneill/ollama-proxy/api/gen/go/compute.pb.go:1822.76,1823.14 1 0
github.com/daoneill/ollama-proxy/api/gen/go/compute.pb.go:1823.14,1825.3 1 0
github.com/daoneill/ollama-proxy/api/gen/go/compute.pb.go:1826.2,1826.12 1 0
github.com/daoneill/ollama-proxy/api/gen/go/compute.pb.go:2004.46,2005.43 1 0
github.com/daoneill/ollama-proxy/api/gen/go/compute.pb.go:2005.43,2007.3 1 0
github.com/daoneill/ollama-proxy/api/gen/go/compute.pb.go:2008.2,2008.39 1 0
github.com/daoneill/ollama-proxy/api/gen/go/compute.pb.go:2084.13,2084.42 1 0
github.com/daoneill/ollama-proxy/api/gen/go/compute.pb.go:2085.32,2086.31 1 0
github.com/daoneill/ollama-proxy/api/gen/go/compute.pb.go:2086.31,2088.3 1 0
github.com/daoneill/ollama-proxy/api/gen/go/compute.pb.go:2089.2,2105.34 5 0
github.com/daoneill/ollama-proxy/api/gen/go/compute_grpc.pb.go:57.80,59.2 1 0
github.com/daoneill/ollama-proxy/api/gen/go/compute_grpc.pb.go:61.135,65.16 4 0
github.com/daoneill/ollama-proxy/api/gen/go/compute_grpc.pb.go:65.16,67.3 1 0
github.com/daoneill/ollama-proxy/api/gen/go/compute_grpc.pb.go:68.2,68.17 1 0
github.com/daoneill/ollama-proxy/api/gen/go/compute_grpc.pb.go:71.174,74.16 3 0
github.com/daoneill/ollama-proxy/api/gen/go/compute_grpc.pb.go:74.16,76.3 1 0
github.com/daoneill/ollama-proxy/api/gen/go/compute_grpc.pb.go:77.2,78.51 2 0
github.com/daoneill/ollama-proxy/api/gen/go/compute_grpc.pb.go:78.51,80.3 1 0
github.com/daoneill/ollama-proxy/api/gen/go/compute_grpc.pb.go:81.2,81.51 1 0
github.com/daoneill/ollama-proxy/api/gen/go/compute_grpc.pb.go:81.51,83.3 1 0
github.com/daoneill/ollama-proxy/api/gen/go/compute_grpc.pb.go:84.2,84.15 1 0
github.com/daoneill/ollama-proxy/api/gen/go/compute_grpc.pb.go:90.126,94.16 4 0
github.com/daoneill/ollama-proxy/api/gen/go/compute_grpc.pb.go:94.16,96.3 1 0
github.com/daoneill/ollama-proxy/api/gen/go/compute_grpc.pb.go:97.2,97.17 1 0
github.com/daoneill/ollama-proxy/api/gen/go/compute_grpc.pb.go:100.147,104.16 4 0
github.com/daoneill/ollama-proxy/api/gen/go/compute_grpc.pb.go:104.16,106.3 1 0
github.com/daoneill/ollama-proxy/api/gen/go/compute_grpc.pb.go:107.2,107.17 1 0
github.com/daoneill/ollama-proxy/api/gen/go/compute_grpc.pb.go:110.144,114.16 4 0
github.com/daoneill/ollama-proxy/api/gen/go/compute_grpc.pb.go:114.16,116.3 1 0
github.com/daoneill/ollama-proxy/api/gen/go/compute_grpc.pb.go:117.2,117.17 1 0
github.com/daoneill/ollama-proxy/api/gen/go/compute_grpc.pb.go:120.156,124.16 4 0
github.com/daoneill/ollama-proxy/api/gen/go/compute_grpc.pb.go:124.16,126.3 1 0
github.com/daoneill/ollama-proxy/api/gen/go/compute_grpc.pb.go:127.2,127.17 1 0
github.com/daoneill/ollama-proxy/api/gen/go/compute_grpc.pb.go:130.188,133.16 3 0
github.com/daoneill/ollama-proxy/api/gen/go/compute_grpc.pb.go:133.16,135.3 1 0
github.com/daoneill/ollama-proxy/api/gen/go/compute_grpc.pb.go:136.2,137.51 2 0
github.com/daoneill/ollama-proxy/api/gen/go/compute_grpc.pb.go:137.51,139.3 1 0
github.com/daoneill/ollama-proxy/api/gen/go/compute_grpc.pb.go:140.2,140.51 1 0
github.com/daoneill/ollama-proxy/api/gen/go/compute_grpc.pb.go:140.51,142.3 1 0
github.com/daoneill/ollama-proxy/api/gen/go/compute_grpc.pb.go:143.2,143.15 1 0
github.com/daoneill/ollama-proxy/api/gen/go/compute_grpc.pb.go:179.113,181.2 1 0
github.com/daoneill/ollama-proxy/api/gen/go/compute_grpc.pb.go:182.133,184.2 1 0
github.com/daoneill/ollama-proxy/api/gen/go/compute_grpc.pb.go:185.104,187.2 1 0
github.com/daoneill/ollama-proxy/api/gen/go/compute_grpc.pb.go:188.125,190.2 1 0
github.com/daoneill/ollama-proxy/api/gen/go/compute_grpc.pb.go:191.122,193.2 1 0
github.com/daoneill/ollama-proxy/api/gen/go/compute_grpc.pb.go:194.134,196.2 1 0
github.com/daoneill/ollama-proxy/api/gen/go/compute_grpc.pb.go:197.147,199.2 1 0
github.com/daoneill/ollama-proxy/api/gen/go/compute_grpc.pb.go:200.88,200.89 0 0
github.com/daoneill/ollama-proxy/api/gen/go/compute_grpc.pb.go:201.88,201.89 0 0
github.com/daoneill/ollama-proxy/api/gen/go/compute_grpc.pb.go:210.86,215.59 1 0
github.com/daoneill/ollama-proxy/api/gen/go/compute_grpc.pb.go:215.59,217.3 1 0
github.com/daoneill/ollama-proxy/api/gen/go/compute_grpc.pb.go:218.2,218.53 1 0
github.com/daoneill/ollama-proxy/api/gen/go/compute_grpc.pb.go:221.168,223.32 2 0
github.com/daoneill/ollama-proxy/api/gen/go/compute_grpc.pb.go:223.32,225.3 1 0
github.com/daoneill/ollama-proxy/api/gen/go/compute_grpc.pb.go:226.2,226.24 1 0
github.com/daoneill/ollama-proxy/api/gen/go/compute_grpc.pb.go:226.24,228.3 1 0
github.com/daoneill/ollama-proxy/api/gen/go/compute_grpc.pb.go:229.2,233.77 2 0
github.com/daoneill/ollama-proxy/api/gen/go/compute_grpc.pb.go:233.77,235.3 1 0
github.com/daoneill/ollama-proxy/api/gen/go/compute_grpc.pb.go:236.2,236.44 1 0
github.com/daoneill/ollama-proxy/api/gen/go/compute_grpc.pb.go:239.94,241.42 2 0
github.com/daoneill/ollama-proxy/api/gen/go/compute_grpc.pb.go:241.42,243.3 1 0
github.com/daoneill/ollama-proxy/api/gen/go/compute_grpc.pb.go:244.2,244.143 1 0
github.com/daoneill/ollama-proxy/api/gen/go/compute_grpc.pb.go:250.165,252.32 2 0
github.com/daoneill/ollama-proxy/api/gen/go/compute_grpc.pb.go:252.32,254.3 1 0
github.com/daoneill/ollama-proxy/api/gen/go/compute_grpc.pb.go:255.2,255.24 1 0
github.com/daoneill/ollama-proxy/api/gen/go/compute_grpc.pb.go:255.24,257.3 1 0
github.com/daoneill/ollama-proxy/api/gen/go/compute_grpc.pb.go:258.2,262.77 2 0
github.com/daoneill/ollama-proxy/api/gen/go/compute_grpc.pb.go:262.77,264.3 1 0
github.com/daoneill/ollama-proxy/api/gen/go/compute_grpc.pb.go:265.2,265.44 1 0
github.com/daoneill/ollama-proxy/api/gen/go/compute_grpc.pb.go:268.172,270.32 2 0
github.com/daoneill/ollama-proxy/api/gen/go/compute_grpc.pb.go:270.32,272.3 1 0
github.com/daoneill/ollama-proxy/api/gen/go/compute_grpc.pb.go:273.2,273.24 1 0
github.com/daoneill/ollama-proxy/api/gen/go/compute_grpc.pb.go:273.24,275.3 1 0
github.com/daoneill/ollama-proxy/api/gen/go/compute_grpc.pb.go:276.2,280.77 2 0
github.com/daoneill/ollama-proxy/api/gen/go/compute_grpc.pb.go:280.77,282.3 1 0
github.com/daoneill/ollama-proxy/api/gen/go/compute_grpc.pb.go:283.2,283.44 1 0
github.com/daoneill/ollama-proxy/api/gen/go/compute_grpc.pb.go:286.171,288.32 2 0
github.com/daoneill/ollama-proxy/api/gen/go/compute_grpc.pb.go:288.32,290.3 1 0
github.com/daoneill/ollama-proxy/api/gen/go/compute_grpc.pb.go:291.2,291.24 1 0
github.com/daoneill/ollama-proxy/api/gen/go/compute_grpc.pb.go:291.24,293.3 1 0
github.com/daoneill/ollama-proxy/api/gen/go/compute_grpc.pb.go:294.2,298.77 2 0
github.com/daoneill/ollama-proxy/api/gen/go/compute_grpc.pb.go:298.77,300.3 1 0
github.com/daoneill/ollama-proxy/api/gen/go/compute_grpc.pb.go:301.2,301.44 1 0
github.com/daoneill/ollama-proxy/api/gen/go/compute_grpc.pb.go:304.175,306.32 2 0
github.com/daoneill/ollama-proxy/api/gen/go/compute_grpc.pb.go:306.32,308.3 1 0
github.com/daoneill/ollama-proxy/api/gen/go/compute_grpc.pb.go:309.2,309.24 1 0
github.com/daoneill/ollama-proxy/api/gen/go/compute_grpc.pb.go:309.24,311.3 1 0
github.com/daoneill/ollama-proxy/api/gen/go/compute_grpc.pb.go:312.2,316.77 2 0
github.com/daoneill/ollama-proxy/api/gen/go/compute_grpc.pb.go:316.77,318.3 1 0
github.com/daoneill/ollama-proxy/api/gen/go/compute_grpc.pb.go:319.2,319.44 1 0
github.com/daoneill/ollama-proxy/api/gen/go/compute_grpc.pb.go:322.101,324.42 2 0
github.com/daoneill/ollama-proxy/api/gen/go/compute_grpc.pb.go:324.42,326.3 1 0
github.com/daoneill/ollama-proxy/api/gen/go/compute_grpc.pb.go:327.2,327.157 1 0
github.com/daoneill/ollama-proxy/cmd/proxy/main.go:162.13,167.58 2 0
github.com/daoneill/ollama-proxy/cmd/proxy/main.go:167.58,170.3 2 0
github.com/daoneill/ollama-proxy/cmd/proxy/main.go:171.2,181.16 4 0
github.com/daoneill/ollama-proxy/cmd/proxy/main.go:181.16,186.3 1 0
github.com/daoneill/ollama-proxy/cmd/proxy/main.go:189.2,193.21 3 0
github.com/daoneill/ollama-proxy/cmd/proxy/main.go:193.21,198.3 2 0
github.com/daoneill/ollama-proxy/cmd/proxy/main.go:199.2,199.19 1 0
github.com/daoneill/ollama-proxy/cmd/proxy/main.go:199.19,204.3 2 0
github.com/daoneill/ollama-proxy/cmd/proxy/main.go:205.2,205.19 1 0
github.com/daoneill/ollama-proxy/cmd/proxy/main.go:205.19,210.3 2 0
github.com/daoneill/ollama-proxy/cmd/proxy/main.go:213.2,214.63 2 0
github.com/daoneill/ollama-proxy/cmd/proxy/main.go:214.63,216.3 1 0
github.com/daoneill/ollama-proxy/cmd/proxy/main.go:219.2,219.74 1 0
github.com/daoneill/ollama-proxy/cmd/proxy/main.go:219.74,221.3 1 0
github.com/daoneill/ollama-proxy/cmd/proxy/main.go:223.2,229.25 4 0
github.com/daoneill/ollama-proxy/cmd/proxy/main.go:229.25,231.39 2 0
github.com/daoneill/ollama-proxy/cmd/proxy/main.go:231.39,234.18 3 0
github.com/daoneill/ollama-proxy/cmd/proxy/main.go:234.18,241.5 2 0
github.com/daoneill/ollama-proxy/cmd/proxy/main.go:244.3,260.4 4 0
github.com/daoneill/ollama-proxy/cmd/proxy/main.go:261.8,263.3 1 0
github.com/daoneill/ollama-proxy/cmd/proxy/main.go:266.2,268.28 3 0
github.com/daoneill/ollama-proxy/cmd/proxy/main.go:268.28,271.37 2 0
github.com/daoneill/ollama-proxy/cmd/proxy/main.go:272.22,273.44 1 0
github.com/daoneill/ollama-proxy/cmd/proxy/main.go:274.21,275.43 1 0
github.com/daoneill/ollama-proxy/cmd/proxy/main.go:276.16,277.38 1 0
github.com/daoneill/ollama-proxy/cmd/proxy/main.go:278.15,279.37 1 0
github.com/daoneill/ollama-proxy/cmd/proxy/main.go:280.26,281.48 1 0
github.com/daoneill/ollama-proxy/cmd/proxy/main.go:284.3,290.33 3 0
github.com/daoneill/ollama-proxy/cmd/proxy/main.go:290.33,292.18 2 0
github.com/daoneill/ollama-proxy/cmd/proxy/main.go:292.18,297.5 1 0
github.com/daoneill/ollama-proxy/cmd/proxy/main.go:297.10,298.43 1 0
github.com/daoneill/ollama-proxy/cmd/proxy/main.go:298.43,300.6 1 0
github.com/daoneill/ollama-proxy/cmd/proxy/main.go:300.11,304.6 1 0
github.com/daoneill/ollama-proxy/cmd/proxy/main.go:307.8,309.3 1 0
github.com/daoneill/ollama-proxy/cmd/proxy/main.go:312.2,313.29 2 0
github.com/daoneill/ollama-proxy/cmd/proxy/main.go:313.29,317.27 2 0
github.com/daoneill/ollama-proxy/cmd/proxy/main.go:317.27,323.4 3 0
github.com/daoneill/ollama-proxy/cmd/proxy/main.go:327.2,344.27 5 0
github.com/daoneill/ollama-proxy/cmd/proxy/main.go:344.27,353.3 4 0
github.com/daoneill/ollama-proxy/cmd/proxy/main.go:353.8,360.3 3 0
github.com/daoneill/ollama-proxy/cmd/proxy/main.go:363.2,364.36 2 0
github.com/daoneill/ollama-proxy/cmd/proxy/main.go:364.36,379.3 3 0
github.com/daoneill/ollama-proxy/cmd/proxy/main.go:382.2,382.42 1 0
github.com/daoneill/ollama-proxy/cmd/proxy/main.go:382.42,383.26 1 0
github.com/daoneill/ollama-proxy/cmd/proxy/main.go:383.26,387.12 2 0
github.com/daoneill/ollama-proxy/cmd/proxy/main.go:390.3,390.26 1 0
github.com/daoneill/ollama-proxy/cmd/proxy/main.go:391.17,395.64 2 0
github.com/daoneill/ollama-proxy/cmd/proxy/main.go:395.64,402.5 1 0
github.com/daoneill/ollama-proxy/cmd/proxy/main.go:404.4,418.18 2 0
github.com/daoneill/ollama-proxy/cmd/proxy/main.go:418.18,423.13 2 0
github.com/daoneill/ollama-proxy/cmd/proxy/main.go:427.4,427.45 1 0
github.com/daoneill/ollama-proxy/cmd/proxy/main.go:427.45,432.13 2 0
github.com/daoneill/ollama-proxy/cmd/proxy/main.go:435.4,441.53 2 0
github.com/daoneill/ollama-proxy/cmd/proxy/main.go:441.53,446.13 2 0
github.com/daoneill/ollama-proxy/cmd/proxy/main.go:449.11,452.5 1 0
github.com/daoneill/ollama-proxy/cmd/proxy/main.go:457.2,460.27 3 0
github.com/daoneill/ollama-proxy/cmd/proxy/main.go:460.27,467.79 3 0
github.com/daoneill/ollama-proxy/cmd/proxy/main.go:467.79,469.4 1 0
github.com/daoneill/ollama-proxy/cmd/proxy/main.go:469.9,479.4 4 0
github.com/daoneill/ollama-proxy/cmd/proxy/main.go:480.8,482.3 1 0
github.com/daoneill/ollama-proxy/cmd/proxy/main.go:485.2,486.45 2 0
github.com/daoneill/ollama-proxy/cmd/proxy/main.go:486.45,488.3 1 0
github.com/daoneill/ollama-proxy/cmd/proxy/main.go:488.8,490.3 1 0
github.com/daoneill/ollama-proxy/cmd/proxy/main.go:493.2,494.28 2 0
github.com/daoneill/ollama-proxy/cmd/proxy/main.go:494.28,496.17 2 0
github.com/daoneill/ollama-proxy/cmd/proxy/main.go:496.17,498.4 1 0
github.com/daoneill/ollama-proxy/cmd/proxy/main.go:500.3,506.40 2 0
github.com/daoneill/ollama-proxy/cmd/proxy/main.go:506.40,508.18 2 0
github.com/daoneill/ollama-proxy/cmd/proxy/main.go:508.18,510.5 1 0
github.com/daoneill/ollama-proxy/cmd/proxy/main.go:512.4,513.46 2 0
github.com/daoneill/ollama-proxy/cmd/proxy/main.go:513.46,515.5 1 0
github.com/daoneill/ollama-proxy/cmd/proxy/main.go:517.4,522.5 3 0
github.com/daoneill/ollama-proxy/cmd/proxy/main.go:523.9,527.4 1 0
github.com/daoneill/ollama-proxy/cmd/proxy/main.go:529.3,530.49 2 0
github.com/daoneill/ollama-proxy/cmd/proxy/main.go:531.8,536.3 2 0
github.com/daoneill/ollama-proxy/cmd/proxy/main.go:539.2,540.29 2 0
github.com/daoneill/ollama-proxy/cmd/proxy/main.go:540.29,542.3 1 0
github.com/daoneill/ollama-proxy/cmd/proxy/main.go:545.2,545.54 1 0
github.com/daoneill/ollama-proxy/cmd/proxy/main.go:545.54,548.3 2 0
github.com/daoneill/ollama-proxy/cmd/proxy/main.go:550.2,558.16 5 0
github.com/daoneill/ollama-proxy/cmd/proxy/main.go:558.16,563.3 1 0
github.com/daoneill/ollama-proxy/cmd/proxy/main.go:565.2,565.12 1 0
github.com/daoneill/ollama-proxy/cmd/proxy/main.go:565.12,571.47 2 0
github.com/daoneill/ollama-proxy/cmd/proxy/main.go:571.47,573.4 1 0
github.com/daoneill/ollama-proxy/cmd/proxy/main.go:577.2,580.106 2 0
github.com/daoneill/ollama-proxy/cmd/proxy/main.go:580.106,584.3 3 0
github.com/daoneill/ollama-proxy/cmd/proxy/main.go:587.2,587.105 1 0
github.com/daoneill/ollama-proxy/cmd/proxy/main.go:587.105,590.36 3 0
github.com/daoneill/ollama-proxy/cmd/proxy/main.go:590.36,591.27 1 0
github.com/daoneill/ollama-proxy/cmd/proxy/main.go:591.27,593.5 1 0
github.com/daoneill/ollama-proxy/cmd/proxy/main.go:596.3,597.23 2 0
github.com/daoneill/ollama-proxy/cmd/proxy/main.go:597.23,600.4 2 0
github.com/daoneill/ollama-proxy/cmd/proxy/main.go:600.9,603.4 2 0
github.com/daoneill/ollama-proxy/cmd/proxy/main.go:607.2,607.105 1 0
github.com/daoneill/ollama-proxy/cmd/proxy/main.go:607.105,611.57 4 0
github.com/daoneill/ollama-proxy/cmd/proxy/main.go:611.57,613.4 1 0
github.com/daoneill/ollama-proxy/cmd/proxy/main.go:617.2,617.107 1 0
github.com/daoneill/ollama-proxy/cmd/proxy/main.go:617.107,621.43 4 0
github.com/daoneill/ollama-proxy/cmd/proxy/main.go:621.43,628.4 6 0
github.com/daoneill/ollama-proxy/cmd/proxy/main.go:632.2,632.27 1 0
github.com/daoneill/ollama-proxy/cmd/proxy/main.go:632.27,633.107 1 0
github.com/daoneill/ollama-proxy/cmd/proxy/main.go:633.107,637.4 3 0
github.com/daoneill/ollama-proxy/cmd/proxy/main.go:641.2,641.26 1 0
github.com/daoneill/ollama-proxy/cmd/proxy/main.go:641.26,642.110 1 0
github.com/daoneill/ollama-proxy/cmd/proxy/main.go:642.110,654.4 5 0
github.com/daoneill/ollama-proxy/cmd/proxy/main.go:658.2,659.29 2 0
github.com/daoneill/ollama-proxy/cmd/proxy/main.go:659.29,666.53 2 0
github.com/daoneill/ollama-proxy/cmd/proxy/main.go:666.53,672.4 1 0
github.com/daoneill/ollama-proxy/cmd/proxy/main.go:674.3,677.4 2 0
github.com/daoneill/ollama-proxy/cmd/proxy/main.go:678.8,680.57 1 0
github.com/daoneill/ollama-proxy/cmd/proxy/main.go:680.57,682.4 1 0
github.com/daoneill/ollama-proxy/cmd/proxy/main.go:683.3,685.4 1 0
github.com/daoneill/ollama-proxy/cmd/proxy/main.go:689.2,690.34 2 0
github.com/daoneill/ollama-proxy/cmd/proxy/main.go:690.34,700.3 3 0
github.com/daoneill/ollama-proxy/cmd/proxy/main.go:700.8,702.62 1 0
github.com/daoneill/ollama-proxy/cmd/proxy/main.go:702.62,704.4 1 0
github.com/daoneill/ollama-proxy/cmd/proxy/main.go:705.3,705.48 1 0
github.com/daoneill/ollama-proxy/cmd/proxy/main.go:709.2,709.65 1 0
github.com/daoneill/ollama-proxy/cmd/proxy/main.go:709.65,711.3 1 0
github.com/daoneill/ollama-proxy/cmd/proxy/main.go:714.2,723.106 6 0
github.com/daoneill/ollama-proxy/cmd/proxy/main.go:723.106,731.3 3 0
github.com/daoneill/ollama-proxy/cmd/proxy/main.go:734.2,734.65 1 0
github.com/daoneill/ollama-proxy/cmd/proxy/main.go:734.65,736.13 2 0
github.com/daoneill/ollama-proxy/cmd/proxy/main.go:736.13,745.71 4 0
github.com/daoneill/ollama-proxy/cmd/proxy/main.go:745.71,747.5 1 0
github.com/daoneill/ollama-proxy/cmd/proxy/main.go:752.2,752.65 1 0
github.com/daoneill/ollama-proxy/cmd/proxy/main.go:752.65,754.13 2 0
github.com/daoneill/ollama-proxy/cmd/proxy/main.go:754.13,761.62 2 0
github.com/daoneill/ollama-proxy/cmd/proxy/main.go:761.62,763.5 1 0
github.com/daoneill/ollama-proxy/cmd/proxy/main.go:767.2,767.12 1 0
github.com/daoneill/ollama-proxy/cmd/proxy/main.go:767.12,769.29 2 0
github.com/daoneill/ollama-proxy/cmd/proxy/main.go:769.29,771.4 1 0
github.com/daoneill/ollama-proxy/cmd/proxy/main.go:773.3,774.29 2 0
github.com/daoneill/ollama-proxy/cmd/proxy/main.go:774.29,776.4 1 0
github.com/daoneill/ollama-proxy/cmd/proxy/main.go:778.3,792.29 3 0
github.com/daoneill/ollama-proxy/cmd/proxy/main.go:792.29,802.104 3 0
github.com/daoneill/ollama-proxy/cmd/proxy/main.go:802.104,804.5 1 0
github.com/daoneill/ollama-proxy/cmd/proxy/main.go:805.9,806.61 1 0
github.com/daoneill/ollama-proxy/cmd/proxy/main.go:806.61,808.5 1 0
github.com/daoneill/ollama-proxy/cmd/proxy/main.go:813.2,818.32 5 0
github.com/daoneill/ollama-proxy/cmd/proxy/main.go:818.32,821.17 2 0
github.com/daoneill/ollama-proxy/cmd/proxy/main.go:821.17,823.4 1 0
github.com/daoneill/ollama-proxy/cmd/proxy/main.go:823.9,824.47 1 0
github.com/daoneill/ollama-proxy/cmd/proxy/main.go:824.47,826.5 1 0
github.com/daoneill/ollama-proxy/cmd/proxy/main.go:826.10,828.5 1 0
github.com/daoneill/ollama-proxy/cmd/proxy/main.go:832.3,833.17 2 0
github.com/daoneill/ollama-proxy/cmd/proxy/main.go:833.17,835.4 1 0
github.com/daoneill/ollama-proxy/cmd/proxy/main.go:835.9,836.46 1 0
github.com/daoneill/ollama-proxy/cmd/proxy/main.go:836.46,838.5 1 0
github.com/daoneill/ollama-proxy/cmd/proxy/main.go:838.10,840.5 1 0
github.com/daoneill/ollama-proxy/cmd/proxy/main.go:844.3,844.28 1 0
github.com/daoneill/ollama-proxy/cmd/proxy/main.go:844.28,846.18 2 0
github.com/daoneill/ollama-proxy/cmd/proxy/main.go:846.18,848.5 1 0
github.com/daoneill/ollama-proxy/cmd/proxy/main.go:848.10,849.47 1 0
github.com/daoneill/ollama-proxy/cmd/proxy/main.go:849.47,851.6 1 0
github.com/daoneill/ollama-proxy/cmd/proxy/main.go:851.11,853.6 1 0
github.com/daoneill/ollama-proxy/cmd/proxy/main.go:858.3,858.27 1 0
github.com/daoneill/ollama-proxy/cmd/proxy/main.go:858.27,860.18 2 0
github.com/daoneill/ollama-proxy/cmd/proxy/main.go:860.18,862.5 1 0
github.com/daoneill/ollama-proxy/cmd/proxy/main.go:862.10,863.46 1 0
github.com/daoneill/ollama-proxy/cmd/proxy/main.go:863.46,865.6 1 0
github.com/daoneill/ollama-proxy/cmd/proxy/main.go:865.11,867.6 1 0
github.com/daoneill/ollama-proxy/cmd/proxy/main.go:873.2,876.51 2 0
github.com/daoneill/ollama-proxy/cmd/proxy/main.go:876.51,878.3 1 0
github.com/daoneill/ollama-proxy/cmd/proxy/main.go:881.2,887.6 4 0
github.com/daoneill/ollama-proxy/cmd/proxy/main.go:887.6,890.28 2 0
github.com/daoneill/ollama-proxy/cmd/proxy/main.go:890.28,894.18 3 0
github.com/daoneill/ollama-proxy/cmd/proxy/main.go:894.18,896.13 2 0
github.com/daoneill/ollama-proxy/cmd/proxy/main.go:899.4,900.65 2 0
github.com/daoneill/ollama-proxy/cmd/proxy/main.go:900.65,902.13 2 0
github.com/daoneill/ollama-proxy/cmd/proxy/main.go:906.4,906.23 1 0
github.com/daoneill/ollama-proxy/cmd/proxy/main.go:906.23,908.5 1 0
github.com/daoneill/ollama-proxy/cmd/proxy/main.go:909.4,909.21 1 0
github.com/daoneill/ollama-proxy/cmd/proxy/main.go:909.21,911.5 1 0
github.com/daoneill/ollama-proxy/cmd/proxy/main.go:912.4,912.21 1 0
github.com/daoneill/ollama-proxy/cmd/proxy/main.go:912.21,914.5 1 0
github.com/daoneill/ollama-proxy/cmd/proxy/main.go:917.4,926.12 5 0
github.com/daoneill/ollama-proxy/cmd/proxy/main.go:930.3,930.8 1 0
github.com/daoneill/ollama-proxy/cmd/proxy/main.go:933.2,936.27 2 0
github.com/daoneill/ollama-proxy/cmd/proxy/main.go:936.27,939.3 2 0
github.com/daoneill/ollama-proxy/cmd/proxy/main.go:940.2,940.20 1 0
github.com/daoneill/ollama-proxy/cmd/proxy/main.go:940.20,943.3 2 0
github.com/daoneill/ollama-proxy/cmd/proxy/main.go:946.2,946.25 1 0
github.com/daoneill/ollama-proxy/cmd/proxy/main.go:946.25,949.3 2 0
github.com/daoneill/ollama-proxy/cmd/proxy/main.go:950.2,950.24 1 0
github.com/daoneill/ollama-proxy/cmd/proxy/main.go:950.24,953.3 2 0
github.com/daoneill/ollama-proxy/cmd/proxy/main.go:954.2,954.24 1 0
github.com/daoneill/ollama-proxy/cmd/proxy/main.go:954.24,957.3 2 0
github.com/daoneill/ollama-proxy/cmd/proxy/main.go:958.2,958.23 1 0
github.com/daoneill/ollama-proxy/cmd/proxy/main.go:958.23,961.3 2 0
github.com/daoneill/ollama-proxy/cmd/proxy/main.go:963.2,964.42 2 0
github.com/daoneill/ollama-proxy/cmd/proxy/main.go:967.47,969.16 2 0
github.com/daoneill/ollama-proxy/cmd/proxy/main.go:969.16,971.3 1 0
github.com/daoneill/ollama-proxy/cmd/proxy/main.go:973.2,974.51 2 0
github.com/daoneill/ollama-proxy/cmd/proxy/main.go:974.51,976.3 1 0
github.com/daoneill/ollama-proxy/cmd/proxy/main.go:978.2,978.18 1 0
github.com/daoneill/ollama-proxy/cmd/proxy/main.go:981.61,985.6 3 0
github.com/daoneill/ollama-proxy/cmd/proxy/main.go:985.6,986.10 1 0
github.com/daoneill/ollama-proxy/cmd/proxy/main.go:987.19,989.37 2 0
github.com/daoneill/ollama-proxy/cmd/proxy/main.go:989.37,990.52 1 0
github.com/daoneill/ollama-proxy/cmd/proxy/main.go:990.52,996.6 1 0
github.com/daoneill/ollama-proxy/cmd/proxy/main.go:998.21,999.10 1 0
github.com/daoneill/ollama-proxy/cmd/proxy/main.go:1005.86,1009.21 3 0
github.com/daoneill/ollama-proxy/cmd/proxy/main.go:1009.21,1012.23 2 0
github.com/daoneill/ollama-proxy/cmd/proxy/main.go:1012.23,1013.12 1 0
github.com/daoneill/ollama-proxy/cmd/proxy/main.go:1016.3,1020.32 4 0
github.com/daoneill/ollama-proxy/cmd/proxy/main.go:1020.32,1021.20 1 0
github.com/daoneill/ollama-proxy/cmd/proxy/main.go:1021.20,1025.5 3 0
github.com/daoneill/ollama-proxy/cmd/proxy/main.go:1028.3,1028.16 1 0
github.com/daoneill/ollama-proxy/cmd/proxy/main.go:1028.16,1045.4 5 0
github.com/daoneill/ollama-proxy/cmd/proxy/main.go:1049.148,1059.29 6 0
github.com/daoneill/ollama-proxy/cmd/proxy/main.go:1059.29,1070.16 3 0
github.com/daoneill/ollama-proxy/cmd/proxy/main.go:1070.16,1071.56 1 0
github.com/daoneill/ollama-proxy/cmd/proxy/main.go:1071.56,1076.5 1 0
github.com/daoneill/ollama-proxy/cmd/proxy/main.go:1079.3,1079.14 1 0
github.com/daoneill/ollama-proxy/cmd/proxy/main.go:1079.14,1081.4 1 0
github.com/daoneill/ollama-proxy/cmd/proxy/main.go:1081.9,1083.4 1 0
github.com/daoneill/ollama-proxy/cmd/proxy/main.go:1087.2,1094.36 2 0
github.com/daoneill/ollama-proxy/cmd/proxy/main.go:1094.36,1100.3 1 0
github.com/daoneill/ollama-proxy/cmd/proxy/main.go:1102.2,1105.15 2 0
github.com/daoneill/ollama-proxy/cmd/proxy/main.go:1105.15,1110.3 1 0
github.com/daoneill/ollama-proxy/cmd/proxy/main.go:1113.2,1113.15 1 0
github.com/daoneill/ollama-proxy/cmd/proxy/main.go:1113.15,1119.3 2 0
github.com/daoneill/ollama-proxy/cmd/proxy/main.go:1122.2,1144.15 6 0
github.com/daoneill/ollama-proxy/cmd/proxy/main.go:1144.15,1148.3 1 0
github.com/daoneill/ollama-proxy/cmd/proxy/main.go:1149.2,1149.15 1 0
github.com/daoneill/ollama-proxy/cmd/proxy/main.go:1149.15,1153.3 1 0
github.com/daoneill/ollama-proxy/cmd/proxy/main.go:1155.2,1155.75 1 0
github.com/daoneill/ollama-proxy/pkg/health/checker.go:39.40,43.2 1 17
github.com/daoneill/ollama-proxy/pkg/health/checker.go:46.67,50.2 3 33
github.com/daoneill/ollama-proxy/pkg/health/checker.go:54.79,61.2 3 1
github.com/daoneill/ollama-proxy/pkg/health/checker.go:65.80,72.37 5 3
github.com/daoneill/ollama-proxy/pkg/health/checker.go:72.37,73.26 1 6
github.com/daoneill/ollama-proxy/pkg/health/checker.go:73.26,75.4 1 3
github.com/daoneill/ollama-proxy/pkg/health/checker.go:78.2,79.23 2 3
github.com/daoneill/ollama-proxy/pkg/health/checker.go:79.23,81.3 1 1
github.com/daoneill/ollama-proxy/pkg/health/checker.go:83.2,90.4 3 3
github.com/daoneill/ollama-proxy/pkg/health/checker.go:94.81,100.38 5 4
github.com/daoneill/ollama-proxy/pkg/health/checker.go:100.38,102.3 1 7
github.com/daoneill/ollama-proxy/pkg/health/checker.go:103.2,109.36 5 4
github.com/daoneill/ollama-proxy/pkg/health/checker.go:109.36,119.17 5 7
github.com/daoneill/ollama-proxy/pkg/health/checker.go:119.17,121.29 2 3
github.com/daoneill/ollama-proxy/pkg/health/checker.go:121.29,126.5 1 0
github.com/daoneill/ollama-proxy/pkg/health/checker.go:127.9,129.4 1 4
github.com/daoneill/ollama-proxy/pkg/health/checker.go:131.3,131.30 1 7
github.com/daoneill/ollama-proxy/pkg/health/checker.go:134.2,137.23 3 4
github.com/daoneill/ollama-proxy/pkg/health/checker.go:137.23,140.3 2 1
github.com/daoneill/ollama-proxy/pkg/health/checker.go:140.8,140.38 1 3
github.com/daoneill/ollama-proxy/pkg/health/checker.go:140.38,142.3 1 1
github.com/daoneill/ollama-proxy/pkg/health/checker.go:144.2,152.4 3 4
github.com/daoneill/ollama-proxy/pkg/health/checker.go:156.66,164.38 6 16
github.com/daoneill/ollama-proxy/pkg/health/checker.go:164.38,166.16 2 119
github.com/daoneill/ollama-proxy/pkg/health/checker.go:166.16,168.4 1 60
github.com/daoneill/ollama-proxy/pkg/health/checker.go:169.3,172.4 1 119
github.com/daoneill/ollama-proxy/pkg/health/checker.go:175.2,176.23 2 16
github.com/daoneill/ollama-proxy/pkg/health/checker.go:176.23,178.3 1 1
github.com/daoneill/ollama-proxy/pkg/health/checker.go:178.8,178.38 1 15
github.com/daoneill/ollama-proxy/pkg/health/checker.go:178.38,180.3 1 13
github.com/daoneill/ollama-proxy/pkg/health/checker.go:180.8,182.3 1 2
github.com/daoneill/ollama-proxy/pkg/health/checker.go:184.2,196.14 4 16
github.com/daoneill/ollama-proxy/pkg/health/checker.go:200.47,204.2 3 2
github.com/daoneill/ollama-proxy/pkg/health/checker.go:207.76,208.54 1 1
github.com/daoneill/ollama-proxy/pkg/health/checker.go:208.54,217.3 3 1
github.com/daoneill/ollama-proxy/pkg/errors/errors.go:49.37,50.25 1 2
github.com/daoneill/ollama-proxy/pkg/errors/errors.go:50.25,52.3 1 1
github.com/daoneill/ollama-proxy/pkg/errors/errors.go:53.2,53.75 1 1
github.com/daoneill/ollama-proxy/pkg/errors/errors.go:63.42,64.29 1 2
github.com/daoneill/ollama-proxy/pkg/errors/errors.go:64.29,67.3 1 1
github.com/daoneill/ollama-proxy/pkg/errors/errors.go:68.2,69.53 1 1
github.com/daoneill/ollama-proxy/pkg/errors/errors.go:72.38,74.2 1 2
github.com/daoneill/ollama-proxy/pkg/errors/errors.go:82.48,84.2 1 1
github.com/daoneill/ollama-proxy/pkg/errors/errors.go:86.44,88.2 1 1
github.com/daoneill/ollama-proxy/pkg/errors/errors.go:97.46,99.2 1 1
github.com/daoneill/ollama-proxy/pkg/errors/errors.go:101.42,103.2 1 1
github.com/daoneill/ollama-proxy/pkg/errors/errors.go:112.47,114.2 1 1
github.com/daoneill/ollama-proxy/pkg/errors/errors.go:116.43,118.2 1 1
github.com/daoneill/ollama-proxy/pkg/errors/errors.go:127.50,129.2 1 1
github.com/daoneill/ollama-proxy/pkg/errors/errors.go:131.46,133.2 1 1
github.com/daoneill/ollama-proxy/pkg/errors/errors.go:141.50,143.2 1 1
github.com/daoneill/ollama-proxy/pkg/errors/errors.go:145.46,147.2 1 1
github.com/daoneill/ollama-proxy/pkg/errors/errors.go:157.39,158.29 1 2
github.com/daoneill/ollama-proxy/pkg/errors/errors.go:158.29,161.3 1 1
github.com/daoneill/ollama-proxy/pkg/errors/errors.go:162.2,163.53 1 1
github.com/daoneill/ollama-proxy/pkg/errors/errors.go:166.35,168.2 1 2
github.com/daoneill/ollama-proxy/pkg/errors/errors.go:177.44,180.2 1 1
github.com/daoneill/ollama-proxy/pkg/errors/errors.go:182.40,184.2 1 1
github.com/daoneill/ollama-proxy/pkg/errors/errors.go:193.42,195.2 1 1
github.com/daoneill/ollama-proxy/pkg/errors/errors.go:197.38,199.2 1 1
github.com/daoneill/ollama-proxy/pkg/errors/errors.go:207.44,209.2 1 1
github.com/daoneill/ollama-proxy/pkg/errors/errors.go:211.40,213.2 1 1
github.com/daoneill/ollama-proxy/pkg/errors/errors.go:222.45,223.21 1 2
github.com/daoneill/ollama-proxy/pkg/errors/errors.go:223.21,225.3 1 1
github.com/daoneill/ollama-proxy/pkg/errors/errors.go:226.2,226.52 1 1
github.com/daoneill/ollama-proxy/pkg/errors/errors.go:229.41,231.2 1 2
github.com/daoneill/ollama-proxy/pkg/errors/errors.go:240.38,241.19 1 2
github.com/daoneill/ollama-proxy/pkg/errors/errors.go:241.19,243.3 1 1
github.com/daoneill/ollama-proxy/pkg/errors/errors.go:244.2,244.64 1 1
github.com/daoneill/ollama-proxy/pkg/errors/errors.go:247.34,249.2 1 2
github.com/daoneill/ollama-proxy/pkg/errors/errors.go:258.40,259.19 1 2
github.com/daoneill/ollama-proxy/pkg/errors/errors.go:259.19,261.3 1 1
github.com/daoneill/ollama-proxy/pkg/errors/errors.go:262.2,262.70 1 1
github.com/daoneill/ollama-proxy/pkg/errors/errors.go:265.36,267.2 1 2
github.com/daoneill/ollama-proxy/pkg/errors/errors.go:272.84,278.2 1 1
github.com/daoneill/ollama-proxy/pkg/errors/errors.go:281.80,286.2 1 1
github.com/daoneill/ollama-proxy/pkg/errors/errors.go:289.89,295.2 1 1
github.com/daoneill/ollama-proxy/pkg/errors/errors.go:298.91,304.2 1 1
github.com/daoneill/ollama-proxy/pkg/errors/errors.go:307.90,313.2 1 1
github.com/daoneill/ollama-proxy/pkg/errors/errors.go:316.68,321.2 1 1
github.com/daoneill/ollama-proxy/pkg/errors/errors.go:324.62,330.2 1 1
github.com/daoneill/ollama-proxy/pkg/errors/errors.go:333.72,339.2 1 1
github.com/daoneill/ollama-proxy/pkg/auth/middleware.go:23.67,24.46 1 8
github.com/daoneill/ollama-proxy/pkg/auth/middleware.go:24.46,25.72 1 8
github.com/daoneill/ollama-proxy/pkg/auth/middleware.go:25.72,27.20 1 8
github.com/daoneill/ollama-proxy/pkg/auth/middleware.go:27.20,30.5 2 1
github.com/daoneill/ollama-proxy/pkg/auth/middleware.go:33.4,34.24 2 7
github.com/daoneill/ollama-proxy/pkg/auth/middleware.go:34.24,37.5 2 1
github.com/daoneill/ollama-proxy/pkg/auth/middleware.go:40.4,41.48 2 6
github.com/daoneill/ollama-proxy/pkg/auth/middleware.go:41.48,43.5 1 4
github.com/daoneill/ollama-proxy/pkg/auth/middleware.go:43.10,43.55 1 2
github.com/daoneill/ollama-proxy/pkg/auth/middleware.go:43.55,45.5 1 1
github.com/daoneill/ollama-proxy/pkg/auth/middleware.go:48.4,49.14 2 6
github.com/daoneill/ollama-proxy/pkg/auth/middleware.go:49.14,52.5 2 1
github.com/daoneill/ollama-proxy/pkg/auth/middleware.go:55.4,55.24 1 5
github.com/daoneill/ollama-proxy/pkg/auth/middleware.go:55.24,58.5 2 1
github.com/daoneill/ollama-proxy/pkg/auth/middleware.go:61.4,61.24 1 4
github.com/daoneill/ollama-proxy/pkg/auth/middleware.go:67.50,69.2 1 4
github.com/daoneill/ollama-proxy/pkg/auth/middleware.go:72.64,73.18 1 4
github.com/daoneill/ollama-proxy/pkg/auth/middleware.go:73.18,75.3 1 1
github.com/daoneill/ollama-proxy/pkg/auth/middleware.go:77.2,78.13 2 3
github.com/daoneill/ollama-proxy/pkg/auth/middleware.go:78.13,80.3 1 1
github.com/daoneill/ollama-proxy/pkg/auth/middleware.go:82.2,82.22 1 2
github.com/daoneill/ollama-proxy/pkg/auth/middleware.go:82.22,84.3 1 1
github.com/daoneill/ollama-proxy/pkg/auth/middleware.go:86.2,86.22 1 1
github.com/daoneill/ollama-proxy/pkg/auth/middleware.go:90.64,91.40 1 4
github.com/daoneill/ollama-proxy/pkg/auth/middleware.go:91.40,92.34 1 3
github.com/daoneill/ollama-proxy/pkg/auth/middleware.go:92.34,94.4 1 2
github.com/daoneill/ollama-proxy/pkg/auth/middleware.go:96.2,96.14 1 2
github.com/daoneill/ollama-proxy/pkg/config/env.go:12.37,14.59 1 7
github.com/daoneill/ollama-proxy/pkg/config/env.go:14.59,15.49 1 2
github.com/daoneill/ollama-proxy/pkg/config/env.go:15.49,21.4 2 1
github.com/daoneill/ollama-proxy/pkg/config/env.go:21.9,26.4 1 1
github.com/daoneill/ollama-proxy/pkg/config/env.go:29.2,29.59 1 7
github.com/daoneill/ollama-proxy/pkg/config/env.go:29.59,30.49 1 1
github.com/daoneill/ollama-proxy/pkg/config/env.go:30.49,36.4 2 1
github.com/daoneill/ollama-proxy/pkg/config/env.go:36.9,41.4 1 0
github.com/daoneill/ollama-proxy/pkg/config/env.go:44.2,44.54 1 7
github.com/daoneill/ollama-proxy/pkg/config/env.go:44.54,50.3 2 1
github.com/daoneill/ollama-proxy/pkg/config/env.go:53.2,53.59 1 7
github.com/daoneill/ollama-proxy/pkg/config/env.go:53.59,59.3 2 1
github.com/daoneill/ollama-proxy/pkg/config/env.go:61.2,61.65 1 7
github.com/daoneill/ollama-proxy/pkg/config/env.go:61.65,62.49 1 0
github.com/daoneill/ollama-proxy/pkg/config/env.go:62.49,68.4 2 0
github.com/daoneill/ollama-proxy/pkg/config/env.go:68.9,73.4 1 0
github.com/daoneill/ollama-proxy/pkg/config/env.go:77.2,77.56 1 7
github.com/daoneill/ollama-proxy/pkg/config/env.go:77.56,82.31 2 1
github.com/daoneill/ollama-proxy/pkg/config/env.go:82.31,83.42 1 1
github.com/daoneill/ollama-proxy/pkg/config/env.go:83.42,85.5 1 1
github.com/daoneill/ollama-proxy/pkg/config/env.go:89.2,89.56 1 7
github.com/daoneill/ollama-proxy/pkg/config/env.go:89.56,94.31 2 0
github.com/daoneill/ollama-proxy/pkg/config/env.go:94.31,95.42 1 0
github.com/daoneill/ollama-proxy/pkg/config/env.go:95.42,97.5 1 0
github.com/daoneill/ollama-proxy/pkg/config/env.go:101.2,101.56 1 7
github.com/daoneill/ollama-proxy/pkg/config/env.go:101.56,106.31 2 0
github.com/daoneill/ollama-proxy/pkg/config/env.go:106.31,107.42 1 0
github.com/daoneill/ollama-proxy/pkg/config/env.go:107.42,109.5 1 0
github.com/daoneill/ollama-proxy/pkg/config/env.go:114.2,114.61 1 7
github.com/daoneill/ollama-proxy/pkg/config/env.go:114.61,115.57 1 1
github.com/daoneill/ollama-proxy/pkg/config/env.go:115.57,121.4 2 1
github.com/daoneill/ollama-proxy/pkg/config/env.go:121.9,126.4 1 0
github.com/daoneill/ollama-proxy/pkg/config/env.go:129.2,129.63 1 7
github.com/daoneill/ollama-proxy/pkg/config/env.go:129.63,135.3 2 0
github.com/daoneill/ollama-proxy/pkg/config/env.go:137.2,137.62 1 7
github.com/daoneill/ollama-proxy/pkg/config/env.go:137.62,143.3 2 0
github.com/daoneill/ollama-proxy/pkg/config/env.go:145.2,145.68 1 7
github.com/daoneill/ollama-proxy/pkg/config/env.go:145.68,151.3 2 0
github.com/daoneill/ollama-proxy/pkg/config/env.go:154.2,154.65 1 7
github.com/daoneill/ollama-proxy/pkg/config/env.go:154.65,155.57 1 0
github.com/daoneill/ollama-proxy/pkg/config/env.go:155.57,161.4 2 0
github.com/daoneill/ollama-proxy/pkg/config/env.go:161.9,166.4 1 0
github.com/daoneill/ollama-proxy/pkg/config/env.go:170.2,170.68 1 7
github.com/daoneill/ollama-proxy/pkg/config/env.go:170.68,171.57 1 0
github.com/daoneill/ollama-proxy/pkg/config/env.go:171.57,177.4 2 0
github.com/daoneill/ollama-proxy/pkg/config/env.go:177.9,182.4 1 0
github.com/daoneill/ollama-proxy/pkg/config/env.go:185.2,185.73 1 7
github.com/daoneill/ollama-proxy/pkg/config/env.go:185.73,191.3 2 0
github.com/daoneill/ollama-proxy/pkg/config/env.go:194.2,194.62 1 7
github.com/daoneill/ollama-proxy/pkg/config/env.go:194.62,195.57 1 0
github.com/daoneill/ollama-proxy/pkg/config/env.go:195.57,201.4 2 0
github.com/daoneill/ollama-proxy/pkg/config/env.go:201.9,206.4 1 0
github.com/daoneill/ollama-proxy/pkg/config/env.go:210.2,210.68 1 7
github.com/daoneill/ollama-proxy/pkg/config/env.go:210.68,211.57 1 0
github.com/daoneill/ollama-proxy/pkg/config/env.go:211.57,217.4 2 0
github.com/daoneill/ollama-proxy/pkg/config/env.go:217.9,222.4 1 0
github.com/daoneill/ollama-proxy/pkg/config/env.go:225.2,225.65 1 7
github.com/daoneill/ollama-proxy/pkg/config/env.go:225.65,226.62 1 0
github.com/daoneill/ollama-proxy/pkg/config/env.go:226.62,232.4 2 0
github.com/daoneill/ollama-proxy/pkg/config/env.go:232.9,237.4 1 0
github.com/daoneill/ollama-proxy/pkg/config/env.go:240.2,240.66 1 7
github.com/daoneill/ollama-proxy/pkg/config/env.go:240.66,241.50 1 0
github.com/daoneill/ollama-proxy/pkg/config/env.go:241.50,247.4 2 0
github.com/daoneill/ollama-proxy/pkg/config/env.go:247.9,252.4 1 0
github.com/daoneill/ollama-proxy/pkg/config/validator.go:113.40,115.60 1 49
github.com/daoneill/ollama-proxy/pkg/config/validator.go:115.60,117.3 1 2
github.com/daoneill/ollama-proxy/pkg/config/validator.go:118.2,118.60 1 47
github.com/daoneill/ollama-proxy/pkg/config/validator.go:118.60,120.3 1 2
github.com/daoneill/ollama-proxy/pkg/config/validator.go:121.2,121.48 1 45
github.com/daoneill/ollama-proxy/pkg/config/validator.go:121.48,123.3 1 1
github.com/daoneill/ollama-proxy/pkg/config/validator.go:126.2,126.28 1 44
github.com/daoneill/ollama-proxy/pkg/config/validator.go:126.28,127.36 1 3
github.com/daoneill/ollama-proxy/pkg/config/validator.go:127.36,129.4 1 1
[...]
github.com/daoneill/ollama-proxy/pkg/thermal/monitor.go:452.42,455.3 2 5
github.com/daoneill/ollama-proxy/pkg/thermal/monitor.go:458.2,458.22 1 414
github.com/daoneill/ollama-proxy/pkg/thermal/monitor.go:458.22,460.3 1 12
github.com/daoneill/ollama-proxy/pkg/thermal/monitor.go:463.2,463.28 1 414
github.com/daoneill/ollama-proxy/pkg/thermal/monitor.go:463.28,465.3 1 4
github.com/daoneill/ollama-proxy/pkg/thermal/monitor.go:467.2,467.16 1 414
github.com/daoneill/ollama-proxy/pkg/thermal/monitor.go:471.52,473.42 1 8
github.com/daoneill/ollama-proxy/pkg/thermal/monitor.go:473.42,474.47 1 13
github.com/daoneill/ollama-proxy/pkg/thermal/monitor.go:474.47,476.4 1 4
github.com/daoneill/ollama-proxy/pkg/thermal/monitor.go:478.2,478.14 1 4
github.com/daoneill/ollama-proxy/pkg/thermal/monitor.go:482.73,486.32 3 11
github.com/daoneill/ollama-proxy/pkg/thermal/monitor.go:486.32,488.19 2 31
github.com/daoneill/ollama-proxy/pkg/thermal/monitor.go:488.19,489.12 1 8
github.com/daoneill/ollama-proxy/pkg/thermal/monitor.go:492.3,492.37 1 23
github.com/daoneill/ollama-proxy/pkg/thermal/monitor.go:492.37,495.4 2 12
github.com/daoneill/ollama-proxy/pkg/thermal/monitor.go:498.2,498.16 1 11
github.com/daoneill/ollama-proxy/pkg/thermal/monitor.go:502.54,504.2 1 1
github.com/daoneill/ollama-proxy/pkg/thermal/monitor.go:507.41,510.2 1 1
github.com/daoneill/ollama-proxy/pkg/backends/anthropic/anthropic.go:58.65,61.25 2 28
github.com/daoneill/ollama-proxy/pkg/backends/anthropic/anthropic.go:61.25,63.3 1 1
github.com/daoneill/ollama-proxy/pkg/backends/anthropic/anthropic.go:65.2,65.18 1 28
github.com/daoneill/ollama-proxy/pkg/backends/anthropic/anthropic.go:65.18,67.3 1 1
github.com/daoneill/ollama-proxy/pkg/backends/anthropic/anthropic.go:70.2,71.20 2 27
github.com/daoneill/ollama-proxy/pkg/backends/anthropic/anthropic.go:71.20,73.3 1 23
github.com/daoneill/ollama-proxy/pkg/backends/anthropic/anthropic.go:75.2,94.21 3 27
github.com/daoneill/ollama-proxy/pkg/backends/anthropic/anthropic.go:98.40,100.2 1 3
github.com/daoneill/ollama-proxy/pkg/backends/anthropic/anthropic.go:103.42,105.2 1 3
github.com/daoneill/ollama-proxy/pkg/backends/anthropic/anthropic.go:108.42,110.2 1 1
github.com/daoneill/ollama-proxy/pkg/backends/anthropic/anthropic.go:113.46,115.2 1 1
github.com/daoneill/ollama-proxy/pkg/backends/anthropic/anthropic.go:118.45,120.2 1 2
github.com/daoneill/ollama-proxy/pkg/backends/anthropic/anthropic.go:123.67,127.20 1 3
github.com/daoneill/ollama-proxy/pkg/backends/anthropic/anthropic.go:127.20,133.3 5 2
github.com/daoneill/ollama-proxy/pkg/backends/anthropic/anthropic.go:135.2,136.45 2 1
github.com/daoneill/ollama-proxy/pkg/backends/anthropic/anthropic.go:140.49,142.2 1 1
github.com/daoneill/ollama-proxy/pkg/backends/anthropic/anthropic.go:145.49,149.32 3 2
github.com/daoneill/ollama-proxy/pkg/backends/anthropic/anthropic.go:149.32,151.3 1 1
github.com/daoneill/ollama-proxy/pkg/backends/anthropic/anthropic.go:152.2,152.23 1 1
github.com/daoneill/ollama-proxy/pkg/backends/anthropic/anthropic.go:156.43,158.2 1 1
github.com/daoneill/ollama-proxy/pkg/backends/anthropic/anthropic.go:161.52,163.2 1 1
github.com/daoneill/ollama-proxy/pkg/backends/anthropic/anthropic.go:166.50,168.2 1 1
github.com/daoneill/ollama-proxy/pkg/backends/anthropic/anthropic.go:171.49,173.2 1 1
github.com/daoneill/ollama-proxy/pkg/backends/anthropic/anthropic.go:176.78,186.2 1 1
github.com/daoneill/ollama-proxy/pkg/backends/anthropic/anthropic.go:189.65,190.30 1 6
github.com/daoneill/ollama-proxy/pkg/backends/anthropic/anthropic.go:190.30,193.3 1 2
github.com/daoneill/ollama-proxy/pkg/backends/anthropic/anthropic.go:196.2,196.61 1 4
github.com/daoneill/ollama-proxy/pkg/backends/anthropic/anthropic.go:196.61,197.41 1 1
github.com/daoneill/ollama-proxy/pkg/backends/anthropic/anthropic.go:197.41,199.4 1 1
github.com/daoneill/ollama-proxy/pkg/backends/anthropic/anthropic.go:203.2,203.56 1 3
github.com/daoneill/ollama-proxy/pkg/backends/anthropic/anthropic.go:203.56,205.3 1 1
github.com/daoneill/ollama-proxy/pkg/backends/anthropic/anthropic.go:207.2,207.67 1 2
github.com/daoneill/ollama-proxy/pkg/backends/anthropic/anthropic.go:207.67,208.41 1 3
github.com/daoneill/ollama-proxy/pkg/backends/anthropic/anthropic.go:208.41,210.4 1 1
github.com/daoneill/ollama-proxy/pkg/backends/anthropic/anthropic.go:213.2,213.14 1 1
github.com/daoneill/ollama-proxy/pkg/backends/anthropic/anthropic.go:217.52,219.2 1 1
github.com/daoneill/ollama-proxy/pkg/backends/anthropic/anthropic.go:222.65,223.30 1 2
github.com/daoneill/ollama-proxy/pkg/backends/anthropic/anthropic.go:223.30,225.3 1 1
github.com/daoneill/ollama-proxy/pkg/backends/anthropic/anthropic.go:226.2,226.49 1 1
github.com/daoneill/ollama-proxy/pkg/backends/anthropic/anthropic.go:230.58,231.30 1 2
github.com/daoneill/ollama-proxy/pkg/backends/anthropic/anthropic.go:231.30,233.3 1 1
github.com/daoneill/ollama-proxy/pkg/backends/anthropic/anthropic.go:234.2,234.42 1 1
github.com/daoneill/ollama-proxy/pkg/backends/anthropic/anthropic.go:238.125,250.24 3 3
github.com/daoneill/ollama-proxy/pkg/backends/anthropic/anthropic.go:250.24,251.34 1 1
github.com/daoneill/ollama-proxy/pkg/backends/anthropic/anthropic.go:251.34,253.4 1 1
github.com/daoneill/ollama-proxy/pkg/backends/anthropic/anthropic.go:254.3,254.27 1 1
github.com/daoneill/ollama-proxy/pkg/backends/anthropic/anthropic.go:254.27,256.4 1 1
github.com/daoneill/ollama-proxy/pkg/backends/anthropic/anthropic.go:257.3,257.32 1 1
github.com/daoneill/ollama-proxy/pkg/backends/anthropic/anthropic.go:257.32,259.4 1 1
github.com/daoneill/ollama-proxy/pkg/backends/anthropic/anthropic.go:262.2,263.16 2 3
github.com/daoneill/ollama-proxy/pkg/backends/anthropic/anthropic.go:263.16,265.3 1 0
github.com/daoneill/ollama-proxy/pkg/backends/anthropic/anthropic.go:267.2,268.16 2 3
github.com/daoneill/ollama-proxy/pkg/backends/anthropic/anthropic.go:268.16,270.3 1 0
github.com/daoneill/ollama-proxy/pkg/backends/anthropic/anthropic.go:272.2,277.16 5 3
github.com/daoneill/ollama-proxy/pkg/backends/anthropic/anthropic.go:277.16,280.3 2 1
github.com/daoneill/ollama-proxy/pkg/backends/anthropic/anthropic.go:281.2,283.38 2 2
github.com/daoneill/ollama-proxy/pkg/backends/anthropic/anthropic.go:283.38,287.3 3 1
github.com/daoneill/ollama-proxy/pkg/backends/anthropic/anthropic.go:289.2,299.74 2 1
github.com/daoneill/ollama-proxy/pkg/backends/anthropic/anthropic.go:299.74,302.3 2 0
github.com/daoneill/ollama-proxy/pkg/backends/anthropic/anthropic.go:304.2,310.36 5 1
github.com/daoneill/ollama-proxy/pkg/backends/anthropic/anthropic.go:310.36,312.3 1 1
github.com/daoneill/ollama-proxy/pkg/backends/anthropic/anthropic.go:314.2,322.8 1 1
github.com/daoneill/ollama-proxy/pkg/backends/anthropic/anthropic.go:326.126,329.2 1 1
github.com/daoneill/ollama-proxy/pkg/backends/anthropic/anthropic.go:332.116,334.2 1 1
github.com/daoneill/ollama-proxy/pkg/backends/anthropic/anthropic.go:337.73,343.13 4 1006
github.com/daoneill/ollama-proxy/pkg/backends/anthropic/anthropic.go:343.13,347.33 3 1003
github.com/daoneill/ollama-proxy/pkg/backends/anthropic/anthropic.go:347.33,349.4 1 1003
github.com/daoneill/ollama-proxy/pkg/backends/anthropic/anthropic.go:350.8,352.3 1 3
github.com/daoneill/ollama-proxy/pkg/backends/anthropic/anthropic.go:354.2,354.32 1 1006
github.com/daoneill/ollama-proxy/pkg/backends/anthropic/anthropic.go:354.32,356.3 1 1006
github.com/daoneill/ollama-proxy/pkg/backends/anthropic/anthropic.go:360.66,373.2 3 3
github.com/daoneill/ollama-proxy/pkg/backends/anthropic/anthropic.go:376.61,378.2 1 1
github.com/daoneill/ollama-proxy/pkg/backends/anthropic/anthropic.go:381.60,383.2 1 1
github.com/daoneill/ollama-proxy/pkg/backends/anthropic/anthropic.go:386.53,387.20 1 20
github.com/daoneill/ollama-proxy/pkg/backends/anthropic/anthropic.go:387.20,389.3 1 2
github.com/daoneill/ollama-proxy/pkg/backends/anthropic/anthropic.go:391.2,391.26 1 18
github.com/daoneill/ollama-proxy/pkg/backends/anthropic/anthropic.go:391.26,393.3 1 2
github.com/daoneill/ollama-proxy/pkg/backends/anthropic/anthropic.go:395.2,395.72 1 16
github.com/daoneill/ollama-proxy/pkg/backends/anthropic/anthropic.go:395.72,398.3 2 5
github.com/daoneill/ollama-proxy/pkg/backends/anthropic/anthropic.go:400.2,400.37 1 11
github.com/daoneill/ollama-proxy/pkg/backends/anthropic/anthropic.go:400.37,403.3 2 7
github.com/daoneill/ollama-proxy/pkg/backends/anthropic/anthropic.go:405.2,405.37 1 4
github.com/daoneill/ollama-proxy/pkg/backends/anthropic/anthropic.go:405.37,408.3 2 3
github.com/daoneill/ollama-proxy/pkg/backends/anthropic/anthropic.go:410.2,410.14 1 1
github.com/daoneill/ollama-proxy/pkg/ratelimit/limiter.go:26.59,40.2 3 21
github.com/daoneill/ollama-proxy/pkg/ratelimit/limiter.go:43.62,48.13 4 288
github.com/daoneill/ollama-proxy/pkg/ratelimit/limiter.go:48.13,51.3 2 32
github.com/daoneill/ollama-proxy/pkg/ratelimit/limiter.go:53.2,54.16 2 288
github.com/daoneill/ollama-proxy/pkg/ratelimit/limiter.go:58.48,61.2 2 288
github.com/daoneill/ollama-proxy/pkg/ratelimit/limiter.go:64.40,68.21 3 21
github.com/daoneill/ollama-proxy/pkg/ratelimit/limiter.go:68.21,70.3 1 0
github.com/daoneill/ollama-proxy/pkg/ratelimit/limiter.go:74.36,79.40 4 4
github.com/daoneill/ollama-proxy/pkg/ratelimit/limiter.go:79.40,80.44 1 7
github.com/daoneill/ollama-proxy/pkg/ratelimit/limiter.go:80.44,83.4 2 5
github.com/daoneill/ollama-proxy/pkg/ratelimit/limiter.go:88.69,89.71 1 3
github.com/daoneill/ollama-proxy/pkg/ratelimit/limiter.go:89.71,92.20 2 12
github.com/daoneill/ollama-proxy/pkg/ratelimit/limiter.go:92.20,95.4 2 3
github.com/daoneill/ollama-proxy/pkg/ratelimit/limiter.go:97.3,97.23 1 9
github.com/daoneill/ollama-proxy/pkg/ratelimit/limiter.go:102.36,105.21 2 23
github.com/daoneill/ollama-proxy/pkg/ratelimit/limiter.go:105.21,108.19 2 10
github.com/daoneill/ollama-proxy/pkg/ratelimit/limiter.go:108.19,110.4 1 10
github.com/daoneill/ollama-proxy/pkg/ratelimit/limiter.go:114.2,115.18 2 13
github.com/daoneill/ollama-proxy/pkg/ratelimit/limiter.go:115.18,117.3 1 1
github.com/daoneill/ollama-proxy/pkg/ratelimit/limiter.go:120.2,121.16 2 12
github.com/daoneill/ollama-proxy/pkg/ratelimit/limiter.go:121.16,123.3 1 1
github.com/daoneill/ollama-proxy/pkg/ratelimit/limiter.go:124.2,124.11 1 11
github.com/daoneill/ollama-proxy/pkg/ratelimit/limiter.go:128.48,130.49 2 14
github.com/daoneill/ollama-proxy/pkg/ratelimit/limiter.go:130.49,132.20 2 20
github.com/daoneill/ollama-proxy/pkg/ratelimit/limiter.go:132.20,134.4 1 20
github.com/daoneill/ollama-proxy/pkg/ratelimit/limiter.go:136.2,136.12 1 14
github.com/daoneill/ollama-proxy/pkg/ratelimit/limiter.go:140.45,143.23 3 20
github.com/daoneill/ollama-proxy/pkg/ratelimit/limiter.go:143.23,144.16 1 295
github.com/daoneill/ollama-proxy/pkg/ratelimit/limiter.go:144.16,147.4 2 16
github.com/daoneill/ollama-proxy/pkg/ratelimit/limiter.go:147.9,149.4 1 279
github.com/daoneill/ollama-proxy/pkg/ratelimit/limiter.go:151.2,151.19 1 20
github.com/daoneill/ollama-proxy/pkg/ratelimit/limiter.go:151.19,153.3 1 16
github.com/daoneill/ollama-proxy/pkg/ratelimit/limiter.go:154.2,154.14 1 20
github.com/daoneill/ollama-proxy/pkg/ratelimit/limiter.go:158.33,162.59 3 28
github.com/daoneill/ollama-proxy/pkg/ratelimit/limiter.go:162.59,164.3 1 21
github.com/daoneill/ollama-proxy/pkg/ratelimit/limiter.go:166.2,166.59 1 28
github.com/daoneill/ollama-proxy/pkg/ratelimit/limiter.go:166.59,168.3 1 13
github.com/daoneill/ollama-proxy/pkg/ratelimit/limiter.go:170.2,170.21 1 28
github.com/daoneill/ollama-proxy/pkg/backends/openai/openai.go:59.59,62.25 2 52
github.com/daoneill/ollama-proxy/pkg/backends/openai/openai.go:62.25,64.3 1 1
github.com/daoneill/ollama-proxy/pkg/backends/openai/openai.go:66.2,66.18 1 52
github.com/daoneill/ollama-proxy/pkg/backends/openai/openai.go:66.18,68.3 1 1
github.com/daoneill/ollama-proxy/pkg/backends/openai/openai.go:71.2,72.20 2 51
github.com/daoneill/ollama-proxy/pkg/backends/openai/openai.go:72.20,74.3 1 27
github.com/daoneill/ollama-proxy/pkg/backends/openai/openai.go:76.2,95.21 3 51
github.com/daoneill/ollama-proxy/pkg/backends/openai/openai.go:99.37,101.2 1 6
github.com/daoneill/ollama-proxy/pkg/backends/openai/openai.go:104.39,106.2 1 6
github.com/daoneill/ollama-proxy/pkg/backends/openai/openai.go:109.39,111.2 1 1
github.com/daoneill/ollama-proxy/pkg/backends/openai/openai.go:114.43,116.2 1 1
github.com/daoneill/ollama-proxy/pkg/backends/openai/openai.go:119.42,121.2 1 5
github.com/daoneill/ollama-proxy/pkg/backends/openai/openai.go:124.64,130.16 4 5
github.com/daoneill/ollama-proxy/pkg/backends/openai/openai.go:130.16,133.3 2 0
github.com/daoneill/ollama-proxy/pkg/backends/openai/openai.go:135.2,138.16 3 5
github.com/daoneill/ollama-proxy/pkg/backends/openai/openai.go:138.16,141.3 2 1
github.com/daoneill/ollama-proxy/pkg/backends/openai/openai.go:142.2,144.38 2 4
github.com/daoneill/ollama-proxy/pkg/backends/openai/openai.go:144.38,147.3 2 2
github.com/daoneill/ollama-proxy/pkg/backends/openai/openai.go:149.2,154.12 5 2
github.com/daoneill/ollama-proxy/pkg/backends/openai/openai.go:158.46,160.2 1 1
github.com/daoneill/ollama-proxy/pkg/backends/openai/openai.go:163.46,167.32 3 3
github.com/daoneill/ollama-proxy/pkg/backends/openai/openai.go:167.32,169.3 1 2
github.com/daoneill/ollama-proxy/pkg/backends/openai/openai.go:170.2,170.23 1 1
github.com/daoneill/ollama-proxy/pkg/backends/openai/openai.go:174.40,176.2 1 1
github.com/daoneill/ollama-proxy/pkg/backends/openai/openai.go:179.49,181.2 1 1
github.com/daoneill/ollama-proxy/pkg/backends/openai/openai.go:184.47,186.2 1 1
github.com/daoneill/ollama-proxy/pkg/backends/openai/openai.go:189.46,191.2 1 1
github.com/daoneill/ollama-proxy/pkg/backends/openai/openai.go:194.75,196.16 2 3
github.com/daoneill/ollama-proxy/pkg/backends/openai/openai.go:196.16,198.3 1 0
github.com/daoneill/ollama-proxy/pkg/backends/openai/openai.go:200.2,203.16 3 3
github.com/daoneill/ollama-proxy/pkg/backends/openai/openai.go:203.16,205.3 1 0
github.com/daoneill/ollama-proxy/pkg/backends/openai/openai.go:206.2,214.67 3 3
github.com/daoneill/ollama-proxy/pkg/backends/openai/openai.go:214.67,216.3 1 2
github.com/daoneill/ollama-proxy/pkg/backends/openai/openai.go:218.2,219.32 2 1
github.com/daoneill/ollama-proxy/pkg/backends/openai/openai.go:219.32,221.3 1 3
github.com/daoneill/ollama-proxy/pkg/backends/openai/openai.go:223.2,223.20 1 1
github.com/daoneill/ollama-proxy/pkg/backends/openai/openai.go:227.62,228.30 1 13
github.com/daoneill/ollama-proxy/pkg/backends/openai/openai.go:228.30,231.3 1 5
github.com/daoneill/ollama-proxy/pkg/backends/openai/openai.go:234.2,234.61 1 8
github.com/daoneill/ollama-proxy/pkg/backends/openai/openai.go:234.61,235.41 1 1
github.com/daoneill/ollama-proxy/pkg/backends/openai/openai.go:235.41,237.4 1 1
github.com/daoneill/ollama-proxy/pkg/backends/openai/openai.go:241.2,241.56 1 7
github.com/daoneill/ollama-proxy/pkg/backends/openai/openai.go:241.56,243.3 1 2
github.com/daoneill/ollama-proxy/pkg/backends/openai/openai.go:245.2,245.67 1 5
github.com/daoneill/ollama-proxy/pkg/backends/openai/openai.go:245.67,246.41 1 5
github.com/daoneill/ollama-proxy/pkg/backends/openai/openai.go:246.41,248.4 1 4
github.com/daoneill/ollama-proxy/pkg/backends/openai/openai.go:251.2,251.14 1 1
github.com/daoneill/ollama-proxy/pkg/backends/openai/openai.go:255.49,257.2 1 1
github.com/daoneill/ollama-proxy/pkg/backends/openai/openai.go:260.62,261.30 1 2
github.com/daoneill/ollama-proxy/pkg/backends/openai/openai.go:261.30,263.3 1 1
github.com/daoneill/ollama-proxy/pkg/backends/openai/openai.go:264.2,264.49 1 1
github.com/daoneill/ollama-proxy/pkg/backends/openai/openai.go:268.55,269.30 1 2
github.com/daoneill/ollama-proxy/pkg/backends/openai/openai.go:269.30,271.3 1 1
github.com/daoneill/ollama-proxy/pkg/backends/openai/openai.go:272.2,272.42 1 1
github.com/daoneill/ollama-proxy/pkg/backends/openai/openai.go:276.122,287.24 3 11
github.com/daoneill/ollama-proxy/pkg/backends/openai/openai.go:287.24,288.34 1 2
github.com/daoneill/ollama-proxy/pkg/backends/openai/openai.go:288.34,290.4 1 1
github.com/daoneill/ollama-proxy/pkg/backends/openai/openai.go:291.3,291.27 1 2
github.com/daoneill/ollama-proxy/pkg/backends/openai/openai.go:291.27,293.4 1 1
github.com/daoneill/ollama-proxy/pkg/backends/openai/openai.go:294.3,294.32 1 2
github.com/daoneill/ollama-proxy/pkg/backends/openai/openai.go:294.32,296.4 1 1
github.com/daoneill/ollama-proxy/pkg/backends/openai/openai.go:299.2,300.16 2 11
github.com/daoneill/ollama-proxy/pkg/backends/openai/openai.go:300.16,302.3 1 0
github.com/daoneill/ollama-proxy/pkg/backends/openai/openai.go:304.2,305.16 2 11
github.com/daoneill/ollama-proxy/pkg/backends/openai/openai.go:305.16,307.3 1 0
github.com/daoneill/ollama-proxy/pkg/backends/openai/openai.go:309.2,313.16 4 11
github.com/daoneill/ollama-proxy/pkg/backends/openai/openai.go:313.16,316.3 2 1
github.com/daoneill/ollama-proxy/pkg/backends/openai/openai.go:317.2,319.38 2 10
github.com/daoneill/ollama-proxy/pkg/backends/openai/openai.go:319.38,323.3 3 4
github.com/daoneill/ollama-proxy/pkg/backends/openai/openai.go:325.2,336.71 2 6
github.com/daoneill/ollama-proxy/pkg/backends/openai/openai.go:336.71,339.3 2 1
github.com/daoneill/ollama-proxy/pkg/backends/openai/openai.go:341.2,350.33 6 5
github.com/daoneill/ollama-proxy/pkg/backends/openai/openai.go:350.33,352.3 1 4
github.com/daoneill/ollama-proxy/pkg/backends/openai/openai.go:354.2,362.8 1 5
github.com/daoneill/ollama-proxy/pkg/backends/openai/openai.go:366.123,369.2 1 1
github.com/daoneill/ollama-proxy/pkg/backends/openai/openai.go:372.113,381.16 4 4
github.com/daoneill/ollama-proxy/pkg/backends/openai/openai.go:381.16,383.3 1 0
github.com/daoneill/ollama-proxy/pkg/backends/openai/openai.go:385.2,386.16 2 4
github.com/daoneill/ollama-proxy/pkg/backends/openai/openai.go:386.16,388.3 1 0
github.com/daoneill/ollama-proxy/pkg/backends/openai/openai.go:390.2,394.16 4 4
github.com/daoneill/ollama-proxy/pkg/backends/openai/openai.go:394.16,396.3 1 0
github.com/daoneill/ollama-proxy/pkg/backends/openai/openai.go:397.2,405.71 3 4
github.com/daoneill/ollama-proxy/pkg/backends/openai/openai.go:405.71,407.3 1 2
github.com/daoneill/ollama-proxy/pkg/backends/openai/openai.go:409.2,413.30 4 2
github.com/daoneill/ollama-proxy/pkg/backends/openai/openai.go:413.30,415.3 1 1
github.com/daoneill/ollama-proxy/pkg/backends/openai/openai.go:417.2,422.8 1 2
github.com/daoneill/ollama-proxy/pkg/backends/openai/openai.go:426.70,432.13 4 1023
github.com/daoneill/ollama-proxy/pkg/backends/openai/openai.go:432.13,436.33 3 1014
github.com/daoneill/ollama-proxy/pkg/backends/openai/openai.go:436.33,438.4 1 1014
github.com/daoneill/ollama-proxy/pkg/backends/openai/openai.go:439.8,441.3 1 9
github.com/daoneill/ollama-proxy/pkg/backends/openai/openai.go:443.2,443.32 1 1023
github.com/daoneill/ollama-proxy/pkg/backends/openai/openai.go:443.32,445.3 1 1023
github.com/daoneill/ollama-proxy/pkg/backends/openai/openai.go:449.63,462.2 3 11
github.com/daoneill/ollama-proxy/pkg/backends/openai/openai.go:465.58,467.2 1 1
github.com/daoneill/ollama-proxy/pkg/backends/openai/openai.go:470.57,472.2 1 1
github.com/daoneill/ollama-proxy/pkg/backends/openai/openai.go:475.53,476.20 1 36
github.com/daoneill/ollama-proxy/pkg/backends/openai/openai.go:476.20,478.3 1 4
github.com/daoneill/ollama-proxy/pkg/backends/openai/openai.go:480.2,480.26 1 32
github.com/daoneill/ollama-proxy/pkg/backends/openai/openai.go:480.26,482.3 1 3
github.com/daoneill/ollama-proxy/pkg/backends/openai/openai.go:485.2,485.72 1 29
github.com/daoneill/ollama-proxy/pkg/backends/openai/openai.go:485.72,488.3 2 8
github.com/daoneill/ollama-proxy/pkg/backends/openai/openai.go:490.2,490.37 1 21
github.com/daoneill/ollama-proxy/pkg/backends/openai/openai.go:490.37,493.3 2 13
github.com/daoneill/ollama-proxy/pkg/backends/openai/openai.go:495.2,495.37 1 8
github.com/daoneill/ollama-proxy/pkg/backends/openai/openai.go:495.37,498.3 2 6
github.com/daoneill/ollama-proxy/pkg/backends/openai/openai.go:500.2,500.14 1 2
