mode: set
github.com/daoneill/ollama-proxy/pkg/router/forwarding_router.go:40.50,49.2 1 1
github.com/daoneill/ollama-proxy/pkg/router/forwarding_router.go:56.21,57.19 1 1
github.com/daoneill/ollama-proxy/pkg/router/forwarding_router.go:57.19,59.3 1 1
github.com/daoneill/ollama-proxy/pkg/router/forwarding_router.go:61.2,66.3 1 1
github.com/daoneill/ollama-proxy/pkg/router/forwarding_router.go:107.30,118.30 4 1
github.com/daoneill/ollama-proxy/pkg/router/forwarding_router.go:118.30,120.3 1 1
github.com/daoneill/ollama-proxy/pkg/router/forwarding_router.go:122.2,129.52 4 1
github.com/daoneill/ollama-proxy/pkg/router/forwarding_router.go:129.52,130.41 1 1
github.com/daoneill/ollama-proxy/pkg/router/forwarding_router.go:130.41,133.9 2 1
github.com/daoneill/ollama-proxy/pkg/router/forwarding_router.go:137.3,138.21 2 1
github.com/daoneill/ollama-proxy/pkg/router/forwarding_router.go:138.21,141.12 2 1
github.com/daoneill/ollama-proxy/pkg/router/forwarding_router.go:145.3,145.61 1 1
github.com/daoneill/ollama-proxy/pkg/router/forwarding_router.go:145.61,155.12 4 1
github.com/daoneill/ollama-proxy/pkg/router/forwarding_router.go:159.3,159.36 1 1
github.com/daoneill/ollama-proxy/pkg/router/forwarding_router.go:159.36,169.12 4 1
github.com/daoneill/ollama-proxy/pkg/router/forwarding_router.go:173.3,177.23 4 1
github.com/daoneill/ollama-proxy/pkg/router/forwarding_router.go:177.23,180.12 2 1
github.com/daoneill/ollama-proxy/pkg/router/forwarding_router.go:184.3,184.50 1 1
github.com/daoneill/ollama-proxy/pkg/router/forwarding_router.go:184.50,187.4 2 1
github.com/daoneill/ollama-proxy/pkg/router/forwarding_router.go:189.3,194.60 2 1
github.com/daoneill/ollama-proxy/pkg/router/forwarding_router.go:194.60,205.9 6 1
github.com/daoneill/ollama-proxy/pkg/router/forwarding_router.go:209.3,211.58 1 1
github.com/daoneill/ollama-proxy/pkg/router/forwarding_router.go:215.2,215.86 1 1
github.com/daoneill/ollama-proxy/pkg/router/forwarding_router.go:215.86,224.3 5 1
github.com/daoneill/ollama-proxy/pkg/router/forwarding_router.go:227.2,227.32 1 1
github.com/daoneill/ollama-proxy/pkg/router/forwarding_router.go:227.32,229.3 1 1
github.com/daoneill/ollama-proxy/pkg/router/forwarding_router.go:231.2,233.20 2 1
github.com/daoneill/ollama-proxy/pkg/router/forwarding_router.go:244.22,259.16 5 1
github.com/daoneill/ollama-proxy/pkg/router/forwarding_router.go:259.16,263.3 3 1
github.com/daoneill/ollama-proxy/pkg/router/forwarding_router.go:265.2,277.16 5 1
github.com/daoneill/ollama-proxy/pkg/router/forwarding_router.go:281.72,288.25 2 1
github.com/daoneill/ollama-proxy/pkg/router/forwarding_router.go:288.25,290.3 1 1
github.com/daoneill/ollama-proxy/pkg/router/forwarding_router.go:293.2,301.13 4 1
github.com/daoneill/ollama-proxy/pkg/router/forwarding_router.go:305.76,307.49 1 1
github.com/daoneill/ollama-proxy/pkg/router/forwarding_router.go:307.49,308.32 1 1
github.com/daoneill/ollama-proxy/pkg/router/forwarding_router.go:308.32,310.4 1 1
github.com/daoneill/ollama-proxy/pkg/router/forwarding_router.go:314.2,314.29 1 1
github.com/daoneill/ollama-proxy/pkg/router/forwarding_router.go:314.29,315.60 1 1
github.com/daoneill/ollama-proxy/pkg/router/forwarding_router.go:315.60,316.33 1 1
github.com/daoneill/ollama-proxy/pkg/router/forwarding_router.go:316.33,318.5 1 1
github.com/daoneill/ollama-proxy/pkg/router/forwarding_router.go:322.2,322.12 1 1
github.com/daoneill/ollama-proxy/pkg/router/forwarding_router.go:326.38,331.40 2 1
github.com/daoneill/ollama-proxy/pkg/router/forwarding_router.go:331.40,332.31 1 1
github.com/daoneill/ollama-proxy/pkg/router/forwarding_router.go:332.31,334.4 1 1
github.com/daoneill/ollama-proxy/pkg/router/forwarding_router.go:337.2,337.14 1 1
github.com/daoneill/ollama-proxy/pkg/router/forwarding_router.go:341.38,348.2 1 1
github.com/daoneill/ollama-proxy/pkg/router/forwarding_router.go:350.42,351.43 1 1
github.com/daoneill/ollama-proxy/pkg/router/forwarding_router.go:351.43,352.35 1 1
github.com/daoneill/ollama-proxy/pkg/router/forwarding_router.go:352.35,354.4 1 1
github.com/daoneill/ollama-proxy/pkg/router/forwarding_router.go:356.2,356.14 1 1
github.com/daoneill/ollama-proxy/pkg/router/forwarding_router.go:367.52,373.43 2 1
github.com/daoneill/ollama-proxy/pkg/router/forwarding_router.go:373.43,375.21 2 1
github.com/daoneill/ollama-proxy/pkg/router/forwarding_router.go:375.21,376.12 1 1
github.com/daoneill/ollama-proxy/pkg/router/forwarding_router.go:380.3,380.61 1 1
github.com/daoneill/ollama-proxy/pkg/router/forwarding_router.go:380.61,381.12 1 1
github.com/daoneill/ollama-proxy/pkg/router/forwarding_router.go:385.3,385.36 1 1
github.com/daoneill/ollama-proxy/pkg/router/forwarding_router.go:385.36,386.12 1 1
github.com/daoneill/ollama-proxy/pkg/router/forwarding_router.go:390.3,392.53 2 1
github.com/daoneill/ollama-proxy/pkg/router/forwarding_router.go:392.53,400.18 3 1
github.com/daoneill/ollama-proxy/pkg/router/forwarding_router.go:400.18,402.13 1 1
github.com/daoneill/ollama-proxy/pkg/router/forwarding_router.go:405.4,405.31 1 1
github.com/daoneill/ollama-proxy/pkg/router/forwarding_router.go:409.2,409.72 1 1
github.com/daoneill/ollama-proxy/pkg/router/forwarding_router.go:413.62,415.2 1 1
github.com/daoneill/ollama-proxy/pkg/router/forwarding_router.go:418.65,420.2 1 1
github.com/daoneill/ollama-proxy/pkg/router/queue.go:26.38,30.2 1 1
github.com/daoneill/ollama-proxy/pkg/router/queue.go:34.89,39.13 4 1
github.com/daoneill/ollama-proxy/pkg/router/queue.go:39.13,41.3 1 1
github.com/daoneill/ollama-proxy/pkg/router/queue.go:43.2,49.52 4 1
github.com/daoneill/ollama-proxy/pkg/router/queue.go:49.52,51.3 1 1
github.com/daoneill/ollama-proxy/pkg/router/queue.go:53.2,53.17 1 1
github.com/daoneill/ollama-proxy/pkg/router/queue.go:57.64,62.13 4 1
github.com/daoneill/ollama-proxy/pkg/router/queue.go:62.13,64.3 1 1
github.com/daoneill/ollama-proxy/pkg/router/queue.go:66.2,69.22 3 1
github.com/daoneill/ollama-proxy/pkg/router/queue.go:73.71,78.13 4 1
github.com/daoneill/ollama-proxy/pkg/router/queue.go:78.13,80.3 1 1
github.com/daoneill/ollama-proxy/pkg/router/queue.go:82.2,85.29 3 1
github.com/daoneill/ollama-proxy/pkg/router/queue.go:89.88,92.13 3 1
github.com/daoneill/ollama-proxy/pkg/router/queue.go:92.13,97.3 2 1
github.com/daoneill/ollama-proxy/pkg/router/queue.go:98.2,102.47 4 1
github.com/daoneill/ollama-proxy/pkg/router/queue.go:102.47,104.3 1 1
github.com/daoneill/ollama-proxy/pkg/router/queue.go:105.2,106.19 2 1
github.com/daoneill/ollama-proxy/pkg/router/queue.go:110.86,115.13 4 1
github.com/daoneill/ollama-proxy/pkg/router/queue.go:115.13,117.3 1 1
github.com/daoneill/ollama-proxy/pkg/router/queue.go:119.2,121.23 3 1
github.com/daoneill/ollama-proxy/pkg/router/queue.go:121.23,123.3 1 1
github.com/daoneill/ollama-proxy/pkg/router/queue.go:125.2,125.47 1 1
github.com/daoneill/ollama-proxy/pkg/router/queue.go:125.47,127.41 2 1
github.com/daoneill/ollama-proxy/pkg/router/queue.go:127.41,129.4 1 1
github.com/daoneill/ollama-proxy/pkg/router/queue.go:132.2,133.19 2 1
github.com/daoneill/ollama-proxy/pkg/router/queue.go:137.66,142.42 4 1
github.com/daoneill/ollama-proxy/pkg/router/queue.go:142.42,151.3 3 1
github.com/daoneill/ollama-proxy/pkg/router/queue.go:153.2,153.14 1 1
github.com/daoneill/ollama-proxy/pkg/router/queue.go:172.131,175.2 2 1
github.com/daoneill/ollama-proxy/pkg/router/queue.go:178.132,180.16 2 1
github.com/daoneill/ollama-proxy/pkg/router/queue.go:180.16,183.3 2 1
github.com/daoneill/ollama-proxy/pkg/router/queue.go:186.2,188.19 1 1
github.com/daoneill/ollama-proxy/pkg/router/queue.go:188.19,190.4 1 1
github.com/daoneill/ollama-proxy/pkg/router/queue.go:203.48,205.17 2 1
github.com/daoneill/ollama-proxy/pkg/router/queue.go:205.17,207.25 2 1
github.com/daoneill/ollama-proxy/pkg/router/queue.go:207.25,209.4 1 1
github.com/daoneill/ollama-proxy/pkg/router/queue.go:211.2,213.33 2 1
github.com/daoneill/ollama-proxy/pkg/router/router.go:53.36,61.2 1 1
github.com/daoneill/ollama-proxy/pkg/router/router.go:64.66,69.41 4 1
github.com/daoneill/ollama-proxy/pkg/router/router.go:69.41,71.3 1 1
github.com/daoneill/ollama-proxy/pkg/router/router.go:73.2,74.12 2 1
github.com/daoneill/ollama-proxy/pkg/router/router.go:78.65,84.2 4 1
github.com/daoneill/ollama-proxy/pkg/router/router.go:87.52,92.31 4 1
github.com/daoneill/ollama-proxy/pkg/router/router.go:92.31,94.3 1 1
github.com/daoneill/ollama-proxy/pkg/router/router.go:95.2,95.13 1 1
github.com/daoneill/ollama-proxy/pkg/router/router.go:99.113,101.52 1 1
github.com/daoneill/ollama-proxy/pkg/router/router.go:101.52,105.3 3 1
github.com/daoneill/ollama-proxy/pkg/router/router.go:108.2,108.9 1 1
github.com/daoneill/ollama-proxy/pkg/router/router.go:109.20,110.61 1 1
github.com/daoneill/ollama-proxy/pkg/router/router.go:111.10,111.10 0 1
github.com/daoneill/ollama-proxy/pkg/router/router.go:114.2,121.62 5 1
github.com/daoneill/ollama-proxy/pkg/router/router.go:121.62,122.64 1 1
github.com/daoneill/ollama-proxy/pkg/router/router.go:122.64,123.27 1 1
github.com/daoneill/ollama-proxy/pkg/router/router.go:123.27,126.5 2 1
github.com/daoneill/ollama-proxy/pkg/router/router.go:132.2,132.28 1 1
github.com/daoneill/ollama-proxy/pkg/router/router.go:132.28,134.27 2 1
github.com/daoneill/ollama-proxy/pkg/router/router.go:134.27,137.36 2 1
github.com/daoneill/ollama-proxy/pkg/router/router.go:137.36,139.5 1 1
github.com/daoneill/ollama-proxy/pkg/router/router.go:140.4,140.37 1 1
github.com/daoneill/ollama-proxy/pkg/router/router.go:140.37,142.5 1 0
github.com/daoneill/ollama-proxy/pkg/router/router.go:143.4,143.35 1 1
github.com/daoneill/ollama-proxy/pkg/router/router.go:143.35,145.5 1 0
github.com/daoneill/ollama-proxy/pkg/router/router.go:146.4,146.32 1 1
github.com/daoneill/ollama-proxy/pkg/router/router.go:146.32,148.5 1 1
github.com/daoneill/ollama-proxy/pkg/router/router.go:150.4,151.28 2 1
github.com/daoneill/ollama-proxy/pkg/router/router.go:151.28,153.5 1 1
github.com/daoneill/ollama-proxy/pkg/router/router.go:154.4,156.40 2 1
github.com/daoneill/ollama-proxy/pkg/router/router.go:160.3,165.23 4 1
github.com/daoneill/ollama-proxy/pkg/router/router.go:169.2,184.8 3 1
github.com/daoneill/ollama-proxy/pkg/router/router.go:195.89,198.37 2 1
github.com/daoneill/ollama-proxy/pkg/router/router.go:198.37,200.27 1 1
github.com/daoneill/ollama-proxy/pkg/router/router.go:200.27,201.12 1 1
github.com/daoneill/ollama-proxy/pkg/router/router.go:205.3,205.35 1 1
github.com/daoneill/ollama-proxy/pkg/router/router.go:205.35,206.57 1 1
github.com/daoneill/ollama-proxy/pkg/router/router.go:206.57,207.13 1 1
github.com/daoneill/ollama-proxy/pkg/router/router.go:212.3,212.36 1 1
github.com/daoneill/ollama-proxy/pkg/router/router.go:212.36,213.65 1 1
github.com/daoneill/ollama-proxy/pkg/router/router.go:213.65,214.13 1 1
github.com/daoneill/ollama-proxy/pkg/router/router.go:218.3,218.43 1 1
github.com/daoneill/ollama-proxy/pkg/router/router.go:221.2,221.19 1 1
github.com/daoneill/ollama-proxy/pkg/router/router.go:225.117,228.37 2 1
github.com/daoneill/ollama-proxy/pkg/router/router.go:228.37,236.52 4 1
github.com/daoneill/ollama-proxy/pkg/router/router.go:236.52,242.35 3 1
github.com/daoneill/ollama-proxy/pkg/router/router.go:242.35,244.5 1 1
github.com/daoneill/ollama-proxy/pkg/router/router.go:248.3,248.56 1 1
github.com/daoneill/ollama-proxy/pkg/router/router.go:248.56,254.41 3 1
github.com/daoneill/ollama-proxy/pkg/router/router.go:254.41,256.5 1 1
github.com/daoneill/ollama-proxy/pkg/router/router.go:260.3,260.73 1 1
github.com/daoneill/ollama-proxy/pkg/router/router.go:260.73,266.4 4 1
github.com/daoneill/ollama-proxy/pkg/router/router.go:269.3,272.21 4 1
github.com/daoneill/ollama-proxy/pkg/router/router.go:272.21,274.4 1 0
github.com/daoneill/ollama-proxy/pkg/router/router.go:277.3,277.56 1 1
github.com/daoneill/ollama-proxy/pkg/router/router.go:277.56,280.4 2 1
github.com/daoneill/ollama-proxy/pkg/router/router.go:280.9,280.59 1 1
github.com/daoneill/ollama-proxy/pkg/router/router.go:280.59,283.4 2 0
github.com/daoneill/ollama-proxy/pkg/router/router.go:285.3,285.24 1 1
github.com/daoneill/ollama-proxy/pkg/router/router.go:285.24,287.4 1 0
github.com/daoneill/ollama-proxy/pkg/router/router.go:289.3,293.5 1 1
github.com/daoneill/ollama-proxy/pkg/router/router.go:297.2,297.41 1 1
github.com/daoneill/ollama-proxy/pkg/router/router.go:297.41,299.3 1 1
github.com/daoneill/ollama-proxy/pkg/router/router.go:301.2,301.15 1 1
github.com/daoneill/ollama-proxy/pkg/router/router.go:305.61,307.38 2 1
github.com/daoneill/ollama-proxy/pkg/router/router.go:307.38,308.45 1 1
github.com/daoneill/ollama-proxy/pkg/router/router.go:308.45,310.4 1 1
github.com/daoneill/ollama-proxy/pkg/router/router.go:312.2,312.21 1 1
github.com/daoneill/ollama-proxy/pkg/router/router.go:316.142,322.37 4 1
github.com/daoneill/ollama-proxy/pkg/router/router.go:322.37,324.3 1 1
github.com/daoneill/ollama-proxy/pkg/router/router.go:327.2,328.38 2 1
github.com/daoneill/ollama-proxy/pkg/router/router.go:328.38,329.18 1 1
github.com/daoneill/ollama-proxy/pkg/router/router.go:329.18,330.12 1 1
github.com/daoneill/ollama-proxy/pkg/router/router.go:332.3,332.26 1 1
github.com/daoneill/ollama-proxy/pkg/router/router.go:332.26,334.4 1 1
github.com/daoneill/ollama-proxy/pkg/router/router.go:337.2,337.26 1 1
github.com/daoneill/ollama-proxy/pkg/router/router.go:337.26,339.3 1 1
github.com/daoneill/ollama-proxy/pkg/router/router.go:342.2,351.8 3 1
github.com/daoneill/ollama-proxy/pkg/router/router.go:355.70,360.38 4 1
github.com/daoneill/ollama-proxy/pkg/router/router.go:360.38,362.3 1 1
github.com/daoneill/ollama-proxy/pkg/router/router.go:363.2,363.16 1 1
github.com/daoneill/ollama-proxy/pkg/router/router.go:367.49,372.37 4 1
github.com/daoneill/ollama-proxy/pkg/router/router.go:372.37,373.26 1 1
github.com/daoneill/ollama-proxy/pkg/router/router.go:373.26,375.4 1 1
github.com/daoneill/ollama-proxy/pkg/router/router.go:378.2,382.3 1 1
github.com/daoneill/ollama-proxy/pkg/router/thermal_routing.go:20.90,26.2 1 1
github.com/daoneill/ollama-proxy/pkg/router/thermal_routing.go:29.128,32.2 1 1
github.com/daoneill/ollama-proxy/pkg/router/thermal_routing.go:40.29,55.31 9 1
github.com/daoneill/ollama-proxy/pkg/router/thermal_routing.go:55.31,57.71 1 0
github.com/daoneill/ollama-proxy/pkg/router/thermal_routing.go:57.71,66.4 5 0
github.com/daoneill/ollama-proxy/pkg/router/thermal_routing.go:68.3,68.32 1 0
github.com/daoneill/ollama-proxy/pkg/router/thermal_routing.go:68.32,71.4 1 0
github.com/daoneill/ollama-proxy/pkg/router/thermal_routing.go:74.2,79.30 3 1
github.com/daoneill/ollama-proxy/pkg/router/thermal_routing.go:79.30,81.3 1 0
github.com/daoneill/ollama-proxy/pkg/router/thermal_routing.go:83.2,88.27 3 1
github.com/daoneill/ollama-proxy/pkg/router/thermal_routing.go:88.27,90.3 1 0
github.com/daoneill/ollama-proxy/pkg/router/thermal_routing.go:93.2,100.25 5 1
github.com/daoneill/ollama-proxy/pkg/router/thermal_routing.go:100.25,103.3 1 0
github.com/daoneill/ollama-proxy/pkg/router/thermal_routing.go:105.2,120.8 2 1
github.com/daoneill/ollama-proxy/pkg/router/thermal_routing.go:124.80,125.17 1 1
github.com/daoneill/ollama-proxy/pkg/router/thermal_routing.go:125.17,128.33 2 1
github.com/daoneill/ollama-proxy/pkg/router/thermal_routing.go:128.33,129.21 1 1
github.com/daoneill/ollama-proxy/pkg/router/thermal_routing.go:129.21,131.5 1 1
github.com/daoneill/ollama-proxy/pkg/router/thermal_routing.go:133.3,133.13 1 1
github.com/daoneill/ollama-proxy/pkg/router/thermal_routing.go:136.2,137.38 2 1
github.com/daoneill/ollama-proxy/pkg/router/thermal_routing.go:137.38,138.27 1 1
github.com/daoneill/ollama-proxy/pkg/router/thermal_routing.go:138.27,139.12 1 0
github.com/daoneill/ollama-proxy/pkg/router/thermal_routing.go:142.3,142.35 1 1
github.com/daoneill/ollama-proxy/pkg/router/thermal_routing.go:142.35,144.4 1 1
github.com/daoneill/ollama-proxy/pkg/router/thermal_routing.go:147.2,147.19 1 1
github.com/daoneill/ollama-proxy/pkg/router/thermal_routing.go:151.98,154.37 2 1
github.com/daoneill/ollama-proxy/pkg/router/thermal_routing.go:154.37,156.62 2 1
github.com/daoneill/ollama-proxy/pkg/router/thermal_routing.go:156.62,158.4 1 1
github.com/daoneill/ollama-proxy/pkg/router/thermal_routing.go:161.2,161.16 1 1
github.com/daoneill/ollama-proxy/pkg/router/thermal_routing.go:165.131,168.37 2 1
github.com/daoneill/ollama-proxy/pkg/router/thermal_routing.go:168.37,170.35 1 1
github.com/daoneill/ollama-proxy/pkg/router/thermal_routing.go:170.35,171.57 1 1
github.com/daoneill/ollama-proxy/pkg/router/thermal_routing.go:171.57,172.13 1 1
github.com/daoneill/ollama-proxy/pkg/router/thermal_routing.go:177.3,177.36 1 1
github.com/daoneill/ollama-proxy/pkg/router/thermal_routing.go:177.36,178.65 1 1
github.com/daoneill/ollama-proxy/pkg/router/thermal_routing.go:178.65,179.13 1 1
github.com/daoneill/ollama-proxy/pkg/router/thermal_routing.go:183.3,183.39 1 1
github.com/daoneill/ollama-proxy/pkg/router/thermal_routing.go:186.2,186.17 1 1
github.com/daoneill/ollama-proxy/pkg/router/thermal_routing.go:194.20,200.37 3 1
github.com/daoneill/ollama-proxy/pkg/router/thermal_routing.go:200.37,208.29 4 1
github.com/daoneill/ollama-proxy/pkg/router/thermal_routing.go:208.29,212.4 3 0
github.com/daoneill/ollama-proxy/pkg/router/thermal_routing.go:214.3,214.27 1 1
github.com/daoneill/ollama-proxy/pkg/router/thermal_routing.go:214.27,218.4 3 0
github.com/daoneill/ollama-proxy/pkg/router/thermal_routing.go:221.3,221.34 1 1
github.com/daoneill/ollama-proxy/pkg/router/thermal_routing.go:221.34,225.4 3 0
github.com/daoneill/ollama-proxy/pkg/router/thermal_routing.go:227.3,227.57 1 1
github.com/daoneill/ollama-proxy/pkg/router/thermal_routing.go:227.57,231.4 3 0
github.com/daoneill/ollama-proxy/pkg/router/thermal_routing.go:234.3,237.27 3 1
github.com/daoneill/ollama-proxy/pkg/router/thermal_routing.go:237.27,239.4 1 0
github.com/daoneill/ollama-proxy/pkg/router/thermal_routing.go:242.3,242.18 1 1
github.com/daoneill/ollama-proxy/pkg/router/thermal_routing.go:242.18,244.59 2 0
github.com/daoneill/ollama-proxy/pkg/router/thermal_routing.go:244.59,247.5 2 0
github.com/daoneill/ollama-proxy/pkg/router/thermal_routing.go:251.3,251.125 1 1
github.com/daoneill/ollama-proxy/pkg/router/thermal_routing.go:251.125,256.4 4 1
github.com/daoneill/ollama-proxy/pkg/router/thermal_routing.go:258.3,258.24 1 1
github.com/daoneill/ollama-proxy/pkg/router/thermal_routing.go:258.24,260.4 1 0
github.com/daoneill/ollama-proxy/pkg/router/thermal_routing.go:262.3,266.5 1 1
github.com/daoneill/ollama-proxy/pkg/router/thermal_routing.go:270.2,272.15 2 1
github.com/daoneill/ollama-proxy/pkg/router/thermal_routing.go:276.104,279.38 2 1
github.com/daoneill/ollama-proxy/pkg/router/thermal_routing.go:279.38,281.27 1 1
github.com/daoneill/ollama-proxy/pkg/router/thermal_routing.go:281.27,282.12 1 1
github.com/daoneill/ollama-proxy/pkg/router/thermal_routing.go:286.3,287.63 2 1
github.com/daoneill/ollama-proxy/pkg/router/thermal_routing.go:287.63,288.12 1 0
github.com/daoneill/ollama-proxy/pkg/router/thermal_routing.go:292.3,292.35 1 1
github.com/daoneill/ollama-proxy/pkg/router/thermal_routing.go:292.35,293.57 1 1
github.com/daoneill/ollama-proxy/pkg/router/thermal_routing.go:293.57,294.13 1 1
github.com/daoneill/ollama-proxy/pkg/router/thermal_routing.go:299.3,299.36 1 1
github.com/daoneill/ollama-proxy/pkg/router/thermal_routing.go:299.36,300.65 1 0
github.com/daoneill/ollama-proxy/pkg/router/thermal_routing.go:300.65,301.13 1 0
github.com/daoneill/ollama-proxy/pkg/router/thermal_routing.go:305.3,305.43 1 1
github.com/daoneill/ollama-proxy/pkg/router/thermal_routing.go:308.2,308.19 1 1
github.com/daoneill/ollama-proxy/pkg/router/thermal_routing.go:312.132,318.37 3 1
github.com/daoneill/ollama-proxy/pkg/router/thermal_routing.go:318.37,326.53 4 1
github.com/daoneill/ollama-proxy/pkg/router/thermal_routing.go:326.53,329.35 3 1
github.com/daoneill/ollama-proxy/pkg/router/thermal_routing.go:329.35,331.5 1 1
github.com/daoneill/ollama-proxy/pkg/router/thermal_routing.go:335.3,335.57 1 1
github.com/daoneill/ollama-proxy/pkg/router/thermal_routing.go:335.57,338.41 3 1
github.com/daoneill/ollama-proxy/pkg/router/thermal_routing.go:338.41,340.5 1 1
github.com/daoneill/ollama-proxy/pkg/router/thermal_routing.go:344.3,347.27 3 1
github.com/daoneill/ollama-proxy/pkg/router/thermal_routing.go:347.27,349.4 1 0
github.com/daoneill/ollama-proxy/pkg/router/thermal_routing.go:352.3,352.18 1 1
github.com/daoneill/ollama-proxy/pkg/router/thermal_routing.go:352.18,354.59 2 0
github.com/daoneill/ollama-proxy/pkg/router/thermal_routing.go:354.59,357.5 2 0
github.com/daoneill/ollama-proxy/pkg/router/thermal_routing.go:361.3,361.73 1 1
github.com/daoneill/ollama-proxy/pkg/router/thermal_routing.go:361.73,366.4 4 1
github.com/daoneill/ollama-proxy/pkg/router/thermal_routing.go:368.3,368.24 1 1
github.com/daoneill/ollama-proxy/pkg/router/thermal_routing.go:368.24,370.4 1 0
github.com/daoneill/ollama-proxy/pkg/router/thermal_routing.go:372.3,376.5 1 1
github.com/daoneill/ollama-proxy/pkg/router/thermal_routing.go:380.2,382.15 2 1
github.com/daoneill/ollama-proxy/pkg/router/thermal_routing.go:391.29,395.38 2 0
github.com/daoneill/ollama-proxy/pkg/router/thermal_routing.go:395.38,397.31 2 0
github.com/daoneill/ollama-proxy/pkg/router/thermal_routing.go:397.31,398.57 1 0
github.com/daoneill/ollama-proxy/pkg/router/thermal_routing.go:398.57,400.5 1 0
github.com/daoneill/ollama-proxy/pkg/router/thermal_routing.go:404.2,404.28 1 0
github.com/daoneill/ollama-proxy/pkg/router/thermal_routing.go:404.28,407.3 1 0
github.com/daoneill/ollama-proxy/pkg/router/thermal_routing.go:409.2,412.38 2 0
github.com/daoneill/ollama-proxy/pkg/router/thermal_routing.go:412.38,413.59 1 0
github.com/daoneill/ollama-proxy/pkg/router/thermal_routing.go:413.59,425.4 3 0
github.com/daoneill/ollama-proxy/pkg/router/thermal_routing.go:428.2,428.65 1 0
github.com/daoneill/ollama-proxy/pkg/router/thermal_routing.go:432.78,434.2 1 1
github.com/daoneill/ollama-proxy/pkg/router/thermal_routing.go:437.42,439.35 1 1
github.com/daoneill/ollama-proxy/pkg/router/thermal_routing.go:439.35,440.40 1 1
github.com/daoneill/ollama-proxy/pkg/router/thermal_routing.go:440.40,441.41 1 1
github.com/daoneill/ollama-proxy/pkg/router/thermal_routing.go:441.41,443.5 1 1
github.com/daoneill/ollama-proxy/pkg/router/forwarding_router.go:40.50,49.2 1 1
github.com/daoneill/ollama-proxy/pkg/router/forwarding_router.go:56.21,57.19 1 1
github.com/daoneill/ollama-proxy/pkg/router/forwarding_router.go:57.19,59.3 1 1
github.com/daoneill/ollama-proxy/pkg/router/forwarding_router.go:61.2,66.3 1 1
github.com/daoneill/ollama-proxy/pkg/router/forwarding_router.go:107.30,118.30 4 1
github.com/daoneill/ollama-proxy/pkg/router/forwarding_router.go:118.30,120.3 1 1
github.com/daoneill/ollama-proxy/pkg/router/forwarding_router.go:122.2,129.52 4 1
github.com/daoneill/ollama-proxy/pkg/router/forwarding_router.go:129.52,130.41 1 1
github.com/daoneill/ollama-proxy/pkg/router/forwarding_router.go:130.41,133.9 2 1
github.com/daoneill/ollama-proxy/pkg/router/forwarding_router.go:137.3,138.21 2 1
github.com/daoneill/ollama-proxy/pkg/router/forwarding_router.go:138.21,141.12 2 1
github.com/daoneill/ollama-proxy/pkg/router/forwarding_router.go:145.3,145.61 1 1
github.com/daoneill/ollama-proxy/pkg/router/forwarding_router.go:145.61,155.12 4 1
github.com/daoneill/ollama-proxy/pkg/router/forwarding_router.go:159.3,159.36 1 1
github.com/daoneill/ollama-proxy/pkg/router/forwarding_router.go:159.36,169.12 4 1
github.com/daoneill/ollama-proxy/pkg/router/forwarding_router.go:173.3,177.23 4 1
github.com/daoneill/ollama-proxy/pkg/router/forwarding_router.go:177.23,180.12 2 1
github.com/daoneill/ollama-proxy/pkg/router/forwarding_router.go:184.3,184.50 1 1
github.com/daoneill/ollama-proxy/pkg/router/forwarding_router.go:184.50,187.4 2 1
github.com/daoneill/ollama-proxy/pkg/router/forwarding_router.go:189.3,194.60 2 1
github.com/daoneill/ollama-proxy/pkg/router/forwarding_router.go:194.60,205.9 6 1
github.com/daoneill/ollama-proxy/pkg/router/forwarding_router.go:209.3,211.58 1 1
github.com/daoneill/ollama-proxy/pkg/router/forwarding_router.go:215.2,215.86 1 1
github.com/daoneill/ollama-proxy/pkg/router/forwarding_router.go:215.86,224.3 5 1
github.com/daoneill/ollama-proxy/pkg/router/forwarding_router.go:227.2,227.32 1 1
github.com/daoneill/ollama-proxy/pkg/router/forwarding_router.go:227.32,229.3 1 1
github.com/daoneill/ollama-proxy/pkg/router/forwarding_router.go:231.2,233.20 2 1
github.com/daoneill/ollama-proxy/pkg/router/forwarding_router.go:244.22,259.16 5 1
github.com/daoneill/ollama-proxy/pkg/router/forwarding_router.go:259.16,263.3 3 1
github.com/daoneill/ollama-proxy/pkg/router/forwarding_router.go:265.2,277.16 5 1
github.com/daoneill/ollama-proxy/pkg/router/forwarding_router.go:281.72,288.25 2 1
github.com/daoneill/ollama-proxy/pkg/router/forwarding_router.go:288.25,290.3 1 1
github.com/daoneill/ollama-proxy/pkg/router/forwarding_router.go:293.2,301.13 4 1
github.com/daoneill/ollama-proxy/pkg/router/forwarding_router.go:305.76,307.49 1 1
github.com/daoneill/ollama-proxy/pkg/router/forwarding_router.go:307.49,308.32 1 1
github.com/daoneill/ollama-proxy/pkg/router/forwarding_router.go:308.32,310.4 1 1
github.com/daoneill/ollama-proxy/pkg/router/forwarding_router.go:314.2,314.29 1 1
github.com/daoneill/ollama-proxy/pkg/router/forwarding_router.go:314.29,315.60 1 1
github.com/daoneill/ollama-proxy/pkg/router/forwarding_router.go:315.60,316.33 1 1
github.com/daoneill/ollama-proxy/pkg/router/forwarding_router.go:316.33,318.5 1 1
github.com/daoneill/ollama-proxy/pkg/router/forwarding_router.go:322.2,322.12 1 1
github.com/daoneill/ollama-proxy/pkg/router/forwarding_router.go:326.38,331.40 2 1
github.com/daoneill/ollama-proxy/pkg/router/forwarding_router.go:331.40,332.31 1 1
github.com/daoneill/ollama-proxy/pkg/router/forwarding_router.go:332.31,334.4 1 1
github.com/daoneill/ollama-proxy/pkg/router/forwarding_router.go:337.2,337.14 1 1
github.com/daoneill/ollama-proxy/pkg/router/forwarding_router.go:341.38,348.2 1 1
github.com/daoneill/ollama-proxy/pkg/router/forwarding_router.go:350.42,351.43 1 1
github.com/daoneill/ollama-proxy/pkg/router/forwarding_router.go:351.43,352.35 1 1
github.com/daoneill/ollama-proxy/pkg/router/forwarding_router.go:352.35,354.4 1 1
github.com/daoneill/ollama-proxy/pkg/router/forwarding_router.go:356.2,356.14 1 1
github.com/daoneill/ollama-proxy/pkg/router/forwarding_router.go:367.52,373.43 2 1
github.com/daoneill/ollama-proxy/pkg/router/forwarding_router.go:373.43,375.21 2 1
github.com/daoneill/ollama-proxy/pkg/router/forwarding_router.go:375.21,376.12 1 1
github.com/daoneill/ollama-proxy/pkg/router/forwarding_router.go:380.3,380.61 1 1
github.com/daoneill/ollama-proxy/pkg/router/forwarding_router.go:380.61,381.12 1 1
github.com/daoneill/ollama-proxy/pkg/router/forwarding_router.go:385.3,385.36 1 1
github.com/daoneill/ollama-proxy/pkg/router/forwarding_router.go:385.36,386.12 1 1
github.com/daoneill/ollama-proxy/pkg/router/forwarding_router.go:390.3,392.53 2 1
github.com/daoneill/ollama-proxy/pkg/router/forwarding_router.go:392.53,400.18 3 1
github.com/daoneill/ollama-proxy/pkg/router/forwarding_router.go:400.18,402.13 1 1
github.com/daoneill/ollama-proxy/pkg/router/forwarding_router.go:405.4,405.31 1 1
github.com/daoneill/ollama-proxy/pkg/router/forwarding_router.go:409.2,409.72 1 1
github.com/daoneill/ollama-proxy/pkg/router/forwarding_router.go:413.62,415.2 1 1
github.com/daoneill/ollama-proxy/pkg/router/forwarding_router.go:418.65,420.2 1 1
github.com/daoneill/ollama-proxy/pkg/router/queue.go:26.38,30.2 1 1
github.com/daoneill/ollama-proxy/pkg/router/queue.go:34.89,39.13 4 1
github.com/daoneill/ollama-proxy/pkg/router/queue.go:39.13,41.3 1 1
github.com/daoneill/ollama-proxy/pkg/router/queue.go:43.2,49.52 4 1
github.com/daoneill/ollama-proxy/pkg/router/queue.go:49.52,51.3 1 1
github.com/daoneill/ollama-proxy/pkg/router/queue.go:53.2,53.17 1 1
github.com/daoneill/ollama-proxy/pkg/router/queue.go:57.64,62.13 4 1
github.com/daoneill/ollama-proxy/pkg/router/queue.go:62.13,64.3 1 1
github.com/daoneill/ollama-proxy/pkg/router/queue.go:66.2,69.22 3 1
github.com/daoneill/ollama-proxy/pkg/router/queue.go:73.71,78.13 4 1
github.com/daoneill/ollama-proxy/pkg/router/queue.go:78.13,80.3 1 1
github.com/daoneill/ollama-proxy/pkg/router/queue.go:82.2,85.29 3 1
github.com/daoneill/ollama-proxy/pkg/router/queue.go:89.88,92.13 3 1
github.com/daoneill/ollama-proxy/pkg/router/queue.go:92.13,97.3 2 1
github.com/daoneill/ollama-proxy/pkg/router/queue.go:98.2,102.47 4 1
github.com/daoneill/ollama-proxy/pkg/router/queue.go:102.47,104.3 1 1
github.com/daoneill/ollama-proxy/pkg/router/queue.go:105.2,106.19 2 1
github.com/daoneill/ollama-proxy/pkg/router/queue.go:110.86,115.13 4 1
github.com/daoneill/ollama-proxy/pkg/router/queue.go:115.13,117.3 1 1
github.com/daoneill/ollama-proxy/pkg/router/queue.go:119.2,121.23 3 1
github.com/daoneill/ollama-proxy/pkg/router/queue.go:121.23,123.3 1 1
github.com/daoneill/ollama-proxy/pkg/router/queue.go:125.2,125.47 1 1
github.com/daoneill/ollama-proxy/pkg/router/queue.go:125.47,127.41 2 1
github.com/daoneill/ollama-proxy/pkg/router/queue.go:127.41,129.4 1 1
github.com/daoneill/ollama-proxy/pkg/router/queue.go:132.2,133.19 2 1
github.com/daoneill/ollama-proxy/pkg/router/queue.go:137.66,142.42 4 1
github.com/daoneill/ollama-proxy/pkg/router/queue.go:142.42,151.3 3 1
github.com/daoneill/ollama-proxy/pkg/router/queue.go:153.2,153.14 1 1
github.com/daoneill/ollama-proxy/pkg/router/queue.go:172.131,175.2 2 1
github.com/daoneill/ollama-proxy/pkg/router/queue.go:178.132,180.16 2 1
github.com/daoneill/ollama-proxy/pkg/router/queue.go:180.16,183.3 2 1
github.com/daoneill/ollama-proxy/pkg/router/queue.go:186.2,188.19 1 1
github.com/daoneill/ollama-proxy/pkg/router/queue.go:188.19,190.4 1 1
github.com/daoneill/ollama-proxy/pkg/router/queue.go:203.48,205.17 2 1
github.com/daoneill/ollama-proxy/pkg/router/queue.go:205.17,207.25 2 1
github.com/daoneill/ollama-proxy/pkg/router/queue.go:207.25,209.4 1 1
github.com/daoneill/ollama-proxy/pkg/router/queue.go:211.2,213.33 2 1
github.com/daoneill/ollama-proxy/pkg/router/router.go:53.36,61.2 1 1
github.com/daoneill/ollama-proxy/pkg/router/router.go:64.66,69.41 4 1
github.com/daoneill/ollama-proxy/pkg/router/router.go:69.41,71.3 1 1
github.com/daoneill/ollama-proxy/pkg/router/router.go:73.2,74.12 2 1
github.com/daoneill/ollama-proxy/pkg/router/router.go:78.65,84.2 4 1
github.com/daoneill/ollama-proxy/pkg/router/router.go:87.52,92.31 4 1
github.com/daoneill/ollama-proxy/pkg/router/router.go:92.31,94.3 1 1
github.com/daoneill/ollama-proxy/pkg/router/router.go:95.2,95.13 1 1
github.com/daoneill/ollama-proxy/pkg/router/router.go:99.113,101.52 1 1
github.com/daoneill/ollama-proxy/pkg/router/router.go:101.52,105.3 3 1
github.com/daoneill/ollama-proxy/pkg/router/router.go:108.2,108.9 1 1
github.com/daoneill/ollama-proxy/pkg/router/router.go:109.20,110.61 1 1
github.com/daoneill/ollama-proxy/pkg/router/router.go:111.10,111.10 0 1
github.com/daoneill/ollama-proxy/pkg/router/router.go:114.2,121.62 5 1
github.com/daoneill/ollama-proxy/pkg/router/router.go:121.62,122.64 1 1
github.com/daoneill/ollama-proxy/pkg/router/router.go:122.64,123.27 1 1
github.com/daoneill/ollama-proxy/pkg/router/router.go:123.27,126.5 2 1
github.com/daoneill/ollama-proxy/pkg/router/router.go:132.2,132.28 1 1
github.com/daoneill/ollama-proxy/pkg/router/router.go:132.28,134.27 2 1
github.com/daoneill/ollama-proxy/pkg/router/router.go:134.27,137.36 2 1
github.com/daoneill/ollama-proxy/pkg/router/router.go:137.36,139.5 1 1
github.com/daoneill/ollama-proxy/pkg/router/router.go:140.4,140.37 1 1
github.com/daoneill/ollama-proxy/pkg/router/router.go:140.37,142.5 1 0
github.com/daoneill/ollama-proxy/pkg/router/router.go:143.4,143.35 1 1
github.com/daoneill/ollama-proxy/pkg/router/router.go:143.35,145.5 1 0
github.com/daoneill/ollama-proxy/pkg/router/router.go:146.4,146.32 1 1
github.com/daoneill/ollama-proxy/pkg/router/router.go:146.32,148.5 1 1
github.com/daoneill/ollama-proxy/pkg/router/router.go:150.4,151.28 2 1
github.com/daoneill/ollama-proxy/pkg/router/router.go:151.28,153.5 1 1
github.com/daoneill/ollama-proxy/pkg/router/router.go:154.4,156.40 2 1
github.com/daoneill/ollama-proxy/pkg/router/router.go:160.3,165.23 4 1
github.com/daoneill/ollama-proxy/pkg/router/router.go:169.2,184.8 3 1
github.com/daoneill/ollama-proxy/pkg/router/router.go:195.89,198.37 2 1
github.com/daoneill/ollama-proxy/pkg/router/router.go:198.37,200.27 1 1
github.com/daoneill/ollama-proxy/pkg/router/router.go:200.27,201.12 1 1
github.com/daoneill/ollama-proxy/pkg/router/router.go:205.3,205.35 1 1
github.com/daoneill/ollama-proxy/pkg/router/router.go:205.35,206.57 1 1
github.com/daoneill/ollama-proxy/pkg/router/router.go:206.57,207.13 1 1
github.com/daoneill/ollama-proxy/pkg/router/router.go:212.3,212.36 1 1
github.com/daoneill/ollama-proxy/pkg/router/router.go:212.36,213.65 1 1
github.com/daoneill/ollama-proxy/pkg/router/router.go:213.65,214.13 1 1
github.com/daoneill/ollama-proxy/pkg/router/router.go:218.3,218.43 1 1
github.com/daoneill/ollama-proxy/pkg/router/router.go:221.2,221.19 1 1
github.com/daoneill/ollama-proxy/pkg/router/router.go:225.117,228.37 2 1
github.com/daoneill/ollama-proxy/pkg/router/router.go:228.37,236.52 4 1
github.com/daoneill/ollama-proxy/pkg/router/router.go:236.52,242.35 3 1
github.com/daoneill/ollama-proxy/pkg/router/router.go:242.35,244.5 1 1
github.com/daoneill/ollama-proxy/pkg/router/router.go:248.3,248.56 1 1
github.com/daoneill/ollama-proxy/pkg/router/router.go:248.56,254.41 3 1
github.com/daoneill/ollama-proxy/pkg/router/router.go:254.41,256.5 1 1
github.com/daoneill/ollama-proxy/pkg/router/router.go:260.3,260.73 1 1
github.com/daoneill/ollama-proxy/pkg/router/router.go:260.73,266.4 4 1
github.com/daoneill/ollama-proxy/pkg/router/router.go:269.3,272.21 4 1
github.com/daoneill/ollama-proxy/pkg/router/router.go:272.21,274.4 1 0
github.com/daoneill/ollama-proxy/pkg/router/router.go:277.3,277.56 1 1
github.com/daoneill/ollama-proxy/pkg/router/router.go:277.56,280.4 2 1
github.com/daoneill/ollama-proxy/pkg/router/router.go:280.9,280.59 1 1
github.com/daoneill/ollama-proxy/pkg/router/router.go:280.59,283.4 2 0
github.com/daoneill/ollama-proxy/pkg/router/router.go:285.3,285.24 1 1
github.com/daoneill/ollama-proxy/pkg/router/router.go:285.24,287.4 1 0
github.com/daoneill/ollama-proxy/pkg/router/router.go:289.3,293.5 1 1
github.com/daoneill/ollama-proxy/pkg/router/router.go:297.2,297.41 1 1
github.com/daoneill/ollama-proxy/pkg/router/router.go:297.41,299.3 1 1
github.com/daoneill/ollama-proxy/pkg/router/router.go:301.2,301.15 1 1
github.com/daoneill/ollama-proxy/pkg/router/router.go:305.61,307.38 2 1
github.com/daoneill/ollama-proxy/pkg/router/router.go:307.38,308.45 1 1
github.com/daoneill/ollama-proxy/pkg/router/router.go:308.45,310.4 1 1
github.com/daoneill/ollama-proxy/pkg/router/router.go:312.2,312.21 1 1
github.com/daoneill/ollama-proxy/pkg/router/router.go:316.142,322.37 4 1
github.com/daoneill/ollama-proxy/pkg/router/router.go:322.37,324.3 1 1
github.com/daoneill/ollama-proxy/pkg/router/router.go:327.2,328.38 2 1
github.com/daoneill/ollama-proxy/pkg/router/router.go:328.38,329.18 1 1
github.com/daoneill/ollama-proxy/pkg/router/router.go:329.18,330.12 1 1
github.com/daoneill/ollama-proxy/pkg/router/router.go:332.3,332.26 1 1
github.com/daoneill/ollama-proxy/pkg/router/router.go:332.26,334.4 1 1
github.com/daoneill/ollama-proxy/pkg/router/router.go:337.2,337.26 1 1
github.com/daoneill/ollama-proxy/pkg/router/router.go:337.26,339.3 1 1
github.com/daoneill/ollama-proxy/pkg/router/router.go:342.2,351.8 3 1
github.com/daoneill/ollama-proxy/pkg/router/router.go:355.70,360.38 4 1
github.com/daoneill/ollama-proxy/pkg/router/router.go:360.38,362.3 1 1
github.com/daoneill/ollama-proxy/pkg/router/router.go:363.2,363.16 1 1
github.com/daoneill/ollama-proxy/pkg/router/router.go:367.49,372.37 4 1
github.com/daoneill/ollama-proxy/pkg/router/router.go:372.37,373.26 1 1
github.com/daoneill/ollama-proxy/pkg/router/router.go:373.26,375.4 1 1
github.com/daoneill/ollama-proxy/pkg/router/router.go:378.2,382.3 1 1
github.com/daoneill/ollama-proxy/pkg/router/thermal_routing.go:20.90,26.2 1 1
github.com/daoneill/ollama-proxy/pkg/router/thermal_routing.go:29.128,32.2 1 1
github.com/daoneill/ollama-proxy/pkg/router/thermal_routing.go:40.29,55.31 9 1
github.com/daoneill/ollama-proxy/pkg/router/thermal_routing.go:55.31,57.71 1 0
github.com/daoneill/ollama-proxy/pkg/router/thermal_routing.go:57.71,66.4 5 0
github.com/daoneill/ollama-proxy/pkg/router/thermal_routing.go:68.3,68.32 1 0
github.com/daoneill/ollama-proxy/pkg/router/thermal_routing.go:68.32,71.4 1 0
github.com/daoneill/ollama-proxy/pkg/router/thermal_routing.go:74.2,79.30 3 1
github.com/daoneill/ollama-proxy/pkg/router/thermal_routing.go:79.30,81.3 1 0
github.com/daoneill/ollama-proxy/pkg/router/thermal_routing.go:83.2,88.27 3 1
github.com/daoneill/ollama-proxy/pkg/router/thermal_routing.go:88.27,90.3 1 0
github.com/daoneill/ollama-proxy/pkg/router/thermal_routing.go:93.2,100.25 5 1
github.com/daoneill/ollama-proxy/pkg/router/thermal_routing.go:100.25,103.3 1 0
github.com/daoneill/ollama-proxy/pkg/router/thermal_routing.go:105.2,120.8 2 1
github.com/daoneill/ollama-proxy/pkg/router/thermal_routing.go:124.80,125.17 1 1
github.com/daoneill/ollama-proxy/pkg/router/thermal_routing.go:125.17,128.33 2 1
github.com/daoneill/ollama-proxy/pkg/router/thermal_routing.go:128.33,129.21 1 1
github.com/daoneill/ollama-proxy/pkg/router/thermal_routing.go:129.21,131.5 1 1
github.com/daoneill/ollama-proxy/pkg/router/thermal_routing.go:133.3,133.13 1 1
github.com/daoneill/ollama-proxy/pkg/router/thermal_routing.go:136.2,137.38 2 1
github.com/daoneill/ollama-proxy/pkg/router/thermal_routing.go:137.38,138.27 1 1
github.com/daoneill/ollama-proxy/pkg/router/thermal_routing.go:138.27,139.12 1 0
github.com/daoneill/ollama-proxy/pkg/router/thermal_routing.go:142.3,142.35 1 1
github.com/daoneill/ollama-proxy/pkg/router/thermal_routing.go:142.35,144.4 1 1
github.com/daoneill/ollama-proxy/pkg/router/thermal_routing.go:147.2,147.19 1 1
github.com/daoneill/ollama-proxy/pkg/router/thermal_routing.go:151.98,154.37 2 1
github.com/daoneill/ollama-proxy/pkg/router/thermal_routing.go:154.37,156.62 2 1
github.com/daoneill/ollama-proxy/pkg/router/thermal_routing.go:156.62,158.4 1 1
github.com/daoneill/ollama-proxy/pkg/router/thermal_routing.go:161.2,161.16 1 1
github.com/daoneill/ollama-proxy/pkg/router/thermal_routing.go:165.131,168.37 2 1
github.com/daoneill/ollama-proxy/pkg/router/thermal_routing.go:168.37,170.35 1 1
github.com/daoneill/ollama-proxy/pkg/router/thermal_routing.go:170.35,171.57 1 1
github.com/daoneill/ollama-proxy/pkg/router/thermal_routing.go:171.57,172.13 1 1
github.com/daoneill/ollama-proxy/pkg/router/thermal_routing.go:177.3,177.36 1 1
github.com/daoneill/ollama-proxy/pkg/router/thermal_routing.go:177.36,178.65 1 1
github.com/daoneill/ollama-proxy/pkg/router/thermal_routing.go:178.65,179.13 1 1
github.com/daoneill/ollama-proxy/pkg/router/thermal_routing.go:183.3,183.39 1 1
github.com/daoneill/ollama-proxy/pkg/router/thermal_routing.go:186.2,186.17 1 1
github.com/daoneill/ollama-proxy/pkg/router/thermal_routing.go:194.20,200.37 3 1
github.com/daoneill/ollama-proxy/pkg/router/thermal_routing.go:200.37,208.29 4 1
github.com/daoneill/ollama-proxy/pkg/router/thermal_routing.go:208.29,212.4 3 0
github.com/daoneill/ollama-proxy/pkg/router/thermal_routing.go:214.3,214.27 1 1
github.com/daoneill/ollama-proxy/pkg/router/thermal_routing.go:214.27,218.4 3 0
github.com/daoneill/ollama-proxy/pkg/router/thermal_routing.go:221.3,221.34 1 1
github.com/daoneill/ollama-proxy/pkg/router/thermal_routing.go:221.34,225.4 3 0
github.com/daoneill/ollama-proxy/pkg/router/thermal_routing.go:227.3,227.57 1 1
github.com/daoneill/ollama-proxy/pkg/router/thermal_routing.go:227.57,231.4 3 0
github.com/daoneill/ollama-proxy/pkg/router/thermal_routing.go:234.3,237.27 3 1
github.com/daoneill/ollama-proxy/pkg/router/thermal_routing.go:237.27,239.4 1 0
github.com/daoneill/ollama-proxy/pkg/router/thermal_routing.go:242.3,242.18 1 1
github.com/daoneill/ollama-proxy/pkg/router/thermal_routing.go:242.18,244.59 2 0
github.com/daoneill/ollama-proxy/pkg/router/thermal_routing.go:244.59,247.5 2 0
github.com/daoneill/ollama-proxy/pkg/router/thermal_routing.go:251.3,251.125 1 1
github.com/daoneill/ollama-proxy/pkg/router/thermal_routing.go:251.125,256.4 4 1
github.com/daoneill/ollama-proxy/pkg/router/thermal_routing.go:258.3,258.24 1 1
github.com/daoneill/ollama-proxy/pkg/router/thermal_routing.go:258.24,260.4 1 0
github.com/daoneill/ollama-proxy/pkg/router/thermal_routing.go:262.3,266.5 1 1
github.com/daoneill/ollama-proxy/pkg/router/thermal_routing.go:270.2,272.15 2 1
github.com/daoneill/ollama-proxy/pkg/router/thermal_routing.go:276.104,279.38 2 1
github.com/daoneill/ollama-proxy/pkg/router/thermal_routing.go:279.38,281.27 1 1
github.com/daoneill/ollama-proxy/pkg/router/thermal_routing.go:281.27,282.12 1 1
github.com/daoneill/ollama-proxy/pkg/router/thermal_routing.go:286.3,287.63 2 1
github.com/daoneill/ollama-proxy/pkg/router/thermal_routing.go:287.63,288.12 1 0
github.com/daoneill/ollama-proxy/pkg/router/thermal_routing.go:292.3,292.35 1 1
github.com/daoneill/ollama-proxy/pkg/router/thermal_routing.go:292.35,293.57 1 1
github.com/daoneill/ollama-proxy/pkg/router/thermal_routing.go:293.57,294.13 1 1
github.com/daoneill/ollama-proxy/pkg/router/thermal_routing.go:299.3,299.36 1 1
github.com/daoneill/ollama-proxy/pkg/router/thermal_routing.go:299.36,300.65 1 0
github.com/daoneill/ollama-proxy/pkg/router/thermal_routing.go:300.65,301.13 1 0
github.com/daoneill/ollama-proxy/pkg/router/thermal_routing.go:305.3,305.43 1 1
github.com/daoneill/ollama-proxy/pkg/router/thermal_routing.go:308.2,308.19 1 1
github.com/daoneill/ollama-proxy/pkg/router/thermal_routing.go:312.132,318.37 3 1
github.com/daoneill/ollama-proxy/pkg/router/thermal_routing.go:318.37,326.53 4 1
github.com/daoneill/ollama-proxy/pkg/router/thermal_routing.go:326.53,329.35 3 1
github.com/daoneill/ollama-proxy/pkg/router/thermal_routing.go:329.35,331.5 1 1
github.com/daoneill/ollama-proxy/pkg/router/thermal_routing.go:335.3,335.57 1 1
github.com/daoneill/ollama-proxy/pkg/router/thermal_routing.go:335.57,338.41 3 1
github.com/daoneill/ollama-proxy/pkg/router/thermal_routing.go:338.41,340.5 1 1
github.com/daoneill/ollama-proxy/pkg/router/thermal_routing.go:344.3,347.27 3 1
github.com/daoneill/ollama-proxy/pkg/router/thermal_routing.go:347.27,349.4 1 0
github.com/daoneill/ollama-proxy/pkg/router/thermal_routing.go:352.3,352.18 1 1
github.com/daoneill/ollama-proxy/pkg/router/thermal_routing.go:352.18,354.59 2 0
github.com/daoneill/ollama-proxy/pkg/router/thermal_routing.go:354.59,357.5 2 0
github.com/daoneill/ollama-proxy/pkg/router/thermal_routing.go:361.3,361.73 1 1
github.com/daoneill/ollama-proxy/pkg/router/thermal_routing.go:361.73,366.4 4 1
github.com/daoneill/ollama-proxy/pkg/router/thermal_routing.go:368.3,368.24 1 1
github.com/daoneill/ollama-proxy/pkg/router/thermal_routing.go:368.24,370.4 1 0
github.com/daoneill/ollama-proxy/pkg/router/thermal_routing.go:372.3,376.5 1 1
github.com/daoneill/ollama-proxy/pkg/router/thermal_routing.go:380.2,382.15 2 1
github.com/daoneill/ollama-proxy/pkg/router/thermal_routing.go:391.29,395.38 2 0
github.com/daoneill/ollama-proxy/pkg/router/thermal_routing.go:395.38,397.31 2 0
github.com/daoneill/ollama-proxy/pkg/router/thermal_routing.go:397.31,398.57 1 0
github.com/daoneill/ollama-proxy/pkg/router/thermal_routing.go:398.57,400.5 1 0
github.com/daoneill/ollama-proxy/pkg/router/thermal_routing.go:404.2,404.28 1 0
github.com/daoneill/ollama-proxy/pkg/router/thermal_routing.go:404.28,407.3 1 0
github.com/daoneill/ollama-proxy/pkg/router/thermal_routing.go:409.2,412.38 2 0
github.com/daoneill/ollama-proxy/pkg/router/thermal_routing.go:412.38,413.59 1 0
github.com/daoneill/ollama-proxy/pkg/router/thermal_routing.go:413.59,425.4 3 0
github.com/daoneill/ollama-proxy/pkg/router/thermal_routing.go:428.2,428.65 1 0
github.com/daoneill/ollama-proxy/pkg/router/thermal_routing.go:432.78,434.2 1 1
github.com/daoneill/ollama-proxy/pkg/router/thermal_routing.go:437.42,439.35 1 1
github.com/daoneill/ollama-proxy/pkg/router/thermal_routing.go:439.35,440.40 1 1
github.com/daoneill/ollama-proxy/pkg/router/thermal_routing.go:440.40,441.41 1 1
github.com/daoneill/ollama-proxy/pkg/router/thermal_routing.go:441.41,443.5 1 1
github.com/daoneill/ollama-proxy/pkg/router/forwarding_router.go:40.50,49.2 1 1
github.com/daoneill/ollama-proxy/pkg/router/forwarding_router.go:56.21,57.19 1 1
github.com/daoneill/ollama-proxy/pkg/router/forwarding_router.go:57.19,59.3 1 1
github.com/daoneill/ollama-proxy/pkg/router/forwarding_router.go:61.2,66.3 1 1
github.com/daoneill/ollama-proxy/pkg/router/forwarding_router.go:107.30,118.30 4 1
github.com/daoneill/ollama-proxy/pkg/router/forwarding_router.go:118.30,120.3 1 1
github.com/daoneill/ollama-proxy/pkg/router/forwarding_router.go:122.2,129.52 4 1
github.com/daoneill/ollama-proxy/pkg/router/forwarding_router.go:129.52,130.41 1 1
github.com/daoneill/ollama-proxy/pkg/router/forwarding_router.go:130.41,133.9 2 1
github.com/daoneill/ollama-proxy/pkg/router/forwarding_router.go:137.3,138.21 2 1
github.com/daoneill/ollama-proxy/pkg/router/forwarding_router.go:138.21,141.12 2 1
github.com/daoneill/ollama-proxy/pkg/router/forwarding_router.go:145.3,145.61 1 1
github.com/daoneill/ollama-proxy/pkg/router/forwarding_router.go:145.61,155.12 4 1
github.com/daoneill/ollama-proxy/pkg/router/forwarding_router.go:159.3,159.36 1 1
github.com/daoneill/ollama-proxy/pkg/router/forwarding_router.go:159.36,169.12 4 1
github.com/daoneill/ollama-proxy/pkg/router/forwarding_router.go:173.3,177.23 4 1
github.com/daoneill/ollama-proxy/pkg/router/forwarding_router.go:177.23,180.12 2 1
github.com/daoneill/ollama-proxy/pkg/router/forwarding_router.go:184.3,184.50 1 1
github.com/daoneill/ollama-proxy/pkg/router/forwarding_router.go:184.50,187.4 2 1
github.com/daoneill/ollama-proxy/pkg/router/forwarding_router.go:189.3,194.60 2 1
github.com/daoneill/ollama-proxy/pkg/router/forwarding_router.go:194.60,205.9 6 1
github.com/daoneill/ollama-proxy/pkg/router/forwarding_router.go:209.3,211.58 1 1
github.com/daoneill/ollama-proxy/pkg/router/forwarding_router.go:215.2,215.86 1 1
github.com/daoneill/ollama-proxy/pkg/router/forwarding_router.go:215.86,224.3 5 1
github.com/daoneill/ollama-proxy/pkg/router/forwarding_router.go:227.2,227.32 1 1
github.com/daoneill/ollama-proxy/pkg/router/forwarding_router.go:227.32,229.3 1 1
github.com/daoneill/ollama-proxy/pkg/router/forwarding_router.go:231.2,233.20 2 1
github.com/daoneill/ollama-proxy/pkg/router/forwarding_router.go:244.22,259.16 5 1
github.com/daoneill/ollama-proxy/pkg/router/forwarding_router.go:259.16,263.3 3 1
github.com/daoneill/ollama-proxy/pkg/router/forwarding_router.go:265.2,277.16 5 1
github.com/daoneill/ollama-proxy/pkg/router/forwarding_router.go:281.72,288.25 2 1
github.com/daoneill/ollama-proxy/pkg/router/forwarding_router.go:288.25,290.3 1 1
github.com/daoneill/ollama-proxy/pkg/router/forwarding_router.go:293.2,301.13 4 1
github.com/daoneill/ollama-proxy/pkg/router/forwarding_router.go:305.76,307.49 1 1
github.com/daoneill/ollama-proxy/pkg/router/forwarding_router.go:307.49,308.32 1 1
github.com/daoneill/ollama-proxy/pkg/router/forwarding_router.go:308.32,310.4 1 1
github.com/daoneill/ollama-proxy/pkg/router/forwarding_router.go:314.2,314.29 1 1
github.com/daoneill/ollama-proxy/pkg/router/forwarding_router.go:314.29,315.60 1 1
github.com/daoneill/ollama-proxy/pkg/router/forwarding_router.go:315.60,316.33 1 1
github.com/daoneill/ollama-proxy/pkg/router/forwarding_router.go:316.33,318.5 1 1
github.com/daoneill/ollama-proxy/pkg/router/forwarding_router.go:322.2,322.12 1 1
github.com/daoneill/ollama-proxy/pkg/router/forwarding_router.go:326.38,331.40 2 1
github.com/daoneill/ollama-proxy/pkg/router/forwarding_router.go:331.40,332.31 1 1
github.com/daoneill/ollama-proxy/pkg/router/forwarding_router.go:332.31,334.4 1 1
github.com/daoneill/ollama-proxy/pkg/router/forwarding_router.go:337.2,337.14 1 1
github.com/daoneill/ollama-proxy/pkg/router/forwarding_router.go:341.38,348.2 1 1
github.com/daoneill/ollama-proxy/pkg/router/forwarding_router.go:350.42,351.43 1 1
github.com/daoneill/ollama-proxy/pkg/router/forwarding_router.go:351.43,352.35 1 1
github.com/daoneill/ollama-proxy/pkg/router/forwarding_router.go:352.35,354.4 1 1
github.com/daoneill/ollama-proxy/pkg/router/forwarding_router.go:356.2,356.14 1 1
github.com/daoneill/ollama-proxy/pkg/router/forwarding_router.go:367.52,373.43 2 1
github.com/daoneill/ollama-proxy/pkg/router/forwarding_router.go:373.43,375.21 2 1
github.com/daoneill/ollama-proxy/pkg/router/forwarding_router.go:375.21,376.12 1 1
github.com/daoneill/ollama-proxy/pkg/router/forwarding_router.go:380.3,380.61 1 1
github.com/daoneill/ollama-proxy/pkg/router/forwarding_router.go:380.61,381.12 1 1
github.com/daoneill/ollama-proxy/pkg/router/forwarding_router.go:385.3,385.36 1 1
github.com/daoneill/ollama-proxy/pkg/router/forwarding_router.go:385.36,386.12 1 1
github.com/daoneill/ollama-proxy/pkg/router/forwarding_router.go:390.3,392.53 2 1
github.com/daoneill/ollama-proxy/pkg/router/forwarding_router.go:392.53,400.18 3 1
github.com/daoneill/ollama-proxy/pkg/router/forwarding_router.go:400.18,402.13 1 1
github.com/daoneill/ollama-proxy/pkg/router/forwarding_router.go:405.4,405.31 1 1
github.com/daoneill/ollama-proxy/pkg/router/forwarding_router.go:409.2,409.72 1 1
github.com/daoneill/ollama-proxy/pkg/router/forwarding_router.go:413.62,415.2 1 1
github.com/daoneill/ollama-proxy/pkg/router/forwarding_router.go:418.65,420.2 1 1
github.com/daoneill/ollama-proxy/pkg/router/queue.go:26.38,30.2 1 1
github.com/daoneill/ollama-proxy/pkg/router/queue.go:34.89,39.13 4 1
github.com/daoneill/ollama-proxy/pkg/router/queue.go:39.13,41.3 1 1
github.com/daoneill/ollama-proxy/pkg/router/queue.go:43.2,49.52 4 1
github.com/daoneill/ollama-proxy/pkg/router/queue.go:49.52,51.3 1 1
github.com/daoneill/ollama-proxy/pkg/router/queue.go:53.2,53.17 1 1
github.com/daoneill/ollama-proxy/pkg/router/queue.go:57.64,62.13 4 1
github.com/daoneill/ollama-proxy/pkg/router/queue.go:62.13,64.3 1 1
github.com/daoneill/ollama-proxy/pkg/router/queue.go:66.2,69.22 3 1
github.com/daoneill/ollama-proxy/pkg/router/queue.go:73.71,78.13 4 1
github.com/daoneill/ollama-proxy/pkg/router/queue.go:78.13,80.3 1 1
github.com/daoneill/ollama-proxy/pkg/router/queue.go:82.2,85.29 3 1
github.com/daoneill/ollama-proxy/pkg/router/queue.go:89.88,92.13 3 1
github.com/daoneill/ollama-proxy/pkg/router/queue.go:92.13,97.3 2 1
github.com/daoneill/ollama-proxy/pkg/router/queue.go:98.2,102.47 4 1
github.com/daoneill/ollama-proxy/pkg/router/queue.go:102.47,104.3 1 1
github.com/daoneill/ollama-proxy/pkg/router/queue.go:105.2,106.19 2 1
github.com/daoneill/ollama-proxy/pkg/router/queue.go:110.86,115.13 4 1
github.com/daoneill/ollama-proxy/pkg/router/queue.go:115.13,117.3 1 1
github.com/daoneill/ollama-proxy/pkg/router/queue.go:119.2,121.23 3 1
github.com/daoneill/ollama-proxy/pkg/router/queue.go:121.23,123.3 1 1
github.com/daoneill/ollama-proxy/pkg/router/queue.go:125.2,125.47 1 1
github.com/daoneill/ollama-proxy/pkg/router/queue.go:125.47,127.41 2 1
github.com/daoneill/ollama-proxy/pkg/router/queue.go:127.41,129.4 1 1
github.com/daoneill/ollama-proxy/pkg/router/queue.go:132.2,133.19 2 1
github.com/daoneill/ollama-proxy/pkg/router/queue.go:137.66,142.42 4 1
github.com/daoneill/ollama-proxy/pkg/router/queue.go:142.42,151.3 3 1
github.com/daoneill/ollama-proxy/pkg/router/queue.go:153.2,153.14 1 1
github.com/daoneill/ollama-proxy/pkg/router/queue.go:172.131,175.2 2 1
github.com/daoneill/ollama-proxy/pkg/router/queue.go:178.132,180.16 2 1
github.com/daoneill/ollama-proxy/pkg/router/queue.go:180.16,183.3 2 1
github.com/daoneill/ollama-proxy/pkg/router/queue.go:186.2,188.19 1 1
github.com/daoneill/ollama-proxy/pkg/router/queue.go:188.19,190.4 1 1
github.com/daoneill/ollama-proxy/pkg/router/queue.go:203.48,205.17 2 1
github.com/daoneill/ollama-proxy/pkg/router/queue.go:205.17,207.25 2 1
github.com/daoneill/ollama-proxy/pkg/router/queue.go:207.25,209.4 1 1
github.com/daoneill/ollama-proxy/pkg/router/queue.go:211.2,213.33 2 1
github.com/daoneill/ollama-proxy/pkg/router/router.go:53.36,61.2 1 1
github.com/daoneill/ollama-proxy/pkg/router/router.go:64.66,69.41 4 1
github.com/daoneill/ollama-proxy/pkg/router/router.go:69.41,71.3 1 1
github.com/daoneill/ollama-proxy/pkg/router/router.go:73.2,74.12 2 1
github.com/daoneill/ollama-proxy/pkg/router/router.go:78.65,84.2 4 1
github.com/daoneill/ollama-proxy/pkg/router/router.go:87.52,92.31 4 1
github.com/daoneill/ollama-proxy/pkg/router/router.go:92.31,94.3 1 1
github.com/daoneill/ollama-proxy/pkg/router/router.go:95.2,95.13 1 1
github.com/daoneill/ollama-proxy/pkg/router/router.go:99.113,101.52 1 1
github.com/daoneill/ollama-proxy/pkg/router/router.go:101.52,105.3 3 1
github.com/daoneill/ollama-proxy/pkg/router/router.go:108.2,108.9 1 1
github.com/daoneill/ollama-proxy/pkg/router/router.go:109.20,110.61 1 1
github.com/daoneill/ollama-proxy/pkg/router/router.go:111.10,111.10 0 1
github.com/daoneill/ollama-proxy/pkg/router/router.go:114.2,121.62 5 1
github.com/daoneill/ollama-proxy/pkg/router/router.go:121.62,122.64 1 1
github.com/daoneill/ollama-proxy/pkg/router/router.go:122.64,123.27 1 1
github.com/daoneill/ollama-proxy/pkg/router/router.go:123.27,126.5 2 1
github.com/daoneill/ollama-proxy/pkg/router/router.go:132.2,132.28 1 1
github.com/daoneill/ollama-proxy/pkg/router/router.go:132.28,134.27 2 1
github.com/daoneill/ollama-proxy/pkg/router/router.go:134.27,137.36 2 1
github.com/daoneill/ollama-proxy/pkg/router/router.go:137.36,139.5 1 1
github.com/daoneill/ollama-proxy/pkg/router/router.go:140.4,140.37 1 1
github.com/daoneill/ollama-proxy/pkg/router/router.go:140.37,142.5 1 0
github.com/daoneill/ollama-proxy/pkg/router/router.go:143.4,143.35 1 1
github.com/daoneill/ollama-proxy/pkg/router/router.go:143.35,145.5 1 0
github.com/daoneill/ollama-proxy/pkg/router/router.go:146.4,146.32 1 1
github.com/daoneill/ollama-proxy/pkg/router/router.go:146.32,148.5 1 1
github.com/daoneill/ollama-proxy/pkg/router/router.go:150.4,151.28 2 1
github.com/daoneill/ollama-proxy/pkg/router/router.go:151.28,153.5 1 1
github.com/daoneill/ollama-proxy/pkg/router/router.go:154.4,156.40 2 1
github.com/daoneill/ollama-proxy/pkg/router/router.go:160.3,165.23 4 1
github.com/daoneill/ollama-proxy/pkg/router/router.go:169.2,184.8 3 1
github.com/daoneill/ollama-proxy/pkg/router/router.go:195.89,198.37 2 1
github.com/daoneill/ollama-proxy/pkg/router/router.go:198.37,200.27 1 1
github.com/daoneill/ollama-proxy/pkg/router/router.go:200.27,201.12 1 1
github.com/daoneill/ollama-proxy/pkg/router/router.go:205.3,205.35 1 1
github.com/daoneill/ollama-proxy/pkg/router/router.go:205.35,206.57 1 1
github.com/daoneill/ollama-proxy/pkg/router/router.go:206.57,207.13 1 1
github.com/daoneill/ollama-proxy/pkg/router/router.go:212.3,212.36 1 1
github.com/daoneill/ollama-proxy/pkg/router/router.go:212.36,213.65 1 1
github.com/daoneill/ollama-proxy/pkg/router/router.go:213.65,214.13 1 1
github.com/daoneill/ollama-proxy/pkg/router/router.go:218.3,218.43 1 1
github.com/daoneill/ollama-proxy/pkg/router/router.go:221.2,221.19 1 1
github.com/daoneill/ollama-proxy/pkg/router/router.go:225.117,228.37 2 1
github.com/daoneill/ollama-proxy/pkg/router/router.go:228.37,236.52 4 1
github.com/daoneill/ollama-proxy/pkg/router/router.go:236.52,242.35 3 1
github.com/daoneill/ollama-proxy/pkg/router/router.go:242.35,244.5 1 1
github.com/daoneill/ollama-proxy/pkg/router/router.go:248.3,248.56 1 1
github.com/daoneill/ollama-proxy/pkg/router/router.go:248.56,254.41 3 1
github.com/daoneill/ollama-proxy/pkg/router/router.go:254.41,256.5 1 1
github.com/daoneill/ollama-proxy/pkg/router/router.go:260.3,260.73 1 1
github.com/daoneill/ollama-proxy/pkg/router/router.go:260.73,266.4 4 1
github.com/daoneill/ollama-proxy/pkg/router/router.go:269.3,272.21 4 1
github.com/daoneill/ollama-proxy/pkg/router/router.go:272.21,274.4 1 0
github.com/daoneill/ollama-proxy/pkg/router/router.go:277.3,277.56 1 1
github.com/daoneill/ollama-proxy/pkg/router/router.go:277.56,280.4 2 1
github.com/daoneill/ollama-proxy/pkg/router/router.go:280.9,280.59 1 1
github.com/daoneill/ollama-proxy/pkg/router/router.go:280.59,283.4 2 0
github.com/daoneill/ollama-proxy/pkg/router/router.go:285.3,285.24 1 1
github.com/daoneill/ollama-proxy/pkg/router/router.go:285.24,287.4 1 0
github.com/daoneill/ollama-proxy/pkg/router/router.go:289.3,293.5 1 1
github.com/daoneill/ollama-proxy/pkg/router/router.go:297.2,297.41 1 1
github.com/daoneill/ollama-proxy/pkg/router/router.go:297.41,299.3 1 1
github.com/daoneill/ollama-proxy/pkg/router/router.go:301.2,301.15 1 1
github.com/daoneill/ollama-proxy/pkg/router/router.go:305.61,307.38 2 1
github.com/daoneill/ollama-proxy/pkg/router/router.go:307.38,308.45 1 1
github.com/daoneill/ollama-proxy/pkg/router/router.go:308.45,310.4 1 1
github.com/daoneill/ollama-proxy/pkg/router/router.go:312.2,312.21 1 1
github.com/daoneill/ollama-proxy/pkg/router/router.go:316.142,322.37 4 1
github.com/daoneill/ollama-proxy/pkg/router/router.go:322.37,324.3 1 1
github.com/daoneill/ollama-proxy/pkg/router/router.go:327.2,328.38 2 1
github.com/daoneill/ollama-proxy/pkg/router/router.go:328.38,329.18 1 1
github.com/daoneill/ollama-proxy/pkg/router/router.go:329.18,330.12 1 1
github.com/daoneill/ollama-proxy/pkg/router/router.go:332.3,332.26 1 1
github.com/daoneill/ollama-proxy/pkg/router/router.go:332.26,334.4 1 1
github.com/daoneill/ollama-proxy/pkg/router/router.go:337.2,337.26 1 1
github.com/daoneill/ollama-proxy/pkg/router/router.go:337.26,339.3 1 1
github.com/daoneill/ollama-proxy/pkg/router/router.go:342.2,351.8 3 1
github.com/daoneill/ollama-proxy/pkg/router/router.go:355.70,360.38 4 1
github.com/daoneill/ollama-proxy/pkg/router/router.go:360.38,362.3 1 1
github.com/daoneill/ollama-proxy/pkg/router/router.go:363.2,363.16 1 1
github.com/daoneill/ollama-proxy/pkg/router/router.go:367.49,372.37 4 1
github.com/daoneill/ollama-proxy/pkg/router/router.go:372.37,373.26 1 1
github.com/daoneill/ollama-proxy/pkg/router/router.go:373.26,375.4 1 1
github.com/daoneill/ollama-proxy/pkg/router/router.go:378.2,382.3 1 1
github.com/daoneill/ollama-proxy/pkg/router/thermal_routing.go:20.90,26.2 1 1
github.com/daoneill/ollama-proxy/pkg/router/thermal_routing.go:29.128,32.2 1 1
github.com/daoneill/ollama-proxy/pkg/router/thermal_routing.go:40.29,55.31 9 1
github.com/daoneill/ollama-proxy/pkg/router/thermal_routing.go:55.31,57.71 1 0
github.com/daoneill/ollama-proxy/pkg/router/thermal_routing.go:57.71,66.4 5 0
github.com/daoneill/ollama-proxy/pkg/router/thermal_routing.go:68.3,68.32 1 0
github.com/daoneill/ollama-proxy/pkg/router/thermal_routing.go:68.32,71.4 1 0
github.com/daoneill/ollama-proxy/pkg/router/thermal_routing.go:74.2,79.30 3 1
github.com/daoneill/ollama-proxy/pkg/router/thermal_routing.go:79.30,81.3 1 0
github.com/daoneill/ollama-proxy/pkg/router/thermal_routing.go:83.2,88.27 3 1
github.com/daoneill/ollama-proxy/pkg/router/thermal_routing.go:88.27,90.3 1 0
github.com/daoneill/ollama-proxy/pkg/router/thermal_routing.go:93.2,100.25 5 1
github.com/daoneill/ollama-proxy/pkg/router/thermal_routing.go:100.25,103.3 1 0
github.com/daoneill/ollama-proxy/pkg/router/thermal_routing.go:105.2,120.8 2 1
github.com/daoneill/ollama-proxy/pkg/router/thermal_routing.go:124.80,125.17 1 1
github.com/daoneill/ollama-proxy/pkg/router/thermal_routing.go:125.17,128.33 2 1
github.com/daoneill/ollama-proxy/pkg/router/thermal_routing.go:128.33,129.21 1 1
github.com/daoneill/ollama-proxy/pkg/router/thermal_routing.go:129.21,131.5 1 1
github.com/daoneill/ollama-proxy/pkg/router/thermal_routing.go:133.3,133.13 1 1
github.com/daoneill/ollama-proxy/pkg/router/thermal_routing.go:136.2,137.38 2 1
github.com/daoneill/ollama-proxy/pkg/router/thermal_routing.go:137.38,138.27 1 1
github.com/daoneill/ollama-proxy/pkg/router/thermal_routing.go:138.27,139.12 1 0
github.com/daoneill/ollama-proxy/pkg/router/thermal_routing.go:142.3,142.35 1 1
github.com/daoneill/ollama-proxy/pkg/router/thermal_routing.go:142.35,144.4 1 1
github.com/daoneill/ollama-proxy/pkg/router/thermal_routing.go:147.2,147.19 1 1
github.com/daoneill/ollama-proxy/pkg/router/thermal_routing.go:151.98,154.37 2 1
github.com/daoneill/ollama-proxy/pkg/router/thermal_routing.go:154.37,156.62 2 1
github.com/daoneill/ollama-proxy/pkg/router/thermal_routing.go:156.62,158.4 1 1
github.com/daoneill/ollama-proxy/pkg/router/thermal_routing.go:161.2,161.16 1 1
github.com/daoneill/ollama-proxy/pkg/router/thermal_routing.go:165.131,168.37 2 1
github.com/daoneill/ollama-proxy/pkg/router/thermal_routing.go:168.37,170.35 1 1
github.com/daoneill/ollama-proxy/pkg/router/thermal_routing.go:170.35,171.57 1 1
github.com/daoneill/ollama-proxy/pkg/router/thermal_routing.go:171.57,172.13 1 1
github.com/daoneill/ollama-proxy/pkg/router/thermal_routing.go:177.3,177.36 1 1
github.com/daoneill/ollama-proxy/pkg/router/thermal_routing.go:177.36,178.65 1 1
github.com/daoneill/ollama-proxy/pkg/router/thermal_routing.go:178.65,179.13 1 1
github.com/daoneill/ollama-proxy/pkg/router/thermal_routing.go:183.3,183.39 1 1
github.com/daoneill/ollama-proxy/pkg/router/thermal_routing.go:186.2,186.17 1 1
github.com/daoneill/ollama-proxy/pkg/router/thermal_routing.go:194.20,200.37 3 1
github.com/daoneill/ollama-proxy/pkg/router/thermal_routing.go:200.37,208.29 4 1
github.com/daoneill/ollama-proxy/pkg/router/thermal_routing.go:208.29,212.4 3 0
github.com/daoneill/ollama-proxy/pkg/router/thermal_routing.go:214.3,214.27 1 1
github.com/daoneill/ollama-proxy/pkg/router/thermal_routing.go:214.27,218.4 3 0
github.com/daoneill/ollama-proxy/pkg/router/thermal_routing.go:221.3,221.34 1 1
github.com/daoneill/ollama-proxy/pkg/router/thermal_routing.go:221.34,225.4 3 0
github.com/daoneill/ollama-proxy/pkg/router/thermal_routing.go:227.3,227.57 1 1
github.com/daoneill/ollama-proxy/pkg/router/thermal_routing.go:227.57,231.4 3 0
github.com/daoneill/ollama-proxy/pkg/router/thermal_routing.go:234.3,237.27 3 1
github.com/daoneill/ollama-proxy/pkg/router/thermal_routing.go:237.27,239.4 1 0
github.com/daoneill/ollama-proxy/pkg/router/thermal_routing.go:242.3,242.18 1 1
github.com/daoneill/ollama-proxy/pkg/router/thermal_routing.go:242.18,244.59 2 0
github.com/daoneill/ollama-proxy/pkg/router/thermal_routing.go:244.59,247.5 2 0
github.com/daoneill/ollama-proxy/pkg/router/thermal_routing.go:251.3,251.125 1 1
github.com/daoneill/ollama-proxy/pkg/router/thermal_routing.go:251.125,256.4 4 1
github.com/daoneill/ollama-proxy/pkg/router/thermal_routing.go:258.3,258.24 1 1
github.com/daoneill/ollama-proxy/pkg/router/thermal_routing.go:258.24,260.4 1 0
github.com/daoneill/ollama-proxy/pkg/router/thermal_routing.go:262.3,266.5 1 1
github.com/daoneill/ollama-proxy/pkg/router/thermal_routing.go:270.2,272.15 2 1
github.com/daoneill/ollama-proxy/pkg/router/thermal_routing.go:276.104,279.38 2 1
github.com/daoneill/ollama-proxy/pkg/router/thermal_routing.go:279.38,281.27 1 1
github.com/daoneill/ollama-proxy/pkg/router/thermal_routing.go:281.27,282.12 1 1
github.com/daoneill/ollama-proxy/pkg/router/thermal_routing.go:286.3,287.63 2 1
github.com/daoneill/ollama-proxy/pkg/router/thermal_routing.go:287.63,288.12 1 0
github.com/daoneill/ollama-proxy/pkg/router/thermal_routing.go:292.3,292.35 1 1
github.com/daoneill/ollama-proxy/pkg/router/thermal_routing.go:292.35,293.57 1 1
github.com/daoneill/ollama-proxy/pkg/router/thermal_routing.go:293.57,294.13 1 1
github.com/daoneill/ollama-proxy/pkg/router/thermal_routing.go:299.3,299.36 1 1
github.com/daoneill/ollama-proxy/pkg/router/thermal_routing.go:299.36,300.65 1 0
github.com/daoneill/ollama-proxy/pkg/router/thermal_routing.go:300.65,301.13 1 0
github.com/daoneill/ollama-proxy/pkg/router/thermal_routing.go:305.3,305.43 1 1
github.com/daoneill/ollama-proxy/pkg/router/thermal_routing.go:308.2,308.19 1 1
github.com/daoneill/ollama-proxy/pkg/router/thermal_routing.go:312.132,318.37 3 1
github.com/daoneill/ollama-proxy/pkg/router/thermal_routing.go:318.37,326.53 4 1
github.com/daoneill/ollama-proxy/pkg/router/thermal_routing.go:326.53,329.35 3 1
github.com/daoneill/ollama-proxy/pkg/router/thermal_routing.go:329.35,331.5 1 1
github.com/daoneill/ollama-proxy/pkg/router/thermal_routing.go:335.3,335.57 1 1
github.com/daoneill/ollama-proxy/pkg/router/thermal_routing.go:335.57,338.41 3 1
github.com/daoneill/ollama-proxy/pkg/router/thermal_routing.go:338.41,340.5 1 1
github.com/daoneill/ollama-proxy/pkg/router/thermal_routing.go:344.3,347.27 3 1
github.com/daoneill/ollama-proxy/pkg/router/thermal_routing.go:347.27,349.4 1 0
github.com/daoneill/ollama-proxy/pkg/router/thermal_routing.go:352.3,352.18 1 1
github.com/daoneill/ollama-proxy/pkg/router/thermal_routing.go:352.18,354.59 2 0
github.com/daoneill/ollama-proxy/pkg/router/thermal_routing.go:354.59,357.5 2 0
github.com/daoneill/ollama-proxy/pkg/router/thermal_routing.go:361.3,361.73 1 1
github.com/daoneill/ollama-proxy/pkg/router/thermal_routing.go:361.73,366.4 4 1
github.com/daoneill/ollama-proxy/pkg/router/thermal_routing.go:368.3,368.24 1 1
github.com/daoneill/ollama-proxy/pkg/router/thermal_routing.go:368.24,370.4 1 0
github.com/daoneill/ollama-proxy/pkg/router/thermal_routing.go:372.3,376.5 1 1
github.com/daoneill/ollama-proxy/pkg/router/thermal_routing.go:380.2,382.15 2 1
github.com/daoneill/ollama-proxy/pkg/router/thermal_routing.go:391.29,395.38 2 0
github.com/daoneill/ollama-proxy/pkg/router/thermal_routing.go:395.38,397.31 2 0
github.com/daoneill/ollama-proxy/pkg/router/thermal_routing.go:397.31,398.57 1 0
github.com/daoneill/ollama-proxy/pkg/router/thermal_routing.go:398.57,400.5 1 0
github.com/daoneill/ollama-proxy/pkg/router/thermal_routing.go:404.2,404.28 1 0
github.com/daoneill/ollama-proxy/pkg/router/thermal_routing.go:404.28,407.3 1 0
github.com/daoneill/ollama-proxy/pkg/router/thermal_routing.go:409.2,412.38 2 0
github.com/daoneill/ollama-proxy/pkg/router/thermal_routing.go:412.38,413.59 1 0
github.com/daoneill/ollama-proxy/pkg/router/thermal_routing.go:413.59,425.4 3 0
github.com/daoneill/ollama-proxy/pkg/router/thermal_routing.go:428.2,428.65 1 0
github.com/daoneill/ollama-proxy/pkg/router/thermal_routing.go:432.78,434.2 1 1
github.com/daoneill/ollama-proxy/pkg/router/thermal_routing.go:437.42,439.35 1 1
github.com/daoneill/ollama-proxy/pkg/router/thermal_routing.go:439.35,440.40 1 1
github.com/daoneill/ollama-proxy/pkg/router/thermal_routing.go:440.40,441.41 1 1
github.com/daoneill/ollama-proxy/pkg/router/thermal_routing.go:441.41,443.5 1 1
