mode: set
github.com/daoneill/ollama-proxy/pkg/circuit/breaker.go:22.32,23.11 1 1
github.com/daoneill/ollama-proxy/pkg/circuit/breaker.go:24.19,25.18 1 1
github.com/daoneill/ollama-proxy/pkg/circuit/breaker.go:26.17,27.16 1 1
github.com/daoneill/ollama-proxy/pkg/circuit/breaker.go:28.21,29.21 1 1
github.com/daoneill/ollama-proxy/pkg/circuit/breaker.go:30.10,31.19 1 0
github.com/daoneill/ollama-proxy/pkg/circuit/breaker.go:50.80,58.2 1 1
github.com/daoneill/ollama-proxy/pkg/circuit/breaker.go:61.55,65.27 2 1
github.com/daoneill/ollama-proxy/pkg/circuit/breaker.go:65.27,66.46 1 1
github.com/daoneill/ollama-proxy/pkg/circuit/breaker.go:66.46,71.4 4 1
github.com/daoneill/ollama-proxy/pkg/circuit/breaker.go:71.9,75.4 2 1
github.com/daoneill/ollama-proxy/pkg/circuit/breaker.go:79.2,79.31 1 1
github.com/daoneill/ollama-proxy/pkg/circuit/breaker.go:79.31,80.22 1 1
github.com/daoneill/ollama-proxy/pkg/circuit/breaker.go:80.22,84.4 2 0
github.com/daoneill/ollama-proxy/pkg/circuit/breaker.go:87.2,95.16 5 1
github.com/daoneill/ollama-proxy/pkg/circuit/breaker.go:95.16,99.32 3 1
github.com/daoneill/ollama-proxy/pkg/circuit/breaker.go:99.32,103.4 2 1
github.com/daoneill/ollama-proxy/pkg/circuit/breaker.go:103.9,103.43 1 1
github.com/daoneill/ollama-proxy/pkg/circuit/breaker.go:103.43,107.4 2 1
github.com/daoneill/ollama-proxy/pkg/circuit/breaker.go:109.3,109.13 1 1
github.com/daoneill/ollama-proxy/pkg/circuit/breaker.go:113.2,113.31 1 1
github.com/daoneill/ollama-proxy/pkg/circuit/breaker.go:113.31,115.37 2 1
github.com/daoneill/ollama-proxy/pkg/circuit/breaker.go:115.37,121.4 4 1
github.com/daoneill/ollama-proxy/pkg/circuit/breaker.go:122.8,122.36 1 1
github.com/daoneill/ollama-proxy/pkg/circuit/breaker.go:122.36,125.3 1 1
github.com/daoneill/ollama-proxy/pkg/circuit/breaker.go:127.2,127.12 1 1
github.com/daoneill/ollama-proxy/pkg/circuit/breaker.go:131.44,135.2 3 1
github.com/daoneill/ollama-proxy/pkg/circuit/breaker.go:138.45,142.2 3 1
github.com/daoneill/ollama-proxy/pkg/circuit/breaker.go:145.35,152.2 6 1
github.com/daoneill/ollama-proxy/pkg/policy/policy.go:54.26,58.2 1 1
github.com/daoneill/ollama-proxy/pkg/policy/policy.go:61.79,65.49 3 1
github.com/daoneill/ollama-proxy/pkg/policy/policy.go:65.49,67.3 1 1
github.com/daoneill/ollama-proxy/pkg/policy/policy.go:70.2,75.14 2 1
github.com/daoneill/ollama-proxy/pkg/policy/policy.go:76.16,79.30 3 1
github.com/daoneill/ollama-proxy/pkg/policy/policy.go:80.17,83.30 3 1
github.com/daoneill/ollama-proxy/pkg/policy/policy.go:84.19,87.31 3 1
github.com/daoneill/ollama-proxy/pkg/policy/policy.go:88.22,91.32 3 1
github.com/daoneill/ollama-proxy/pkg/policy/policy.go:94.2,95.15 2 1
github.com/daoneill/ollama-proxy/pkg/policy/policy.go:99.89,104.48 3 1
github.com/daoneill/ollama-proxy/pkg/policy/policy.go:104.48,108.3 3 1
github.com/daoneill/ollama-proxy/pkg/policy/policy.go:111.2,111.51 1 1
github.com/daoneill/ollama-proxy/pkg/policy/policy.go:111.51,114.3 2 1
github.com/daoneill/ollama-proxy/pkg/policy/policy.go:117.2,117.34 1 1
github.com/daoneill/ollama-proxy/pkg/policy/policy.go:117.34,118.51 1 1
github.com/daoneill/ollama-proxy/pkg/policy/policy.go:118.51,122.4 1 1
github.com/daoneill/ollama-proxy/pkg/policy/policy.go:126.2,126.55 1 1
github.com/daoneill/ollama-proxy/pkg/policy/policy.go:126.55,129.3 1 1
github.com/daoneill/ollama-proxy/pkg/policy/policy.go:132.2,132.34 1 1
github.com/daoneill/ollama-proxy/pkg/policy/policy.go:132.34,134.3 1 1
github.com/daoneill/ollama-proxy/pkg/policy/policy.go:135.2,137.12 2 1
github.com/daoneill/ollama-proxy/pkg/policy/policy.go:141.74,148.21 4 1
github.com/daoneill/ollama-proxy/pkg/policy/policy.go:148.21,150.3 1 1
github.com/daoneill/ollama-proxy/pkg/policy/policy.go:153.2,153.22 1 1
github.com/daoneill/ollama-proxy/pkg/policy/policy.go:153.22,155.3 1 1
github.com/daoneill/ollama-proxy/pkg/policy/policy.go:158.2,158.49 1 1
github.com/daoneill/ollama-proxy/pkg/policy/policy.go:158.49,160.3 1 1
github.com/daoneill/ollama-proxy/pkg/policy/policy.go:162.2,162.22 1 1
github.com/daoneill/ollama-proxy/pkg/policy/policy.go:166.65,172.2 4 1
github.com/daoneill/ollama-proxy/pkg/policy/policy.go:175.40,179.20 3 1
github.com/daoneill/ollama-proxy/pkg/policy/policy.go:179.20,181.3 1 1
github.com/daoneill/ollama-proxy/pkg/policy/policy.go:184.2,184.9 1 1
github.com/daoneill/ollama-proxy/pkg/policy/policy.go:185.32,186.11 1 1
github.com/daoneill/ollama-proxy/pkg/policy/policy.go:187.32,188.12 1 1
github.com/daoneill/ollama-proxy/pkg/policy/policy.go:189.32,190.12 1 1
github.com/daoneill/ollama-proxy/pkg/policy/policy.go:191.10,192.13 1 1
github.com/daoneill/ollama-proxy/pkg/policy/policy.go:197.40,205.28 5 1
github.com/daoneill/ollama-proxy/pkg/policy/policy.go:205.28,207.3 1 1
github.com/daoneill/ollama-proxy/pkg/policy/policy.go:210.2,210.47 1 0
github.com/daoneill/ollama-proxy/pkg/policy/policy.go:210.47,212.3 1 0
github.com/daoneill/ollama-proxy/pkg/policy/policy.go:214.2,214.14 1 0
github.com/daoneill/ollama-proxy/pkg/policy/policy.go:223.19,231.83 3 1
github.com/daoneill/ollama-proxy/pkg/policy/policy.go:231.83,235.3 2 1
github.com/daoneill/ollama-proxy/pkg/policy/policy.go:238.2,248.47 3 1
github.com/daoneill/ollama-proxy/pkg/policy/policy.go:248.47,250.21 1 1
github.com/daoneill/ollama-proxy/pkg/policy/policy.go:250.21,252.4 1 1
github.com/daoneill/ollama-proxy/pkg/policy/policy.go:253.3,253.99 1 1
github.com/daoneill/ollama-proxy/pkg/policy/policy.go:256.2,256.30 1 1
github.com/daoneill/ollama-proxy/pkg/policy/policy.go:260.66,275.28 4 1
github.com/daoneill/ollama-proxy/pkg/policy/policy.go:275.28,277.3 1 1
github.com/daoneill/ollama-proxy/pkg/policy/policy.go:280.2,285.17 3 1
github.com/daoneill/ollama-proxy/pkg/policy/policy.go:289.62,302.2 3 1
github.com/daoneill/ollama-proxy/pkg/config/validator.go:100.40,102.60 1 1
github.com/daoneill/ollama-proxy/pkg/config/validator.go:102.60,104.3 1 1
github.com/daoneill/ollama-proxy/pkg/config/validator.go:105.2,105.60 1 1
github.com/daoneill/ollama-proxy/pkg/config/validator.go:105.60,107.3 1 1
github.com/daoneill/ollama-proxy/pkg/config/validator.go:108.2,108.48 1 1
github.com/daoneill/ollama-proxy/pkg/config/validator.go:108.48,110.3 1 1
github.com/daoneill/ollama-proxy/pkg/config/validator.go:113.2,113.28 1 1
github.com/daoneill/ollama-proxy/pkg/config/validator.go:113.28,114.36 1 1
github.com/daoneill/ollama-proxy/pkg/config/validator.go:114.36,116.4 1 1
github.com/daoneill/ollama-proxy/pkg/config/validator.go:117.3,117.35 1 1
github.com/daoneill/ollama-proxy/pkg/config/validator.go:117.35,119.4 1 1
github.com/daoneill/ollama-proxy/pkg/config/validator.go:123.2,125.39 3 1
github.com/daoneill/ollama-proxy/pkg/config/validator.go:125.39,126.22 1 1
github.com/daoneill/ollama-proxy/pkg/config/validator.go:126.22,130.30 2 1
github.com/daoneill/ollama-proxy/pkg/config/validator.go:130.30,132.5 1 1
github.com/daoneill/ollama-proxy/pkg/config/validator.go:133.4,133.33 1 1
github.com/daoneill/ollama-proxy/pkg/config/validator.go:136.2,136.23 1 1
github.com/daoneill/ollama-proxy/pkg/config/validator.go:136.23,138.3 1 1
github.com/daoneill/ollama-proxy/pkg/config/validator.go:141.2,141.39 1 1
github.com/daoneill/ollama-proxy/pkg/config/validator.go:141.39,142.22 1 1
github.com/daoneill/ollama-proxy/pkg/config/validator.go:142.22,143.24 1 1
github.com/daoneill/ollama-proxy/pkg/config/validator.go:143.24,145.5 1 1
github.com/daoneill/ollama-proxy/pkg/config/validator.go:146.4,146.26 1 1
github.com/daoneill/ollama-proxy/pkg/config/validator.go:146.26,148.5 1 1
github.com/daoneill/ollama-proxy/pkg/config/validator.go:149.4,149.30 1 1
github.com/daoneill/ollama-proxy/pkg/config/validator.go:149.30,151.5 1 1
github.com/daoneill/ollama-proxy/pkg/config/validator.go:152.4,152.46 1 1
github.com/daoneill/ollama-proxy/pkg/config/validator.go:152.46,155.5 1 1
github.com/daoneill/ollama-proxy/pkg/config/validator.go:156.4,156.48 1 1
github.com/daoneill/ollama-proxy/pkg/config/validator.go:156.48,159.5 1 1
github.com/daoneill/ollama-proxy/pkg/config/validator.go:160.4,160.44 1 1
github.com/daoneill/ollama-proxy/pkg/config/validator.go:160.44,163.5 1 1
github.com/daoneill/ollama-proxy/pkg/config/validator.go:168.2,168.38 1 1
github.com/daoneill/ollama-proxy/pkg/config/validator.go:168.38,169.46 1 1
github.com/daoneill/ollama-proxy/pkg/config/validator.go:169.46,172.4 1 1
github.com/daoneill/ollama-proxy/pkg/config/validator.go:176.2,176.36 1 1
github.com/daoneill/ollama-proxy/pkg/config/validator.go:176.36,177.91 1 1
github.com/daoneill/ollama-proxy/pkg/config/validator.go:177.91,180.4 1 1
github.com/daoneill/ollama-proxy/pkg/config/validator.go:181.3,181.44 1 1
github.com/daoneill/ollama-proxy/pkg/config/validator.go:181.44,184.4 1 1
github.com/daoneill/ollama-proxy/pkg/config/validator.go:186.3,186.67 1 1
github.com/daoneill/ollama-proxy/pkg/config/validator.go:186.67,187.30 1 1
github.com/daoneill/ollama-proxy/pkg/config/validator.go:187.30,190.5 1 1
github.com/daoneill/ollama-proxy/pkg/config/validator.go:195.2,195.88 1 1
github.com/daoneill/ollama-proxy/pkg/config/validator.go:195.88,198.3 1 1
github.com/daoneill/ollama-proxy/pkg/config/validator.go:199.2,199.90 1 1
github.com/daoneill/ollama-proxy/pkg/config/validator.go:199.90,202.3 1 1
github.com/daoneill/ollama-proxy/pkg/config/validator.go:203.2,203.86 1 1
github.com/daoneill/ollama-proxy/pkg/config/validator.go:203.86,206.3 1 1
github.com/daoneill/ollama-proxy/pkg/config/validator.go:209.2,209.25 1 1
github.com/daoneill/ollama-proxy/pkg/config/validator.go:209.25,210.74 1 1
github.com/daoneill/ollama-proxy/pkg/config/validator.go:210.74,213.4 1 1
github.com/daoneill/ollama-proxy/pkg/config/validator.go:214.3,214.75 1 1
github.com/daoneill/ollama-proxy/pkg/config/validator.go:214.75,217.4 1 1
github.com/daoneill/ollama-proxy/pkg/config/validator.go:218.3,218.55 1 1
github.com/daoneill/ollama-proxy/pkg/config/validator.go:218.55,221.4 1 1
github.com/daoneill/ollama-proxy/pkg/config/validator.go:222.3,222.54 1 1
github.com/daoneill/ollama-proxy/pkg/config/validator.go:222.54,225.4 1 1
github.com/daoneill/ollama-proxy/pkg/config/validator.go:229.2,229.65 1 1
github.com/daoneill/ollama-proxy/pkg/config/validator.go:229.65,230.81 1 1
github.com/daoneill/ollama-proxy/pkg/config/validator.go:230.81,233.4 1 1
github.com/daoneill/ollama-proxy/pkg/config/validator.go:234.3,235.57 1 1
github.com/daoneill/ollama-proxy/pkg/config/validator.go:235.57,238.4 1 1
github.com/daoneill/ollama-proxy/pkg/config/validator.go:242.2,242.28 1 1
github.com/daoneill/ollama-proxy/pkg/config/validator.go:242.28,251.46 2 1
github.com/daoneill/ollama-proxy/pkg/config/validator.go:251.46,254.4 1 1
github.com/daoneill/ollama-proxy/pkg/config/validator.go:257.2,257.12 1 1
github.com/daoneill/ollama-proxy/pkg/classifier/classifier.go:24.54,26.2 1 1
github.com/daoneill/ollama-proxy/pkg/classifier/classifier.go:29.105,33.22 1 1
github.com/daoneill/ollama-proxy/pkg/classifier/classifier.go:33.22,35.3 1 1
github.com/daoneill/ollama-proxy/pkg/classifier/classifier.go:38.2,52.41 3 1
github.com/daoneill/ollama-proxy/pkg/classifier/classifier.go:52.41,53.46 1 1
github.com/daoneill/ollama-proxy/pkg/classifier/classifier.go:53.46,55.4 1 1
github.com/daoneill/ollama-proxy/pkg/classifier/classifier.go:59.2,72.42 2 1
github.com/daoneill/ollama-proxy/pkg/classifier/classifier.go:72.42,73.45 1 1
github.com/daoneill/ollama-proxy/pkg/classifier/classifier.go:73.45,75.4 1 1
github.com/daoneill/ollama-proxy/pkg/classifier/classifier.go:79.2,81.47 1 1
github.com/daoneill/ollama-proxy/pkg/classifier/classifier.go:81.47,83.3 1 1
github.com/daoneill/ollama-proxy/pkg/classifier/classifier.go:86.2,88.41 1 1
github.com/daoneill/ollama-proxy/pkg/classifier/classifier.go:88.41,90.3 1 1
github.com/daoneill/ollama-proxy/pkg/classifier/classifier.go:94.2,94.72 1 1
github.com/daoneill/ollama-proxy/pkg/classifier/classifier.go:94.72,96.3 1 1
github.com/daoneill/ollama-proxy/pkg/classifier/classifier.go:98.2,98.70 1 1
github.com/daoneill/ollama-proxy/pkg/classifier/classifier.go:98.70,100.3 1 1
github.com/daoneill/ollama-proxy/pkg/classifier/classifier.go:103.2,103.27 1 1
github.com/daoneill/ollama-proxy/pkg/classifier/classifier.go:107.103,128.16 3 1
github.com/daoneill/ollama-proxy/pkg/classifier/classifier.go:128.16,131.3 1 1
github.com/daoneill/ollama-proxy/pkg/classifier/classifier.go:133.2,135.9 2 1
github.com/daoneill/ollama-proxy/pkg/classifier/classifier.go:136.50,137.31 1 1
github.com/daoneill/ollama-proxy/pkg/classifier/classifier.go:138.51,139.32 1 1
github.com/daoneill/ollama-proxy/pkg/classifier/classifier.go:140.10,141.33 1 1
github.com/daoneill/ollama-proxy/pkg/classifier/classifier.go:146.119,148.20 1 1
github.com/daoneill/ollama-proxy/pkg/classifier/classifier.go:149.24,151.35 1 1
github.com/daoneill/ollama-proxy/pkg/classifier/classifier.go:151.35,153.4 1 1
github.com/daoneill/ollama-proxy/pkg/classifier/classifier.go:154.3,154.23 1 1
github.com/daoneill/ollama-proxy/pkg/classifier/classifier.go:156.26,158.16 1 1
github.com/daoneill/ollama-proxy/pkg/classifier/classifier.go:158.16,160.37 1 1
github.com/daoneill/ollama-proxy/pkg/classifier/classifier.go:160.37,162.5 1 1
github.com/daoneill/ollama-proxy/pkg/classifier/classifier.go:163.4,163.23 1 1
github.com/daoneill/ollama-proxy/pkg/classifier/classifier.go:164.9,166.37 1 1
github.com/daoneill/ollama-proxy/pkg/classifier/classifier.go:166.37,168.5 1 1
github.com/daoneill/ollama-proxy/pkg/classifier/classifier.go:169.4,169.26 1 1
github.com/daoneill/ollama-proxy/pkg/classifier/classifier.go:172.25,174.51 1 1
github.com/daoneill/ollama-proxy/pkg/classifier/classifier.go:174.51,177.4 1 1
github.com/daoneill/ollama-proxy/pkg/classifier/classifier.go:178.3,178.25 1 1
github.com/daoneill/ollama-proxy/pkg/classifier/classifier.go:181.2,181.22 1 1
github.com/daoneill/ollama-proxy/pkg/classifier/classifier.go:185.115,187.25 1 1
github.com/daoneill/ollama-proxy/pkg/classifier/classifier.go:187.25,189.3 1 1
github.com/daoneill/ollama-proxy/pkg/classifier/classifier.go:192.2,205.48 3 1
github.com/daoneill/ollama-proxy/pkg/classifier/classifier.go:205.48,206.45 1 1
github.com/daoneill/ollama-proxy/pkg/classifier/classifier.go:206.45,208.4 1 1
github.com/daoneill/ollama-proxy/pkg/classifier/classifier.go:212.2,212.23 1 1
github.com/daoneill/ollama-proxy/pkg/classifier/classifier.go:212.23,214.3 1 1
github.com/daoneill/ollama-proxy/pkg/classifier/classifier.go:217.2,225.45 2 1
github.com/daoneill/ollama-proxy/pkg/classifier/classifier.go:225.45,226.45 1 1
github.com/daoneill/ollama-proxy/pkg/classifier/classifier.go:226.45,228.4 1 1
github.com/daoneill/ollama-proxy/pkg/classifier/classifier.go:232.2,232.13 1 1
github.com/daoneill/ollama-proxy/pkg/classifier/classifier.go:236.60,241.47 2 1
github.com/daoneill/ollama-proxy/pkg/classifier/classifier.go:241.47,243.3 1 1
github.com/daoneill/ollama-proxy/pkg/classifier/classifier.go:244.2,244.51 1 1
github.com/daoneill/ollama-proxy/pkg/classifier/classifier.go:244.51,246.3 1 1
github.com/daoneill/ollama-proxy/pkg/classifier/classifier.go:247.2,247.48 1 1
github.com/daoneill/ollama-proxy/pkg/classifier/classifier.go:247.48,249.3 1 1
github.com/daoneill/ollama-proxy/pkg/classifier/classifier.go:250.2,250.88 1 1
github.com/daoneill/ollama-proxy/pkg/classifier/classifier.go:250.88,252.3 1 1
github.com/daoneill/ollama-proxy/pkg/classifier/classifier.go:256.2,257.33 2 1
github.com/daoneill/ollama-proxy/pkg/confidence/estimator.go:30.30,38.2 1 1
github.com/daoneill/ollama-proxy/pkg/confidence/estimator.go:41.66,42.19 1 1
github.com/daoneill/ollama-proxy/pkg/confidence/estimator.go:42.19,44.3 1 1
github.com/daoneill/ollama-proxy/pkg/confidence/estimator.go:45.2,45.45 1 1
github.com/daoneill/ollama-proxy/pkg/confidence/estimator.go:64.20,87.2 7 1
github.com/daoneill/ollama-proxy/pkg/confidence/estimator.go:90.76,94.17 2 1
github.com/daoneill/ollama-proxy/pkg/confidence/estimator.go:94.17,96.3 1 1
github.com/daoneill/ollama-proxy/pkg/confidence/estimator.go:99.2,99.78 1 1
github.com/daoneill/ollama-proxy/pkg/confidence/estimator.go:99.78,101.3 1 1
github.com/daoneill/ollama-proxy/pkg/confidence/estimator.go:103.2,103.39 1 1
github.com/daoneill/ollama-proxy/pkg/confidence/estimator.go:103.39,107.3 2 1
github.com/daoneill/ollama-proxy/pkg/confidence/estimator.go:110.2,110.12 1 1
github.com/daoneill/ollama-proxy/pkg/confidence/estimator.go:114.95,139.46 4 1
github.com/daoneill/ollama-proxy/pkg/confidence/estimator.go:139.46,140.55 1 1
github.com/daoneill/ollama-proxy/pkg/confidence/estimator.go:140.55,143.4 2 1
github.com/daoneill/ollama-proxy/pkg/confidence/estimator.go:147.2,153.45 2 1
github.com/daoneill/ollama-proxy/pkg/confidence/estimator.go:153.45,154.47 1 1
github.com/daoneill/ollama-proxy/pkg/confidence/estimator.go:154.47,157.9 3 1
github.com/daoneill/ollama-proxy/pkg/confidence/estimator.go:162.2,169.40 2 1
github.com/daoneill/ollama-proxy/pkg/confidence/estimator.go:169.40,170.47 1 1
github.com/daoneill/ollama-proxy/pkg/confidence/estimator.go:170.47,173.9 3 0
github.com/daoneill/ollama-proxy/pkg/confidence/estimator.go:178.2,181.36 2 1
github.com/daoneill/ollama-proxy/pkg/confidence/estimator.go:181.36,183.3 1 1
github.com/daoneill/ollama-proxy/pkg/confidence/estimator.go:186.2,186.35 1 1
github.com/daoneill/ollama-proxy/pkg/confidence/estimator.go:186.35,188.3 1 1
github.com/daoneill/ollama-proxy/pkg/confidence/estimator.go:191.2,194.22 2 1
github.com/daoneill/ollama-proxy/pkg/confidence/estimator.go:194.22,196.3 1 0
github.com/daoneill/ollama-proxy/pkg/confidence/estimator.go:197.2,197.22 1 1
github.com/daoneill/ollama-proxy/pkg/confidence/estimator.go:197.22,199.3 1 1
github.com/daoneill/ollama-proxy/pkg/confidence/estimator.go:201.2,201.21 1 1
github.com/daoneill/ollama-proxy/pkg/confidence/estimator.go:205.116,207.72 1 1
github.com/daoneill/ollama-proxy/pkg/confidence/estimator.go:207.72,209.22 2 1
github.com/daoneill/ollama-proxy/pkg/confidence/estimator.go:209.22,212.4 1 0
github.com/daoneill/ollama-proxy/pkg/confidence/estimator.go:216.2,216.70 1 1
github.com/daoneill/ollama-proxy/pkg/confidence/estimator.go:216.70,218.3 1 1
github.com/daoneill/ollama-proxy/pkg/confidence/estimator.go:221.2,221.71 1 1
github.com/daoneill/ollama-proxy/pkg/confidence/estimator.go:221.71,223.3 1 1
github.com/daoneill/ollama-proxy/pkg/confidence/estimator.go:226.2,226.78 1 1
github.com/daoneill/ollama-proxy/pkg/confidence/estimator.go:226.78,228.3 1 0
github.com/daoneill/ollama-proxy/pkg/confidence/estimator.go:231.2,231.12 1 1
github.com/daoneill/ollama-proxy/pkg/confidence/estimator.go:235.81,239.26 2 1
github.com/daoneill/ollama-proxy/pkg/confidence/estimator.go:239.26,241.3 1 1
github.com/daoneill/ollama-proxy/pkg/confidence/estimator.go:241.8,241.33 1 1
github.com/daoneill/ollama-proxy/pkg/confidence/estimator.go:241.33,243.3 1 1
github.com/daoneill/ollama-proxy/pkg/confidence/estimator.go:243.8,245.3 1 1
github.com/daoneill/ollama-proxy/pkg/confidence/estimator.go:248.2,248.29 1 1
github.com/daoneill/ollama-proxy/pkg/confidence/estimator.go:248.29,250.3 1 1
github.com/daoneill/ollama-proxy/pkg/confidence/estimator.go:250.8,250.37 1 1
github.com/daoneill/ollama-proxy/pkg/confidence/estimator.go:250.37,252.3 1 1
github.com/daoneill/ollama-proxy/pkg/confidence/estimator.go:255.2,255.34 1 1
github.com/daoneill/ollama-proxy/pkg/confidence/estimator.go:255.34,257.3 1 1
github.com/daoneill/ollama-proxy/pkg/confidence/estimator.go:259.2,259.34 1 1
github.com/daoneill/ollama-proxy/pkg/confidence/estimator.go:263.49,266.40 2 1
github.com/daoneill/ollama-proxy/pkg/confidence/estimator.go:266.40,268.3 1 1
github.com/daoneill/ollama-proxy/pkg/confidence/estimator.go:271.2,272.38 2 1
github.com/daoneill/ollama-proxy/pkg/confidence/estimator.go:272.38,274.3 1 1
github.com/daoneill/ollama-proxy/pkg/confidence/estimator.go:277.2,278.35 2 1
github.com/daoneill/ollama-proxy/pkg/confidence/estimator.go:278.35,280.3 1 1
github.com/daoneill/ollama-proxy/pkg/confidence/estimator.go:282.2,282.14 1 1
github.com/daoneill/ollama-proxy/pkg/confidence/estimator.go:286.48,289.37 2 1
github.com/daoneill/ollama-proxy/pkg/confidence/estimator.go:289.37,291.3 1 1
github.com/daoneill/ollama-proxy/pkg/confidence/estimator.go:294.2,302.38 4 1
github.com/daoneill/ollama-proxy/pkg/confidence/estimator.go:302.38,303.44 1 1
github.com/daoneill/ollama-proxy/pkg/confidence/estimator.go:303.44,305.4 1 1
github.com/daoneill/ollama-proxy/pkg/confidence/estimator.go:309.2,309.24 1 1
github.com/daoneill/ollama-proxy/pkg/confidence/estimator.go:313.95,315.2 1 1
github.com/daoneill/ollama-proxy/pkg/confidence/estimator.go:318.87,335.46 4 1
github.com/daoneill/ollama-proxy/pkg/confidence/estimator.go:335.46,336.47 1 1
github.com/daoneill/ollama-proxy/pkg/confidence/estimator.go:336.47,338.4 1 1
github.com/daoneill/ollama-proxy/pkg/confidence/estimator.go:342.2,344.37 2 1
github.com/daoneill/ollama-proxy/pkg/confidence/estimator.go:344.37,346.3 1 1
github.com/daoneill/ollama-proxy/pkg/confidence/estimator.go:346.8,346.44 1 1
github.com/daoneill/ollama-proxy/pkg/confidence/estimator.go:346.44,348.3 1 0
github.com/daoneill/ollama-proxy/pkg/confidence/estimator.go:348.8,348.42 1 1
github.com/daoneill/ollama-proxy/pkg/confidence/estimator.go:348.42,350.3 1 1
github.com/daoneill/ollama-proxy/pkg/confidence/estimator.go:350.8,350.43 1 1
github.com/daoneill/ollama-proxy/pkg/confidence/estimator.go:350.43,352.3 1 1
github.com/daoneill/ollama-proxy/pkg/confidence/estimator.go:355.2,355.39 1 1
github.com/daoneill/ollama-proxy/pkg/confidence/estimator.go:355.39,357.3 1 0
github.com/daoneill/ollama-proxy/pkg/confidence/estimator.go:359.2,359.24 1 1
github.com/daoneill/ollama-proxy/pkg/router/forwarding_router.go:40.50,49.2 1 1
github.com/daoneill/ollama-proxy/pkg/router/forwarding_router.go:56.21,57.19 1 1
github.com/daoneill/ollama-proxy/pkg/router/forwarding_router.go:57.19,59.3 1 1
github.com/daoneill/ollama-proxy/pkg/router/forwarding_router.go:61.2,66.3 1 1
github.com/daoneill/ollama-proxy/pkg/router/forwarding_router.go:107.30,118.30 4 1
github.com/daoneill/ollama-proxy/pkg/router/forwarding_router.go:118.30,120.3 1 1
github.com/daoneill/ollama-proxy/pkg/router/forwarding_router.go:122.2,129.52 4 1
github.com/daoneill/ollama-proxy/pkg/router/forwarding_router.go:129.52,130.41 1 1
github.com/daoneill/ollama-proxy/pkg/router/forwarding_router.go:130.41,133.9 2 0
github.com/daoneill/ollama-proxy/pkg/router/forwarding_router.go:137.3,138.21 2 1
github.com/daoneill/ollama-proxy/pkg/router/forwarding_router.go:138.21,141.12 2 0
github.com/daoneill/ollama-proxy/pkg/router/forwarding_router.go:145.3,145.61 1 1
github.com/daoneill/ollama-proxy/pkg/router/forwarding_router.go:145.61,155.12 4 1
github.com/daoneill/ollama-proxy/pkg/router/forwarding_router.go:159.3,159.36 1 1
github.com/daoneill/ollama-proxy/pkg/router/forwarding_router.go:159.36,169.12 4 1
github.com/daoneill/ollama-proxy/pkg/router/forwarding_router.go:173.3,177.23 4 1
github.com/daoneill/ollama-proxy/pkg/router/forwarding_router.go:177.23,180.12 2 0
github.com/daoneill/ollama-proxy/pkg/router/forwarding_router.go:184.3,184.50 1 1
github.com/daoneill/ollama-proxy/pkg/router/forwarding_router.go:184.50,187.4 2 1
github.com/daoneill/ollama-proxy/pkg/router/forwarding_router.go:189.3,194.60 2 1
github.com/daoneill/ollama-proxy/pkg/router/forwarding_router.go:194.60,205.9 6 1
github.com/daoneill/ollama-proxy/pkg/router/forwarding_router.go:209.3,211.58 1 0
github.com/daoneill/ollama-proxy/pkg/router/forwarding_router.go:215.2,215.86 1 1
github.com/daoneill/ollama-proxy/pkg/router/forwarding_router.go:215.86,224.3 5 0
github.com/daoneill/ollama-proxy/pkg/router/forwarding_router.go:227.2,227.32 1 1
github.com/daoneill/ollama-proxy/pkg/router/forwarding_router.go:227.32,229.3 1 0
github.com/daoneill/ollama-proxy/pkg/router/forwarding_router.go:231.2,233.20 2 1
github.com/daoneill/ollama-proxy/pkg/router/forwarding_router.go:244.22,259.16 5 1
github.com/daoneill/ollama-proxy/pkg/router/forwarding_router.go:259.16,263.3 3 0
github.com/daoneill/ollama-proxy/pkg/router/forwarding_router.go:265.2,277.16 5 1
github.com/daoneill/ollama-proxy/pkg/router/forwarding_router.go:281.72,288.25 2 1
github.com/daoneill/ollama-proxy/pkg/router/forwarding_router.go:288.25,290.3 1 1
github.com/daoneill/ollama-proxy/pkg/router/forwarding_router.go:293.2,301.13 4 1
github.com/daoneill/ollama-proxy/pkg/router/forwarding_router.go:305.76,307.49 1 1
github.com/daoneill/ollama-proxy/pkg/router/forwarding_router.go:307.49,308.32 1 1
github.com/daoneill/ollama-proxy/pkg/router/forwarding_router.go:308.32,310.4 1 1
github.com/daoneill/ollama-proxy/pkg/router/forwarding_router.go:314.2,314.29 1 1
github.com/daoneill/ollama-proxy/pkg/router/forwarding_router.go:314.29,315.60 1 1
github.com/daoneill/ollama-proxy/pkg/router/forwarding_router.go:315.60,316.33 1 1
github.com/daoneill/ollama-proxy/pkg/router/forwarding_router.go:316.33,318.5 1 1
github.com/daoneill/ollama-proxy/pkg/router/forwarding_router.go:322.2,322.12 1 0
github.com/daoneill/ollama-proxy/pkg/router/forwarding_router.go:326.38,331.40 2 1
github.com/daoneill/ollama-proxy/pkg/router/forwarding_router.go:331.40,332.31 1 1
github.com/daoneill/ollama-proxy/pkg/router/forwarding_router.go:332.31,334.4 1 1
github.com/daoneill/ollama-proxy/pkg/router/forwarding_router.go:337.2,337.14 1 1
github.com/daoneill/ollama-proxy/pkg/router/forwarding_router.go:341.38,348.2 1 1
github.com/daoneill/ollama-proxy/pkg/router/forwarding_router.go:350.42,351.43 1 1
github.com/daoneill/ollama-proxy/pkg/router/forwarding_router.go:351.43,352.35 1 1
github.com/daoneill/ollama-proxy/pkg/router/forwarding_router.go:352.35,354.4 1 1
github.com/daoneill/ollama-proxy/pkg/router/forwarding_router.go:356.2,356.14 1 1
github.com/daoneill/ollama-proxy/pkg/router/forwarding_router.go:367.52,373.43 2 0
github.com/daoneill/ollama-proxy/pkg/router/forwarding_router.go:373.43,375.21 2 0
github.com/daoneill/ollama-proxy/pkg/router/forwarding_router.go:375.21,376.12 1 0
github.com/daoneill/ollama-proxy/pkg/router/forwarding_router.go:380.3,380.61 1 0
github.com/daoneill/ollama-proxy/pkg/router/forwarding_router.go:380.61,381.12 1 0
github.com/daoneill/ollama-proxy/pkg/router/forwarding_router.go:385.3,385.36 1 0
github.com/daoneill/ollama-proxy/pkg/router/forwarding_router.go:385.36,386.12 1 0
github.com/daoneill/ollama-proxy/pkg/router/forwarding_router.go:390.3,392.53 2 0
github.com/daoneill/ollama-proxy/pkg/router/forwarding_router.go:392.53,400.18 3 0
github.com/daoneill/ollama-proxy/pkg/router/forwarding_router.go:400.18,402.13 1 0
github.com/daoneill/ollama-proxy/pkg/router/forwarding_router.go:405.4,405.31 1 0
github.com/daoneill/ollama-proxy/pkg/router/forwarding_router.go:409.2,409.72 1 0
github.com/daoneill/ollama-proxy/pkg/router/forwarding_router.go:413.62,415.2 1 1
github.com/daoneill/ollama-proxy/pkg/router/forwarding_router.go:418.65,420.2 1 1
github.com/daoneill/ollama-proxy/pkg/router/queue.go:26.38,30.2 1 1
github.com/daoneill/ollama-proxy/pkg/router/queue.go:34.89,39.13 4 1
github.com/daoneill/ollama-proxy/pkg/router/queue.go:39.13,41.3 1 1
github.com/daoneill/ollama-proxy/pkg/router/queue.go:43.2,49.52 4 1
github.com/daoneill/ollama-proxy/pkg/router/queue.go:49.52,51.3 1 1
github.com/daoneill/ollama-proxy/pkg/router/queue.go:53.2,53.17 1 1
github.com/daoneill/ollama-proxy/pkg/router/queue.go:57.64,62.13 4 1
github.com/daoneill/ollama-proxy/pkg/router/queue.go:62.13,64.3 1 1
github.com/daoneill/ollama-proxy/pkg/router/queue.go:66.2,69.22 3 1
github.com/daoneill/ollama-proxy/pkg/router/queue.go:73.71,78.13 4 1
github.com/daoneill/ollama-proxy/pkg/router/queue.go:78.13,80.3 1 1
github.com/daoneill/ollama-proxy/pkg/router/queue.go:82.2,85.29 3 1
github.com/daoneill/ollama-proxy/pkg/router/queue.go:89.88,92.13 3 1
github.com/daoneill/ollama-proxy/pkg/router/queue.go:92.13,97.3 2 1
github.com/daoneill/ollama-proxy/pkg/router/queue.go:98.2,102.47 4 1
github.com/daoneill/ollama-proxy/pkg/router/queue.go:102.47,104.3 1 1
github.com/daoneill/ollama-proxy/pkg/router/queue.go:105.2,106.19 2 1
github.com/daoneill/ollama-proxy/pkg/router/queue.go:110.86,115.13 4 1
github.com/daoneill/ollama-proxy/pkg/router/queue.go:115.13,117.3 1 1
github.com/daoneill/ollama-proxy/pkg/router/queue.go:119.2,121.23 3 1
github.com/daoneill/ollama-proxy/pkg/router/queue.go:121.23,123.3 1 0
github.com/daoneill/ollama-proxy/pkg/router/queue.go:125.2,125.47 1 1
github.com/daoneill/ollama-proxy/pkg/router/queue.go:125.47,127.41 2 1
github.com/daoneill/ollama-proxy/pkg/router/queue.go:127.41,129.4 1 0
github.com/daoneill/ollama-proxy/pkg/router/queue.go:132.2,133.19 2 1
github.com/daoneill/ollama-proxy/pkg/router/queue.go:137.66,142.42 4 1
github.com/daoneill/ollama-proxy/pkg/router/queue.go:142.42,151.3 3 1
github.com/daoneill/ollama-proxy/pkg/router/queue.go:153.2,153.14 1 1
github.com/daoneill/ollama-proxy/pkg/router/queue.go:172.131,175.2 2 1
github.com/daoneill/ollama-proxy/pkg/router/queue.go:178.132,180.16 2 1
github.com/daoneill/ollama-proxy/pkg/router/queue.go:180.16,183.3 2 0
github.com/daoneill/ollama-proxy/pkg/router/queue.go:186.2,188.19 1 1
github.com/daoneill/ollama-proxy/pkg/router/queue.go:188.19,190.4 1 0
github.com/daoneill/ollama-proxy/pkg/router/queue.go:203.48,205.17 2 1
github.com/daoneill/ollama-proxy/pkg/router/queue.go:205.17,207.25 2 1
github.com/daoneill/ollama-proxy/pkg/router/queue.go:207.25,209.4 1 1
github.com/daoneill/ollama-proxy/pkg/router/queue.go:211.2,213.33 2 1
github.com/daoneill/ollama-proxy/pkg/router/router.go:53.36,61.2 1 1
github.com/daoneill/ollama-proxy/pkg/router/router.go:64.66,69.41 4 1
github.com/daoneill/ollama-proxy/pkg/router/router.go:69.41,71.3 1 1
github.com/daoneill/ollama-proxy/pkg/router/router.go:73.2,74.12 2 1
github.com/daoneill/ollama-proxy/pkg/router/router.go:78.65,84.2 4 1
github.com/daoneill/ollama-proxy/pkg/router/router.go:87.52,92.31 4 1
github.com/daoneill/ollama-proxy/pkg/router/router.go:92.31,94.3 1 1
github.com/daoneill/ollama-proxy/pkg/router/router.go:95.2,95.13 1 1
github.com/daoneill/ollama-proxy/pkg/router/router.go:99.113,101.52 1 1
github.com/daoneill/ollama-proxy/pkg/router/router.go:101.52,105.3 3 1
github.com/daoneill/ollama-proxy/pkg/router/router.go:108.2,108.9 1 1
github.com/daoneill/ollama-proxy/pkg/router/router.go:109.20,110.61 1 1
github.com/daoneill/ollama-proxy/pkg/router/router.go:111.10,111.10 0 1
github.com/daoneill/ollama-proxy/pkg/router/router.go:114.2,121.62 5 1
github.com/daoneill/ollama-proxy/pkg/router/router.go:121.62,122.64 1 1
github.com/daoneill/ollama-proxy/pkg/router/router.go:122.64,123.27 1 1
github.com/daoneill/ollama-proxy/pkg/router/router.go:123.27,126.5 2 1
github.com/daoneill/ollama-proxy/pkg/router/router.go:132.2,132.28 1 1
github.com/daoneill/ollama-proxy/pkg/router/router.go:132.28,134.27 2 1
github.com/daoneill/ollama-proxy/pkg/router/router.go:134.27,137.36 2 1
github.com/daoneill/ollama-proxy/pkg/router/router.go:137.36,139.5 1 1
github.com/daoneill/ollama-proxy/pkg/router/router.go:140.4,140.37 1 1
github.com/daoneill/ollama-proxy/pkg/router/router.go:140.37,142.5 1 0
github.com/daoneill/ollama-proxy/pkg/router/router.go:143.4,143.35 1 1
github.com/daoneill/ollama-proxy/pkg/router/router.go:143.35,145.5 1 0
github.com/daoneill/ollama-proxy/pkg/router/router.go:146.4,146.32 1 1
github.com/daoneill/ollama-proxy/pkg/router/router.go:146.32,148.5 1 1
github.com/daoneill/ollama-proxy/pkg/router/router.go:150.4,151.28 2 1
github.com/daoneill/ollama-proxy/pkg/router/router.go:151.28,153.5 1 1
github.com/daoneill/ollama-proxy/pkg/router/router.go:154.4,156.40 2 1
github.com/daoneill/ollama-proxy/pkg/router/router.go:160.3,165.23 4 1
github.com/daoneill/ollama-proxy/pkg/router/router.go:169.2,184.8 3 1
github.com/daoneill/ollama-proxy/pkg/router/router.go:195.89,198.37 2 1
github.com/daoneill/ollama-proxy/pkg/router/router.go:198.37,200.27 1 1
github.com/daoneill/ollama-proxy/pkg/router/router.go:200.27,201.12 1 1
github.com/daoneill/ollama-proxy/pkg/router/router.go:205.3,205.35 1 1
github.com/daoneill/ollama-proxy/pkg/router/router.go:205.35,206.57 1 1
github.com/daoneill/ollama-proxy/pkg/router/router.go:206.57,207.13 1 1
github.com/daoneill/ollama-proxy/pkg/router/router.go:212.3,212.36 1 1
github.com/daoneill/ollama-proxy/pkg/router/router.go:212.36,213.65 1 1
github.com/daoneill/ollama-proxy/pkg/router/router.go:213.65,214.13 1 1
github.com/daoneill/ollama-proxy/pkg/router/router.go:218.3,218.43 1 1
github.com/daoneill/ollama-proxy/pkg/router/router.go:221.2,221.19 1 1
github.com/daoneill/ollama-proxy/pkg/router/router.go:225.117,228.37 2 1
github.com/daoneill/ollama-proxy/pkg/router/router.go:228.37,236.52 4 1
github.com/daoneill/ollama-proxy/pkg/router/router.go:236.52,242.35 3 1
github.com/daoneill/ollama-proxy/pkg/router/router.go:242.35,244.5 1 1
github.com/daoneill/ollama-proxy/pkg/router/router.go:248.3,248.56 1 1
github.com/daoneill/ollama-proxy/pkg/router/router.go:248.56,254.41 3 1
github.com/daoneill/ollama-proxy/pkg/router/router.go:254.41,256.5 1 1
github.com/daoneill/ollama-proxy/pkg/router/router.go:260.3,260.73 1 1
github.com/daoneill/ollama-proxy/pkg/router/router.go:260.73,266.4 4 1
github.com/daoneill/ollama-proxy/pkg/router/router.go:269.3,272.21 4 1
github.com/daoneill/ollama-proxy/pkg/router/router.go:272.21,274.4 1 0
github.com/daoneill/ollama-proxy/pkg/router/router.go:277.3,277.56 1 1
github.com/daoneill/ollama-proxy/pkg/router/router.go:277.56,280.4 2 1
github.com/daoneill/ollama-proxy/pkg/router/router.go:280.9,280.59 1 1
github.com/daoneill/ollama-proxy/pkg/router/router.go:280.59,283.4 2 0
github.com/daoneill/ollama-proxy/pkg/router/router.go:285.3,285.24 1 1
github.com/daoneill/ollama-proxy/pkg/router/router.go:285.24,287.4 1 0
github.com/daoneill/ollama-proxy/pkg/router/router.go:289.3,293.5 1 1
github.com/daoneill/ollama-proxy/pkg/router/router.go:297.2,297.41 1 1
github.com/daoneill/ollama-proxy/pkg/router/router.go:297.41,299.3 1 1
github.com/daoneill/ollama-proxy/pkg/router/router.go:301.2,301.15 1 1
github.com/daoneill/ollama-proxy/pkg/router/router.go:305.61,307.38 2 1
github.com/daoneill/ollama-proxy/pkg/router/router.go:307.38,308.45 1 1
github.com/daoneill/ollama-proxy/pkg/router/router.go:308.45,310.4 1 1
github.com/daoneill/ollama-proxy/pkg/router/router.go:312.2,312.21 1 1
github.com/daoneill/ollama-proxy/pkg/router/router.go:316.142,322.37 4 1
github.com/daoneill/ollama-proxy/pkg/router/router.go:322.37,324.3 1 1
github.com/daoneill/ollama-proxy/pkg/router/router.go:327.2,328.38 2 1
github.com/daoneill/ollama-proxy/pkg/router/router.go:328.38,329.18 1 1
github.com/daoneill/ollama-proxy/pkg/router/router.go:329.18,330.12 1 1
github.com/daoneill/ollama-proxy/pkg/router/router.go:332.3,332.26 1 1
github.com/daoneill/ollama-proxy/pkg/router/router.go:332.26,334.4 1 1
github.com/daoneill/ollama-proxy/pkg/router/router.go:337.2,337.26 1 1
github.com/daoneill/ollama-proxy/pkg/router/router.go:337.26,339.3 1 1
github.com/daoneill/ollama-proxy/pkg/router/router.go:342.2,351.8 3 1
github.com/daoneill/ollama-proxy/pkg/router/router.go:355.70,360.38 4 1
github.com/daoneill/ollama-proxy/pkg/router/router.go:360.38,362.3 1 1
github.com/daoneill/ollama-proxy/pkg/router/router.go:363.2,363.16 1 1
github.com/daoneill/ollama-proxy/pkg/router/router.go:367.49,372.37 4 1
github.com/daoneill/ollama-proxy/pkg/router/router.go:372.37,373.26 1 1
github.com/daoneill/ollama-proxy/pkg/router/router.go:373.26,375.4 1 1
github.com/daoneill/ollama-proxy/pkg/router/router.go:378.2,382.3 1 1
github.com/daoneill/ollama-proxy/pkg/router/thermal_routing.go:20.90,26.2 1 1
github.com/daoneill/ollama-proxy/pkg/router/thermal_routing.go:29.128,32.2 1 1
github.com/daoneill/ollama-proxy/pkg/router/thermal_routing.go:40.29,55.31 9 1
github.com/daoneill/ollama-proxy/pkg/router/thermal_routing.go:55.31,57.71 1 0
github.com/daoneill/ollama-proxy/pkg/router/thermal_routing.go:57.71,66.4 5 0
github.com/daoneill/ollama-proxy/pkg/router/thermal_routing.go:68.3,68.32 1 0
github.com/daoneill/ollama-proxy/pkg/router/thermal_routing.go:68.32,71.4 1 0
github.com/daoneill/ollama-proxy/pkg/router/thermal_routing.go:74.2,79.30 3 1
github.com/daoneill/ollama-proxy/pkg/router/thermal_routing.go:79.30,81.3 1 0
github.com/daoneill/ollama-proxy/pkg/router/thermal_routing.go:83.2,88.27 3 1
github.com/daoneill/ollama-proxy/pkg/router/thermal_routing.go:88.27,90.3 1 0
github.com/daoneill/ollama-proxy/pkg/router/thermal_routing.go:93.2,100.25 5 1
github.com/daoneill/ollama-proxy/pkg/router/thermal_routing.go:100.25,103.3 1 0
github.com/daoneill/ollama-proxy/pkg/router/thermal_routing.go:105.2,120.8 2 1
github.com/daoneill/ollama-proxy/pkg/router/thermal_routing.go:124.80,125.17 1 1
github.com/daoneill/ollama-proxy/pkg/router/thermal_routing.go:125.17,128.33 2 1
github.com/daoneill/ollama-proxy/pkg/router/thermal_routing.go:128.33,129.21 1 1
github.com/daoneill/ollama-proxy/pkg/router/thermal_routing.go:129.21,131.5 1 1
github.com/daoneill/ollama-proxy/pkg/router/thermal_routing.go:133.3,133.13 1 1
github.com/daoneill/ollama-proxy/pkg/router/thermal_routing.go:136.2,137.38 2 1
github.com/daoneill/ollama-proxy/pkg/router/thermal_routing.go:137.38,138.27 1 1
github.com/daoneill/ollama-proxy/pkg/router/thermal_routing.go:138.27,139.12 1 0
github.com/daoneill/ollama-proxy/pkg/router/thermal_routing.go:142.3,142.35 1 1
github.com/daoneill/ollama-proxy/pkg/router/thermal_routing.go:142.35,144.4 1 1
github.com/daoneill/ollama-proxy/pkg/router/thermal_routing.go:147.2,147.19 1 1
github.com/daoneill/ollama-proxy/pkg/router/thermal_routing.go:151.98,154.37 2 1
github.com/daoneill/ollama-proxy/pkg/router/thermal_routing.go:154.37,156.62 2 1
github.com/daoneill/ollama-proxy/pkg/router/thermal_routing.go:156.62,158.4 1 1
github.com/daoneill/ollama-proxy/pkg/router/thermal_routing.go:161.2,161.16 1 1
github.com/daoneill/ollama-proxy/pkg/router/thermal_routing.go:165.131,168.37 2 1
github.com/daoneill/ollama-proxy/pkg/router/thermal_routing.go:168.37,170.35 1 1
github.com/daoneill/ollama-proxy/pkg/router/thermal_routing.go:170.35,171.57 1 1
github.com/daoneill/ollama-proxy/pkg/router/thermal_routing.go:171.57,172.13 1 1
github.com/daoneill/ollama-proxy/pkg/router/thermal_routing.go:177.3,177.36 1 1
github.com/daoneill/ollama-proxy/pkg/router/thermal_routing.go:177.36,178.65 1 1
github.com/daoneill/ollama-proxy/pkg/router/thermal_routing.go:178.65,179.13 1 1
github.com/daoneill/ollama-proxy/pkg/router/thermal_routing.go:183.3,183.39 1 1
github.com/daoneill/ollama-proxy/pkg/router/thermal_routing.go:186.2,186.17 1 1
github.com/daoneill/ollama-proxy/pkg/router/thermal_routing.go:194.20,200.37 3 1
github.com/daoneill/ollama-proxy/pkg/router/thermal_routing.go:200.37,208.29 4 1
github.com/daoneill/ollama-proxy/pkg/router/thermal_routing.go:208.29,212.4 3 0
github.com/daoneill/ollama-proxy/pkg/router/thermal_routing.go:214.3,214.27 1 1
github.com/daoneill/ollama-proxy/pkg/router/thermal_routing.go:214.27,218.4 3 0
github.com/daoneill/ollama-proxy/pkg/router/thermal_routing.go:221.3,221.34 1 1
github.com/daoneill/ollama-proxy/pkg/router/thermal_routing.go:221.34,225.4 3 0
github.com/daoneill/ollama-proxy/pkg/router/thermal_routing.go:227.3,227.57 1 1
github.com/daoneill/ollama-proxy/pkg/router/thermal_routing.go:227.57,231.4 3 0
github.com/daoneill/ollama-proxy/pkg/router/thermal_routing.go:234.3,237.27 3 1
github.com/daoneill/ollama-proxy/pkg/router/thermal_routing.go:237.27,239.4 1 0
github.com/daoneill/ollama-proxy/pkg/router/thermal_routing.go:242.3,242.18 1 1
github.com/daoneill/ollama-proxy/pkg/router/thermal_routing.go:242.18,244.59 2 0
github.com/daoneill/ollama-proxy/pkg/router/thermal_routing.go:244.59,247.5 2 0
github.com/daoneill/ollama-proxy/pkg/router/thermal_routing.go:251.3,251.125 1 1
github.com/daoneill/ollama-proxy/pkg/router/thermal_routing.go:251.125,256.4 4 1
github.com/daoneill/ollama-proxy/pkg/router/thermal_routing.go:258.3,258.24 1 1
github.com/daoneill/ollama-proxy/pkg/router/thermal_routing.go:258.24,260.4 1 0
github.com/daoneill/ollama-proxy/pkg/router/thermal_routing.go:262.3,266.5 1 1
github.com/daoneill/ollama-proxy/pkg/router/thermal_routing.go:270.2,272.15 2 1
github.com/daoneill/ollama-proxy/pkg/router/thermal_routing.go:276.104,279.38 2 1
github.com/daoneill/ollama-proxy/pkg/router/thermal_routing.go:279.38,281.27 1 1
github.com/daoneill/ollama-proxy/pkg/router/thermal_routing.go:281.27,282.12 1 1
github.com/daoneill/ollama-proxy/pkg/router/thermal_routing.go:286.3,287.63 2 1
github.com/daoneill/ollama-proxy/pkg/router/thermal_routing.go:287.63,288.12 1 0
github.com/daoneill/ollama-proxy/pkg/router/thermal_routing.go:292.3,292.35 1 1
github.com/daoneill/ollama-proxy/pkg/router/thermal_routing.go:292.35,293.57 1 1
github.com/daoneill/ollama-proxy/pkg/router/thermal_routing.go:293.57,294.13 1 1
github.com/daoneill/ollama-proxy/pkg/router/thermal_routing.go:299.3,299.36 1 1
github.com/daoneill/ollama-proxy/pkg/router/thermal_routing.go:299.36,300.65 1 0
github.com/daoneill/ollama-proxy/pkg/router/thermal_routing.go:300.65,301.13 1 0
github.com/daoneill/ollama-proxy/pkg/router/thermal_routing.go:305.3,305.43 1 1
github.com/daoneill/ollama-proxy/pkg/router/thermal_routing.go:308.2,308.19 1 1
github.com/daoneill/ollama-proxy/pkg/router/thermal_routing.go:312.132,318.37 3 1
github.com/daoneill/ollama-proxy/pkg/router/thermal_routing.go:318.37,326.53 4 1
github.com/daoneill/ollama-proxy/pkg/router/thermal_routing.go:326.53,329.35 3 1
github.com/daoneill/ollama-proxy/pkg/router/thermal_routing.go:329.35,331.5 1 1
github.com/daoneill/ollama-proxy/pkg/router/thermal_routing.go:335.3,335.57 1 1
github.com/daoneill/ollama-proxy/pkg/router/thermal_routing.go:335.57,338.41 3 1
github.com/daoneill/ollama-proxy/pkg/router/thermal_routing.go:338.41,340.5 1 1
github.com/daoneill/ollama-proxy/pkg/router/thermal_routing.go:344.3,347.27 3 1
github.com/daoneill/ollama-proxy/pkg/router/thermal_routing.go:347.27,349.4 1 0
github.com/daoneill/ollama-proxy/pkg/router/thermal_routing.go:352.3,352.18 1 1
github.com/daoneill/ollama-proxy/pkg/router/thermal_routing.go:352.18,354.59 2 0
github.com/daoneill/ollama-proxy/pkg/router/thermal_routing.go:354.59,357.5 2 0
github.com/daoneill/ollama-proxy/pkg/router/thermal_routing.go:361.3,361.73 1 1
github.com/daoneill/ollama-proxy/pkg/router/thermal_routing.go:361.73,366.4 4 1
github.com/daoneill/ollama-proxy/pkg/router/thermal_routing.go:368.3,368.24 1 1
github.com/daoneill/ollama-proxy/pkg/router/thermal_routing.go:368.24,370.4 1 0
github.com/daoneill/ollama-proxy/pkg/router/thermal_routing.go:372.3,376.5 1 1
github.com/daoneill/ollama-proxy/pkg/router/thermal_routing.go:380.2,382.15 2 1
github.com/daoneill/ollama-proxy/pkg/router/thermal_routing.go:391.29,395.38 2 0
github.com/daoneill/ollama-proxy/pkg/router/thermal_routing.go:395.38,397.31 2 0
github.com/daoneill/ollama-proxy/pkg/router/thermal_routing.go:397.31,398.57 1 0
github.com/daoneill/ollama-proxy/pkg/router/thermal_routing.go:398.57,400.5 1 0
github.com/daoneill/ollama-proxy/pkg/router/thermal_routing.go:404.2,404.28 1 0
github.com/daoneill/ollama-proxy/pkg/router/thermal_routing.go:404.28,407.3 1 0
github.com/daoneill/ollama-proxy/pkg/router/thermal_routing.go:409.2,412.38 2 0
github.com/daoneill/ollama-proxy/pkg/router/thermal_routing.go:412.38,413.59 1 0
github.com/daoneill/ollama-proxy/pkg/router/thermal_routing.go:413.59,425.4 3 0
github.com/daoneill/ollama-proxy/pkg/router/thermal_routing.go:428.2,428.65 1 0
github.com/daoneill/ollama-proxy/pkg/router/thermal_routing.go:432.78,434.2 1 1
github.com/daoneill/ollama-proxy/pkg/router/thermal_routing.go:437.42,439.35 1 1
github.com/daoneill/ollama-proxy/pkg/router/thermal_routing.go:439.35,440.40 1 1
github.com/daoneill/ollama-proxy/pkg/router/thermal_routing.go:440.40,441.41 1 1
github.com/daoneill/ollama-proxy/pkg/router/thermal_routing.go:441.41,443.5 1 1
github.com/daoneill/ollama-proxy/pkg/validation/validator.go:27.44,28.17 1 1
github.com/daoneill/ollama-proxy/pkg/validation/validator.go:28.17,30.3 1 1
github.com/daoneill/ollama-proxy/pkg/validation/validator.go:31.2,31.37 1 1
github.com/daoneill/ollama-proxy/pkg/validation/validator.go:31.37,34.3 1 1
github.com/daoneill/ollama-proxy/pkg/validation/validator.go:35.2,35.40 1 1
github.com/daoneill/ollama-proxy/pkg/validation/validator.go:35.40,37.3 1 1
github.com/daoneill/ollama-proxy/pkg/validation/validator.go:38.2,38.12 1 1
github.com/daoneill/ollama-proxy/pkg/validation/validator.go:42.42,43.18 1 1
github.com/daoneill/ollama-proxy/pkg/validation/validator.go:43.18,45.3 1 1
github.com/daoneill/ollama-proxy/pkg/validation/validator.go:46.2,46.35 1 1
github.com/daoneill/ollama-proxy/pkg/validation/validator.go:46.35,49.3 1 1
github.com/daoneill/ollama-proxy/pkg/validation/validator.go:50.2,50.12 1 1
github.com/daoneill/ollama-proxy/pkg/validation/validator.go:54.72,55.17 1 1
github.com/daoneill/ollama-proxy/pkg/validation/validator.go:55.17,57.3 1 1
github.com/daoneill/ollama-proxy/pkg/validation/validator.go:59.2,59.76 1 1
github.com/daoneill/ollama-proxy/pkg/validation/validator.go:59.76,62.3 1 1
github.com/daoneill/ollama-proxy/pkg/validation/validator.go:64.2,64.48 1 1
github.com/daoneill/ollama-proxy/pkg/validation/validator.go:64.48,67.3 1 1
github.com/daoneill/ollama-proxy/pkg/validation/validator.go:69.2,69.42 1 1
github.com/daoneill/ollama-proxy/pkg/validation/validator.go:69.42,72.3 1 1
github.com/daoneill/ollama-proxy/pkg/validation/validator.go:74.2,74.57 1 1
github.com/daoneill/ollama-proxy/pkg/validation/validator.go:74.57,77.3 1 1
github.com/daoneill/ollama-proxy/pkg/validation/validator.go:79.2,79.28 1 1
github.com/daoneill/ollama-proxy/pkg/validation/validator.go:79.28,81.3 1 1
github.com/daoneill/ollama-proxy/pkg/validation/validator.go:83.2,83.12 1 1
github.com/daoneill/ollama-proxy/pkg/validation/validator.go:87.41,88.30 1 1
github.com/daoneill/ollama-proxy/pkg/validation/validator.go:88.30,90.3 1 1
github.com/daoneill/ollama-proxy/pkg/validation/validator.go:91.2,91.37 1 1
github.com/daoneill/ollama-proxy/pkg/validation/validator.go:91.37,93.3 1 1
github.com/daoneill/ollama-proxy/pkg/validation/validator.go:94.2,94.12 1 1
github.com/daoneill/ollama-proxy/pkg/validation/validator.go:98.67,99.16 1 1
github.com/daoneill/ollama-proxy/pkg/validation/validator.go:99.16,101.3 1 1
github.com/daoneill/ollama-proxy/pkg/validation/validator.go:103.2,103.51 1 1
github.com/daoneill/ollama-proxy/pkg/validation/validator.go:103.51,105.3 1 1
github.com/daoneill/ollama-proxy/pkg/validation/validator.go:107.2,107.53 1 1
github.com/daoneill/ollama-proxy/pkg/validation/validator.go:107.53,109.3 1 1
github.com/daoneill/ollama-proxy/pkg/validation/validator.go:111.2,111.63 1 1
github.com/daoneill/ollama-proxy/pkg/validation/validator.go:111.63,113.3 1 1
github.com/daoneill/ollama-proxy/pkg/validation/validator.go:115.2,115.12 1 1
github.com/daoneill/ollama-proxy/pkg/validation/validator.go:119.61,120.16 1 1
github.com/daoneill/ollama-proxy/pkg/validation/validator.go:120.16,122.3 1 1
github.com/daoneill/ollama-proxy/pkg/validation/validator.go:124.2,124.20 1 1
github.com/daoneill/ollama-proxy/pkg/validation/validator.go:124.20,126.3 1 1
github.com/daoneill/ollama-proxy/pkg/validation/validator.go:128.2,128.37 1 1
github.com/daoneill/ollama-proxy/pkg/validation/validator.go:128.37,131.3 1 1
github.com/daoneill/ollama-proxy/pkg/validation/validator.go:133.2,133.53 1 1
github.com/daoneill/ollama-proxy/pkg/validation/validator.go:133.53,135.3 1 1
github.com/daoneill/ollama-proxy/pkg/validation/validator.go:137.2,137.12 1 1
github.com/daoneill/ollama-proxy/pkg/validation/validator.go:141.59,142.16 1 1
github.com/daoneill/ollama-proxy/pkg/validation/validator.go:142.16,144.3 1 1
github.com/daoneill/ollama-proxy/pkg/validation/validator.go:146.2,146.54 1 1
github.com/daoneill/ollama-proxy/pkg/validation/validator.go:146.54,148.3 1 1
github.com/daoneill/ollama-proxy/pkg/validation/validator.go:150.2,150.26 1 1
github.com/daoneill/ollama-proxy/pkg/validation/validator.go:150.26,152.3 1 1
github.com/daoneill/ollama-proxy/pkg/validation/validator.go:154.2,154.27 1 1
github.com/daoneill/ollama-proxy/pkg/validation/validator.go:154.27,156.3 1 1
github.com/daoneill/ollama-proxy/pkg/validation/validator.go:158.2,158.24 1 1
github.com/daoneill/ollama-proxy/pkg/validation/validator.go:158.24,160.3 1 1
github.com/daoneill/ollama-proxy/pkg/validation/validator.go:163.2,163.92 1 1
github.com/daoneill/ollama-proxy/pkg/validation/validator.go:163.92,165.3 1 1
github.com/daoneill/ollama-proxy/pkg/validation/validator.go:168.2,177.37 2 1
github.com/daoneill/ollama-proxy/pkg/validation/validator.go:177.37,179.3 1 1
github.com/daoneill/ollama-proxy/pkg/validation/validator.go:181.2,181.12 1 1
github.com/daoneill/ollama-proxy/pkg/pipeline/examples.go:8.41,58.2 1 1
github.com/daoneill/ollama-proxy/pkg/pipeline/examples.go:61.39,92.2 1 1
github.com/daoneill/ollama-proxy/pkg/pipeline/examples.go:95.41,118.66 1 1
github.com/daoneill/ollama-proxy/pkg/pipeline/examples.go:118.66,121.6 2 0
github.com/daoneill/ollama-proxy/pkg/pipeline/examples.go:133.42,164.2 1 1
github.com/daoneill/ollama-proxy/pkg/pipeline/examples.go:167.40,184.66 1 1
github.com/daoneill/ollama-proxy/pkg/pipeline/examples.go:184.66,189.6 3 0
github.com/daoneill/ollama-proxy/pkg/pipeline/examples.go:197.66,200.6 2 0
github.com/daoneill/ollama-proxy/pkg/pipeline/examples.go:212.47,232.66 1 1
github.com/daoneill/ollama-proxy/pkg/pipeline/examples.go:232.66,235.43 3 0
github.com/daoneill/ollama-proxy/pkg/pipeline/examples.go:235.43,237.7 1 0
github.com/daoneill/ollama-proxy/pkg/pipeline/examples.go:238.6,238.24 1 0
github.com/daoneill/ollama-proxy/pkg/pipeline/examples.go:251.38,278.2 1 1
github.com/daoneill/ollama-proxy/pkg/pipeline/examples.go:281.50,284.2 1 1
github.com/daoneill/ollama-proxy/pkg/pipeline/loader.go:66.42,70.2 1 1
github.com/daoneill/ollama-proxy/pkg/pipeline/loader.go:73.59,75.16 2 0
github.com/daoneill/ollama-proxy/pkg/pipeline/loader.go:75.16,77.3 1 0
github.com/daoneill/ollama-proxy/pkg/pipeline/loader.go:79.2,80.54 2 0
github.com/daoneill/ollama-proxy/pkg/pipeline/loader.go:80.54,82.3 1 0
github.com/daoneill/ollama-proxy/pkg/pipeline/loader.go:84.2,84.48 1 0
github.com/daoneill/ollama-proxy/pkg/pipeline/loader.go:84.48,86.17 2 0
github.com/daoneill/ollama-proxy/pkg/pipeline/loader.go:86.17,88.4 1 0
github.com/daoneill/ollama-proxy/pkg/pipeline/loader.go:90.3,90.39 1 0
github.com/daoneill/ollama-proxy/pkg/pipeline/loader.go:93.2,93.12 1 0
github.com/daoneill/ollama-proxy/pkg/pipeline/loader.go:97.69,99.9 2 1
github.com/daoneill/ollama-proxy/pkg/pipeline/loader.go:99.9,101.3 1 1
github.com/daoneill/ollama-proxy/pkg/pipeline/loader.go:103.2,103.22 1 1
github.com/daoneill/ollama-proxy/pkg/pipeline/loader.go:107.52,109.31 2 1
github.com/daoneill/ollama-proxy/pkg/pipeline/loader.go:109.31,111.3 1 1
github.com/daoneill/ollama-proxy/pkg/pipeline/loader.go:112.2,112.12 1 1
github.com/daoneill/ollama-proxy/pkg/pipeline/loader.go:116.95,119.48 2 1
github.com/daoneill/ollama-proxy/pkg/pipeline/loader.go:119.48,121.17 2 1
github.com/daoneill/ollama-proxy/pkg/pipeline/loader.go:121.17,123.4 1 0
github.com/daoneill/ollama-proxy/pkg/pipeline/loader.go:124.3,124.33 1 1
github.com/daoneill/ollama-proxy/pkg/pipeline/loader.go:127.2,135.22 2 1
github.com/daoneill/ollama-proxy/pkg/pipeline/loader.go:139.83,152.49 2 1
github.com/daoneill/ollama-proxy/pkg/pipeline/loader.go:152.49,164.3 1 1
github.com/daoneill/ollama-proxy/pkg/pipeline/loader.go:168.2,168.19 1 1
github.com/daoneill/ollama-proxy/pkg/pipeline/loader.go:172.90,180.2 1 1
github.com/daoneill/ollama-proxy/pkg/pipeline/pipeline.go:140.76,142.38 2 1
github.com/daoneill/ollama-proxy/pkg/pipeline/pipeline.go:142.38,144.3 1 1
github.com/daoneill/ollama-proxy/pkg/pipeline/pipeline.go:146.2,148.3 1 1
github.com/daoneill/ollama-proxy/pkg/pipeline/pipeline.go:152.122,162.40 4 1
github.com/daoneill/ollama-proxy/pkg/pipeline/pipeline.go:162.40,166.54 3 1
github.com/daoneill/ollama-proxy/pkg/pipeline/pipeline.go:166.54,170.4 3 1
github.com/daoneill/ollama-proxy/pkg/pipeline/pipeline.go:172.3,172.26 1 1
github.com/daoneill/ollama-proxy/pkg/pipeline/pipeline.go:172.26,174.4 1 1
github.com/daoneill/ollama-proxy/pkg/pipeline/pipeline.go:177.2,181.20 4 1
github.com/daoneill/ollama-proxy/pkg/pipeline/pipeline.go:185.118,192.33 3 1
github.com/daoneill/ollama-proxy/pkg/pipeline/pipeline.go:192.33,195.17 3 1
github.com/daoneill/ollama-proxy/pkg/pipeline/pipeline.go:195.17,202.4 1 1
github.com/daoneill/ollama-proxy/pkg/pipeline/pipeline.go:206.2,207.16 2 1
github.com/daoneill/ollama-proxy/pkg/pipeline/pipeline.go:207.16,214.3 1 1
github.com/daoneill/ollama-proxy/pkg/pipeline/pipeline.go:216.2,223.83 5 1
github.com/daoneill/ollama-proxy/pkg/pipeline/pipeline.go:223.83,225.3 1 0
github.com/daoneill/ollama-proxy/pkg/pipeline/pipeline.go:225.8,227.3 1 1
github.com/daoneill/ollama-proxy/pkg/pipeline/pipeline.go:229.2,229.20 1 1
github.com/daoneill/ollama-proxy/pkg/pipeline/pipeline.go:229.20,236.3 1 1
github.com/daoneill/ollama-proxy/pkg/pipeline/pipeline.go:239.2,240.34 2 1
github.com/daoneill/ollama-proxy/pkg/pipeline/pipeline.go:240.34,242.21 2 1
github.com/daoneill/ollama-proxy/pkg/pipeline/pipeline.go:242.21,249.4 1 1
github.com/daoneill/ollama-proxy/pkg/pipeline/pipeline.go:252.2,261.8 3 1
github.com/daoneill/ollama-proxy/pkg/pipeline/pipeline.go:271.40,276.39 4 1
github.com/daoneill/ollama-proxy/pkg/pipeline/pipeline.go:276.39,282.17 4 1
github.com/daoneill/ollama-proxy/pkg/pipeline/pipeline.go:282.17,284.49 1 1
github.com/daoneill/ollama-proxy/pkg/pipeline/pipeline.go:284.49,290.13 6 1
github.com/daoneill/ollama-proxy/pkg/pipeline/pipeline.go:292.4,292.29 1 1
github.com/daoneill/ollama-proxy/pkg/pipeline/pipeline.go:296.3,299.41 3 1
github.com/daoneill/ollama-proxy/pkg/pipeline/pipeline.go:299.41,302.4 1 0
github.com/daoneill/ollama-proxy/pkg/pipeline/pipeline.go:305.3,305.48 1 1
github.com/daoneill/ollama-proxy/pkg/pipeline/pipeline.go:305.48,312.12 7 1
github.com/daoneill/ollama-proxy/pkg/pipeline/pipeline.go:316.3,316.31 1 1
github.com/daoneill/ollama-proxy/pkg/pipeline/pipeline.go:319.2,319.58 1 0
github.com/daoneill/ollama-proxy/pkg/pipeline/pipeline.go:328.24,329.20 1 1
github.com/daoneill/ollama-proxy/pkg/pipeline/pipeline.go:330.24,333.10 2 1
github.com/daoneill/ollama-proxy/pkg/pipeline/pipeline.go:333.10,335.4 1 1
github.com/daoneill/ollama-proxy/pkg/pipeline/pipeline.go:337.3,342.17 3 1
github.com/daoneill/ollama-proxy/pkg/pipeline/pipeline.go:342.17,344.4 1 1
github.com/daoneill/ollama-proxy/pkg/pipeline/pipeline.go:345.3,345.28 1 1
github.com/daoneill/ollama-proxy/pkg/pipeline/pipeline.go:347.28,349.62 1 1
github.com/daoneill/ollama-proxy/pkg/pipeline/pipeline.go:351.28,353.62 1 1
github.com/daoneill/ollama-proxy/pkg/pipeline/pipeline.go:355.22,358.10 2 1
github.com/daoneill/ollama-proxy/pkg/pipeline/pipeline.go:358.10,360.4 1 1
github.com/daoneill/ollama-proxy/pkg/pipeline/pipeline.go:362.3,367.17 3 1
github.com/daoneill/ollama-proxy/pkg/pipeline/pipeline.go:367.17,369.4 1 1
github.com/daoneill/ollama-proxy/pkg/pipeline/pipeline.go:370.3,370.29 1 1
github.com/daoneill/ollama-proxy/pkg/pipeline/pipeline.go:372.10,373.67 1 1
github.com/daoneill/ollama-proxy/pkg/pipeline/pipeline.go:378.83,380.34 1 1
github.com/daoneill/ollama-proxy/pkg/pipeline/pipeline.go:380.34,382.10 2 1
github.com/daoneill/ollama-proxy/pkg/pipeline/pipeline.go:382.10,384.4 1 1
github.com/daoneill/ollama-proxy/pkg/pipeline/pipeline.go:385.3,385.22 1 1
github.com/daoneill/ollama-proxy/pkg/pipeline/pipeline.go:389.2,389.35 1 1
github.com/daoneill/ollama-proxy/pkg/pipeline/pipeline.go:389.35,390.46 1 1
github.com/daoneill/ollama-proxy/pkg/pipeline/pipeline.go:390.46,391.53 1 1
github.com/daoneill/ollama-proxy/pkg/pipeline/pipeline.go:391.53,393.5 1 1
github.com/daoneill/ollama-proxy/pkg/pipeline/pipeline.go:395.3,395.88 1 1
github.com/daoneill/ollama-proxy/pkg/pipeline/pipeline.go:399.2,399.45 1 1
github.com/daoneill/ollama-proxy/pkg/pipeline/pipeline.go:399.45,401.3 1 1
github.com/daoneill/ollama-proxy/pkg/pipeline/pipeline.go:403.2,403.49 1 1
github.com/daoneill/ollama-proxy/pkg/pipeline/pipeline.go:407.81,409.9 2 1
github.com/daoneill/ollama-proxy/pkg/pipeline/pipeline.go:409.9,411.3 1 1
github.com/daoneill/ollama-proxy/pkg/pipeline/pipeline.go:412.2,412.21 1 1
github.com/daoneill/ollama-proxy/pkg/pipeline/pipeline.go:416.76,424.2 1 1
github.com/daoneill/ollama-proxy/pkg/workload/detector.go:26.30,76.2 1 1
github.com/daoneill/ollama-proxy/pkg/workload/detector.go:79.119,81.84 1 1
github.com/daoneill/ollama-proxy/pkg/workload/detector.go:81.84,83.3 1 1
github.com/daoneill/ollama-proxy/pkg/workload/detector.go:85.2,88.44 2 1
github.com/daoneill/ollama-proxy/pkg/workload/detector.go:88.44,90.3 1 1
github.com/daoneill/ollama-proxy/pkg/workload/detector.go:93.2,93.28 1 1
github.com/daoneill/ollama-proxy/pkg/workload/detector.go:93.28,95.3 1 1
github.com/daoneill/ollama-proxy/pkg/workload/detector.go:98.2,98.34 1 1
github.com/daoneill/ollama-proxy/pkg/workload/detector.go:98.34,100.3 1 1
github.com/daoneill/ollama-proxy/pkg/workload/detector.go:103.2,103.28 1 1
github.com/daoneill/ollama-proxy/pkg/workload/detector.go:103.28,105.3 1 1
github.com/daoneill/ollama-proxy/pkg/workload/detector.go:108.2,108.31 1 1
github.com/daoneill/ollama-proxy/pkg/workload/detector.go:112.86,118.34 1 1
github.com/daoneill/ollama-proxy/pkg/workload/detector.go:118.34,120.3 1 1
github.com/daoneill/ollama-proxy/pkg/workload/detector.go:122.2,132.43 2 1
github.com/daoneill/ollama-proxy/pkg/workload/detector.go:132.43,133.40 1 1
github.com/daoneill/ollama-proxy/pkg/workload/detector.go:133.40,135.4 1 1
github.com/daoneill/ollama-proxy/pkg/workload/detector.go:139.2,139.54 1 1
github.com/daoneill/ollama-proxy/pkg/workload/detector.go:139.54,141.3 1 1
github.com/daoneill/ollama-proxy/pkg/workload/detector.go:143.2,143.14 1 1
github.com/daoneill/ollama-proxy/pkg/workload/detector.go:147.48,157.40 2 1
github.com/daoneill/ollama-proxy/pkg/workload/detector.go:157.40,158.40 1 1
github.com/daoneill/ollama-proxy/pkg/workload/detector.go:158.40,160.4 1 1
github.com/daoneill/ollama-proxy/pkg/workload/detector.go:163.2,163.14 1 1
github.com/daoneill/ollama-proxy/pkg/workload/detector.go:167.61,172.47 2 1
github.com/daoneill/ollama-proxy/pkg/workload/detector.go:172.47,174.3 1 1
github.com/daoneill/ollama-proxy/pkg/workload/detector.go:176.2,188.39 2 1
github.com/daoneill/ollama-proxy/pkg/workload/detector.go:188.39,189.40 1 1
github.com/daoneill/ollama-proxy/pkg/workload/detector.go:189.40,191.4 1 1
github.com/daoneill/ollama-proxy/pkg/workload/detector.go:194.2,194.14 1 1
github.com/daoneill/ollama-proxy/pkg/workload/detector.go:198.48,207.40 2 1
github.com/daoneill/ollama-proxy/pkg/workload/detector.go:207.40,208.40 1 1
github.com/daoneill/ollama-proxy/pkg/workload/detector.go:208.40,210.4 1 1
github.com/daoneill/ollama-proxy/pkg/workload/detector.go:213.2,213.14 1 1
github.com/daoneill/ollama-proxy/pkg/workload/detector.go:217.78,218.46 1 1
github.com/daoneill/ollama-proxy/pkg/workload/detector.go:218.46,220.3 1 1
github.com/daoneill/ollama-proxy/pkg/workload/detector.go:221.2,221.43 1 1
github.com/daoneill/ollama-proxy/pkg/workload/detector.go:225.114,245.62 5 1
github.com/daoneill/ollama-proxy/pkg/workload/detector.go:245.62,249.3 2 1
github.com/daoneill/ollama-proxy/pkg/workload/detector.go:251.2,251.66 1 1
github.com/daoneill/ollama-proxy/pkg/workload/detector.go:251.66,255.3 2 1
github.com/daoneill/ollama-proxy/pkg/workload/detector.go:257.2,257.14 1 1
github.com/daoneill/ollama-proxy/pkg/efficiency/dbus_service.go:25.71,27.16 2 1
github.com/daoneill/ollama-proxy/pkg/efficiency/dbus_service.go:27.16,30.17 2 0
github.com/daoneill/ollama-proxy/pkg/efficiency/dbus_service.go:30.17,32.4 1 0
github.com/daoneill/ollama-proxy/pkg/efficiency/dbus_service.go:35.2,40.17 2 1
github.com/daoneill/ollama-proxy/pkg/efficiency/dbus_service.go:44.38,48.16 2 0
github.com/daoneill/ollama-proxy/pkg/efficiency/dbus_service.go:48.16,50.3 1 0
github.com/daoneill/ollama-proxy/pkg/efficiency/dbus_service.go:52.2,52.48 1 0
github.com/daoneill/ollama-proxy/pkg/efficiency/dbus_service.go:52.48,54.3 1 0
github.com/daoneill/ollama-proxy/pkg/efficiency/dbus_service.go:57.2,58.16 2 0
github.com/daoneill/ollama-proxy/pkg/efficiency/dbus_service.go:58.16,60.3 1 0
github.com/daoneill/ollama-proxy/pkg/efficiency/dbus_service.go:63.2,127.16 3 0
github.com/daoneill/ollama-proxy/pkg/efficiency/dbus_service.go:127.16,129.3 1 0
github.com/daoneill/ollama-proxy/pkg/efficiency/dbus_service.go:132.2,135.12 3 0
github.com/daoneill/ollama-proxy/pkg/efficiency/dbus_service.go:139.57,143.14 3 0
github.com/daoneill/ollama-proxy/pkg/efficiency/dbus_service.go:144.21,145.28 1 0
github.com/daoneill/ollama-proxy/pkg/efficiency/dbus_service.go:146.18,147.25 1 0
github.com/daoneill/ollama-proxy/pkg/efficiency/dbus_service.go:148.20,149.27 1 0
github.com/daoneill/ollama-proxy/pkg/efficiency/dbus_service.go:150.15,151.22 1 0
github.com/daoneill/ollama-proxy/pkg/efficiency/dbus_service.go:152.14,153.21 1 0
github.com/daoneill/ollama-proxy/pkg/efficiency/dbus_service.go:154.25,155.32 1 0
github.com/daoneill/ollama-proxy/pkg/efficiency/dbus_service.go:156.10,157.68 1 0
github.com/daoneill/ollama-proxy/pkg/efficiency/dbus_service.go:160.2,171.12 5 0
github.com/daoneill/ollama-proxy/pkg/efficiency/dbus_service.go:175.56,178.2 2 0
github.com/daoneill/ollama-proxy/pkg/efficiency/dbus_service.go:181.65,184.2 2 0
github.com/daoneill/ollama-proxy/pkg/efficiency/dbus_service.go:187.60,190.26 3 0
github.com/daoneill/ollama-proxy/pkg/efficiency/dbus_service.go:190.26,192.3 1 0
github.com/daoneill/ollama-proxy/pkg/efficiency/dbus_service.go:193.2,193.19 1 0
github.com/daoneill/ollama-proxy/pkg/efficiency/dbus_service.go:197.92,200.18 2 0
github.com/daoneill/ollama-proxy/pkg/efficiency/dbus_service.go:201.21,202.25 1 0
github.com/daoneill/ollama-proxy/pkg/efficiency/dbus_service.go:203.18,204.22 1 0
github.com/daoneill/ollama-proxy/pkg/efficiency/dbus_service.go:205.20,206.24 1 0
github.com/daoneill/ollama-proxy/pkg/efficiency/dbus_service.go:207.15,208.19 1 0
github.com/daoneill/ollama-proxy/pkg/efficiency/dbus_service.go:209.14,210.18 1 0
github.com/daoneill/ollama-proxy/pkg/efficiency/dbus_service.go:211.25,212.29 1 0
github.com/daoneill/ollama-proxy/pkg/efficiency/dbus_service.go:213.10,214.77 1 0
github.com/daoneill/ollama-proxy/pkg/efficiency/dbus_service.go:217.2,228.18 3 0
github.com/daoneill/ollama-proxy/pkg/efficiency/dbus_service.go:232.75,239.48 1 0
github.com/daoneill/ollama-proxy/pkg/efficiency/dbus_service.go:239.48,241.6 1 0
github.com/daoneill/ollama-proxy/pkg/efficiency/dbus_service.go:253.31,254.20 1 1
github.com/daoneill/ollama-proxy/pkg/efficiency/dbus_service.go:254.20,256.3 1 1
github.com/daoneill/ollama-proxy/pkg/efficiency/modes.go:34.41,35.11 1 1
github.com/daoneill/ollama-proxy/pkg/efficiency/modes.go:36.23,37.23 1 1
github.com/daoneill/ollama-proxy/pkg/efficiency/modes.go:38.20,39.20 1 1
github.com/daoneill/ollama-proxy/pkg/efficiency/modes.go:40.22,41.22 1 1
github.com/daoneill/ollama-proxy/pkg/efficiency/modes.go:42.17,43.17 1 1
github.com/daoneill/ollama-proxy/pkg/efficiency/modes.go:44.16,45.16 1 1
github.com/daoneill/ollama-proxy/pkg/efficiency/modes.go:46.27,47.28 1 1
github.com/daoneill/ollama-proxy/pkg/efficiency/modes.go:48.10,49.19 1 1
github.com/daoneill/ollama-proxy/pkg/efficiency/modes.go:84.53,159.34 2 1
github.com/daoneill/ollama-proxy/pkg/efficiency/modes.go:159.34,161.3 1 1
github.com/daoneill/ollama-proxy/pkg/efficiency/modes.go:163.2,163.30 1 1
github.com/daoneill/ollama-proxy/pkg/efficiency/modes.go:180.74,184.2 1 1
github.com/daoneill/ollama-proxy/pkg/efficiency/modes.go:187.59,191.2 3 1
github.com/daoneill/ollama-proxy/pkg/efficiency/modes.go:194.55,198.2 3 1
github.com/daoneill/ollama-proxy/pkg/efficiency/modes.go:201.64,205.25 3 1
github.com/daoneill/ollama-proxy/pkg/efficiency/modes.go:205.25,207.3 1 1
github.com/daoneill/ollama-proxy/pkg/efficiency/modes.go:210.2,210.31 1 1
github.com/daoneill/ollama-proxy/pkg/efficiency/modes.go:214.65,216.44 1 1
github.com/daoneill/ollama-proxy/pkg/efficiency/modes.go:216.44,218.3 1 1
github.com/daoneill/ollama-proxy/pkg/efficiency/modes.go:221.2,221.44 1 1
github.com/daoneill/ollama-proxy/pkg/efficiency/modes.go:221.44,223.3 1 1
github.com/daoneill/ollama-proxy/pkg/efficiency/modes.go:226.2,226.19 1 1
github.com/daoneill/ollama-proxy/pkg/efficiency/modes.go:226.19,228.3 1 1
github.com/daoneill/ollama-proxy/pkg/efficiency/modes.go:231.2,231.23 1 1
github.com/daoneill/ollama-proxy/pkg/efficiency/modes.go:231.23,233.3 1 1
github.com/daoneill/ollama-proxy/pkg/efficiency/modes.go:236.2,236.25 1 1
github.com/daoneill/ollama-proxy/pkg/efficiency/modes.go:236.25,238.3 1 1
github.com/daoneill/ollama-proxy/pkg/efficiency/modes.go:241.2,241.18 1 1
github.com/daoneill/ollama-proxy/pkg/efficiency/modes.go:241.18,243.3 1 1
github.com/daoneill/ollama-proxy/pkg/efficiency/modes.go:246.2,246.24 1 1
github.com/daoneill/ollama-proxy/pkg/efficiency/modes.go:256.3,265.2 7 1
github.com/daoneill/ollama-proxy/pkg/efficiency/modes.go:268.88,273.60 3 1
github.com/daoneill/ollama-proxy/pkg/efficiency/modes.go:273.60,274.96 1 1
github.com/daoneill/ollama-proxy/pkg/efficiency/modes.go:274.96,276.4 1 1
github.com/daoneill/ollama-proxy/pkg/efficiency/modes.go:280.2,280.64 1 1
github.com/daoneill/ollama-proxy/pkg/efficiency/modes.go:280.65,283.3 0 1
github.com/daoneill/ollama-proxy/pkg/efficiency/modes.go:286.2,286.23 1 1
github.com/daoneill/ollama-proxy/pkg/efficiency/modes.go:287.43,289.38 2 1
github.com/daoneill/ollama-proxy/pkg/efficiency/modes.go:291.17,293.38 2 1
github.com/daoneill/ollama-proxy/pkg/efficiency/modes.go:296.23,296.23 0 1
github.com/daoneill/ollama-proxy/pkg/efficiency/modes.go:300.20,300.20 0 1
github.com/daoneill/ollama-proxy/pkg/efficiency/modes.go:306.98,311.34 3 1
github.com/daoneill/ollama-proxy/pkg/efficiency/modes.go:311.34,313.3 1 1
github.com/daoneill/ollama-proxy/pkg/efficiency/modes.go:316.2,316.37 1 1
github.com/daoneill/ollama-proxy/pkg/efficiency/modes.go:316.37,318.3 1 1
github.com/daoneill/ollama-proxy/pkg/efficiency/modes.go:320.2,320.13 1 1
github.com/daoneill/ollama-proxy/pkg/efficiency/modes.go:324.62,328.2 3 1
github.com/daoneill/ollama-proxy/pkg/efficiency/modes.go:331.58,336.22 4 1
github.com/daoneill/ollama-proxy/pkg/efficiency/modes.go:336.22,338.3 1 1
github.com/daoneill/ollama-proxy/pkg/efficiency/modes.go:340.2,340.65 1 1
github.com/daoneill/ollama-proxy/pkg/efficiency/modes.go:353.59,364.2 3 1
github.com/daoneill/ollama-proxy/pkg/efficiency/modes.go:367.34,376.2 1 1
github.com/daoneill/ollama-proxy/pkg/dbus/backends_service.go:38.69,40.16 2 1
github.com/daoneill/ollama-proxy/pkg/dbus/backends_service.go:40.16,43.17 2 0
github.com/daoneill/ollama-proxy/pkg/dbus/backends_service.go:43.17,45.4 1 0
github.com/daoneill/ollama-proxy/pkg/dbus/backends_service.go:48.2,53.17 2 1
github.com/daoneill/ollama-proxy/pkg/dbus/backends_service.go:57.42,61.16 2 0
github.com/daoneill/ollama-proxy/pkg/dbus/backends_service.go:61.16,63.3 1 0
github.com/daoneill/ollama-proxy/pkg/dbus/backends_service.go:65.2,65.48 1 0
github.com/daoneill/ollama-proxy/pkg/dbus/backends_service.go:65.48,67.3 1 0
github.com/daoneill/ollama-proxy/pkg/dbus/backends_service.go:70.2,71.16 2 0
github.com/daoneill/ollama-proxy/pkg/dbus/backends_service.go:71.16,73.3 1 0
github.com/daoneill/ollama-proxy/pkg/dbus/backends_service.go:76.2,139.16 3 0
github.com/daoneill/ollama-proxy/pkg/dbus/backends_service.go:139.16,141.3 1 0
github.com/daoneill/ollama-proxy/pkg/dbus/backends_service.go:144.2,147.12 3 0
github.com/daoneill/ollama-proxy/pkg/dbus/backends_service.go:151.72,155.35 3 1
github.com/daoneill/ollama-proxy/pkg/dbus/backends_service.go:155.35,165.3 1 1
github.com/daoneill/ollama-proxy/pkg/dbus/backends_service.go:167.2,167.20 1 1
github.com/daoneill/ollama-proxy/pkg/dbus/backends_service.go:171.96,174.35 2 1
github.com/daoneill/ollama-proxy/pkg/dbus/backends_service.go:174.35,175.25 1 1
github.com/daoneill/ollama-proxy/pkg/dbus/backends_service.go:175.25,194.4 2 1
github.com/daoneill/ollama-proxy/pkg/dbus/backends_service.go:197.2,197.75 1 1
github.com/daoneill/ollama-proxy/pkg/dbus/backends_service.go:201.96,204.35 2 1
github.com/daoneill/ollama-proxy/pkg/dbus/backends_service.go:204.35,205.25 1 1
github.com/daoneill/ollama-proxy/pkg/dbus/backends_service.go:205.25,219.4 3 1
github.com/daoneill/ollama-proxy/pkg/dbus/backends_service.go:222.2,222.75 1 1
github.com/daoneill/ollama-proxy/pkg/dbus/backends_service.go:226.82,229.35 2 1
github.com/daoneill/ollama-proxy/pkg/dbus/backends_service.go:229.35,230.25 1 1
github.com/daoneill/ollama-proxy/pkg/dbus/backends_service.go:230.25,232.18 2 1
github.com/daoneill/ollama-proxy/pkg/dbus/backends_service.go:232.18,235.5 1 1
github.com/daoneill/ollama-proxy/pkg/dbus/backends_service.go:236.4,236.22 1 1
github.com/daoneill/ollama-proxy/pkg/dbus/backends_service.go:240.2,240.75 1 1
github.com/daoneill/ollama-proxy/pkg/dbus/backends_service.go:244.63,248.35 3 1
github.com/daoneill/ollama-proxy/pkg/dbus/backends_service.go:248.35,254.29 4 1
github.com/daoneill/ollama-proxy/pkg/dbus/backends_service.go:254.29,257.4 1 0
github.com/daoneill/ollama-proxy/pkg/dbus/backends_service.go:261.2,263.12 2 1
github.com/daoneill/ollama-proxy/pkg/dbus/backends_service.go:267.79,270.29 3 1
github.com/daoneill/ollama-proxy/pkg/dbus/backends_service.go:270.29,271.20 1 1
github.com/daoneill/ollama-proxy/pkg/dbus/backends_service.go:271.20,273.4 1 1
github.com/daoneill/ollama-proxy/pkg/dbus/backends_service.go:276.2,289.3 1 1
github.com/daoneill/ollama-proxy/pkg/dbus/backends_service.go:293.47,296.29 3 1
github.com/daoneill/ollama-proxy/pkg/dbus/backends_service.go:296.29,297.20 1 1
github.com/daoneill/ollama-proxy/pkg/dbus/backends_service.go:297.20,299.4 1 1
github.com/daoneill/ollama-proxy/pkg/dbus/backends_service.go:302.2,302.21 1 1
github.com/daoneill/ollama-proxy/pkg/dbus/backends_service.go:302.21,305.3 2 0
github.com/daoneill/ollama-proxy/pkg/dbus/backends_service.go:309.35,310.20 1 1
github.com/daoneill/ollama-proxy/pkg/dbus/backends_service.go:310.20,312.3 1 1
github.com/daoneill/ollama-proxy/pkg/dbus/routing_service.go:44.67,46.16 2 1
github.com/daoneill/ollama-proxy/pkg/dbus/routing_service.go:46.16,49.17 2 0
github.com/daoneill/ollama-proxy/pkg/dbus/routing_service.go:49.17,51.4 1 0
github.com/daoneill/ollama-proxy/pkg/dbus/routing_service.go:54.2,61.17 2 1
github.com/daoneill/ollama-proxy/pkg/dbus/routing_service.go:65.41,69.16 2 0
github.com/daoneill/ollama-proxy/pkg/dbus/routing_service.go:69.16,71.3 1 0
github.com/daoneill/ollama-proxy/pkg/dbus/routing_service.go:73.2,73.48 1 0
github.com/daoneill/ollama-proxy/pkg/dbus/routing_service.go:73.48,75.3 1 0
github.com/daoneill/ollama-proxy/pkg/dbus/routing_service.go:78.2,79.16 2 0
github.com/daoneill/ollama-proxy/pkg/dbus/routing_service.go:79.16,81.3 1 0
github.com/daoneill/ollama-proxy/pkg/dbus/routing_service.go:84.2,140.16 3 0
github.com/daoneill/ollama-proxy/pkg/dbus/routing_service.go:140.16,142.3 1 0
github.com/daoneill/ollama-proxy/pkg/dbus/routing_service.go:145.2,148.12 3 0
github.com/daoneill/ollama-proxy/pkg/dbus/routing_service.go:152.84,163.35 7 1
github.com/daoneill/ollama-proxy/pkg/dbus/routing_service.go:163.35,168.3 4 1
github.com/daoneill/ollama-proxy/pkg/dbus/routing_service.go:170.2,171.23 2 1
github.com/daoneill/ollama-proxy/pkg/dbus/routing_service.go:171.23,173.3 1 1
github.com/daoneill/ollama-proxy/pkg/dbus/routing_service.go:175.2,183.19 2 1
github.com/daoneill/ollama-proxy/pkg/dbus/routing_service.go:187.95,192.37 4 1
github.com/daoneill/ollama-proxy/pkg/dbus/routing_service.go:192.37,194.3 1 1
github.com/daoneill/ollama-proxy/pkg/dbus/routing_service.go:196.2,196.16 1 1
github.com/daoneill/ollama-proxy/pkg/dbus/routing_service.go:196.16,198.3 1 1
github.com/daoneill/ollama-proxy/pkg/dbus/routing_service.go:201.2,205.20 4 1
github.com/daoneill/ollama-proxy/pkg/dbus/routing_service.go:209.86,216.35 4 1
github.com/daoneill/ollama-proxy/pkg/dbus/routing_service.go:216.35,220.3 3 1
github.com/daoneill/ollama-proxy/pkg/dbus/routing_service.go:223.2,224.23 2 1
github.com/daoneill/ollama-proxy/pkg/dbus/routing_service.go:224.23,225.40 1 1
github.com/daoneill/ollama-proxy/pkg/dbus/routing_service.go:225.40,227.4 1 1
github.com/daoneill/ollama-proxy/pkg/dbus/routing_service.go:230.2,230.26 1 1
github.com/daoneill/ollama-proxy/pkg/dbus/routing_service.go:234.113,241.48 2 1
github.com/daoneill/ollama-proxy/pkg/dbus/routing_service.go:241.48,242.51 1 1
github.com/daoneill/ollama-proxy/pkg/dbus/routing_service.go:242.51,244.4 1 1
github.com/daoneill/ollama-proxy/pkg/dbus/routing_service.go:247.2,247.67 1 1
github.com/daoneill/ollama-proxy/pkg/dbus/routing_service.go:247.67,248.51 1 1
github.com/daoneill/ollama-proxy/pkg/dbus/routing_service.go:248.51,250.4 1 1
github.com/daoneill/ollama-proxy/pkg/dbus/routing_service.go:253.2,253.73 1 1
github.com/daoneill/ollama-proxy/pkg/dbus/routing_service.go:253.73,254.50 1 1
github.com/daoneill/ollama-proxy/pkg/dbus/routing_service.go:254.50,256.4 1 1
github.com/daoneill/ollama-proxy/pkg/dbus/routing_service.go:259.2,259.60 1 1
github.com/daoneill/ollama-proxy/pkg/dbus/routing_service.go:259.60,260.47 1 1
github.com/daoneill/ollama-proxy/pkg/dbus/routing_service.go:260.47,262.4 1 1
github.com/daoneill/ollama-proxy/pkg/dbus/routing_service.go:265.2,265.59 1 1
github.com/daoneill/ollama-proxy/pkg/dbus/routing_service.go:265.59,266.45 1 1
github.com/daoneill/ollama-proxy/pkg/dbus/routing_service.go:266.45,268.4 1 1
github.com/daoneill/ollama-proxy/pkg/dbus/routing_service.go:272.2,274.16 3 1
github.com/daoneill/ollama-proxy/pkg/dbus/routing_service.go:274.16,276.3 1 1
github.com/daoneill/ollama-proxy/pkg/dbus/routing_service.go:278.2,279.29 2 1
github.com/daoneill/ollama-proxy/pkg/dbus/routing_service.go:279.29,281.3 1 1
github.com/daoneill/ollama-proxy/pkg/dbus/routing_service.go:283.2,283.40 1 1
github.com/daoneill/ollama-proxy/pkg/dbus/routing_service.go:287.122,302.53 5 1
github.com/daoneill/ollama-proxy/pkg/dbus/routing_service.go:302.53,304.3 1 1
github.com/daoneill/ollama-proxy/pkg/dbus/routing_service.go:306.2,309.21 2 1
github.com/daoneill/ollama-proxy/pkg/dbus/routing_service.go:309.21,311.3 1 0
github.com/daoneill/ollama-proxy/pkg/dbus/routing_service.go:320.78,330.2 1 1
github.com/daoneill/ollama-proxy/pkg/dbus/routing_service.go:333.34,334.20 1 1
github.com/daoneill/ollama-proxy/pkg/dbus/routing_service.go:334.20,336.3 1 1
github.com/daoneill/ollama-proxy/pkg/dbus/system_service.go:26.86,27.20 1 1
github.com/daoneill/ollama-proxy/pkg/dbus/system_service.go:27.20,29.3 1 1
github.com/daoneill/ollama-proxy/pkg/dbus/system_service.go:31.2,32.16 2 1
github.com/daoneill/ollama-proxy/pkg/dbus/system_service.go:32.16,35.17 2 0
github.com/daoneill/ollama-proxy/pkg/dbus/system_service.go:35.17,37.4 1 0
github.com/daoneill/ollama-proxy/pkg/dbus/system_service.go:40.2,45.17 2 1
github.com/daoneill/ollama-proxy/pkg/dbus/system_service.go:49.40,53.16 2 0
github.com/daoneill/ollama-proxy/pkg/dbus/system_service.go:53.16,55.3 1 0
github.com/daoneill/ollama-proxy/pkg/dbus/system_service.go:57.2,57.48 1 0
github.com/daoneill/ollama-proxy/pkg/dbus/system_service.go:57.48,59.3 1 0
github.com/daoneill/ollama-proxy/pkg/dbus/system_service.go:62.2,63.16 2 0
github.com/daoneill/ollama-proxy/pkg/dbus/system_service.go:63.16,65.3 1 0
github.com/daoneill/ollama-proxy/pkg/dbus/system_service.go:68.2,135.16 3 0
github.com/daoneill/ollama-proxy/pkg/dbus/system_service.go:135.16,137.3 1 0
github.com/daoneill/ollama-proxy/pkg/dbus/system_service.go:140.2,143.12 3 0
github.com/daoneill/ollama-proxy/pkg/dbus/system_service.go:147.82,159.2 3 1
github.com/daoneill/ollama-proxy/pkg/dbus/system_service.go:162.71,165.40 2 1
github.com/daoneill/ollama-proxy/pkg/dbus/system_service.go:165.40,167.3 1 1
github.com/daoneill/ollama-proxy/pkg/dbus/system_service.go:169.2,175.31 4 1
github.com/daoneill/ollama-proxy/pkg/dbus/system_service.go:175.31,177.3 1 1
github.com/daoneill/ollama-proxy/pkg/dbus/system_service.go:177.8,177.38 1 1
github.com/daoneill/ollama-proxy/pkg/dbus/system_service.go:177.38,179.3 1 1
github.com/daoneill/ollama-proxy/pkg/dbus/system_service.go:179.8,179.29 1 1
github.com/daoneill/ollama-proxy/pkg/dbus/system_service.go:179.29,181.3 1 1
github.com/daoneill/ollama-proxy/pkg/dbus/system_service.go:181.8,181.31 1 1
github.com/daoneill/ollama-proxy/pkg/dbus/system_service.go:181.31,183.3 1 1
github.com/daoneill/ollama-proxy/pkg/dbus/system_service.go:183.8,183.35 1 1
github.com/daoneill/ollama-proxy/pkg/dbus/system_service.go:183.35,185.3 1 1
github.com/daoneill/ollama-proxy/pkg/dbus/system_service.go:185.8,185.28 1 1
github.com/daoneill/ollama-proxy/pkg/dbus/system_service.go:185.28,187.3 1 1
github.com/daoneill/ollama-proxy/pkg/dbus/system_service.go:187.8,189.3 1 1
github.com/daoneill/ollama-proxy/pkg/dbus/system_service.go:191.2,191.23 1 1
github.com/daoneill/ollama-proxy/pkg/dbus/system_service.go:195.61,198.2 2 1
github.com/daoneill/ollama-proxy/pkg/dbus/system_service.go:201.65,202.20 1 1
github.com/daoneill/ollama-proxy/pkg/dbus/system_service.go:202.20,205.3 1 0
github.com/daoneill/ollama-proxy/pkg/dbus/system_service.go:208.2,208.21 1 1
github.com/daoneill/ollama-proxy/pkg/dbus/system_service.go:208.21,210.3 1 0
github.com/daoneill/ollama-proxy/pkg/dbus/system_service.go:214.63,215.20 1 1
github.com/daoneill/ollama-proxy/pkg/dbus/system_service.go:215.20,218.3 1 0
github.com/daoneill/ollama-proxy/pkg/dbus/system_service.go:221.2,221.21 1 1
github.com/daoneill/ollama-proxy/pkg/dbus/system_service.go:221.21,223.3 1 0
github.com/daoneill/ollama-proxy/pkg/dbus/system_service.go:227.61,228.20 1 1
github.com/daoneill/ollama-proxy/pkg/dbus/system_service.go:228.20,231.3 1 0
github.com/daoneill/ollama-proxy/pkg/dbus/system_service.go:234.2,234.21 1 1
github.com/daoneill/ollama-proxy/pkg/dbus/system_service.go:234.21,236.3 1 0
github.com/daoneill/ollama-proxy/pkg/dbus/system_service.go:240.77,262.2 2 1
github.com/daoneill/ollama-proxy/pkg/dbus/system_service.go:265.45,268.21 2 1
github.com/daoneill/ollama-proxy/pkg/dbus/system_service.go:268.21,272.3 3 0
github.com/daoneill/ollama-proxy/pkg/dbus/system_service.go:276.33,277.20 1 1
github.com/daoneill/ollama-proxy/pkg/dbus/system_service.go:277.20,279.3 1 1
github.com/daoneill/ollama-proxy/pkg/dbus/thermal_service.go:26.82,27.20 1 0
github.com/daoneill/ollama-proxy/pkg/dbus/thermal_service.go:27.20,29.3 1 0
github.com/daoneill/ollama-proxy/pkg/dbus/thermal_service.go:31.2,32.16 2 0
github.com/daoneill/ollama-proxy/pkg/dbus/thermal_service.go:32.16,35.17 2 0
github.com/daoneill/ollama-proxy/pkg/dbus/thermal_service.go:35.17,37.4 1 0
github.com/daoneill/ollama-proxy/pkg/dbus/thermal_service.go:40.2,45.17 2 0
github.com/daoneill/ollama-proxy/pkg/dbus/thermal_service.go:49.41,53.16 2 0
github.com/daoneill/ollama-proxy/pkg/dbus/thermal_service.go:53.16,55.3 1 0
github.com/daoneill/ollama-proxy/pkg/dbus/thermal_service.go:57.2,57.48 1 0
github.com/daoneill/ollama-proxy/pkg/dbus/thermal_service.go:57.48,59.3 1 0
github.com/daoneill/ollama-proxy/pkg/dbus/thermal_service.go:62.2,63.16 2 0
github.com/daoneill/ollama-proxy/pkg/dbus/thermal_service.go:63.16,65.3 1 0
github.com/daoneill/ollama-proxy/pkg/dbus/thermal_service.go:68.2,143.16 3 0
github.com/daoneill/ollama-proxy/pkg/dbus/thermal_service.go:143.16,145.3 1 0
github.com/daoneill/ollama-proxy/pkg/dbus/thermal_service.go:148.2,151.12 3 0
github.com/daoneill/ollama-proxy/pkg/dbus/thermal_service.go:155.84,163.31 6 0
github.com/daoneill/ollama-proxy/pkg/dbus/thermal_service.go:163.31,164.19 1 0
github.com/daoneill/ollama-proxy/pkg/dbus/thermal_service.go:164.19,167.24 3 0
github.com/daoneill/ollama-proxy/pkg/dbus/thermal_service.go:167.24,169.5 1 0
github.com/daoneill/ollama-proxy/pkg/dbus/thermal_service.go:170.4,170.11 1 0
github.com/daoneill/ollama-proxy/pkg/dbus/thermal_service.go:174.2,176.15 3 0
[...]
github.com/daoneill/ollama-proxy/pkg/backends/ollama/ollama.go:117.39,119.2 1 1
github.com/daoneill/ollama-proxy/pkg/backends/ollama/ollama.go:122.43,124.2 1 1
github.com/daoneill/ollama-proxy/pkg/backends/ollama/ollama.go:127.42,129.2 1 1
github.com/daoneill/ollama-proxy/pkg/backends/ollama/ollama.go:132.64,138.16 4 1
github.com/daoneill/ollama-proxy/pkg/backends/ollama/ollama.go:138.16,141.3 2 0
github.com/daoneill/ollama-proxy/pkg/backends/ollama/ollama.go:143.2,144.16 2 1
github.com/daoneill/ollama-proxy/pkg/backends/ollama/ollama.go:144.16,147.3 2 0
github.com/daoneill/ollama-proxy/pkg/backends/ollama/ollama.go:148.2,150.38 2 1
github.com/daoneill/ollama-proxy/pkg/backends/ollama/ollama.go:150.38,153.3 2 1
github.com/daoneill/ollama-proxy/pkg/backends/ollama/ollama.go:155.2,160.12 5 1
github.com/daoneill/ollama-proxy/pkg/backends/ollama/ollama.go:164.46,166.2 1 1
github.com/daoneill/ollama-proxy/pkg/backends/ollama/ollama.go:169.46,173.32 3 1
github.com/daoneill/ollama-proxy/pkg/backends/ollama/ollama.go:173.32,175.3 1 0
github.com/daoneill/ollama-proxy/pkg/backends/ollama/ollama.go:176.2,176.23 1 1
github.com/daoneill/ollama-proxy/pkg/backends/ollama/ollama.go:180.40,182.2 1 1
github.com/daoneill/ollama-proxy/pkg/backends/ollama/ollama.go:185.49,187.2 1 1
github.com/daoneill/ollama-proxy/pkg/backends/ollama/ollama.go:190.47,192.2 1 1
github.com/daoneill/ollama-proxy/pkg/backends/ollama/ollama.go:195.46,197.2 1 1
github.com/daoneill/ollama-proxy/pkg/backends/ollama/ollama.go:200.75,202.16 2 1
github.com/daoneill/ollama-proxy/pkg/backends/ollama/ollama.go:202.16,204.3 1 0
github.com/daoneill/ollama-proxy/pkg/backends/ollama/ollama.go:206.2,207.16 2 1
github.com/daoneill/ollama-proxy/pkg/backends/ollama/ollama.go:207.16,209.3 1 0
github.com/daoneill/ollama-proxy/pkg/backends/ollama/ollama.go:210.2,218.67 3 1
github.com/daoneill/ollama-proxy/pkg/backends/ollama/ollama.go:218.67,220.3 1 1
github.com/daoneill/ollama-proxy/pkg/backends/ollama/ollama.go:222.2,223.34 2 1
github.com/daoneill/ollama-proxy/pkg/backends/ollama/ollama.go:223.34,225.3 1 1
github.com/daoneill/ollama-proxy/pkg/backends/ollama/ollama.go:227.2,227.20 1 1
github.com/daoneill/ollama-proxy/pkg/backends/ollama/ollama.go:231.122,241.24 3 1
github.com/daoneill/ollama-proxy/pkg/backends/ollama/ollama.go:241.24,243.34 2 0
github.com/daoneill/ollama-proxy/pkg/backends/ollama/ollama.go:243.34,245.4 1 0
github.com/daoneill/ollama-proxy/pkg/backends/ollama/ollama.go:246.3,246.27 1 0
github.com/daoneill/ollama-proxy/pkg/backends/ollama/ollama.go:246.27,248.4 1 0
github.com/daoneill/ollama-proxy/pkg/backends/ollama/ollama.go:249.3,249.27 1 0
github.com/daoneill/ollama-proxy/pkg/backends/ollama/ollama.go:249.27,251.4 1 0
github.com/daoneill/ollama-proxy/pkg/backends/ollama/ollama.go:252.3,252.23 1 0
github.com/daoneill/ollama-proxy/pkg/backends/ollama/ollama.go:252.23,254.4 1 0
github.com/daoneill/ollama-proxy/pkg/backends/ollama/ollama.go:257.2,258.16 2 1
github.com/daoneill/ollama-proxy/pkg/backends/ollama/ollama.go:258.16,260.3 1 0
github.com/daoneill/ollama-proxy/pkg/backends/ollama/ollama.go:262.2,263.16 2 1
github.com/daoneill/ollama-proxy/pkg/backends/ollama/ollama.go:263.16,265.3 1 0
github.com/daoneill/ollama-proxy/pkg/backends/ollama/ollama.go:266.2,269.16 3 1
github.com/daoneill/ollama-proxy/pkg/backends/ollama/ollama.go:269.16,272.3 2 1
github.com/daoneill/ollama-proxy/pkg/backends/ollama/ollama.go:273.2,275.38 2 1
github.com/daoneill/ollama-proxy/pkg/backends/ollama/ollama.go:275.38,279.3 3 1
github.com/daoneill/ollama-proxy/pkg/backends/ollama/ollama.go:281.2,287.71 2 1
github.com/daoneill/ollama-proxy/pkg/backends/ollama/ollama.go:287.71,290.3 2 1
github.com/daoneill/ollama-proxy/pkg/backends/ollama/ollama.go:292.2,308.8 5 1
github.com/daoneill/ollama-proxy/pkg/backends/ollama/ollama.go:326.123,334.24 2 1
github.com/daoneill/ollama-proxy/pkg/backends/ollama/ollama.go:334.24,336.34 2 0
github.com/daoneill/ollama-proxy/pkg/backends/ollama/ollama.go:336.34,338.4 1 0
github.com/daoneill/ollama-proxy/pkg/backends/ollama/ollama.go:339.3,339.27 1 0
github.com/daoneill/ollama-proxy/pkg/backends/ollama/ollama.go:339.27,341.4 1 0
github.com/daoneill/ollama-proxy/pkg/backends/ollama/ollama.go:342.3,342.27 1 0
github.com/daoneill/ollama-proxy/pkg/backends/ollama/ollama.go:342.27,344.4 1 0
github.com/daoneill/ollama-proxy/pkg/backends/ollama/ollama.go:345.3,345.23 1 0
github.com/daoneill/ollama-proxy/pkg/backends/ollama/ollama.go:345.23,347.4 1 0
github.com/daoneill/ollama-proxy/pkg/backends/ollama/ollama.go:350.2,351.16 2 1
github.com/daoneill/ollama-proxy/pkg/backends/ollama/ollama.go:351.16,353.3 1 0
github.com/daoneill/ollama-proxy/pkg/backends/ollama/ollama.go:355.2,356.16 2 1
github.com/daoneill/ollama-proxy/pkg/backends/ollama/ollama.go:356.16,358.3 1 0
github.com/daoneill/ollama-proxy/pkg/backends/ollama/ollama.go:359.2,362.16 3 1
github.com/daoneill/ollama-proxy/pkg/backends/ollama/ollama.go:362.16,364.3 1 0
github.com/daoneill/ollama-proxy/pkg/backends/ollama/ollama.go:366.2,366.38 1 1
github.com/daoneill/ollama-proxy/pkg/backends/ollama/ollama.go:366.38,369.3 2 1
github.com/daoneill/ollama-proxy/pkg/backends/ollama/ollama.go:372.2,383.8 4 1
github.com/daoneill/ollama-proxy/pkg/backends/ollama/ollama.go:387.68,390.23 2 1
github.com/daoneill/ollama-proxy/pkg/backends/ollama/ollama.go:390.23,391.41 1 1
github.com/daoneill/ollama-proxy/pkg/backends/ollama/ollama.go:391.41,393.4 1 0
github.com/daoneill/ollama-proxy/pkg/backends/ollama/ollama.go:394.3,394.21 1 1
github.com/daoneill/ollama-proxy/pkg/backends/ollama/ollama.go:397.2,402.66 2 1
github.com/daoneill/ollama-proxy/pkg/backends/ollama/ollama.go:402.66,404.3 1 0
github.com/daoneill/ollama-proxy/pkg/backends/ollama/ollama.go:407.2,407.42 1 1
github.com/daoneill/ollama-proxy/pkg/backends/ollama/ollama.go:407.42,414.3 4 1
github.com/daoneill/ollama-proxy/pkg/backends/ollama/ollama.go:417.2,417.22 1 1
github.com/daoneill/ollama-proxy/pkg/backends/ollama/ollama.go:417.22,420.45 2 1
github.com/daoneill/ollama-proxy/pkg/backends/ollama/ollama.go:420.45,423.4 1 0
github.com/daoneill/ollama-proxy/pkg/backends/ollama/ollama.go:426.2,430.16 4 1
github.com/daoneill/ollama-proxy/pkg/backends/ollama/ollama.go:430.16,444.30 7 1
github.com/daoneill/ollama-proxy/pkg/backends/ollama/ollama.go:444.30,446.4 1 1
github.com/daoneill/ollama-proxy/pkg/backends/ollama/ollama.go:448.3,449.23 2 1
github.com/daoneill/ollama-proxy/pkg/backends/ollama/ollama.go:449.23,451.4 1 1
github.com/daoneill/ollama-proxy/pkg/backends/ollama/ollama.go:453.3,460.4 1 1
github.com/daoneill/ollama-proxy/pkg/backends/ollama/ollama.go:463.2,467.8 1 1
github.com/daoneill/ollama-proxy/pkg/backends/ollama/ollama.go:471.44,473.2 1 1
github.com/daoneill/ollama-proxy/pkg/backends/ollama/ollama.go:476.113,479.2 1 1
github.com/daoneill/ollama-proxy/pkg/backends/ollama/ollama.go:482.70,488.13 4 1
github.com/daoneill/ollama-proxy/pkg/backends/ollama/ollama.go:488.13,493.33 3 1
github.com/daoneill/ollama-proxy/pkg/backends/ollama/ollama.go:493.33,495.4 1 1
github.com/daoneill/ollama-proxy/pkg/backends/ollama/ollama.go:496.8,498.3 1 1
github.com/daoneill/ollama-proxy/pkg/backends/ollama/ollama.go:501.2,501.32 1 1
github.com/daoneill/ollama-proxy/pkg/backends/ollama/ollama.go:501.32,503.3 1 1
github.com/daoneill/ollama-proxy/pkg/backends/ollama/ollama.go:507.63,521.2 3 1
github.com/daoneill/ollama-proxy/pkg/backends/ollama/ollama.go:524.58,527.2 1 1
github.com/daoneill/ollama-proxy/pkg/backends/ollama/ollama.go:530.57,533.2 1 1
github.com/daoneill/ollama-proxy/pkg/backends/ollama/ollama.go:536.62,537.30 1 1
github.com/daoneill/ollama-proxy/pkg/backends/ollama/ollama.go:537.30,539.3 1 1
github.com/daoneill/ollama-proxy/pkg/backends/ollama/ollama.go:542.2,542.61 1 1
github.com/daoneill/ollama-proxy/pkg/backends/ollama/ollama.go:542.61,543.41 1 1
github.com/daoneill/ollama-proxy/pkg/backends/ollama/ollama.go:543.41,545.4 1 1
github.com/daoneill/ollama-proxy/pkg/backends/ollama/ollama.go:549.2,549.56 1 1
github.com/daoneill/ollama-proxy/pkg/backends/ollama/ollama.go:549.56,551.3 1 1
github.com/daoneill/ollama-proxy/pkg/backends/ollama/ollama.go:554.2,554.67 1 1
github.com/daoneill/ollama-proxy/pkg/backends/ollama/ollama.go:554.67,555.41 1 1
github.com/daoneill/ollama-proxy/pkg/backends/ollama/ollama.go:555.41,557.4 1 1
github.com/daoneill/ollama-proxy/pkg/backends/ollama/ollama.go:561.2,561.62 1 1
github.com/daoneill/ollama-proxy/pkg/backends/ollama/ollama.go:561.62,562.29 1 0
github.com/daoneill/ollama-proxy/pkg/backends/ollama/ollama.go:562.29,564.4 1 0
github.com/daoneill/ollama-proxy/pkg/backends/ollama/ollama.go:567.2,567.14 1 1
github.com/daoneill/ollama-proxy/pkg/backends/ollama/ollama.go:571.49,572.30 1 1
github.com/daoneill/ollama-proxy/pkg/backends/ollama/ollama.go:572.30,574.3 1 1
github.com/daoneill/ollama-proxy/pkg/backends/ollama/ollama.go:575.2,575.41 1 1
github.com/daoneill/ollama-proxy/pkg/backends/ollama/ollama.go:579.62,580.30 1 1
github.com/daoneill/ollama-proxy/pkg/backends/ollama/ollama.go:580.30,582.3 1 0
github.com/daoneill/ollama-proxy/pkg/backends/ollama/ollama.go:583.2,583.49 1 1
github.com/daoneill/ollama-proxy/pkg/backends/ollama/ollama.go:587.55,588.30 1 1
github.com/daoneill/ollama-proxy/pkg/backends/ollama/ollama.go:588.30,590.3 1 0
github.com/daoneill/ollama-proxy/pkg/backends/ollama/ollama.go:591.2,591.42 1 1
github.com/daoneill/ollama-proxy/pkg/backends/ollama/ollama.go:595.53,597.20 1 1
github.com/daoneill/ollama-proxy/pkg/backends/ollama/ollama.go:597.20,599.3 1 1
github.com/daoneill/ollama-proxy/pkg/backends/ollama/ollama.go:602.2,602.26 1 1
github.com/daoneill/ollama-proxy/pkg/backends/ollama/ollama.go:602.26,604.3 1 0
github.com/daoneill/ollama-proxy/pkg/backends/ollama/ollama.go:607.2,607.38 1 1
github.com/daoneill/ollama-proxy/pkg/backends/ollama/ollama.go:607.38,610.3 2 1
github.com/daoneill/ollama-proxy/pkg/backends/ollama/ollama.go:613.2,613.38 1 1
github.com/daoneill/ollama-proxy/pkg/backends/ollama/ollama.go:613.38,616.3 2 1
github.com/daoneill/ollama-proxy/pkg/backends/ollama/ollama.go:619.2,619.72 1 1
github.com/daoneill/ollama-proxy/pkg/backends/ollama/ollama.go:619.72,622.3 2 1
github.com/daoneill/ollama-proxy/pkg/backends/ollama/ollama.go:624.2,624.14 1 1
github.com/daoneill/ollama-proxy/pkg/middleware/recovery.go:13.74,14.15 1 1
github.com/daoneill/ollama-proxy/pkg/middleware/recovery.go:14.15,15.31 1 1
github.com/daoneill/ollama-proxy/pkg/middleware/recovery.go:15.31,23.4 3 1
github.com/daoneill/ollama-proxy/pkg/middleware/recovery.go:26.2,26.18 1 1
github.com/daoneill/ollama-proxy/pkg/middleware/request_id.go:14.57,17.2 2 1
github.com/daoneill/ollama-proxy/pkg/middleware/request_id.go:20.47,21.52 1 1
github.com/daoneill/ollama-proxy/pkg/middleware/request_id.go:21.52,23.3 1 1
github.com/daoneill/ollama-proxy/pkg/middleware/request_id.go:24.2,24.11 1 1
github.com/daoneill/ollama-proxy/pkg/metrics/metrics.go:169.74,172.2 2 1
github.com/daoneill/ollama-proxy/pkg/metrics/metrics.go:175.89,176.25 1 1
github.com/daoneill/ollama-proxy/pkg/metrics/metrics.go:176.25,178.3 1 1
github.com/daoneill/ollama-proxy/pkg/metrics/metrics.go:179.2,179.22 1 1
github.com/daoneill/ollama-proxy/pkg/metrics/metrics.go:179.22,181.3 1 1
github.com/daoneill/ollama-proxy/pkg/metrics/metrics.go:185.65,187.13 2 1
github.com/daoneill/ollama-proxy/pkg/metrics/metrics.go:187.13,189.3 1 1
github.com/daoneill/ollama-proxy/pkg/metrics/metrics.go:190.2,190.63 1 1
github.com/daoneill/ollama-proxy/pkg/metrics/metrics.go:194.66,196.2 1 1
github.com/daoneill/ollama-proxy/pkg/metrics/metrics.go:199.77,201.2 1 1
github.com/daoneill/ollama-proxy/pkg/metrics/metrics.go:204.69,206.2 1 1
github.com/daoneill/ollama-proxy/pkg/metrics/metrics.go:209.65,211.2 1 1
github.com/daoneill/ollama-proxy/pkg/metrics/metrics.go:214.74,216.2 1 1
github.com/daoneill/ollama-proxy/pkg/metrics/metrics.go:219.54,221.2 1 1
github.com/daoneill/ollama-proxy/pkg/metrics/metrics.go:224.69,226.2 1 1
github.com/daoneill/ollama-proxy/pkg/metrics/metrics.go:229.68,231.2 1 1
github.com/daoneill/ollama-proxy/pkg/metrics/metrics.go:234.48,236.2 1 1
github.com/daoneill/ollama-proxy/pkg/metrics/metrics.go:239.68,240.16 1 1
github.com/daoneill/ollama-proxy/pkg/metrics/metrics.go:240.16,242.3 1 1
github.com/daoneill/ollama-proxy/pkg/metrics/metrics.go:246.74,247.19 1 1
github.com/daoneill/ollama-proxy/pkg/metrics/metrics.go:247.19,249.3 1 1
github.com/daoneill/ollama-proxy/pkg/metrics/metrics.go:253.39,255.2 1 1
github.com/daoneill/ollama-proxy/pkg/metrics/metrics.go:258.40,260.2 1 1
github.com/daoneill/ollama-proxy/pkg/server/server.go:25.56,29.2 1 1
github.com/daoneill/ollama-proxy/pkg/server/server.go:32.74,34.2 1 1
github.com/daoneill/ollama-proxy/pkg/server/server.go:37.105,40.2 2 1
github.com/daoneill/ollama-proxy/pkg/server/server.go:43.110,53.31 4 1
github.com/daoneill/ollama-proxy/pkg/server/server.go:53.31,63.17 3 0
github.com/daoneill/ollama-proxy/pkg/server/server.go:63.17,66.4 2 0
github.com/daoneill/ollama-proxy/pkg/server/server.go:69.3,69.33 1 0
github.com/daoneill/ollama-proxy/pkg/server/server.go:69.33,74.4 1 0
github.com/daoneill/ollama-proxy/pkg/server/server.go:74.9,78.4 1 0
github.com/daoneill/ollama-proxy/pkg/server/server.go:81.3,99.19 4 0
github.com/daoneill/ollama-proxy/pkg/server/server.go:103.2,106.16 3 1
github.com/daoneill/ollama-proxy/pkg/server/server.go:106.16,109.3 2 0
github.com/daoneill/ollama-proxy/pkg/server/server.go:111.2,122.16 4 1
github.com/daoneill/ollama-proxy/pkg/server/server.go:122.16,126.135 2 1
github.com/daoneill/ollama-proxy/pkg/server/server.go:126.135,129.18 3 1
github.com/daoneill/ollama-proxy/pkg/server/server.go:129.18,131.5 1 1
github.com/daoneill/ollama-proxy/pkg/server/server.go:134.3,134.17 1 1
github.com/daoneill/ollama-proxy/pkg/server/server.go:134.17,136.4 1 1
github.com/daoneill/ollama-proxy/pkg/server/server.go:140.2,158.18 4 1
github.com/daoneill/ollama-proxy/pkg/server/server.go:162.118,171.16 4 1
github.com/daoneill/ollama-proxy/pkg/server/server.go:171.16,174.3 2 0
github.com/daoneill/ollama-proxy/pkg/server/server.go:176.2,187.16 4 1
github.com/daoneill/ollama-proxy/pkg/server/server.go:187.16,190.3 2 1
github.com/daoneill/ollama-proxy/pkg/server/server.go:191.2,197.6 3 1
github.com/daoneill/ollama-proxy/pkg/server/server.go:197.6,199.17 2 1
github.com/daoneill/ollama-proxy/pkg/server/server.go:199.17,200.28 1 0
github.com/daoneill/ollama-proxy/pkg/server/server.go:200.28,201.10 1 0
github.com/daoneill/ollama-proxy/pkg/server/server.go:203.4,203.14 1 0
github.com/daoneill/ollama-proxy/pkg/server/server.go:206.3,211.17 2 1
github.com/daoneill/ollama-proxy/pkg/server/server.go:211.17,214.4 2 1
github.com/daoneill/ollama-proxy/pkg/server/server.go:216.3,216.39 1 1
github.com/daoneill/ollama-proxy/pkg/server/server.go:216.39,220.4 2 1
github.com/daoneill/ollama-proxy/pkg/server/server.go:222.3,222.43 1 1
github.com/daoneill/ollama-proxy/pkg/server/server.go:222.43,224.4 1 0
github.com/daoneill/ollama-proxy/pkg/server/server.go:226.3,226.17 1 1
github.com/daoneill/ollama-proxy/pkg/server/server.go:226.17,227.9 1 1
github.com/daoneill/ollama-proxy/pkg/server/server.go:231.2,231.12 1 1
github.com/daoneill/ollama-proxy/pkg/server/server.go:235.101,242.16 4 1
github.com/daoneill/ollama-proxy/pkg/server/server.go:242.16,244.3 1 0
github.com/daoneill/ollama-proxy/pkg/server/server.go:246.2,252.16 3 1
github.com/daoneill/ollama-proxy/pkg/server/server.go:252.16,254.3 1 1
github.com/daoneill/ollama-proxy/pkg/server/server.go:256.2,266.8 1 1
github.com/daoneill/ollama-proxy/pkg/server/server.go:270.122,274.35 3 1
github.com/daoneill/ollama-proxy/pkg/server/server.go:274.35,300.3 3 1
github.com/daoneill/ollama-proxy/pkg/server/server.go:302.2,304.8 1 1
github.com/daoneill/ollama-proxy/pkg/server/server.go:308.119,314.41 4 1
github.com/daoneill/ollama-proxy/pkg/server/server.go:314.41,316.15 2 1
github.com/daoneill/ollama-proxy/pkg/server/server.go:316.15,319.4 2 1
github.com/daoneill/ollama-proxy/pkg/server/server.go:320.3,320.32 1 1
github.com/daoneill/ollama-proxy/pkg/server/server.go:323.2,324.21 2 1
github.com/daoneill/ollama-proxy/pkg/server/server.go:324.21,326.3 1 1
github.com/daoneill/ollama-proxy/pkg/server/server.go:328.2,332.8 1 1
github.com/daoneill/ollama-proxy/pkg/server/server.go:337.70,338.15 1 1
github.com/daoneill/ollama-proxy/pkg/server/server.go:338.15,340.3 1 1
github.com/daoneill/ollama-proxy/pkg/server/server.go:342.2,350.3 1 1
github.com/daoneill/ollama-proxy/pkg/server/server.go:353.85,354.15 1 1
github.com/daoneill/ollama-proxy/pkg/server/server.go:354.15,356.3 1 1
github.com/daoneill/ollama-proxy/pkg/server/server.go:358.2,365.3 1 1
github.com/daoneill/ollama-proxy/pkg/server/server.go:368.72,369.18 1 1
github.com/daoneill/ollama-proxy/pkg/server/server.go:369.18,371.3 1 1
github.com/daoneill/ollama-proxy/pkg/server/server.go:373.2,379.3 1 1
github.com/daoneill/ollama-proxy/pkg/server/server.go:382.39,383.13 1 1
github.com/daoneill/ollama-proxy/pkg/server/server.go:383.13,385.3 1 1
github.com/daoneill/ollama-proxy/pkg/server/server.go:386.2,386.20 1 1
github.com/daoneill/ollama-proxy/pkg/server/server.go:389.41,390.13 1 1
github.com/daoneill/ollama-proxy/pkg/server/server.go:390.13,392.3 1 1
github.com/daoneill/ollama-proxy/pkg/server/server.go:393.2,393.36 1 1
github.com/daoneill/ollama-proxy/pkg/server/server.go:396.41,397.19 1 1
github.com/daoneill/ollama-proxy/pkg/server/server.go:397.19,399.3 1 1
github.com/daoneill/ollama-proxy/pkg/server/server.go:400.2,400.24 1 1
github.com/daoneill/ollama-proxy/pkg/server/server.go:404.131,407.58 2 1
github.com/daoneill/ollama-proxy/pkg/server/server.go:407.58,409.3 1 1
github.com/daoneill/ollama-proxy/pkg/server/server.go:412.2,413.16 2 1
github.com/daoneill/ollama-proxy/pkg/server/server.go:413.16,415.3 1 1
github.com/daoneill/ollama-proxy/pkg/server/server.go:418.2,419.16 2 0
github.com/daoneill/ollama-proxy/pkg/server/server.go:419.16,425.3 1 0
github.com/daoneill/ollama-proxy/pkg/server/server.go:428.2,429.50 2 0
github.com/daoneill/ollama-proxy/pkg/server/server.go:429.50,437.31 2 0
github.com/daoneill/ollama-proxy/pkg/server/server.go:437.31,439.4 1 0
github.com/daoneill/ollama-proxy/pkg/server/server.go:442.3,442.32 1 0
github.com/daoneill/ollama-proxy/pkg/server/server.go:442.32,443.50 1 0
github.com/daoneill/ollama-proxy/pkg/server/server.go:443.50,445.5 1 0
github.com/daoneill/ollama-proxy/pkg/server/server.go:445.10,447.5 1 0
github.com/daoneill/ollama-proxy/pkg/server/server.go:451.3,451.34 1 0
github.com/daoneill/ollama-proxy/pkg/server/server.go:451.34,466.4 1 0
github.com/daoneill/ollama-proxy/pkg/server/server.go:468.3,468.53 1 0
github.com/daoneill/ollama-proxy/pkg/server/server.go:472.2,473.31 2 0
github.com/daoneill/ollama-proxy/pkg/server/server.go:473.31,474.71 1 0
github.com/daoneill/ollama-proxy/pkg/server/server.go:474.71,475.32 1 0
github.com/daoneill/ollama-proxy/pkg/server/server.go:475.32,477.5 1 0
github.com/daoneill/ollama-proxy/pkg/server/server.go:478.9,478.62 1 0
github.com/daoneill/ollama-proxy/pkg/server/server.go:478.62,480.4 1 0
github.com/daoneill/ollama-proxy/pkg/server/server.go:480.9,482.4 1 0
github.com/daoneill/ollama-proxy/pkg/server/server.go:485.2,495.25 2 0
github.com/daoneill/ollama-proxy/pkg/server/server.go:495.25,497.3 1 0
github.com/daoneill/ollama-proxy/pkg/server/server.go:499.2,502.22 2 0
github.com/daoneill/ollama-proxy/pkg/server/server.go:506.139,509.58 2 1
github.com/daoneill/ollama-proxy/pkg/server/server.go:509.58,511.3 1 1
github.com/daoneill/ollama-proxy/pkg/server/server.go:515.2,516.16 2 1
github.com/daoneill/ollama-proxy/pkg/server/server.go:516.16,518.3 1 1
github.com/daoneill/ollama-proxy/pkg/server/server.go:521.2,521.50 1 0
github.com/daoneill/ollama-proxy/pkg/server/server.go:521.50,528.49 2 0
github.com/daoneill/ollama-proxy/pkg/server/server.go:528.49,530.4 1 0
github.com/daoneill/ollama-proxy/pkg/server/server.go:534.2,539.31 2 0
