mode: set
github.com/daoneill/ollama-proxy/pkg/dbus/backends_service.go:38.69,40.16 2 1
github.com/daoneill/ollama-proxy/pkg/dbus/backends_service.go:40.16,43.17 2 0
github.com/daoneill/ollama-proxy/pkg/dbus/backends_service.go:43.17,45.4 1 0
github.com/daoneill/ollama-proxy/pkg/dbus/backends_service.go:48.2,53.17 2 1
github.com/daoneill/ollama-proxy/pkg/dbus/backends_service.go:57.42,61.16 2 0
github.com/daoneill/ollama-proxy/pkg/dbus/backends_service.go:61.16,63.3 1 0
github.com/daoneill/ollama-proxy/pkg/dbus/backends_service.go:65.2,65.48 1 0
github.com/daoneill/ollama-proxy/pkg/dbus/backends_service.go:65.48,67.3 1 0
github.com/daoneill/ollama-proxy/pkg/dbus/backends_service.go:70.2,71.16 2 0
github.com/daoneill/ollama-proxy/pkg/dbus/backends_service.go:71.16,73.3 1 0
github.com/daoneill/ollama-proxy/pkg/dbus/backends_service.go:76.2,139.16 3 0
github.com/daoneill/ollama-proxy/pkg/dbus/backends_service.go:139.16,141.3 1 0
github.com/daoneill/ollama-proxy/pkg/dbus/backends_service.go:144.2,147.12 3 0
github.com/daoneill/ollama-proxy/pkg/dbus/backends_service.go:151.72,155.35 3 1
github.com/daoneill/ollama-proxy/pkg/dbus/backends_service.go:155.35,165.3 1 1
github.com/daoneill/ollama-proxy/pkg/dbus/backends_service.go:167.2,167.20 1 1
github.com/daoneill/ollama-proxy/pkg/dbus/backends_service.go:171.96,174.35 2 1
github.com/daoneill/ollama-proxy/pkg/dbus/backends_service.go:174.35,175.25 1 1
github.com/daoneill/ollama-proxy/pkg/dbus/backends_service.go:175.25,194.4 2 1
github.com/daoneill/ollama-proxy/pkg/dbus/backends_service.go:197.2,197.75 1 1
github.com/daoneill/ollama-proxy/pkg/dbus/backends_service.go:201.96,204.35 2 1
github.com/daoneill/ollama-proxy/pkg/dbus/backends_service.go:204.35,205.25 1 1
github.com/daoneill/ollama-proxy/pkg/dbus/backends_service.go:205.25,219.4 3 1
github.com/daoneill/ollama-proxy/pkg/dbus/backends_service.go:222.2,222.75 1 1
github.com/daoneill/ollama-proxy/pkg/dbus/backends_service.go:226.82,229.35 2 1
github.com/daoneill/ollama-proxy/pkg/dbus/backends_service.go:229.35,230.25 1 1
github.com/daoneill/ollama-proxy/pkg/dbus/backends_service.go:230.25,232.18 2 1
github.com/daoneill/ollama-proxy/pkg/dbus/backends_service.go:232.18,235.5 1 1
github.com/daoneill/ollama-proxy/pkg/dbus/backends_service.go:236.4,236.22 1 1
github.com/daoneill/ollama-proxy/pkg/dbus/backends_service.go:240.2,240.75 1 1
github.com/daoneill/ollama-proxy/pkg/dbus/backends_service.go:244.63,248.35 3 1
github.com/daoneill/ollama-proxy/pkg/dbus/backends_service.go:248.35,254.29 4 1
github.com/daoneill/ollama-proxy/pkg/dbus/backends_service.go:254.29,257.4 1 0
github.com/daoneill/ollama-proxy/pkg/dbus/backends_service.go:261.2,263.12 2 1
github.com/daoneill/ollama-proxy/pkg/dbus/backends_service.go:267.79,270.29 3 1
github.com/daoneill/ollama-proxy/pkg/dbus/backends_service.go:270.29,271.20 1 1
github.com/daoneill/ollama-proxy/pkg/dbus/backends_service.go:271.20,273.4 1 1
github.com/daoneill/ollama-proxy/pkg/dbus/backends_service.go:276.2,289.3 1 1
github.com/daoneill/ollama-proxy/pkg/dbus/backends_service.go:293.47,296.29 3 1
github.com/daoneill/ollama-proxy/pkg/dbus/backends_service.go:296.29,297.20 1 1
github.com/daoneill/ollama-proxy/pkg/dbus/backends_service.go:297.20,299.4 1 1
github.com/daoneill/ollama-proxy/pkg/dbus/backends_service.go:302.2,302.21 1 1
github.com/daoneill/ollama-proxy/pkg/dbus/backends_service.go:302.21,305.3 2 0
github.com/daoneill/ollama-proxy/pkg/dbus/backends_service.go:309.35,310.20 1 1
github.com/daoneill/ollama-proxy/pkg/dbus/backends_service.go:310.20,312.3 1 1
github.com/daoneill/ollama-proxy/pkg/dbus/routing_service.go:44.67,46.16 2 1
github.com/daoneill/ollama-proxy/pkg/dbus/routing_service.go:46.16,49.17 2 0
github.com/daoneill/ollama-proxy/pkg/dbus/routing_service.go:49.17,51.4 1 0
github.com/daoneill/ollama-proxy/pkg/dbus/routing_service.go:54.2,61.17 2 1
github.com/daoneill/ollama-proxy/pkg/dbus/routing_service.go:65.41,69.16 2 0
github.com/daoneill/ollama-proxy/pkg/dbus/routing_service.go:69.16,71.3 1 0
github.com/daoneill/ollama-proxy/pkg/dbus/routing_service.go:73.2,73.48 1 0
github.com/daoneill/ollama-proxy/pkg/dbus/routing_service.go:73.48,75.3 1 0
github.com/daoneill/ollama-proxy/pkg/dbus/routing_service.go:78.2,79.16 2 0
github.com/daoneill/ollama-proxy/pkg/dbus/routing_service.go:79.16,81.3 1 0
github.com/daoneill/ollama-proxy/pkg/dbus/routing_service.go:84.2,140.16 3 0
github.com/daoneill/ollama-proxy/pkg/dbus/routing_service.go:140.16,142.3 1 0
github.com/daoneill/ollama-proxy/pkg/dbus/routing_service.go:145.2,148.12 3 0
github.com/daoneill/ollama-proxy/pkg/dbus/routing_service.go:152.84,163.35 7 1
github.com/daoneill/ollama-proxy/pkg/dbus/routing_service.go:163.35,168.3 4 1
github.com/daoneill/ollama-proxy/pkg/dbus/routing_service.go:170.2,171.23 2 1
github.com/daoneill/ollama-proxy/pkg/dbus/routing_service.go:171.23,173.3 1 1
github.com/daoneill/ollama-proxy/pkg/dbus/routing_service.go:175.2,183.19 2 1
github.com/daoneill/ollama-proxy/pkg/dbus/routing_service.go:187.95,192.37 4 1
github.com/daoneill/ollama-proxy/pkg/dbus/routing_service.go:192.37,194.3 1 1
github.com/daoneill/ollama-proxy/pkg/dbus/routing_service.go:196.2,196.16 1 1
github.com/daoneill/ollama-proxy/pkg/dbus/routing_service.go:196.16,198.3 1 1
github.com/daoneill/ollama-proxy/pkg/dbus/routing_service.go:201.2,205.20 4 1
github.com/daoneill/ollama-proxy/pkg/dbus/routing_service.go:209.86,216.35 4 1
github.com/daoneill/ollama-proxy/pkg/dbus/routing_service.go:216.35,220.3 3 1
github.com/daoneill/ollama-proxy/pkg/dbus/routing_service.go:223.2,224.23 2 1
github.com/daoneill/ollama-proxy/pkg/dbus/routing_service.go:224.23,225.40 1 1
github.com/daoneill/ollama-proxy/pkg/dbus/routing_service.go:225.40,227.4 1 1
github.com/daoneill/ollama-proxy/pkg/dbus/routing_service.go:230.2,230.26 1 1
github.com/daoneill/ollama-proxy/pkg/dbus/routing_service.go:234.113,241.48 2 1
github.com/daoneill/ollama-proxy/pkg/dbus/routing_service.go:241.48,242.51 1 1
github.com/daoneill/ollama-proxy/pkg/dbus/routing_service.go:242.51,244.4 1 1
github.com/daoneill/ollama-proxy/pkg/dbus/routing_service.go:247.2,247.67 1 1
github.com/daoneill/ollama-proxy/pkg/dbus/routing_service.go:247.67,248.51 1 1
github.com/daoneill/ollama-proxy/pkg/dbus/routing_service.go:248.51,250.4 1 1
github.com/daoneill/ollama-proxy/pkg/dbus/routing_service.go:253.2,253.73 1 1
github.com/daoneill/ollama-proxy/pkg/dbus/routing_service.go:253.73,254.50 1 1
github.com/daoneill/ollama-proxy/pkg/dbus/routing_service.go:254.50,256.4 1 1
github.com/daoneill/ollama-proxy/pkg/dbus/routing_service.go:259.2,259.60 1 1
github.com/daoneill/ollama-proxy/pkg/dbus/routing_service.go:259.60,260.47 1 1
github.com/daoneill/ollama-proxy/pkg/dbus/routing_service.go:260.47,262.4 1 1
github.com/daoneill/ollama-proxy/pkg/dbus/routing_service.go:265.2,265.59 1 1
github.com/daoneill/ollama-proxy/pkg/dbus/routing_service.go:265.59,266.45 1 1
github.com/daoneill/ollama-proxy/pkg/dbus/routing_service.go:266.45,268.4 1 1
github.com/daoneill/ollama-proxy/pkg/dbus/routing_service.go:272.2,274.16 3 1
github.com/daoneill/ollama-proxy/pkg/dbus/routing_service.go:274.16,276.3 1 1
github.com/daoneill/ollama-proxy/pkg/dbus/routing_service.go:278.2,279.29 2 1
github.com/daoneill/ollama-proxy/pkg/dbus/routing_service.go:279.29,281.3 1 1
github.com/daoneill/ollama-proxy/pkg/dbus/routing_service.go:283.2,283.40 1 1
github.com/daoneill/ollama-proxy/pkg/dbus/routing_service.go:287.122,302.53 5 1
github.com/daoneill/ollama-proxy/pkg/dbus/routing_service.go:302.53,304.3 1 1
github.com/daoneill/ollama-proxy/pkg/dbus/routing_service.go:306.2,309.21 2 1
github.com/daoneill/ollama-proxy/pkg/dbus/routing_service.go:309.21,311.3 1 0
github.com/daoneill/ollama-proxy/pkg/dbus/routing_service.go:320.78,330.2 1 1
github.com/daoneill/ollama-proxy/pkg/dbus/routing_service.go:333.34,334.20 1 1
github.com/daoneill/ollama-proxy/pkg/dbus/routing_service.go:334.20,336.3 1 1
github.com/daoneill/ollama-proxy/pkg/dbus/system_service.go:26.86,27.20 1 1
github.com/daoneill/ollama-proxy/pkg/dbus/system_service.go:27.20,29.3 1 1
github.com/daoneill/ollama-proxy/pkg/dbus/system_service.go:31.2,32.16 2 1
github.com/daoneill/ollama-proxy/pkg/dbus/system_service.go:32.16,35.17 2 0
github.com/daoneill/ollama-proxy/pkg/dbus/system_service.go:35.17,37.4 1 0
github.com/daoneill/ollama-proxy/pkg/dbus/system_service.go:40.2,45.17 2 1
github.com/daoneill/ollama-proxy/pkg/dbus/system_service.go:49.40,53.16 2 0
github.com/daoneill/ollama-proxy/pkg/dbus/system_service.go:53.16,55.3 1 0
github.com/daoneill/ollama-proxy/pkg/dbus/system_service.go:57.2,57.48 1 0
github.com/daoneill/ollama-proxy/pkg/dbus/system_service.go:57.48,59.3 1 0
github.com/daoneill/ollama-proxy/pkg/dbus/system_service.go:62.2,63.16 2 0
github.com/daoneill/ollama-proxy/pkg/dbus/system_service.go:63.16,65.3 1 0
github.com/daoneill/ollama-proxy/pkg/dbus/system_service.go:68.2,135.16 3 0
github.com/daoneill/ollama-proxy/pkg/dbus/system_service.go:135.16,137.3 1 0
github.com/daoneill/ollama-proxy/pkg/dbus/system_service.go:140.2,143.12 3 0
github.com/daoneill/ollama-proxy/pkg/dbus/system_service.go:147.82,159.2 3 1
github.com/daoneill/ollama-proxy/pkg/dbus/system_service.go:162.71,165.40 2 1
github.com/daoneill/ollama-proxy/pkg/dbus/system_service.go:165.40,167.3 1 1
github.com/daoneill/ollama-proxy/pkg/dbus/system_service.go:169.2,175.31 4 1
github.com/daoneill/ollama-proxy/pkg/dbus/system_service.go:175.31,177.3 1 1
github.com/daoneill/ollama-proxy/pkg/dbus/system_service.go:177.8,177.38 1 1
github.com/daoneill/ollama-proxy/pkg/dbus/system_service.go:177.38,179.3 1 1
github.com/daoneill/ollama-proxy/pkg/dbus/system_service.go:179.8,179.29 1 1
github.com/daoneill/ollama-proxy/pkg/dbus/system_service.go:179.29,181.3 1 1
github.com/daoneill/ollama-proxy/pkg/dbus/system_service.go:181.8,181.31 1 1
github.com/daoneill/ollama-proxy/pkg/dbus/system_service.go:181.31,183.3 1 1
github.com/daoneill/ollama-proxy/pkg/dbus/system_service.go:183.8,183.35 1 1
github.com/daoneill/ollama-proxy/pkg/dbus/system_service.go:183.35,185.3 1 1
github.com/daoneill/ollama-proxy/pkg/dbus/system_service.go:185.8,185.28 1 1
github.com/daoneill/ollama-proxy/pkg/dbus/system_service.go:185.28,187.3 1 1
github.com/daoneill/ollama-proxy/pkg/dbus/system_service.go:187.8,189.3 1 1
github.com/daoneill/ollama-proxy/pkg/dbus/system_service.go:191.2,191.23 1 1
github.com/daoneill/ollama-proxy/pkg/dbus/system_service.go:195.61,198.2 2 1
github.com/daoneill/ollama-proxy/pkg/dbus/system_service.go:201.65,202.20 1 1
github.com/daoneill/ollama-proxy/pkg/dbus/system_service.go:202.20,205.3 1 0
github.com/daoneill/ollama-proxy/pkg/dbus/system_service.go:208.2,208.21 1 1
github.com/daoneill/ollama-proxy/pkg/dbus/system_service.go:208.21,210.3 1 0
github.com/daoneill/ollama-proxy/pkg/dbus/system_service.go:214.63,215.20 1 1
github.com/daoneill/ollama-proxy/pkg/dbus/system_service.go:215.20,218.3 1 0
github.com/daoneill/ollama-proxy/pkg/dbus/system_service.go:221.2,221.21 1 1
github.com/daoneill/ollama-proxy/pkg/dbus/system_service.go:221.21,223.3 1 0
github.com/daoneill/ollama-proxy/pkg/dbus/system_service.go:227.61,228.20 1 1
github.com/daoneill/ollama-proxy/pkg/dbus/system_service.go:228.20,231.3 1 0
github.com/daoneill/ollama-proxy/pkg/dbus/system_service.go:234.2,234.21 1 1
github.com/daoneill/ollama-proxy/pkg/dbus/system_service.go:234.21,236.3 1 0
github.com/daoneill/ollama-proxy/pkg/dbus/system_service.go:240.77,262.2 2 1
github.com/daoneill/ollama-proxy/pkg/dbus/system_service.go:265.45,268.21 2 1
github.com/daoneill/ollama-proxy/pkg/dbus/system_service.go:268.21,272.3 3 0
github.com/daoneill/ollama-proxy/pkg/dbus/system_service.go:276.33,277.20 1 1
github.com/daoneill/ollama-proxy/pkg/dbus/system_service.go:277.20,279.3 1 1
github.com/daoneill/ollama-proxy/pkg/dbus/thermal_service.go:26.82,27.20 1 1
github.com/daoneill/ollama-proxy/pkg/dbus/thermal_service.go:27.20,29.3 1 1
github.com/daoneill/ollama-proxy/pkg/dbus/thermal_service.go:31.2,32.16 2 1
github.com/daoneill/ollama-proxy/pkg/dbus/thermal_service.go:32.16,35.17 2 0
github.com/daoneill/ollama-proxy/pkg/dbus/thermal_service.go:35.17,37.4 1 0
github.com/daoneill/ollama-proxy/pkg/dbus/thermal_service.go:40.2,45.17 2 1
github.com/daoneill/ollama-proxy/pkg/dbus/thermal_service.go:49.41,53.16 2 0
github.com/daoneill/ollama-proxy/pkg/dbus/thermal_service.go:53.16,55.3 1 0
github.com/daoneill/ollama-proxy/pkg/dbus/thermal_service.go:57.2,57.48 1 0
github.com/daoneill/ollama-proxy/pkg/dbus/thermal_service.go:57.48,59.3 1 0
github.com/daoneill/ollama-proxy/pkg/dbus/thermal_service.go:62.2,63.16 2 0
github.com/daoneill/ollama-proxy/pkg/dbus/thermal_service.go:63.16,65.3 1 0
github.com/daoneill/ollama-proxy/pkg/dbus/thermal_service.go:68.2,143.16 3 0
github.com/daoneill/ollama-proxy/pkg/dbus/thermal_service.go:143.16,145.3 1 0
github.com/daoneill/ollama-proxy/pkg/dbus/thermal_service.go:148.2,151.12 3 0
github.com/daoneill/ollama-proxy/pkg/dbus/thermal_service.go:155.84,163.31 6 1
github.com/daoneill/ollama-proxy/pkg/dbus/thermal_service.go:163.31,164.19 1 0
github.com/daoneill/ollama-proxy/pkg/dbus/thermal_service.go:164.19,167.24 3 0
github.com/daoneill/ollama-proxy/pkg/dbus/thermal_service.go:167.24,169.5 1 0
github.com/daoneill/ollama-proxy/pkg/dbus/thermal_service.go:170.4,170.11 1 0
github.com/daoneill/ollama-proxy/pkg/dbus/thermal_service.go:174.2,176.15 3 1
github.com/daoneill/ollama-proxy/pkg/dbus/thermal_service.go:176.15,179.3 2 0
github.com/daoneill/ollama-proxy/pkg/dbus/thermal_service.go:181.2,188.20 2 1
github.com/daoneill/ollama-proxy/pkg/dbus/thermal_service.go:192.100,194.18 2 1
github.com/daoneill/ollama-proxy/pkg/dbus/thermal_service.go:194.18,196.3 1 1
github.com/daoneill/ollama-proxy/pkg/dbus/thermal_service.go:198.2,208.20 2 0
github.com/daoneill/ollama-proxy/pkg/dbus/thermal_service.go:212.89,225.2 3 1
github.com/daoneill/ollama-proxy/pkg/dbus/thermal_service.go:228.62,231.31 2 1
github.com/daoneill/ollama-proxy/pkg/dbus/thermal_service.go:231.31,232.39 1 0
github.com/daoneill/ollama-proxy/pkg/dbus/thermal_service.go:232.39,234.4 1 0
github.com/daoneill/ollama-proxy/pkg/dbus/thermal_service.go:237.2,237.19 1 1
github.com/daoneill/ollama-proxy/pkg/dbus/thermal_service.go:241.84,242.20 1 1
github.com/daoneill/ollama-proxy/pkg/dbus/thermal_service.go:242.20,245.3 1 0
github.com/daoneill/ollama-proxy/pkg/dbus/thermal_service.go:249.66,250.20 1 1
github.com/daoneill/ollama-proxy/pkg/dbus/thermal_service.go:250.20,253.3 1 0
github.com/daoneill/ollama-proxy/pkg/dbus/thermal_service.go:256.2,256.21 1 1
github.com/daoneill/ollama-proxy/pkg/dbus/thermal_service.go:256.21,258.3 1 0
github.com/daoneill/ollama-proxy/pkg/dbus/thermal_service.go:262.66,263.20 1 1
github.com/daoneill/ollama-proxy/pkg/dbus/thermal_service.go:263.20,266.3 1 0
github.com/daoneill/ollama-proxy/pkg/dbus/thermal_service.go:269.2,270.21 2 1
github.com/daoneill/ollama-proxy/pkg/dbus/thermal_service.go:270.21,272.3 1 0
github.com/daoneill/ollama-proxy/pkg/dbus/thermal_service.go:276.78,284.31 6 1
github.com/daoneill/ollama-proxy/pkg/dbus/thermal_service.go:284.31,285.19 1 0
github.com/daoneill/ollama-proxy/pkg/dbus/thermal_service.go:285.19,288.24 3 0
github.com/daoneill/ollama-proxy/pkg/dbus/thermal_service.go:288.24,290.5 1 0
github.com/daoneill/ollama-proxy/pkg/dbus/thermal_service.go:291.4,291.11 1 0
github.com/daoneill/ollama-proxy/pkg/dbus/thermal_service.go:295.2,297.15 3 1
github.com/daoneill/ollama-proxy/pkg/dbus/thermal_service.go:297.15,300.3 2 0
github.com/daoneill/ollama-proxy/pkg/dbus/thermal_service.go:302.2,320.3 1 1
github.com/daoneill/ollama-proxy/pkg/dbus/thermal_service.go:324.46,332.31 6 1
github.com/daoneill/ollama-proxy/pkg/dbus/thermal_service.go:332.31,333.19 1 0
github.com/daoneill/ollama-proxy/pkg/dbus/thermal_service.go:333.19,336.24 3 0
github.com/daoneill/ollama-proxy/pkg/dbus/thermal_service.go:336.24,338.5 1 0
github.com/daoneill/ollama-proxy/pkg/dbus/thermal_service.go:339.4,339.11 1 0
github.com/daoneill/ollama-proxy/pkg/dbus/thermal_service.go:343.2,345.15 3 1
github.com/daoneill/ollama-proxy/pkg/dbus/thermal_service.go:345.15,348.3 2 0
github.com/daoneill/ollama-proxy/pkg/dbus/thermal_service.go:350.2,350.21 1 1
github.com/daoneill/ollama-proxy/pkg/dbus/thermal_service.go:350.21,354.3 3 0
github.com/daoneill/ollama-proxy/pkg/dbus/thermal_service.go:358.34,359.20 1 1
github.com/daoneill/ollama-proxy/pkg/dbus/thermal_service.go:359.20,361.3 1 1
github.com/daoneill/ollama-proxy/pkg/thermal/monitor.go:60.93,61.19 1 1
github.com/daoneill/ollama-proxy/pkg/thermal/monitor.go:61.19,71.3 1 1
github.com/daoneill/ollama-proxy/pkg/thermal/monitor.go:73.2,83.11 3 1
github.com/daoneill/ollama-proxy/pkg/thermal/monitor.go:87.35,89.2 1 1
github.com/daoneill/ollama-proxy/pkg/thermal/monitor.go:92.34,94.2 1 1
github.com/daoneill/ollama-proxy/pkg/thermal/monitor.go:97.41,101.6 3 1
github.com/daoneill/ollama-proxy/pkg/thermal/monitor.go:101.6,102.10 1 1
github.com/daoneill/ollama-proxy/pkg/thermal/monitor.go:103.24,104.10 1 1
github.com/daoneill/ollama-proxy/pkg/thermal/monitor.go:105.19,106.18 1 1
github.com/daoneill/ollama-proxy/pkg/thermal/monitor.go:112.39,114.51 1 1
github.com/daoneill/ollama-proxy/pkg/thermal/monitor.go:114.51,118.3 3 1
github.com/daoneill/ollama-proxy/pkg/thermal/monitor.go:121.2,121.53 1 1
github.com/daoneill/ollama-proxy/pkg/thermal/monitor.go:121.53,125.3 3 1
github.com/daoneill/ollama-proxy/pkg/thermal/monitor.go:128.2,128.53 1 1
github.com/daoneill/ollama-proxy/pkg/thermal/monitor.go:128.53,132.3 3 1
github.com/daoneill/ollama-proxy/pkg/thermal/monitor.go:135.2,135.48 1 1
github.com/daoneill/ollama-proxy/pkg/thermal/monitor.go:135.48,139.3 3 0
github.com/daoneill/ollama-proxy/pkg/thermal/monitor.go:143.67,149.16 3 1
github.com/daoneill/ollama-proxy/pkg/thermal/monitor.go:149.16,151.3 1 0
github.com/daoneill/ollama-proxy/pkg/thermal/monitor.go:154.2,155.20 2 1
github.com/daoneill/ollama-proxy/pkg/thermal/monitor.go:155.20,157.3 1 0
github.com/daoneill/ollama-proxy/pkg/thermal/monitor.go:159.2,165.21 6 1
github.com/daoneill/ollama-proxy/pkg/thermal/monitor.go:165.21,168.3 2 1
github.com/daoneill/ollama-proxy/pkg/thermal/monitor.go:170.2,177.8 1 1
github.com/daoneill/ollama-proxy/pkg/thermal/monitor.go:181.69,196.36 3 1
github.com/daoneill/ollama-proxy/pkg/thermal/monitor.go:196.36,198.32 2 1
github.com/daoneill/ollama-proxy/pkg/thermal/monitor.go:198.32,199.45 1 1
github.com/daoneill/ollama-proxy/pkg/thermal/monitor.go:199.45,201.19 2 0
github.com/daoneill/ollama-proxy/pkg/thermal/monitor.go:201.19,204.11 3 0
github.com/daoneill/ollama-proxy/pkg/thermal/monitor.go:212.2,214.19 2 1
github.com/daoneill/ollama-proxy/pkg/thermal/monitor.go:218.69,236.39 3 1
github.com/daoneill/ollama-proxy/pkg/thermal/monitor.go:236.39,238.23 2 1
github.com/daoneill/ollama-proxy/pkg/thermal/monitor.go:238.23,240.18 2 1
github.com/daoneill/ollama-proxy/pkg/thermal/monitor.go:240.18,243.10 3 1
github.com/daoneill/ollama-proxy/pkg/thermal/monitor.go:248.2,248.19 1 1
github.com/daoneill/ollama-proxy/pkg/thermal/monitor.go:252.64,260.16 4 1
github.com/daoneill/ollama-proxy/pkg/thermal/monitor.go:260.16,263.3 1 0
github.com/daoneill/ollama-proxy/pkg/thermal/monitor.go:266.2,270.21 4 0
github.com/daoneill/ollama-proxy/pkg/thermal/monitor.go:270.21,274.78 2 0
github.com/daoneill/ollama-proxy/pkg/thermal/monitor.go:274.78,276.12 2 0
github.com/daoneill/ollama-proxy/pkg/thermal/monitor.go:279.3,279.12 1 0
github.com/daoneill/ollama-proxy/pkg/thermal/monitor.go:279.12,281.41 1 0
github.com/daoneill/ollama-proxy/pkg/thermal/monitor.go:281.41,283.24 2 0
github.com/daoneill/ollama-proxy/pkg/thermal/monitor.go:283.24,285.38 2 0
github.com/daoneill/ollama-proxy/pkg/thermal/monitor.go:285.38,287.7 1 0
github.com/daoneill/ollama-proxy/pkg/thermal/monitor.go:292.4,292.37 1 0
github.com/daoneill/ollama-proxy/pkg/thermal/monitor.go:292.37,294.5 1 0
github.com/daoneill/ollama-proxy/pkg/thermal/monitor.go:298.2,301.19 3 0
github.com/daoneill/ollama-proxy/pkg/thermal/monitor.go:305.72,314.36 4 0
github.com/daoneill/ollama-proxy/pkg/thermal/monitor.go:314.36,316.17 2 0
github.com/daoneill/ollama-proxy/pkg/thermal/monitor.go:316.17,317.12 1 0
github.com/daoneill/ollama-proxy/pkg/thermal/monitor.go:320.3,323.35 3 0
github.com/daoneill/ollama-proxy/pkg/thermal/monitor.go:323.35,325.4 1 0
github.com/daoneill/ollama-proxy/pkg/thermal/monitor.go:328.2,331.19 3 0
github.com/daoneill/ollama-proxy/pkg/thermal/monitor.go:335.51,339.32 2 1
github.com/daoneill/ollama-proxy/pkg/thermal/monitor.go:339.32,341.17 2 1
github.com/daoneill/ollama-proxy/pkg/thermal/monitor.go:341.17,342.12 1 0
github.com/daoneill/ollama-proxy/pkg/thermal/monitor.go:345.3,346.14 2 1
github.com/daoneill/ollama-proxy/pkg/thermal/monitor.go:346.14,350.21 2 1
github.com/daoneill/ollama-proxy/pkg/thermal/monitor.go:350.21,352.5 1 0
github.com/daoneill/ollama-proxy/pkg/thermal/monitor.go:353.4,353.18 1 1
github.com/daoneill/ollama-proxy/pkg/thermal/monitor.go:357.2,357.10 1 0
github.com/daoneill/ollama-proxy/pkg/thermal/monitor.go:361.67,365.42 3 1
github.com/daoneill/ollama-proxy/pkg/thermal/monitor.go:365.42,367.3 1 1
github.com/daoneill/ollama-proxy/pkg/thermal/monitor.go:369.2,369.12 1 1
github.com/daoneill/ollama-proxy/pkg/thermal/monitor.go:373.67,378.30 4 1
github.com/daoneill/ollama-proxy/pkg/thermal/monitor.go:378.30,380.3 1 1
github.com/daoneill/ollama-proxy/pkg/thermal/monitor.go:381.2,381.15 1 1
github.com/daoneill/ollama-proxy/pkg/thermal/monitor.go:385.59,387.18 2 1
github.com/daoneill/ollama-proxy/pkg/thermal/monitor.go:387.18,389.3 1 1
github.com/daoneill/ollama-proxy/pkg/thermal/monitor.go:392.2,392.49 1 1
github.com/daoneill/ollama-proxy/pkg/thermal/monitor.go:392.49,394.3 1 1
github.com/daoneill/ollama-proxy/pkg/thermal/monitor.go:397.2,397.22 1 1
github.com/daoneill/ollama-proxy/pkg/thermal/monitor.go:397.22,399.3 1 1
github.com/daoneill/ollama-proxy/pkg/thermal/monitor.go:401.2,401.13 1 1
github.com/daoneill/ollama-proxy/pkg/thermal/monitor.go:405.66,407.18 2 1
github.com/daoneill/ollama-proxy/pkg/thermal/monitor.go:407.18,409.3 1 1
github.com/daoneill/ollama-proxy/pkg/thermal/monitor.go:412.2,412.49 1 1
github.com/daoneill/ollama-proxy/pkg/thermal/monitor.go:412.49,415.3 1 1
github.com/daoneill/ollama-proxy/pkg/thermal/monitor.go:418.2,418.49 1 1
github.com/daoneill/ollama-proxy/pkg/thermal/monitor.go:418.49,421.3 1 0
github.com/daoneill/ollama-proxy/pkg/thermal/monitor.go:424.2,424.22 1 1
github.com/daoneill/ollama-proxy/pkg/thermal/monitor.go:424.22,426.3 1 1
github.com/daoneill/ollama-proxy/pkg/thermal/monitor.go:428.2,428.17 1 1
github.com/daoneill/ollama-proxy/pkg/thermal/monitor.go:433.70,435.18 2 1
github.com/daoneill/ollama-proxy/pkg/thermal/monitor.go:435.18,437.3 1 1
github.com/daoneill/ollama-proxy/pkg/thermal/monitor.go:439.2,442.47 2 1
github.com/daoneill/ollama-proxy/pkg/thermal/monitor.go:442.47,449.3 4 1
github.com/daoneill/ollama-proxy/pkg/thermal/monitor.go:452.2,452.42 1 1
github.com/daoneill/ollama-proxy/pkg/thermal/monitor.go:452.42,455.3 2 1
github.com/daoneill/ollama-proxy/pkg/thermal/monitor.go:458.2,458.22 1 1
github.com/daoneill/ollama-proxy/pkg/thermal/monitor.go:458.22,460.3 1 1
github.com/daoneill/ollama-proxy/pkg/thermal/monitor.go:463.2,463.28 1 1
github.com/daoneill/ollama-proxy/pkg/thermal/monitor.go:463.28,465.3 1 1
github.com/daoneill/ollama-proxy/pkg/thermal/monitor.go:467.2,467.16 1 1
github.com/daoneill/ollama-proxy/pkg/thermal/monitor.go:471.52,473.42 1 1
github.com/daoneill/ollama-proxy/pkg/thermal/monitor.go:473.42,474.47 1 1
github.com/daoneill/ollama-proxy/pkg/thermal/monitor.go:474.47,476.4 1 1
github.com/daoneill/ollama-proxy/pkg/thermal/monitor.go:478.2,478.14 1 1
github.com/daoneill/ollama-proxy/pkg/thermal/monitor.go:482.73,486.32 3 1
github.com/daoneill/ollama-proxy/pkg/thermal/monitor.go:486.32,488.19 2 1
github.com/daoneill/ollama-proxy/pkg/thermal/monitor.go:488.19,489.12 1 1
github.com/daoneill/ollama-proxy/pkg/thermal/monitor.go:492.3,492.37 1 1
github.com/daoneill/ollama-proxy/pkg/thermal/monitor.go:492.37,495.4 2 1
github.com/daoneill/ollama-proxy/pkg/thermal/monitor.go:498.2,498.16 1 1
github.com/daoneill/ollama-proxy/pkg/thermal/monitor.go:502.54,504.2 1 1
github.com/daoneill/ollama-proxy/pkg/thermal/monitor.go:507.41,510.2 1 1
github.com/daoneill/ollama-proxy/pkg/efficiency/dbus_service.go:25.71,27.16 2 1
github.com/daoneill/ollama-proxy/pkg/efficiency/dbus_service.go:27.16,30.17 2 0
github.com/daoneill/ollama-proxy/pkg/efficiency/dbus_service.go:30.17,32.4 1 0
github.com/daoneill/ollama-proxy/pkg/efficiency/dbus_service.go:35.2,40.17 2 1
github.com/daoneill/ollama-proxy/pkg/efficiency/dbus_service.go:44.38,48.16 2 0
github.com/daoneill/ollama-proxy/pkg/efficiency/dbus_service.go:48.16,50.3 1 0
github.com/daoneill/ollama-proxy/pkg/efficiency/dbus_service.go:52.2,52.48 1 0
github.com/daoneill/ollama-proxy/pkg/efficiency/dbus_service.go:52.48,54.3 1 0
github.com/daoneill/ollama-proxy/pkg/efficiency/dbus_service.go:57.2,58.16 2 0
github.com/daoneill/ollama-proxy/pkg/efficiency/dbus_service.go:58.16,60.3 1 0
github.com/daoneill/ollama-proxy/pkg/efficiency/dbus_service.go:63.2,127.16 3 0
github.com/daoneill/ollama-proxy/pkg/efficiency/dbus_service.go:127.16,129.3 1 0
github.com/daoneill/ollama-proxy/pkg/efficiency/dbus_service.go:132.2,135.12 3 0
github.com/daoneill/ollama-proxy/pkg/efficiency/dbus_service.go:139.57,143.14 3 0
github.com/daoneill/ollama-proxy/pkg/efficiency/dbus_service.go:144.21,145.28 1 0
github.com/daoneill/ollama-proxy/pkg/efficiency/dbus_service.go:146.18,147.25 1 0
github.com/daoneill/ollama-proxy/pkg/efficiency/dbus_service.go:148.20,149.27 1 0
github.com/daoneill/ollama-proxy/pkg/efficiency/dbus_service.go:150.15,151.22 1 0
github.com/daoneill/ollama-proxy/pkg/efficiency/dbus_service.go:152.14,153.21 1 0
github.com/daoneill/ollama-proxy/pkg/efficiency/dbus_service.go:154.25,155.32 1 0
github.com/daoneill/ollama-proxy/pkg/efficiency/dbus_service.go:156.10,157.68 1 0
github.com/daoneill/ollama-proxy/pkg/efficiency/dbus_service.go:160.2,171.12 5 0
github.com/daoneill/ollama-proxy/pkg/efficiency/dbus_service.go:175.56,178.2 2 0
github.com/daoneill/ollama-proxy/pkg/efficiency/dbus_service.go:181.65,184.2 2 0
github.com/daoneill/ollama-proxy/pkg/efficiency/dbus_service.go:187.60,190.26 3 0
github.com/daoneill/ollama-proxy/pkg/efficiency/dbus_service.go:190.26,192.3 1 0
github.com/daoneill/ollama-proxy/pkg/efficiency/dbus_service.go:193.2,193.19 1 0
github.com/daoneill/ollama-proxy/pkg/efficiency/dbus_service.go:197.92,200.18 2 0
github.com/daoneill/ollama-proxy/pkg/efficiency/dbus_service.go:201.21,202.25 1 0
github.com/daoneill/ollama-proxy/pkg/efficiency/dbus_service.go:203.18,204.22 1 0
github.com/daoneill/ollama-proxy/pkg/efficiency/dbus_service.go:205.20,206.24 1 0
github.com/daoneill/ollama-proxy/pkg/efficiency/dbus_service.go:207.15,208.19 1 0
github.com/daoneill/ollama-proxy/pkg/efficiency/dbus_service.go:209.14,210.18 1 0
github.com/daoneill/ollama-proxy/pkg/efficiency/dbus_service.go:211.25,212.29 1 0
github.com/daoneill/ollama-proxy/pkg/efficiency/dbus_service.go:213.10,214.77 1 0
github.com/daoneill/ollama-proxy/pkg/efficiency/dbus_service.go:217.2,228.18 3 0
github.com/daoneill/ollama-proxy/pkg/efficiency/dbus_service.go:232.75,239.48 1 0
github.com/daoneill/ollama-proxy/pkg/efficiency/dbus_service.go:239.48,241.6 1 0
github.com/daoneill/ollama-proxy/pkg/efficiency/dbus_service.go:253.31,254.20 1 1
github.com/daoneill/ollama-proxy/pkg/efficiency/dbus_service.go:254.20,256.3 1 1
github.com/daoneill/ollama-proxy/pkg/efficiency/modes.go:34.41,35.11 1 1
github.com/daoneill/ollama-proxy/pkg/efficiency/modes.go:36.23,37.23 1 1
github.com/daoneill/ollama-proxy/pkg/efficiency/modes.go:38.20,39.20 1 1
github.com/daoneill/ollama-proxy/pkg/efficiency/modes.go:40.22,41.22 1 1
github.com/daoneill/ollama-proxy/pkg/efficiency/modes.go:42.17,43.17 1 1
github.com/daoneill/ollama-proxy/pkg/efficiency/modes.go:44.16,45.16 1 1
github.com/daoneill/ollama-proxy/pkg/efficiency/modes.go:46.27,47.28 1 1
github.com/daoneill/ollama-proxy/pkg/efficiency/modes.go:48.10,49.19 1 1
github.com/daoneill/ollama-proxy/pkg/efficiency/modes.go:84.53,159.34 2 1
github.com/daoneill/ollama-proxy/pkg/efficiency/modes.go:159.34,161.3 1 1
github.com/daoneill/ollama-proxy/pkg/efficiency/modes.go:163.2,163.30 1 1
github.com/daoneill/ollama-proxy/pkg/efficiency/modes.go:180.74,184.2 1 1
github.com/daoneill/ollama-proxy/pkg/efficiency/modes.go:187.59,191.2 3 1
github.com/daoneill/ollama-proxy/pkg/efficiency/modes.go:194.55,198.2 3 1
github.com/daoneill/ollama-proxy/pkg/efficiency/modes.go:201.64,205.25 3 1
github.com/daoneill/ollama-proxy/pkg/efficiency/modes.go:205.25,207.3 1 1
github.com/daoneill/ollama-proxy/pkg/efficiency/modes.go:210.2,210.31 1 1
github.com/daoneill/ollama-proxy/pkg/efficiency/modes.go:214.65,216.44 1 1
github.com/daoneill/ollama-proxy/pkg/efficiency/modes.go:216.44,218.3 1 1
github.com/daoneill/ollama-proxy/pkg/efficiency/modes.go:221.2,221.44 1 1
github.com/daoneill/ollama-proxy/pkg/efficiency/modes.go:221.44,223.3 1 1
github.com/daoneill/ollama-proxy/pkg/efficiency/modes.go:226.2,226.19 1 1
github.com/daoneill/ollama-proxy/pkg/efficiency/modes.go:226.19,228.3 1 1
github.com/daoneill/ollama-proxy/pkg/efficiency/modes.go:231.2,231.23 1 1
github.com/daoneill/ollama-proxy/pkg/efficiency/modes.go:231.23,233.3 1 1
github.com/daoneill/ollama-proxy/pkg/efficiency/modes.go:236.2,236.25 1 1
github.com/daoneill/ollama-proxy/pkg/efficiency/modes.go:236.25,238.3 1 1
github.com/daoneill/ollama-proxy/pkg/efficiency/modes.go:241.2,241.18 1 1
github.com/daoneill/ollama-proxy/pkg/efficiency/modes.go:241.18,243.3 1 1
github.com/daoneill/ollama-proxy/pkg/efficiency/modes.go:246.2,246.24 1 1
github.com/daoneill/ollama-proxy/pkg/efficiency/modes.go:256.3,265.2 7 1
github.com/daoneill/ollama-proxy/pkg/efficiency/modes.go:268.88,273.60 3 1
github.com/daoneill/ollama-proxy/pkg/efficiency/modes.go:273.60,274.96 1 1
github.com/daoneill/ollama-proxy/pkg/efficiency/modes.go:274.96,276.4 1 1
github.com/daoneill/ollama-proxy/pkg/efficiency/modes.go:280.2,280.64 1 1
github.com/daoneill/ollama-proxy/pkg/efficiency/modes.go:280.65,283.3 0 1
github.com/daoneill/ollama-proxy/pkg/efficiency/modes.go:286.2,286.23 1 1
github.com/daoneill/ollama-proxy/pkg/efficiency/modes.go:287.43,289.38 2 1
github.com/daoneill/ollama-proxy/pkg/efficiency/modes.go:291.17,293.38 2 1
github.com/daoneill/ollama-proxy/pkg/efficiency/modes.go:296.23,296.23 0 1
github.com/daoneill/ollama-proxy/pkg/efficiency/modes.go:300.20,300.20 0 1
github.com/daoneill/ollama-proxy/pkg/efficiency/modes.go:306.98,311.34 3 1
github.com/daoneill/ollama-proxy/pkg/efficiency/modes.go:311.34,313.3 1 1
github.com/daoneill/ollama-proxy/pkg/efficiency/modes.go:316.2,316.37 1 1
github.com/daoneill/ollama-proxy/pkg/efficiency/modes.go:316.37,318.3 1 1
github.com/daoneill/ollama-proxy/pkg/efficiency/modes.go:320.2,320.13 1 1
github.com/daoneill/ollama-proxy/pkg/efficiency/modes.go:324.62,328.2 3 1
github.com/daoneill/ollama-proxy/pkg/efficiency/modes.go:331.58,336.22 4 1
github.com/daoneill/ollama-proxy/pkg/efficiency/modes.go:336.22,338.3 1 1
github.com/daoneill/ollama-proxy/pkg/efficiency/modes.go:340.2,340.65 1 1
github.com/daoneill/ollama-proxy/pkg/efficiency/modes.go:353.59,364.2 3 1
github.com/daoneill/ollama-proxy/pkg/efficiency/modes.go:367.34,376.2 1 1
github.com/daoneill/ollama-proxy/pkg/server/server.go:25.56,29.2 1 1
github.com/daoneill/ollama-proxy/pkg/server/server.go:32.74,34.2 1 1
github.com/daoneill/ollama-proxy/pkg/server/server.go:37.105,40.2 2 1
github.com/daoneill/ollama-proxy/pkg/server/server.go:43.110,53.31 4 1
github.com/daoneill/ollama-proxy/pkg/server/server.go:53.31,63.17 3 0
github.com/daoneill/ollama-proxy/pkg/server/server.go:63.17,66.4 2 0
github.com/daoneill/ollama-proxy/pkg/server/server.go:69.3,69.33 1 0
github.com/daoneill/ollama-proxy/pkg/server/server.go:69.33,74.4 1 0
github.com/daoneill/ollama-proxy/pkg/server/server.go:74.9,78.4 1 0
github.com/daoneill/ollama-proxy/pkg/server/server.go:81.3,99.19 4 0
github.com/daoneill/ollama-proxy/pkg/server/server.go:103.2,106.16 3 1
github.com/daoneill/ollama-proxy/pkg/server/server.go:106.16,109.3 2 0
github.com/daoneill/ollama-proxy/pkg/server/server.go:111.2,122.16 4 1
github.com/daoneill/ollama-proxy/pkg/server/server.go:122.16,126.135 2 1
github.com/daoneill/ollama-proxy/pkg/server/server.go:126.135,129.18 3 1
github.com/daoneill/ollama-proxy/pkg/server/server.go:129.18,131.5 1 1
github.com/daoneill/ollama-proxy/pkg/server/server.go:134.3,134.17 1 1
github.com/daoneill/ollama-proxy/pkg/server/server.go:134.17,136.4 1 1
github.com/daoneill/ollama-proxy/pkg/server/server.go:140.2,158.18 4 1
github.com/daoneill/ollama-proxy/pkg/server/server.go:162.118,171.16 4 1
github.com/daoneill/ollama-proxy/pkg/server/server.go:171.16,174.3 2 0
github.com/daoneill/ollama-proxy/pkg/server/server.go:176.2,187.16 4 1
github.com/daoneill/ollama-proxy/pkg/server/server.go:187.16,190.3 2 1
github.com/daoneill/ollama-proxy/pkg/server/server.go:191.2,197.6 3 1
github.com/daoneill/ollama-proxy/pkg/server/server.go:197.6,199.17 2 1
github.com/daoneill/ollama-proxy/pkg/server/server.go:199.17,200.28 1 0
github.com/daoneill/ollama-proxy/pkg/server/server.go:200.28,201.10 1 0
github.com/daoneill/ollama-proxy/pkg/server/server.go:203.4,203.14 1 0
github.com/daoneill/ollama-proxy/pkg/server/server.go:206.3,211.17 2 1
github.com/daoneill/ollama-proxy/pkg/server/server.go:211.17,214.4 2 1
github.com/daoneill/ollama-proxy/pkg/server/server.go:216.3,216.39 1 1
github.com/daoneill/ollama-proxy/pkg/server/server.go:216.39,220.4 2 1
github.com/daoneill/ollama-proxy/pkg/server/server.go:222.3,222.43 1 1
github.com/daoneill/ollama-proxy/pkg/server/server.go:222.43,224.4 1 0
github.com/daoneill/ollama-proxy/pkg/server/server.go:226.3,226.17 1 1
github.com/daoneill/ollama-proxy/pkg/server/server.go:226.17,227.9 1 1
github.com/daoneill/ollama-proxy/pkg/server/server.go:231.2,231.12 1 1
github.com/daoneill/ollama-proxy/pkg/server/server.go:235.101,242.16 4 1
github.com/daoneill/ollama-proxy/pkg/server/server.go:242.16,244.3 1 0
github.com/daoneill/ollama-proxy/pkg/server/server.go:246.2,252.16 3 1
github.com/daoneill/ollama-proxy/pkg/server/server.go:252.16,254.3 1 1
github.com/daoneill/ollama-proxy/pkg/server/server.go:256.2,266.8 1 1
github.com/daoneill/ollama-proxy/pkg/server/server.go:270.122,274.35 3 1
github.com/daoneill/ollama-proxy/pkg/server/server.go:274.35,300.3 3 1
github.com/daoneill/ollama-proxy/pkg/server/server.go:302.2,304.8 1 1
github.com/daoneill/ollama-proxy/pkg/server/server.go:308.119,314.41 4 1
github.com/daoneill/ollama-proxy/pkg/server/server.go:314.41,316.15 2 1
github.com/daoneill/ollama-proxy/pkg/server/server.go:316.15,319.4 2 1
github.com/daoneill/ollama-proxy/pkg/server/server.go:320.3,320.32 1 1
github.com/daoneill/ollama-proxy/pkg/server/server.go:323.2,324.21 2 1
github.com/daoneill/ollama-proxy/pkg/server/server.go:324.21,326.3 1 1
github.com/daoneill/ollama-proxy/pkg/server/server.go:328.2,332.8 1 1
github.com/daoneill/ollama-proxy/pkg/server/server.go:337.70,338.15 1 1
github.com/daoneill/ollama-proxy/pkg/server/server.go:338.15,340.3 1 1
github.com/daoneill/ollama-proxy/pkg/server/server.go:342.2,350.3 1 1
github.com/daoneill/ollama-proxy/pkg/server/server.go:353.85,354.15 1 1
github.com/daoneill/ollama-proxy/pkg/server/server.go:354.15,356.3 1 1
github.com/daoneill/ollama-proxy/pkg/server/server.go:358.2,365.3 1 1
github.com/daoneill/ollama-proxy/pkg/server/server.go:368.72,369.18 1 1
github.com/daoneill/ollama-proxy/pkg/server/server.go:369.18,371.3 1 1
github.com/daoneill/ollama-proxy/pkg/server/server.go:373.2,379.3 1 1
github.com/daoneill/ollama-proxy/pkg/server/server.go:382.39,383.13 1 1
github.com/daoneill/ollama-proxy/pkg/server/server.go:383.13,385.3 1 1
github.com/daoneill/ollama-proxy/pkg/server/server.go:386.2,386.20 1 1
github.com/daoneill/ollama-proxy/pkg/server/server.go:389.41,390.13 1 1
github.com/daoneill/ollama-proxy/pkg/server/server.go:390.13,392.3 1 1
github.com/daoneill/ollama-proxy/pkg/server/server.go:393.2,393.36 1 1
github.com/daoneill/ollama-proxy/pkg/server/server.go:396.41,397.19 1 1
github.com/daoneill/ollama-proxy/pkg/server/server.go:397.19,399.3 1 1
github.com/daoneill/ollama-proxy/pkg/server/server.go:400.2,400.24 1 1
github.com/daoneill/ollama-proxy/pkg/server/server.go:404.131,407.58 2 1
github.com/daoneill/ollama-proxy/pkg/server/server.go:407.58,409.3 1 1
github.com/daoneill/ollama-proxy/pkg/server/server.go:412.2,413.16 2 1
github.com/daoneill/ollama-proxy/pkg/server/server.go:413.16,415.3 1 1
github.com/daoneill/ollama-proxy/pkg/server/server.go:418.2,419.16 2 0
github.com/daoneill/ollama-proxy/pkg/server/server.go:419.16,425.3 1 0
github.com/daoneill/ollama-proxy/pkg/server/server.go:428.2,429.50 2 0
github.com/daoneill/ollama-proxy/pkg/server/server.go:429.50,437.31 2 0
github.com/daoneill/ollama-proxy/pkg/server/server.go:437.31,439.4 1 0
github.com/daoneill/ollama-proxy/pkg/server/server.go:442.3,442.32 1 0
github.com/daoneill/ollama-proxy/pkg/server/server.go:442.32,443.50 1 0
github.com/daoneill/ollama-proxy/pkg/server/server.go:443.50,445.5 1 0
github.com/daoneill/ollama-proxy/pkg/server/server.go:445.10,447.5 1 0
github.com/daoneill/ollama-proxy/pkg/server/server.go:451.3,451.34 1 0
github.com/daoneill/ollama-proxy/pkg/server/server.go:451.34,466.4 1 0
github.com/daoneill/ollama-proxy/pkg/server/server.go:468.3,468.53 1 0
github.com/daoneill/ollama-proxy/pkg/server/server.go:472.2,473.31 2 0
github.com/daoneill/ollama-proxy/pkg/server/server.go:473.31,474.71 1 0
github.com/daoneill/ollama-proxy/pkg/server/server.go:474.71,475.32 1 0
github.com/daoneill/ollama-proxy/pkg/server/server.go:475.32,477.5 1 0
github.com/daoneill/ollama-proxy/pkg/server/server.go:478.9,478.62 1 0
github.com/daoneill/ollama-proxy/pkg/server/server.go:478.62,480.4 1 0
github.com/daoneill/ollama-proxy/pkg/server/server.go:480.9,482.4 1 0
github.com/daoneill/ollama-proxy/pkg/server/server.go:485.2,495.25 2 0
github.com/daoneill/ollama-proxy/pkg/server/server.go:495.25,497.3 1 0
github.com/daoneill/ollama-proxy/pkg/server/server.go:499.2,502.22 2 0
github.com/daoneill/ollama-proxy/pkg/server/server.go:506.139,509.58 2 1
github.com/daoneill/ollama-proxy/pkg/server/server.go:509.58,511.3 1 1
github.com/daoneill/ollama-proxy/pkg/server/server.go:515.2,516.16 2 1
github.com/daoneill/ollama-proxy/pkg/server/server.go:516.16,518.3 1 1
github.com/daoneill/ollama-proxy/pkg/server/server.go:521.2,521.50 1 0
github.com/daoneill/ollama-proxy/pkg/server/server.go:521.50,528.49 2 0
github.com/daoneill/ollama-proxy/pkg/server/server.go:528.49,530.4 1 0
github.com/daoneill/ollama-proxy/pkg/server/server.go:534.2,539.31 2 0
